            --------------------------------------------------------
                             AMBER SQM VERSION 19
 
                                     By
              Ross C. Walker, Michael F. Crowley, Scott Brozell,
                         Tim Giese, Andreas W. Goetz,
                        Tai-Sung Lee and David A. Case
 
            --------------------------------------------------------
 

--------------------------------------------------------------------------------
  QM CALCULATION INFO
--------------------------------------------------------------------------------

| QMMM: Citation for AMBER QMMM Run:
| QMMM: R.C. Walker, M.F. Crowley and D.A. Case, J. COMP. CHEM. 29:1019, 2008

QMMM: SINGLET STATE CALCULATION
QMMM: RHF CALCULATION, NO. OF DOUBLY OCCUPIED LEVELS = 20

| QMMM: *** Selected Hamiltonian *** 
| QMMM: AM1         

| QMMM: *** Parameter sets in use ***
| QMMM: N : M.J.S.DEWAR et al. JACS, 107, 3902, (1985)
| QMMM: C : M.J.S.DEWAR et al. JACS, 107, 3902, (1985)
| QMMM: H : M.J.S.DEWAR et al. JACS, 107, 3902, (1985)

| QMMM: *** SCF convergence criteria ***
| QMMM: Energy change                :  0.1D-09 kcal/mol
| QMMM: Error matrix |FP-PF|         :  0.1D+00 au
| QMMM: Density matrix change        :  0.5D-06
| QMMM: Maximum number of SCF cycles :     1000

| QMMM: *** Diagonalization Routine Information ***
| QMMM: Pseudo diagonalizations are allowed.
| QMMM: Auto diagonalization routine selection is in use.
| QMMM:
| QMMM: Timing diagonalization routines:
| QMMM:                              norbs =       38
| QMMM:    diag iterations used for timing =       20
| QMMM:
| QMMM:              Internal diag routine = 0.003253 seconds
| QMMM:                 Dspev diag routine = 0.007912 seconds
| QMMM:                Dspevd diag routine = 0.004002 seconds
| QMMM:                Dspevx diag routine = 0.016576 seconds
| QMMM:                 Dsyev diag routine = 0.008408 seconds
| QMMM:                Dsyevd diag routine = 0.007638 seconds
| QMMM:                Dsyevr diag routine = 0.004524 seconds
| QMMM:
| QMMM:                Pseudo diag routine = 0.000850 seconds
| QMMM:
| QMMM: Using internal diagonalization routine (diag_routine=1).

  QMMM: QM Region Cartesian Coordinates (*=link atom) 
  QMMM: QM_NO.   MM_NO.  ATOM         X         Y         Z
  QMMM:     1        1      N        2.8530    0.7980   -0.0650
  QMMM:     2        2      C        4.9000    1.7910    0.6740
  QMMM:     3        3      C        4.2040    0.7180    0.1180
  QMMM:     4        4      C        6.2790    1.7070    0.8600
  QMMM:     5        5      C        6.9640    0.5500    0.4900
  QMMM:     6        6      C        6.2710   -0.5250   -0.0660
  QMMM:     7        7      C        4.8900   -0.4400   -0.2520
  QMMM:     8        8      H        4.3720    2.6970    0.9650
  QMMM:     9        9      H        6.8200    2.5440    1.2930
  QMMM:    10       10      H        8.0400    0.4920    0.6390
  QMMM:    11       11      H        4.3480   -1.2780   -0.6850
  QMMM:    12       12      H        2.4100    1.6640    0.2230
  QMMM:    13       13      N        6.9400   -1.6580   -0.4280
  QMMM:    14       14      H        7.9410   -1.6610   -0.2690

--------------------------------------------------------------------------------
  RESULTS
--------------------------------------------------------------------------------

      iter         sqm energy              rms gradient
      ----    -------------------    -----------------------
xmin    10      136.5815 kcal/mol        0.1396 kcal/(mol*A)
  ... geometry converged !
 
 Final MO eigenvalues (eV):
 -39.8955  -36.5350  -34.0603  -29.5226  -28.1414  -22.9103  -22.5518  -18.2264
 -17.5042  -17.1062  -15.1429  -14.9559  -14.6559  -13.6858  -12.9890  -12.4400
 -11.8946  -11.2043  -10.0931   -7.4284   -2.9758    0.4350    1.0231    2.3851
   2.5886    2.9866    3.4221    3.6220    3.7592    3.8662    4.1619    4.5233
   4.8004    4.8568    5.1090    5.4940    5.9249    7.4966

 Heat of formation   =        136.58097359 kcal/mol  (        5.92259545 eV)

 Total SCF energy    =     -29056.49711995 kcal/mol  (    -1259.98426434 eV)
 Electronic energy   =    -118647.56314231 kcal/mol  (    -5144.94441448 eV)
 Core-core repulsion =      89591.06602237 kcal/mol  (     3884.96015014 eV)
 
    Atomic Charges for Step       1 :
  Atom    Element       Mulliken Charge
     1      N                 -0.075
     2      C                 -0.234
     3      C                  0.005
     4      C                 -0.076
     5      C                 -0.165
     6      C                  0.025
     7      C                  0.005
     8      H                  0.139
     9      H                  0.136
    10      H                  0.137
    11      H                  0.172
    12      H                  0.160
    13      N                 -0.356
    14      H                  0.126
 Total Mulliken Charge =      -0.000
 
                  X        Y        Z     TOTAL  
  QM DIPOLE    -1.371    4.335    1.577    4.812
 
 Final Structure

  QMMM: QM Region Cartesian Coordinates (*=link atom) 
  QMMM: QM_NO.   MM_NO.  ATOM         X         Y         Z
  QMMM:     1        1      N        2.8741    0.7578   -0.0783
  QMMM:     2        2      C        4.9169    1.8579    0.7045
  QMMM:     3        3      C        4.1586    0.7469    0.1229
  QMMM:     4        4      C        6.2676    1.7320    0.8686
  QMMM:     5        5      C        6.9599    0.5757    0.5005
  QMMM:     6        6      C        6.3249   -0.5893   -0.0839
  QMMM:     7        7      C        4.9018   -0.4545   -0.2557
  QMMM:     8        8      H        4.3818    2.7706    0.9968
  QMMM:     9        9      H        6.8417    2.5674    1.3066
  QMMM:    10       10      H        8.0493    0.5402    0.6604
  QMMM:    11       11      H        4.3385   -1.2974   -0.6948
  QMMM:    12       12      H        2.4044    1.5992    0.1949
  QMMM:    13       13      N        6.9141   -1.7016   -0.4506
  QMMM:    14       14      H        7.8984   -1.7059   -0.2948

           --------- Calculation Completed ----------

