            --------------------------------------------------------
                             AMBER SQM VERSION 19
 
                                     By
              Ross C. Walker, Michael F. Crowley, Scott Brozell,
                         Tim Giese, Andreas W. Goetz,
                        Tai-Sung Lee and David A. Case
 
            --------------------------------------------------------
 

--------------------------------------------------------------------------------
  QM CALCULATION INFO
--------------------------------------------------------------------------------

| QMMM: Citation for AMBER QMMM Run:
| QMMM: R.C. Walker, M.F. Crowley and D.A. Case, J. COMP. CHEM. 29:1019, 2008

QMMM: SINGLET STATE CALCULATION
QMMM: RHF CALCULATION, NO. OF DOUBLY OCCUPIED LEVELS = 56

| QMMM: *** Selected Hamiltonian *** 
| QMMM: AM1         

| QMMM: *** Parameter sets in use ***
| QMMM: C : M.J.S.DEWAR et al. JACS, 107, 3902, (1985)
| QMMM: H : M.J.S.DEWAR et al. JACS, 107, 3902, (1985)
| QMMM: O : M.J.S.DEWAR et al. JACS, 107, 3902, (1985)
| QMMM: N : M.J.S.DEWAR et al. JACS, 107, 3902, (1985)

| QMMM: *** SCF convergence criteria ***
| QMMM: Energy change                :  0.1D-09 kcal/mol
| QMMM: Error matrix |FP-PF|         :  0.1D+00 au
| QMMM: Density matrix change        :  0.5D-06
| QMMM: Maximum number of SCF cycles :     1000

| QMMM: *** Diagonalization Routine Information ***
| QMMM: Pseudo diagonalizations are allowed.
| QMMM: Auto diagonalization routine selection is in use.
| QMMM:
| QMMM: Timing diagonalization routines:
| QMMM:                              norbs =      100
| QMMM:    diag iterations used for timing =       15
| QMMM:
| QMMM:              Internal diag routine = 0.022154 seconds
| QMMM:                 Dspev diag routine = 0.023024 seconds
| QMMM:                Dspevd diag routine = 0.010427 seconds
| QMMM:                Dspevx diag routine = 0.073002 seconds
| QMMM:                 Dsyev diag routine = 0.022231 seconds
| QMMM:                Dsyevd diag routine = 0.014660 seconds
| QMMM:                Dsyevr diag routine = 0.020227 seconds
| QMMM:
| QMMM:                Pseudo diag routine = 0.010687 seconds
| QMMM: Pseudo diagonalization appears to be slower than regular
| QMMM: diagonalization. Setting pseudo_diag=0 for optimum performance.
| QMMM:
| QMMM: Using dspevd routine (diag_routine=3).

  QMMM: QM Region Cartesian Coordinates (*=link atom) 
  QMMM: QM_NO.   MM_NO.  ATOM         X         Y         Z
  QMMM:     1        1      C       -1.3210    1.8110   -0.4760
  QMMM:     2        2      C       -2.3040    0.8590   -0.1690
  QMMM:     3        3      C        0.0240    1.4810   -0.2950
  QMMM:     4        4      C        0.4040    0.2230    0.1870
  QMMM:     5        5      C       -0.5920   -0.7080    0.4850
  QMMM:     6        6      C       -1.9460   -0.4080    0.3140
  QMMM:     7        7      H       -3.3540    1.1050   -0.3070
  QMMM:     8        8      H        0.7810    2.2220   -0.5360
  QMMM:     9        9      H       -0.3080   -1.6890    0.8590
  QMMM:    10       10      C        1.8480   -0.1550    0.3910
  QMMM:    11       11      O        2.1750   -1.2460    0.8170
  QMMM:    12       12      N        2.7720    0.7910    0.1000
  QMMM:    13       13      C        4.9020    1.7690    0.7580
  QMMM:    14       14      C        4.1940    0.6900    0.2280
  QMMM:    15       15      C        6.2890    1.7080    0.8760
  QMMM:    16       16      C        6.9770    0.5710    0.4560
  QMMM:    17       17      C        6.2770   -0.5060   -0.0860
  QMMM:    18       18      C        4.8880   -0.4450   -0.2050
  QMMM:    19       19      H        4.3740    2.6610    1.0870
  QMMM:    20       20      H        6.8360    2.5490    1.2950
  QMMM:    21       21      H        8.0600    0.5320    0.5510
  QMMM:    22       22      H        4.3480   -1.2820   -0.6410
  QMMM:    23       23      H        2.4380    1.7010   -0.1750
  QMMM:    24       24      C       -1.6560    3.1850   -0.9980
  QMMM:    25       25      C       -2.9640   -1.4650    0.6570
  QMMM:    26       26      O       -2.6710   -2.5660    1.0760
  QMMM:    27       27      O       -4.2180   -1.1460    0.4830
  QMMM:    28       28      O       -0.8170    4.0200   -1.2670
  QMMM:    29       29      O       -2.9230    3.4580   -1.1540
  QMMM:    30       30      N        6.9520   -1.6170   -0.5060
  QMMM:    31       31      H        7.9250   -1.7230   -0.2420
  QMMM:    32       32      H        6.4210   -2.4550   -0.7170
  QMMM:    33       33      H       -2.9560    4.3750   -1.4940
  QMMM:    34       34      H       -4.7290   -1.9360    0.7520

--------------------------------------------------------------------------------
  RESULTS
--------------------------------------------------------------------------------

      iter         sqm energy              rms gradient
      ----    -------------------    -----------------------
xmin    10     -157.5930 kcal/mol        1.2195 kcal/(mol*A)
xmin    20     -159.1039 kcal/mol        0.7459 kcal/(mol*A)
xmin    30     -159.2638 kcal/mol        0.5663 kcal/(mol*A)
xmin    40     -159.3515 kcal/mol        0.2025 kcal/(mol*A)
xmin    50     -159.3692 kcal/mol        0.0591 kcal/(mol*A)
xmin    60     -159.3835 kcal/mol        0.1437 kcal/(mol*A)
xmin    70     -159.3925 kcal/mol        0.0447 kcal/(mol*A)
xmin    80     -159.4037 kcal/mol        0.1247 kcal/(mol*A)
xmin    90     -159.4071 kcal/mol        0.0294 kcal/(mol*A)
xmin   100     -159.4089 kcal/mol        0.0599 kcal/(mol*A)
xmin   110     -159.4186 kcal/mol        0.0919 kcal/(mol*A)
xmin   120     -159.4209 kcal/mol        0.0696 kcal/(mol*A)
xmin   130     -159.4233 kcal/mol        0.0355 kcal/(mol*A)
xmin   140     -159.4246 kcal/mol        0.0360 kcal/(mol*A)
xmin   150     -159.4254 kcal/mol        0.0202 kcal/(mol*A)
xmin   160     -159.4255 kcal/mol        0.0182 kcal/(mol*A)
xmin   170     -159.4257 kcal/mol        0.0055 kcal/(mol*A)
xmin   180     -159.4257 kcal/mol        0.0057 kcal/(mol*A)
xmin   190     -159.4257 kcal/mol        0.0022 kcal/(mol*A)
xmin   200     -159.4257 kcal/mol        0.0021 kcal/(mol*A)
xmin   210     -159.4257 kcal/mol        0.0031 kcal/(mol*A)
xmin   220     -159.4257 kcal/mol        0.0019 kcal/(mol*A)
xmin   230     -159.4257 kcal/mol        0.0010 kcal/(mol*A)
xmin   240     -159.4258 kcal/mol        0.0009 kcal/(mol*A)
  ... geometry converged !
 
 Final MO eigenvalues (eV):
 -41.9519  -41.0485  -40.7157  -39.6863  -38.6646  -36.9811  -36.9109  -36.3383
 -34.5824  -33.3281  -33.1839  -30.4108  -29.1612  -26.5943  -26.1013  -25.3564
 -23.4683  -22.7289  -21.6480  -21.3359  -19.5064  -19.4536  -18.9923  -18.5623
 -17.8632  -17.6016  -17.5468  -17.0734  -16.9782  -16.8813  -16.6257  -16.5408
 -16.1928  -15.5558  -15.4504  -15.0099  -14.9075  -14.4756  -14.3227  -14.2606
 -13.8799  -13.6505  -13.5162  -12.8252  -12.7515  -12.7275  -12.4430  -12.3272
 -12.0917  -11.8993  -11.1590  -11.0676  -10.8854  -10.7938   -9.1458   -8.5351
  -1.2194   -1.0509    0.1764    0.5429    0.5793    1.2302    1.2470    1.4371
   1.7388    1.8373    2.0838    2.7249    2.8558    2.9701    3.0548    3.1237
   3.2081    3.3878    3.6336    3.7916    3.8609    3.9939    4.0770    4.1662
   4.2456    4.3081    4.3676    4.4533    4.5185    4.7079    4.7525    4.8405
   4.9017    5.0827    5.0979    5.3505    5.5515    5.7725    5.9708    6.2167
   6.2724    6.2877    6.3057    6.6301

 Heat of formation   =       -159.42575545 kcal/mol  (       -6.91321952 eV)

 Total SCF energy    =     -94600.85124977 kcal/mol  (    -4102.20073933 eV)
 Electronic energy   =    -570984.38511433 kcal/mol  (   -24759.74090951 eV)
 Core-core repulsion =     476383.53386455 kcal/mol  (    20657.54017018 eV)
 
    Atomic Charges for Step       1 :
  Atom    Element       Mulliken Charge
     1      C                 -0.138
     2      C                  0.008
     3      C                 -0.020
     4      C                 -0.156
     5      C                  0.008
     6      C                 -0.137
     7      H                  0.184
     8      H                  0.170
     9      H                  0.186
    10      C                  0.354
    11      O                 -0.337
    12      N                 -0.319
    13      C                 -0.223
    14      C                  0.107
    15      C                 -0.067
    16      C                 -0.215
    17      C                  0.087
    18      C                 -0.216
    19      H                  0.130
    20      H                  0.131
    21      H                  0.134
    22      H                  0.170
    23      H                  0.235
    24      C                  0.352
    25      C                  0.352
    26      O                 -0.350
    27      O                 -0.314
    28      O                 -0.357
    29      O                 -0.311
    30      N                 -0.332
    31      H                  0.188
    32      H                  0.192
    33      H                  0.252
    34      H                  0.252
 Total Mulliken Charge =       0.000
 
                  X        Y        Z     TOTAL  
  QM DIPOLE    -0.909    1.452    1.517    2.288
 
 Final Structure

  QMMM: QM Region Cartesian Coordinates (*=link atom) 
  QMMM: QM_NO.   MM_NO.  ATOM         X         Y         Z
  QMMM:     1        1      C       -1.3369    1.7799   -0.6300
  QMMM:     2        2      C       -2.2856    0.8800   -0.1339
  QMMM:     3        3      C        0.0274    1.4544   -0.6181
  QMMM:     4        4      C        0.4402    0.2244   -0.1036
  QMMM:     5        5      C       -0.5027   -0.6884    0.3841
  QMMM:     6        6      C       -1.8628   -0.3540    0.3741
  QMMM:     7        7      H       -3.3599    1.1394   -0.1458
  QMMM:     8        8      H        0.7500    2.1784   -1.0347
  QMMM:     9        9      H       -0.1764   -1.6734    0.7666
  QMMM:    10       10      C        1.8802   -0.1866   -0.0942
  QMMM:    11       11      O        2.2020   -1.3539   -0.3810
  QMMM:    12       12      N        2.7870    0.7982    0.2610
  QMMM:    13       13      C        4.9004    1.6968    1.0259
  QMMM:    14       14      C        4.1853    0.6693    0.3628
  QMMM:    15       15      C        6.2821    1.6136    1.1344
  QMMM:    16       16      C        6.9869    0.5389    0.6074
  QMMM:    17       17      C        6.2945   -0.4914   -0.0678
  QMMM:    18       18      C        4.8866   -0.4197   -0.1794
  QMMM:    19       19      H        4.3755    2.5613    1.4568
  QMMM:    20       20      H        6.8300    2.4163    1.6526
  QMMM:    21       21      H        8.0809    0.5013    0.7092
  QMMM:    22       22      H        4.3438   -1.2255   -0.7010
  QMMM:    23       23      H        2.4174    1.6757    0.5553
  QMMM:    24       24      C       -1.7378    3.0834   -1.1735
  QMMM:    25       25      C       -2.8290   -1.3249    0.9033
  QMMM:    26       26      O       -2.6063   -2.4259    1.4168
  QMMM:    27       27      O       -4.1375   -0.9467    0.8121
  QMMM:    28       28      O       -1.0119    3.9906   -1.5947
  QMMM:    29       29      O       -3.0826    3.3097   -1.2085
  QMMM:    30       30      N        6.9935   -1.5308   -0.6865
  QMMM:    31       31      H        7.8868   -1.7226   -0.2925
  QMMM:    32       32      H        6.4527   -2.3461   -0.8706
  QMMM:    33       33      H       -3.2486    4.1910   -1.5843
  QMMM:    34       34      H       -4.6991   -1.6489    1.1820

           --------- Calculation Completed ----------

