            --------------------------------------------------------
                             AMBER SQM VERSION 19
 
                                     By
              Ross C. Walker, Michael F. Crowley, Scott Brozell,
                         Tim Giese, Andreas W. Goetz,
                        Tai-Sung Lee and David A. Case
 
            --------------------------------------------------------
 

--------------------------------------------------------------------------------
  QM CALCULATION INFO
--------------------------------------------------------------------------------

| QMMM: Citation for AMBER QMMM Run:
| QMMM: R.C. Walker, M.F. Crowley and D.A. Case, J. COMP. CHEM. 29:1019, 2008

QMMM: SINGLET STATE CALCULATION
QMMM: RHF CALCULATION, NO. OF DOUBLY OCCUPIED LEVELS = 21

| QMMM: *** Selected Hamiltonian *** 
| QMMM: AM1         

| QMMM: *** Parameter sets in use ***
| QMMM: N : M.J.S.DEWAR et al. JACS, 107, 3902, (1985)
| QMMM: C : M.J.S.DEWAR et al. JACS, 107, 3902, (1985)
| QMMM: H : M.J.S.DEWAR et al. JACS, 107, 3902, (1985)

| QMMM: *** SCF convergence criteria ***
| QMMM: Energy change                :  0.1D-09 kcal/mol
| QMMM: Error matrix |FP-PF|         :  0.1D+00 au
| QMMM: Density matrix change        :  0.5D-06
| QMMM: Maximum number of SCF cycles :     1000

| QMMM: *** Diagonalization Routine Information ***
| QMMM: Pseudo diagonalizations are allowed.
| QMMM: Auto diagonalization routine selection is in use.
| QMMM:
| QMMM: Timing diagonalization routines:
| QMMM:                              norbs =       40
| QMMM:    diag iterations used for timing =       20
| QMMM:
| QMMM:              Internal diag routine = 0.002920 seconds
| QMMM:                 Dspev diag routine = 0.002905 seconds
| QMMM:                Dspevd diag routine = 0.002289 seconds
| QMMM:                Dspevx diag routine = 0.015132 seconds
| QMMM:                 Dsyev diag routine = 0.003690 seconds
| QMMM:                Dsyevd diag routine = 0.002729 seconds
| QMMM:                Dsyevr diag routine = 0.003166 seconds
| QMMM:
| QMMM:                Pseudo diag routine = 0.001075 seconds
| QMMM:
| QMMM: Using dspevd routine (diag_routine=3).

  QMMM: QM Region Cartesian Coordinates (*=link atom) 
  QMMM: QM_NO.   MM_NO.  ATOM         X         Y         Z
  QMMM:     1        1      N        2.8920    0.8050   -0.1470
  QMMM:     2        2      C        4.9230    1.7970    0.6330
  QMMM:     3        3      C        4.2360    0.7170    0.0770
  QMMM:     4        4      C        6.2950    1.7070    0.8620
  QMMM:     5        5      C        6.9830    0.5400    0.5360
  QMMM:     6        6      C        6.3000   -0.5410   -0.0210
  QMMM:     7        7      C        4.9260   -0.4510   -0.2510
  QMMM:     8        8      H        4.3930    2.7110    0.8900
  QMMM:     9        9      H        6.8280    2.5490    1.2960
  QMMM:    10       10      H        8.0540    0.4780    0.7190
  QMMM:    11       11      H        4.3920   -1.2940   -0.6850
  QMMM:    12       12      H        2.3800    1.5800    0.2590
  QMMM:    13       13      N        6.9750   -1.6840   -0.3420
  QMMM:    14       14      H        7.9890   -1.6680   -0.3400
  QMMM:    15       15      H        2.3800   -0.0390   -0.3780
  QMMM:    16       16      H        6.5090   -2.3840   -0.9070

--------------------------------------------------------------------------------
  RESULTS
--------------------------------------------------------------------------------

      iter         sqm energy              rms gradient
      ----    -------------------    -----------------------
xmin    10       18.7342 kcal/mol        0.0464 kcal/(mol*A)
xmin    20       18.7335 kcal/mol        0.0051 kcal/(mol*A)
xmin    30       18.7335 kcal/mol        0.0005 kcal/(mol*A)
  ... geometry converged !
 
 Final MO eigenvalues (eV):
 -39.5981  -36.2104  -34.0124  -29.7290  -28.5444  -23.0234  -22.3305  -17.9681
 -17.8493  -16.7659  -16.3282  -15.4818  -14.1866  -14.0696  -13.9644  -12.4556
 -12.4060  -11.8252  -10.8460   -8.8530   -8.2640    0.7474    0.7580    2.9672
   2.9906    3.3736    4.0214    4.3038    4.4265    4.6461    4.7701    4.8847
   5.3103    5.4448    5.6971    5.8139    6.2082    6.3681    6.3820    6.5490


 Heat of formation   =         18.73347071 kcal/mol  (        0.81234425 eV)

 Total SCF energy    =     -29804.17462892 kcal/mol  (    -1292.40599406 eV)
 Electronic energy   =    -128271.76101400 kcal/mol  (    -5562.28095113 eV)
 Core-core repulsion =      98467.58638509 kcal/mol  (     4269.87495707 eV)
 
    Atomic Charges for Step       1 :
  Atom    Element       Mulliken Charge
     1      N                 -0.329
     2      C                 -0.230
     3      C                  0.090
     4      C                 -0.060
     5      C                 -0.230
     6      C                  0.090
     7      C                 -0.253
     8      H                  0.130
     9      H                  0.127
    10      H                  0.130
    11      H                  0.130
    12      H                  0.184
    13      N                 -0.329
    14      H                  0.184
    15      H                  0.183
    16      H                  0.183
 Total Mulliken Charge =       0.000
 
                  X        Y        Z     TOTAL  
  QM DIPOLE    -0.376   -0.594   -0.306    0.767
 
 Final Structure

  QMMM: QM Region Cartesian Coordinates (*=link atom) 
  QMMM: QM_NO.   MM_NO.  ATOM         X         Y         Z
  QMMM:     1        1      N        2.8616    0.8431   -0.2483
  QMMM:     2        2      C        4.9244    1.8074    0.6374
  QMMM:     3        3      C        4.2203    0.7217    0.0668
  QMMM:     4        4      C        6.2914    1.7032    0.8593
  QMMM:     5        5      C        6.9924    0.5476    0.5399
  QMMM:     6        6      C        6.3085   -0.5577   -0.0176
  QMMM:     7        7      C        4.9219   -0.4587   -0.2538
  QMMM:     8        8      H        4.3982    2.7368    0.8962
  QMMM:     9        9      H        6.8319    2.5564    1.2985
  QMMM:    10       10      H        8.0731    0.4935    0.7317
  QMMM:    11       11      H        4.3819   -1.3112   -0.6927
  QMMM:    12       12      H        2.3777    1.5275    0.2895
  QMMM:    13       13      N        6.9818   -1.7612   -0.2597
  QMMM:    14       14      H        7.9635   -1.6597   -0.3928
  QMMM:    15       15      H        2.3749   -0.0235   -0.3090
  QMMM:    16       16      H        6.5514   -2.3422   -0.9443

           --------- Calculation Completed ----------

