            --------------------------------------------------------
                             AMBER SQM VERSION 19
 
                                     By
              Ross C. Walker, Michael F. Crowley, Scott Brozell,
                         Tim Giese, Andreas W. Goetz,
                        Tai-Sung Lee and David A. Case
 
            --------------------------------------------------------
 

--------------------------------------------------------------------------------
  QM CALCULATION INFO
--------------------------------------------------------------------------------

| QMMM: Citation for AMBER QMMM Run:
| QMMM: R.C. Walker, M.F. Crowley and D.A. Case, J. COMP. CHEM. 29:1019, 2008

QMMM: SINGLET STATE CALCULATION
QMMM: RHF CALCULATION, NO. OF DOUBLY OCCUPIED LEVELS = 21

| QMMM: *** Selected Hamiltonian *** 
| QMMM: AM1         

| QMMM: *** Parameter sets in use ***
| QMMM: N : M.J.S.DEWAR et al. JACS, 107, 3902, (1985)
| QMMM: C : M.J.S.DEWAR et al. JACS, 107, 3902, (1985)
| QMMM: H : M.J.S.DEWAR et al. JACS, 107, 3902, (1985)

| QMMM: *** SCF convergence criteria ***
| QMMM: Energy change                :  0.1D-09 kcal/mol
| QMMM: Error matrix |FP-PF|         :  0.1D+00 au
| QMMM: Density matrix change        :  0.5D-06
| QMMM: Maximum number of SCF cycles :     1000

| QMMM: *** Diagonalization Routine Information ***
| QMMM: Pseudo diagonalizations are allowed.
| QMMM: Auto diagonalization routine selection is in use.
| QMMM:
| QMMM: Timing diagonalization routines:
| QMMM:                              norbs =       39
| QMMM:    diag iterations used for timing =       20
| QMMM:
| QMMM:              Internal diag routine = 0.003553 seconds
| QMMM:                 Dspev diag routine = 0.003516 seconds
| QMMM:                Dspevd diag routine = 0.002564 seconds
| QMMM:                Dspevx diag routine = 0.017041 seconds
| QMMM:                 Dsyev diag routine = 0.003722 seconds
| QMMM:                Dsyevd diag routine = 0.003128 seconds
| QMMM:                Dsyevr diag routine = 0.003769 seconds
| QMMM:
| QMMM:                Pseudo diag routine = 0.000828 seconds
| QMMM:
| QMMM: Using dspevd routine (diag_routine=3).

  QMMM: QM Region Cartesian Coordinates (*=link atom) 
  QMMM: QM_NO.   MM_NO.  ATOM         X         Y         Z
  QMMM:     1        1      N        2.8710    0.7600   -0.0840
  QMMM:     2        2      C        4.9110    1.7700    0.6540
  QMMM:     3        3      C        4.2200    0.6850    0.1130
  QMMM:     4        4      C        6.2880    1.6900    0.8540
  QMMM:     5        5      C        6.9770    0.5270    0.5150
  QMMM:     6        6      C        6.2900   -0.5590   -0.0260
  QMMM:     7        7      C        4.9110   -0.4800   -0.2260
  QMMM:     8        8      H        4.3800    2.6810    0.9210
  QMMM:     9        9      H        6.8250    2.5360    1.2760
  QMMM:    10       10      H        8.0520    0.4730    0.6750
  QMMM:    11       11      H        4.3710   -1.3260   -0.6470
  QMMM:    12       12      H        2.4250    1.6310    0.1830
  QMMM:    13       13      N        6.9660   -1.6990   -0.3580
  QMMM:    14       14      H        7.9790   -1.6770   -0.3770
  QMMM:    15       15      H        6.4900   -2.4050   -0.9090

--------------------------------------------------------------------------------
  RESULTS
--------------------------------------------------------------------------------

      iter         sqm energy              rms gradient
      ----    -------------------    -----------------------
xmin    10       17.7554 kcal/mol        0.2259 kcal/(mol*A)
xmin    20       17.7493 kcal/mol        0.1091 kcal/(mol*A)
xmin    30       17.7489 kcal/mol        0.0085 kcal/(mol*A)
  ... geometry converged !
 
 Final MO eigenvalues (eV):
 -34.3031  -30.9816  -28.5539  -24.6244  -22.7906  -17.7513  -16.9464  -13.0239
 -12.5830  -11.9621  -10.5153   -9.8953   -9.1042   -9.0457   -7.6990   -7.5015
  -7.1767   -5.8650   -5.0884   -4.3324   -2.2737    5.6373    6.1590    7.4320
   8.1513    8.5314    8.9934    9.1114    9.2351    9.4826    9.5469    9.8790
  10.1686   10.4880   10.6529   10.8231   10.9647   11.4340   12.5698

 Heat of formation   =         17.74892325 kcal/mol  (        0.76965107 eV)

 Total SCF energy    =     -29490.24417333 kcal/mol  (    -1278.79294798 eV)
 Electronic energy   =    -123510.03686832 kcal/mol  (    -5355.79709762 eV)
 Core-core repulsion =      94019.79269499 kcal/mol  (     4077.00414965 eV)
 
    Atomic Charges for Step       1 :
  Atom    Element       Mulliken Charge
     1      N                 -0.460
     2      C                 -0.366
     3      C                  0.130
     4      C                 -0.034
     5      C                 -0.380
     6      C                  0.067
     7      C                 -0.316
     8      H                  0.081
     9      H                  0.067
    10      H                  0.086
    11      H                  0.101
    12      H                  0.069
    13      N                 -0.310
    14      H                  0.130
    15      H                  0.133
 Total Mulliken Charge =      -1.000
 
                  X        Y        Z     TOTAL  
  QM DIPOLE   -21.873   -1.596   -1.776   22.003
 
 Final Structure

  QMMM: QM Region Cartesian Coordinates (*=link atom) 
  QMMM: QM_NO.   MM_NO.  ATOM         X         Y         Z
  QMMM:     1        1      N        2.8504    0.7321   -0.1173
  QMMM:     2        2      C        4.9305    1.7897    0.6594
  QMMM:     3        3      C        4.1510    0.6944    0.1084
  QMMM:     4        4      C        6.2844    1.6831    0.8606
  QMMM:     5        5      C        6.9956    0.5249    0.5473
  QMMM:     6        6      C        6.2818   -0.5799    0.0182
  QMMM:     7        7      C        4.9139   -0.4979   -0.2066
  QMMM:     8        8      H        4.4087    2.7201    0.9171
  QMMM:     9        9      H        6.8386    2.5386    1.2805
  QMMM:    10       10      H        8.0734    0.4682    0.7255
  QMMM:    11       11      H        4.3665   -1.3541   -0.6235
  QMMM:    12       12      H        2.4558    1.6128    0.1420
  QMMM:    13       13      N        6.9814   -1.7914   -0.2496
  QMMM:    14       14      H        7.9158   -1.6010   -0.5524
  QMMM:    15       15      H        6.5081   -2.3326   -0.9458

           --------- Calculation Completed ----------

