            --------------------------------------------------------
                             AMBER SQM VERSION 19
 
                                     By
              Ross C. Walker, Michael F. Crowley, Scott Brozell,
                         Tim Giese, Andreas W. Goetz,
                        Tai-Sung Lee and David A. Case
 
            --------------------------------------------------------
 

--------------------------------------------------------------------------------
  QM CALCULATION INFO
--------------------------------------------------------------------------------

| QMMM: Citation for AMBER QMMM Run:
| QMMM: R.C. Walker, M.F. Crowley and D.A. Case, J. COMP. CHEM. 29:1019, 2008

QMMM: SINGLET STATE CALCULATION
QMMM: RHF CALCULATION, NO. OF DOUBLY OCCUPIED LEVELS = 91

| QMMM: *** Selected Hamiltonian *** 
| QMMM: AM1         

| QMMM: *** Parameter sets in use ***
| QMMM: C : M.J.S.DEWAR et al. JACS, 107, 3902, (1985)
| QMMM: H : M.J.S.DEWAR et al. JACS, 107, 3902, (1985)
| QMMM: O : M.J.S.DEWAR et al. JACS, 107, 3902, (1985)
| QMMM: N : M.J.S.DEWAR et al. JACS, 107, 3902, (1985)

| QMMM: *** SCF convergence criteria ***
| QMMM: Energy change                :  0.1D-09 kcal/mol
| QMMM: Error matrix |FP-PF|         :  0.1D+00 au
| QMMM: Density matrix change        :  0.5D-06
| QMMM: Maximum number of SCF cycles :     1000

| QMMM: *** Diagonalization Routine Information ***
| QMMM: Pseudo diagonalizations are allowed.
| QMMM: Auto diagonalization routine selection is in use.
| QMMM:
| QMMM: Timing diagonalization routines:
| QMMM:                              norbs =      160
| QMMM:    diag iterations used for timing =        5
| QMMM:
| QMMM:              Internal diag routine = 0.029418 seconds
| QMMM:                 Dspev diag routine = 0.027115 seconds
| QMMM:                Dspevd diag routine = 0.008167 seconds
| QMMM:                Dspevx diag routine = 0.063804 seconds
| QMMM:                 Dsyev diag routine = 0.023686 seconds
| QMMM:                Dsyevd diag routine = 0.010840 seconds
| QMMM:                Dsyevr diag routine = 0.013606 seconds
| QMMM:
| QMMM:                Pseudo diag routine = 0.014341 seconds
| QMMM: Pseudo diagonalization appears to be slower than regular
| QMMM: diagonalization. Setting pseudo_diag=0 for optimum performance.
| QMMM:
| QMMM: Using dspevd routine (diag_routine=3).

  QMMM: QM Region Cartesian Coordinates (*=link atom) 
  QMMM: QM_NO.   MM_NO.  ATOM         X         Y         Z
  QMMM:     1        1      C       -1.1080    1.6620   -0.5810
  QMMM:     2        2      C       -2.1560    0.7660   -0.2970
  QMMM:     3        3      C        0.2380    1.1890   -0.4260
  QMMM:     4        4      C        0.5280   -0.1530   -0.0460
  QMMM:     5        5      C       -0.5780   -0.9830    0.1800
  QMMM:     6        6      C       -1.8990   -0.5530    0.0920
  QMMM:     7        7      H       -3.1880    1.0960   -0.3800
  QMMM:     8        8      H        1.0640    1.8700   -0.6190
  QMMM:     9        9      H       -0.4180   -2.0150    0.4790
  QMMM:    10       10      C        1.8930   -0.8590    0.1930
  QMMM:    11       11      O        1.8990   -2.0440    0.4690
  QMMM:    12       12      N        3.1250   -0.2590    0.2100
  QMMM:    13       13      C        4.2420   -0.9410    2.2780
  QMMM:    14       14      C        4.2860   -0.8700    0.8840
  QMMM:    15       15      C        5.2590   -1.5610    3.0010
  QMMM:    16       16      C        6.3550   -2.1290    2.3550
  QMMM:    17       17      C        6.4530   -2.0990    0.9630
  QMMM:    18       18      C        5.4070   -1.4570    0.2360
  QMMM:    19       19      H        3.3940   -0.5190    2.8140
  QMMM:    20       20      H        5.1990   -1.5980    4.0860
  QMMM:    21       21      H        7.1410   -2.5770    2.9580
  QMMM:    22       22      H        5.4650   -1.4150   -0.8490
  QMMM:    23       23      H        3.1850    0.7310    0.0290
  QMMM:    24       24      C       -1.4550    3.0980   -1.0410
  QMMM:    25       25      C       -2.9750   -1.5580    0.4490
  QMMM:    26       26      O       -2.7340   -2.6990    0.7870
  QMMM:    27       27      O       -4.2140   -1.1540    0.4400
  QMMM:    28       28      O       -0.5910    3.9110   -1.2960
  QMMM:    29       29      O       -2.7470    3.4290   -1.1730
  QMMM:    30       30      N        7.6610   -2.5890    0.2920
  QMMM:    31       31      H       -2.9560    4.3750   -1.4940
  QMMM:    32       32      H       -4.7290   -1.9360    0.7520
  QMMM:    33       33      C        8.7440   -3.3650    0.6870
  QMMM:    34       34      H        7.7550   -2.1710   -0.6170
  QMMM:    35       35      C       10.0290   -3.2740   -0.1650
  QMMM:    36       36      C       11.2360   -4.0190    0.0020
  QMMM:    37       37      C       12.3980   -3.8220   -0.8170
  QMMM:    38       38      C       10.0210   -2.3140   -1.1610
  QMMM:    39       39      C       11.1240   -2.0410   -1.9480
  QMMM:    40       40      C       12.3030   -2.8040   -1.7910
  QMMM:    41       41      C       10.9770   -0.9000   -2.9270
  QMMM:    42       42      C       13.7000   -4.6770   -0.6290
  QMMM:    43       43      H       11.2700   -4.7740    0.7840
  QMMM:    44       44      H       13.1620   -2.5920   -2.4240
  QMMM:    45       45      H        9.1330   -1.7210   -1.3090
  QMMM:    46       46      O        8.6920   -4.0710    1.6730
  QMMM:    47       47      O       11.8750   -0.5790   -3.6780
  QMMM:    48       48      O        9.8270   -0.2260   -2.9210
  QMMM:    49       49      H        9.1610   -0.5350   -2.2390
  QMMM:    50       50      O       14.7860   -4.4840   -1.4060
  QMMM:    51       51      H       15.6220   -5.0870   -1.2410
  QMMM:    52       52      O       13.7470   -5.5390    0.2230

--------------------------------------------------------------------------------
  RESULTS
--------------------------------------------------------------------------------

      iter         sqm energy              rms gradient
      ----    -------------------    -----------------------
xmin    10     -322.5580 kcal/mol        0.8668 kcal/(mol*A)
xmin    20     -325.2130 kcal/mol        0.7055 kcal/(mol*A)
xmin    30     -327.6925 kcal/mol        1.8551 kcal/(mol*A)
xmin    40     -328.8782 kcal/mol        0.4259 kcal/(mol*A)
xmin    50     -329.6821 kcal/mol        0.5431 kcal/(mol*A)
xmin    60     -330.1432 kcal/mol        0.9043 kcal/(mol*A)
xmin    70     -330.6065 kcal/mol        0.3341 kcal/(mol*A)
xmin    80     -330.7485 kcal/mol        0.4977 kcal/(mol*A)
xmin    90     -330.8612 kcal/mol        0.1026 kcal/(mol*A)
xmin   100     -330.9189 kcal/mol        0.1779 kcal/(mol*A)
xmin   110     -330.9625 kcal/mol        0.0662 kcal/(mol*A)
xmin   120     -330.9832 kcal/mol        0.1254 kcal/(mol*A)
xmin   130     -330.9874 kcal/mol        0.0835 kcal/(mol*A)
xmin   140     -330.9945 kcal/mol        0.0824 kcal/(mol*A)
xmin   150     -330.9992 kcal/mol        0.0296 kcal/(mol*A)
xmin   160     -331.0045 kcal/mol        0.0361 kcal/(mol*A)
xmin   170     -331.0097 kcal/mol        0.0419 kcal/(mol*A)
xmin   180     -331.0140 kcal/mol        0.0179 kcal/(mol*A)
xmin   190     -331.0175 kcal/mol        0.0223 kcal/(mol*A)
xmin   200     -331.0207 kcal/mol        0.0175 kcal/(mol*A)
xmin   210     -331.0238 kcal/mol        0.0190 kcal/(mol*A)
xmin   220     -331.0260 kcal/mol        0.0117 kcal/(mol*A)
xmin   230     -331.0370 kcal/mol        0.1292 kcal/(mol*A)
xmin   240     -331.0381 kcal/mol        0.0313 kcal/(mol*A)
xmin   250     -331.0389 kcal/mol        0.0148 kcal/(mol*A)
xmin   260     -331.0391 kcal/mol        0.0182 kcal/(mol*A)
xmin   270     -331.0393 kcal/mol        0.0094 kcal/(mol*A)
xmin   280     -331.0394 kcal/mol        0.0046 kcal/(mol*A)
xmin   290     -331.0395 kcal/mol        0.0026 kcal/(mol*A)
xmin   300     -331.0395 kcal/mol        0.0028 kcal/(mol*A)
xmin   310     -331.0395 kcal/mol        0.0025 kcal/(mol*A)
xmin   320     -331.0396 kcal/mol        0.0026 kcal/(mol*A)
xmin   330     -331.0396 kcal/mol        0.0011 kcal/(mol*A)
xmin   340     -331.0396 kcal/mol        0.0035 kcal/(mol*A)
xmin   350     -331.0396 kcal/mol        0.0028 kcal/(mol*A)
xmin   360     -331.0396 kcal/mol        0.0010 kcal/(mol*A)
xmin   370     -331.0396 kcal/mol        0.0016 kcal/(mol*A)
  ... geometry converged !
 
 Final MO eigenvalues (eV):
 -42.1011  -42.0671  -41.1557  -41.0917  -40.9912  -40.6083  -39.7833  -39.1173
 -38.5221  -37.2644  -37.0939  -37.0131  -36.9854  -36.5100  -35.2831  -33.5454
 -33.4452  -33.3711  -33.2071  -30.9163  -30.1107  -26.7254  -26.6106  -26.2742
 -26.2598  -25.5548  -25.3096  -23.7912  -23.2925  -22.2613  -21.9394  -21.7682
 -21.1504  -20.1222  -19.7007  -19.5780  -19.3031  -19.1122  -18.9827  -18.5703
 -18.0415  -17.8552  -17.8107  -17.7091  -17.6537  -17.3447  -17.2796  -17.1013
 -17.0598  -17.0032  -16.7223  -16.6626  -16.6271  -16.3028  -16.0394  -15.7641
 -15.6596  -15.5532  -15.2519  -15.1478  -15.0696  -14.9660  -14.9290  -14.6284
 -14.4888  -14.3377  -13.9645  -13.8613  -13.7874  -13.7056  -13.6533  -13.2319
 -12.9286  -12.8312  -12.8149  -12.7891  -12.6745  -12.5099  -12.2156  -12.1044
 -12.0034  -11.7533  -11.4900  -11.4196  -11.3225  -11.0600  -11.0201  -10.9454
 -10.9267   -9.5462   -9.0217   -1.3599   -1.3506   -1.1976   -1.1106   -0.1454
   0.0144    0.3810    0.4635    0.9480    0.9727    1.0891    1.1283    1.2493
   1.2821    1.6064    1.6727    1.7209    1.8280    1.9191    1.9477    2.5561
   2.5800    2.6131    2.6743    2.8424    2.8678    2.9824    3.0688    3.1083
   3.1290    3.2231    3.3223    3.4725    3.5373    3.5979    3.6763    3.7142
   3.7872    3.8487    3.8593    3.9719    4.0468    4.0985    4.1128    4.1454
   4.1956    4.2504    4.3445    4.3677    4.5962    4.6117    4.6993    4.7322
   4.7818    4.8069    4.8391    4.9102    5.0979    5.3097    5.3523    5.6631
   5.6971    5.7495    6.1085    6.1899    6.2176    6.2608    6.3674    6.3999


 Heat of formation   =       -331.03963607 kcal/mol  (      -14.35495582 eV)

 Total SCF energy    =    -159390.98252508 kcal/mol  (    -6911.71165713 eV)
 Electronic energy   =   -1148103.04552090 kcal/mol  (   -49785.48395650 eV)
 Core-core repulsion =     988712.06299582 kcal/mol  (    42873.77229937 eV)
 
    Atomic Charges for Step       1 :
  Atom    Element       Mulliken Charge
     1      C                 -0.136
     2      C                  0.009
     3      C                  0.009
     4      C                 -0.157
     5      C                 -0.021
     6      C                 -0.137
     7      H                  0.185
     8      H                  0.186
     9      H                  0.169
    10      C                  0.357
    11      O                 -0.339
    12      N                 -0.319
    13      C                 -0.201
    14      C                  0.099
    15      C                 -0.079
    16      C                 -0.174
    17      C                  0.095
    18      C                 -0.206
    19      H                  0.134
    20      H                  0.140
    21      H                  0.175
    22      H                  0.170
    23      H                  0.237
    24      C                  0.351
    25      C                  0.352
    26      O                 -0.356
    27      O                 -0.310
    28      O                 -0.348
    29      O                 -0.313
    30      N                 -0.319
    31      H                  0.253
    32      H                  0.253
    33      C                  0.352
    34      H                  0.238
    35      C                 -0.145
    36      C                  0.001
    37      C                 -0.125
    38      C                 -0.051
    39      C                 -0.175
    40      C                  0.005
    41      C                  0.340
    42      C                  0.351
    43      H                  0.185
    44      H                  0.185
    45      H                  0.150
    46      O                 -0.329
    47      O                 -0.282
    48      O                 -0.280
    49      H                  0.228
    50      O                 -0.311
    51      H                  0.254
    52      O                 -0.347
 Total Mulliken Charge =      -0.000
 
                  X        Y        Z     TOTAL  
  QM DIPOLE    -4.394    0.797    2.490    5.113
 
 Final Structure

  QMMM: QM Region Cartesian Coordinates (*=link atom) 
  QMMM: QM_NO.   MM_NO.  ATOM         X         Y         Z
  QMMM:     1        1      C       -0.6069    1.1433   -1.2936
  QMMM:     2        2      C       -1.6424    0.3594   -0.7713
  QMMM:     3        3      C        0.7289    0.8391   -1.0032
  QMMM:     4        4      C        1.0285   -0.2475   -0.1726
  QMMM:     5        5      C        0.0030   -1.0388    0.3476
  QMMM:     6        6      C       -1.3320   -0.7312    0.0475
  QMMM:     7        7      H       -2.6957    0.5981   -1.0067
  QMMM:     8        8      H        1.5432    1.4494   -1.4363
  QMMM:     9        9      H        0.2155   -1.9182    0.9811
  QMMM:    10       10      C        2.4706   -0.5480    0.0908
  QMMM:    11       11      O        3.3135   -0.4410   -0.8184
  QMMM:    12       12      N        2.7828   -0.9283    1.3866
  QMMM:    13       13      C        4.1962   -1.3639    3.3041
  QMMM:    14       14      C        4.0555   -1.2401    1.8994
  QMMM:    15       15      C        5.4314   -1.6861    3.8458
  QMMM:    16       16      C        6.5514   -1.8887    3.0436
  QMMM:    17       17      C        6.4315   -1.7716    1.6462
  QMMM:    18       18      C        5.1745   -1.4513    1.0780
  QMMM:    19       19      H        3.3358   -1.2088    3.9718
  QMMM:    20       20      H        5.5331   -1.7829    4.9387
  QMMM:    21       21      H        7.5148   -2.1425    3.5143
  QMMM:    22       22      H        5.0757   -1.3633   -0.0174
  QMMM:    23       23      H        2.0461   -0.9106    2.0580
  QMMM:    24       24      C       -0.8927    2.2965   -2.1572
  QMMM:    25       25      C       -2.3868   -1.5808    0.6146
  QMMM:    26       26      O       -2.2616   -2.5365    1.3881
  QMMM:    27       27      O       -3.6570   -1.2612    0.2350
  QMMM:    28       28      O       -0.0944    3.0986   -2.6517
  QMMM:    29       29      O       -2.2136    2.4955   -2.4367
  QMMM:    30       30      N        7.5163   -1.9386    0.7657
  QMMM:    31       31      H       -2.3045    3.2735   -3.0129
  QMMM:    32       32      H       -4.2811   -1.8769    0.6560
  QMMM:    33       33      C        8.7715   -2.4398    1.0735
  QMMM:    34       34      H        7.3156   -1.7731   -0.1974
  QMMM:    35       35      C        9.7267   -2.5363   -0.0758
  QMMM:    36       36      C       10.4666   -3.7150   -0.2217
  QMMM:    37       37      C       11.3797   -3.8310   -1.2771
  QMMM:    38       38      C        9.9163   -1.4702   -0.9571
  QMMM:    39       39      C       10.8439   -1.5850   -1.9986
  QMMM:    40       40      C       11.5661   -2.7714   -2.1720
  QMMM:    41       41      C       11.0584   -0.4789   -2.9527
  QMMM:    42       42      C       12.1306   -5.0857   -1.4224
  QMMM:    43       43      H       10.3368   -4.5480    0.4934
  QMMM:    44       44      H       12.2773   -2.8689   -3.0126
  QMMM:    45       45      H        9.3382   -0.5386   -0.8368
  QMMM:    46       46      O        9.1176   -2.7945    2.2137
  QMMM:    47       47      O       11.2975   -0.5842   -4.1550
  QMMM:    48       48      O       11.0014    0.8144   -2.5153
  QMMM:    49       49      H       10.9024    0.8405   -1.5534
  QMMM:    50       50      O       13.0574   -5.0901   -2.4234
  QMMM:    51       51      H       13.4996   -5.9559   -2.4464
  QMMM:    52       52      O       12.0250   -6.1209   -0.7573

           --------- Calculation Completed ----------

