            --------------------------------------------------------
                             AMBER SQM VERSION 19
 
                                     By
              Ross C. Walker, Michael F. Crowley, Scott Brozell,
                         Tim Giese, Andreas W. Goetz,
                        Tai-Sung Lee and David A. Case
 
            --------------------------------------------------------
 

--------------------------------------------------------------------------------
  QM CALCULATION INFO
--------------------------------------------------------------------------------

| QMMM: Citation for AMBER QMMM Run:
| QMMM: R.C. Walker, M.F. Crowley and D.A. Case, J. COMP. CHEM. 29:1019, 2008

QMMM: SINGLET STATE CALCULATION
QMMM: RHF CALCULATION, NO. OF DOUBLY OCCUPIED LEVELS = 35

| QMMM: *** Selected Hamiltonian *** 
| QMMM: AM1         

| QMMM: *** Parameter sets in use ***
| QMMM: C : M.J.S.DEWAR et al. JACS, 107, 3902, (1985)
| QMMM: H : M.J.S.DEWAR et al. JACS, 107, 3902, (1985)
| QMMM: O : M.J.S.DEWAR et al. JACS, 107, 3902, (1985)

| QMMM: *** SCF convergence criteria ***
| QMMM: Energy change                :  0.1D-09 kcal/mol
| QMMM: Error matrix |FP-PF|         :  0.1D+00 au
| QMMM: Density matrix change        :  0.5D-06
| QMMM: Maximum number of SCF cycles :     1000

| QMMM: *** Diagonalization Routine Information ***
| QMMM: Pseudo diagonalizations are allowed.
| QMMM: Auto diagonalization routine selection is in use.
| QMMM:
| QMMM: Timing diagonalization routines:
| QMMM:                              norbs =       61
| QMMM:    diag iterations used for timing =       15
| QMMM:
| QMMM:              Internal diag routine = 0.007210 seconds
| QMMM:                 Dspev diag routine = 0.006823 seconds
| QMMM:                Dspevd diag routine = 0.003789 seconds
| QMMM:                Dspevx diag routine = 0.028660 seconds
| QMMM:                 Dsyev diag routine = 0.005945 seconds
| QMMM:                Dsyevd diag routine = 0.004154 seconds
| QMMM:                Dsyevr diag routine = 0.005477 seconds
| QMMM:
| QMMM:                Pseudo diag routine = 0.002085 seconds
| QMMM:
| QMMM: Using dspevd routine (diag_routine=3).

  QMMM: QM Region Cartesian Coordinates (*=link atom) 
  QMMM: QM_NO.   MM_NO.  ATOM         X         Y         Z
  QMMM:     1        1      C       -8.3350    2.5040   -0.0390
  QMMM:     2        2      C       -7.1190    3.1960    0.0040
  QMMM:     3        3      C       -5.9200    2.4580    0.0330
  QMMM:     4        4      C       -8.3640    1.1140   -0.0520
  QMMM:     5        5      C       -7.1700    0.3980   -0.0230
  QMMM:     6        6      C       -5.9340    1.0520    0.0200
  QMMM:     7        7      H       -9.2800    3.0420   -0.0620
  QMMM:     8        8      H       -4.9720    2.9890    0.0660
  QMMM:     9        9      H       -7.2090   -0.6900   -0.0330
  QMMM:    10       10      C       -9.6800    0.4130   -0.0970
  QMMM:    11       11      C       -4.6900    0.1890    0.0500
  QMMM:    12       12      C       -7.1070    4.7090    0.0170
  QMMM:    13       13      O       -6.0880    5.3670    0.0540
  QMMM:    14       14      O       -9.8190   -0.7930   -0.1120
  QMMM:    15       15      O       -4.7420   -1.0240    0.0370
  QMMM:    16       16      O       -8.2870    5.2870   -0.0130
  QMMM:    17       17      H       -8.1840    6.2630   -0.0010
  QMMM:    18       18      O       -3.5190    0.7760    0.0900
  QMMM:    19       19      H       -3.6150    1.7330    0.0950

--------------------------------------------------------------------------------
  RESULTS
--------------------------------------------------------------------------------

      iter         sqm energy              rms gradient
      ----    -------------------    -----------------------
xmin    10       30.1994 kcal/mol        1.5983 kcal/(mol*A)
xmin    20       30.1010 kcal/mol        0.0353 kcal/(mol*A)
xmin    30       30.0910 kcal/mol        0.1001 kcal/(mol*A)
xmin    40       30.0578 kcal/mol        0.4211 kcal/(mol*A)
xmin    50       29.9873 kcal/mol        0.1067 kcal/(mol*A)
xmin    60       29.9387 kcal/mol        0.2885 kcal/(mol*A)
xmin    70       29.9314 kcal/mol        0.1319 kcal/(mol*A)
xmin    80       29.9301 kcal/mol        0.0246 kcal/(mol*A)
xmin    90       29.9299 kcal/mol        0.0024 kcal/(mol*A)
xmin   100       29.9299 kcal/mol        0.0015 kcal/(mol*A)
xmin   110       29.9299 kcal/mol        0.0041 kcal/(mol*A)
  ... geometry converged !
 
 Final MO eigenvalues (eV):
 -48.6999  -46.0765  -44.4953  -43.6227  -40.7286  -40.5995  -38.9139  -37.7408
 -31.8624  -30.7282  -29.5038  -26.6479  -26.0287  -24.3297  -23.7004  -23.6959
 -22.7989  -22.5280  -22.1290  -21.5040  -21.3891  -20.5961  -20.2707  -19.8635
 -18.7876  -18.7756  -18.7448  -18.1128  -17.9867  -16.2678  -16.0552  -15.6938
 -15.5708  -15.3347  -15.1166   -7.0518   -6.4120   -5.4879   -5.0626   -4.6637
  -3.4931   -2.3957   -2.2880   -2.1628   -2.0727   -1.9701   -1.4565   -1.4204
  -1.3117   -1.1866   -0.8855   -0.7703   -0.5015   -0.3881   -0.1719   -0.0010
   0.4092    1.4518    2.1090    2.7753    2.9246

 Heat of formation   =         29.92989472 kcal/mol  (        1.29785763 eV)

 Total SCF energy    =     -64903.50250302 kcal/mol  (    -2814.42706314 eV)
 Electronic energy   =    -295896.81454024 kcal/mol  (   -12831.04872036 eV)
 Core-core repulsion =     230993.31203722 kcal/mol  (    10016.62165722 eV)
 
    Atomic Charges for Step       1 :
  Atom    Element       Mulliken Charge
     1      C                  0.055
     2      C                 -0.114
     3      C                  0.062
     4      C                 -0.207
     5      C                  0.061
     6      C                 -0.167
     7      H                  0.203
     8      H                  0.205
     9      H                  0.205
    10      C                  0.477
    11      C                  0.335
    12      C                  0.342
    13      O                 -0.294
    14      O                  0.107
    15      O                 -0.250
    16      O                 -0.309
    17      H                  0.284
    18      O                 -0.233
    19      H                  0.237
 Total Mulliken Charge =       1.000
 
                  X        Y        Z     TOTAL  
  QM DIPOLE   -42.221    7.846    1.180   42.960
 
 Final Structure

  QMMM: QM Region Cartesian Coordinates (*=link atom) 
  QMMM: QM_NO.   MM_NO.  ATOM         X         Y         Z
  QMMM:     1        1      C       -8.3431    2.4495   -0.0059
  QMMM:     2        2      C       -7.1379    3.1423   -0.0481
  QMMM:     3        3      C       -5.9101    2.4562   -0.0621
  QMMM:     4        4      C       -8.3156    1.0320    0.0200
  QMMM:     5        5      C       -7.0830    0.3352    0.0075
  QMMM:     6        6      C       -5.8888    1.0567   -0.0234
  QMMM:     7        7      H       -9.2992    3.0087    0.0035
  QMMM:     8        8      H       -4.9726    3.0485   -0.1178
  QMMM:     9        9      H       -7.0443   -0.7731    0.0088
  QMMM:    10       10      C       -9.5083    0.3190    0.0467
  QMMM:    11       11      C       -4.6257    0.2706   -0.0718
  QMMM:    12       12      C       -7.1131    4.6208   -0.0818
  QMMM:    13       13      O       -6.1138    5.3383   -0.0888
  QMMM:    14       14      O      -10.5019   -0.2758    0.0683
  QMMM:    15       15      O       -4.5612   -0.8850   -0.4857
  QMMM:    16       16      O       -8.3418    5.1987   -0.1039
  QMMM:    17       17      H       -8.2474    6.1703   -0.1286
  QMMM:    18       18      O       -3.4510    0.7974    0.3509
  QMMM:    19       19      H       -3.5752    1.6728    0.7465

           --------- Calculation Completed ----------

