            --------------------------------------------------------
                             AMBER SQM VERSION 19
 
                                     By
              Ross C. Walker, Michael F. Crowley, Scott Brozell,
                         Tim Giese, Andreas W. Goetz,
                        Tai-Sung Lee and David A. Case
 
            --------------------------------------------------------
 

--------------------------------------------------------------------------------
  QM CALCULATION INFO
--------------------------------------------------------------------------------

| QMMM: Citation for AMBER QMMM Run:
| QMMM: R.C. Walker, M.F. Crowley and D.A. Case, J. COMP. CHEM. 29:1019, 2008

QMMM: SINGLET STATE CALCULATION
QMMM: RHF CALCULATION, NO. OF DOUBLY OCCUPIED LEVELS = 30

| QMMM: *** Selected Hamiltonian *** 
| QMMM: AM1         

| QMMM: *** Parameter sets in use ***
| QMMM: C : M.J.S.DEWAR et al. JACS, 107, 3902, (1985)
| QMMM: H : M.J.S.DEWAR et al. JACS, 107, 3902, (1985)
| QMMM: O : M.J.S.DEWAR et al. JACS, 107, 3902, (1985)

| QMMM: *** SCF convergence criteria ***
| QMMM: Energy change                :  0.1D-09 kcal/mol
| QMMM: Error matrix |FP-PF|         :  0.1D+00 au
| QMMM: Density matrix change        :  0.5D-06
| QMMM: Maximum number of SCF cycles :     1000

| QMMM: *** Diagonalization Routine Information ***
| QMMM: Pseudo diagonalizations are allowed.
| QMMM: Auto diagonalization routine selection is in use.
| QMMM:
| QMMM: Timing diagonalization routines:
| QMMM:                              norbs =       51
| QMMM:    diag iterations used for timing =       15
| QMMM:
| QMMM:              Internal diag routine = 0.004101 seconds
| QMMM:                 Dspev diag routine = 0.003702 seconds
| QMMM:                Dspevd diag routine = 0.002413 seconds
| QMMM:                Dspevx diag routine = 0.018776 seconds
| QMMM:                 Dsyev diag routine = 0.004389 seconds
| QMMM:                Dsyevd diag routine = 0.002984 seconds
| QMMM:                Dsyevr diag routine = 0.003913 seconds
| QMMM:
| QMMM:                Pseudo diag routine = 0.001318 seconds
| QMMM:
| QMMM: Using dspevd routine (diag_routine=3).

  QMMM: QM Region Cartesian Coordinates (*=link atom) 
  QMMM: QM_NO.   MM_NO.  ATOM         X         Y         Z
  QMMM:     1        1      C       -8.6710    2.5620   -0.0480
  QMMM:     2        2      C       -7.4100    3.1560   -0.0050
  QMMM:     3        3      C       -6.2680    2.3530    0.0220
  QMMM:     4        4      C       -8.7960    1.1730   -0.0640
  QMMM:     5        5      C       -7.6500    0.3750   -0.0370
  QMMM:     6        6      C       -6.3840    0.9640    0.0060
  QMMM:     7        7      H       -9.5620    3.1860   -0.0690
  QMMM:     8        8      H       -5.2810    2.8110    0.0550
  QMMM:     9        9      H       -7.7440   -0.7090   -0.0500
  QMMM:    10       10      C      -10.1570    0.5630   -0.1100
  QMMM:    11       11      C       -5.1490    0.1270    0.0350
  QMMM:    12       12      C       -7.3010    4.6440    0.0110
  QMMM:    13       13      O       -6.2530    5.2580    0.0480
  QMMM:    14       14      O      -10.3790   -0.6310   -0.1270
  QMMM:    15       15      O       -5.1360   -1.0870    0.0250

--------------------------------------------------------------------------------
  RESULTS
--------------------------------------------------------------------------------

      iter         sqm energy              rms gradient
      ----    -------------------    -----------------------
xmin    10      177.9745 kcal/mol        0.6404 kcal/(mol*A)
xmin    20      177.2988 kcal/mol        1.6967 kcal/(mol*A)
xmin    30      173.6023 kcal/mol        3.7746 kcal/(mol*A)
xmin    40      170.0129 kcal/mol        1.6744 kcal/(mol*A)
xmin    50      168.4790 kcal/mol        1.0301 kcal/(mol*A)
xmin    60      167.9512 kcal/mol        1.0864 kcal/(mol*A)
xmin    70      167.9277 kcal/mol        0.0513 kcal/(mol*A)
xmin    80      167.9272 kcal/mol        0.0269 kcal/(mol*A)
xmin    90      167.9271 kcal/mol        0.0093 kcal/(mol*A)
  ... geometry converged !
 
 Final MO eigenvalues (eV):
 -27.2617  -25.3466  -25.3466  -24.5872  -19.6029  -19.6028  -12.5686  -12.5686
 -10.8921   -7.4278   -7.4278   -5.2305   -4.2040   -3.8516   -2.8371   -2.8371
  -2.4045   -1.6766   -1.6766   -1.5551   -1.5551   -1.0242   -0.4086   -0.4036
  -0.4036    2.3438    2.3438    3.9754    4.4797    4.4797   12.6037   12.6037
  13.7727   13.7727   13.9812   14.8683   15.7679   15.9975   15.9975   16.4628
  16.7818   16.7819   17.3655   17.3655   17.7039   17.7039   17.8955   18.3023
  19.3061   19.3062   19.3102

 Heat of formation   =        167.92712748 kcal/mol  (        7.28186668 eV)

 Total SCF energy    =     -49437.41520273 kcal/mol  (    -2143.76719148 eV)
 Electronic energy   =    -203460.84444520 kcal/mol  (    -8822.72427237 eV)
 Core-core repulsion =     154023.42924247 kcal/mol  (     6678.95708089 eV)
 
    Atomic Charges for Step       1 :
  Atom    Element       Mulliken Charge
     1      C                 -0.262
     2      C                 -0.073
     3      C                 -0.262
     4      C                 -0.073
     5      C                 -0.262
     6      C                 -0.073
     7      H                  0.063
     8      H                  0.063
     9      H                  0.063
    10      C                 -0.174
    11      C                 -0.174
    12      C                 -0.174
    13      O                 -0.553
    14      O                 -0.553
    15      O                 -0.553
 Total Mulliken Charge =      -3.000
 
                  X        Y        Z     TOTAL  
  QM DIPOLE   107.735  -23.779    0.196  110.328
 
 Final Structure

  QMMM: QM Region Cartesian Coordinates (*=link atom) 
  QMMM: QM_NO.   MM_NO.  ATOM         X         Y         Z
  QMMM:     1        1      C       -8.5847    2.4928   -0.0808
  QMMM:     2        2      C       -7.3001    3.0607   -0.0271
  QMMM:     3        3      C       -6.2013    2.1965    0.1192
  QMMM:     4        4      C       -8.7893    1.1054    0.0120
  QMMM:     5        5      C       -7.6614    0.2795    0.1575
  QMMM:     6        6      C       -6.3583    0.8031    0.2161
  QMMM:     7        7      H       -9.4538    3.1524   -0.2010
  QMMM:     8        8      H       -5.1903    2.6223    0.1569
  QMMM:     9        9      H       -7.8022   -0.8070    0.2254
  QMMM:    10       10      C      -10.1594    0.5546    0.2049
  QMMM:    11       11      C       -5.2142   -0.0602    0.6201
  QMMM:    12       12      C       -7.1299    4.5322    0.1255
  QMMM:    13       13      O       -6.9536    5.2859   -0.8588
  QMMM:    14       14      O      -10.8578    0.1597   -0.7564
  QMMM:    15       15      O       -4.4847   -0.6328   -0.2214

           --------- Calculation Completed ----------

