            --------------------------------------------------------
                             AMBER SQM VERSION 19
 
                                     By
              Ross C. Walker, Michael F. Crowley, Scott Brozell,
                         Tim Giese, Andreas W. Goetz,
                        Tai-Sung Lee and David A. Case
 
            --------------------------------------------------------
 

--------------------------------------------------------------------------------
  QM CALCULATION INFO
--------------------------------------------------------------------------------

| QMMM: Citation for AMBER QMMM Run:
| QMMM: R.C. Walker, M.F. Crowley and D.A. Case, J. COMP. CHEM. 29:1019, 2008

QMMM: SINGLET STATE CALCULATION
QMMM: RHF CALCULATION, NO. OF DOUBLY OCCUPIED LEVELS = 33

| QMMM: *** Selected Hamiltonian *** 
| QMMM: AM1         

| QMMM: *** Parameter sets in use ***
| QMMM: C : M.J.S.DEWAR et al. JACS, 107, 3902, (1985)
| QMMM: H : M.J.S.DEWAR et al. JACS, 107, 3902, (1985)
| QMMM: O : M.J.S.DEWAR et al. JACS, 107, 3902, (1985)

| QMMM: *** SCF convergence criteria ***
| QMMM: Energy change                :  0.1D-09 kcal/mol
| QMMM: Error matrix |FP-PF|         :  0.1D+00 au
| QMMM: Density matrix change        :  0.5D-06
| QMMM: Maximum number of SCF cycles :     1000

| QMMM: *** Diagonalization Routine Information ***
| QMMM: Pseudo diagonalizations are allowed.
| QMMM: Auto diagonalization routine selection is in use.
| QMMM:
| QMMM: Timing diagonalization routines:
| QMMM:                              norbs =       55
| QMMM:    diag iterations used for timing =       15
| QMMM:
| QMMM:              Internal diag routine = 0.004850 seconds
| QMMM:                 Dspev diag routine = 0.004794 seconds
| QMMM:                Dspevd diag routine = 0.002729 seconds
| QMMM:                Dspevx diag routine = 0.024118 seconds
| QMMM:                 Dsyev diag routine = 0.007041 seconds
| QMMM:                Dsyevd diag routine = 0.004129 seconds
| QMMM:                Dsyevr diag routine = 0.005390 seconds
| QMMM:
| QMMM:                Pseudo diag routine = 0.001490 seconds
| QMMM:
| QMMM: Using dspevd routine (diag_routine=3).

  QMMM: QM Region Cartesian Coordinates (*=link atom) 
  QMMM: QM_NO.   MM_NO.  ATOM         X         Y         Z
  QMMM:     1        1      C       -7.0890    2.9760   -0.0000
  QMMM:     2        2      C       -5.8700    3.6660   -0.0000
  QMMM:     3        3      C       -4.6790    2.9330   -0.0000
  QMMM:     4        4      C       -7.1160    1.5820   -0.0000
  QMMM:     5        5      C       -5.9190    0.8640   -0.0000
  QMMM:     6        6      C       -4.6980    1.5390   -0.0000
  QMMM:     7        7      H       -8.0320    3.5180   -0.0000
  QMMM:     8        8      H       -3.7220    3.4510    0.0000
  QMMM:     9        9      H       -5.9380   -0.2240   -0.0000
  QMMM:    10       10      C       -8.4320    0.8780   -0.0000
  QMMM:    11       11      C       -3.4070    0.7910   -0.0000
  QMMM:    12       12      C       -5.8100    5.1700    0.0000
  QMMM:    13       13      O       -4.7690    5.7960    0.0000
  QMMM:    14       14      O       -8.5690   -0.3290   -0.0000
  QMMM:    15       15      O       -3.3120   -0.4200   -0.0000
  QMMM:    16       16      O       -6.9680    5.7780    0.0000

--------------------------------------------------------------------------------
  RESULTS
--------------------------------------------------------------------------------

      iter         sqm energy              rms gradient
      ----    -------------------    -----------------------
xmin    10       69.5369 kcal/mol        0.2974 kcal/(mol*A)
xmin    20       68.6387 kcal/mol        5.4460 kcal/(mol*A)
xmin    30       65.9542 kcal/mol        1.7350 kcal/(mol*A)
xmin    40       64.7473 kcal/mol        2.3101 kcal/(mol*A)
xmin    50       63.2581 kcal/mol        1.3412 kcal/(mol*A)
xmin    60       62.6885 kcal/mol        1.6279 kcal/(mol*A)
xmin    70       62.6052 kcal/mol        0.3344 kcal/(mol*A)
xmin    80       62.6019 kcal/mol        0.0433 kcal/(mol*A)
xmin    90       62.6017 kcal/mol        0.0047 kcal/(mol*A)
xmin   100       62.6017 kcal/mol        0.0049 kcal/(mol*A)
xmin   110       62.6017 kcal/mol        0.0006 kcal/(mol*A)
xmin   120       62.6017 kcal/mol        0.0018 kcal/(mol*A)
xmin   130       62.6017 kcal/mol        0.0025 kcal/(mol*A)
xmin   140       62.6017 kcal/mol        0.0005 kcal/(mol*A)
xmin   150       62.6017 kcal/mol        0.0025 kcal/(mol*A)
xmin   160       62.6017 kcal/mol        0.0030 kcal/(mol*A)
xmin   170       62.6017 kcal/mol        0.0016 kcal/(mol*A)
xmin   180       62.6017 kcal/mol        0.0029 kcal/(mol*A)
xmin   190       62.6017 kcal/mol        0.0049 kcal/(mol*A)
xmin   200       62.6017 kcal/mol        0.0028 kcal/(mol*A)
xmin   210       62.6017 kcal/mol        0.0021 kcal/(mol*A)
xmin   220       62.6017 kcal/mol        0.0036 kcal/(mol*A)
xmin   230       62.6017 kcal/mol        0.0018 kcal/(mol*A)
xmin   240       62.6017 kcal/mol        0.0066 kcal/(mol*A)
xmin   250       62.6017 kcal/mol        0.0171 kcal/(mol*A)
xmin   260       62.6017 kcal/mol        0.0085 kcal/(mol*A)
xmin   270       62.6017 kcal/mol        0.0043 kcal/(mol*A)
xmin   280       62.6016 kcal/mol        0.0068 kcal/(mol*A)
xmin   290       62.6016 kcal/mol        0.0088 kcal/(mol*A)
xmin   300       62.6016 kcal/mol        0.0015 kcal/(mol*A)
xmin   310       62.6016 kcal/mol        0.0072 kcal/(mol*A)
xmin   320       62.6016 kcal/mol        0.0060 kcal/(mol*A)
xmin   330       62.6016 kcal/mol        0.0083 kcal/(mol*A)
xmin   340       62.6015 kcal/mol        0.0063 kcal/(mol*A)
xmin   350       62.6014 kcal/mol        0.0118 kcal/(mol*A)
xmin   360       62.6014 kcal/mol        0.0078 kcal/(mol*A)
xmin   370       62.6013 kcal/mol        0.0062 kcal/(mol*A)
xmin   380       62.6013 kcal/mol        0.0255 kcal/(mol*A)
xmin   390       62.6012 kcal/mol        0.0094 kcal/(mol*A)
xmin   400       62.6011 kcal/mol        0.0046 kcal/(mol*A)
xmin   410       62.6011 kcal/mol        0.0125 kcal/(mol*A)
xmin   420       62.6010 kcal/mol        0.0049 kcal/(mol*A)
xmin   430       62.6009 kcal/mol        0.0042 kcal/(mol*A)
xmin   440       62.6008 kcal/mol        0.0178 kcal/(mol*A)
xmin   450       62.6007 kcal/mol        0.0149 kcal/(mol*A)
xmin   460       62.6006 kcal/mol        0.0245 kcal/(mol*A)
xmin   470       62.6001 kcal/mol        0.0356 kcal/(mol*A)
xmin   480       62.5999 kcal/mol        0.0077 kcal/(mol*A)
xmin   490       62.5998 kcal/mol        0.0079 kcal/(mol*A)
xmin   500       62.5996 kcal/mol        0.0212 kcal/(mol*A)
xmin   510       62.5994 kcal/mol        0.0083 kcal/(mol*A)
xmin   520       62.5992 kcal/mol        0.0369 kcal/(mol*A)
xmin   530       62.5991 kcal/mol        0.0295 kcal/(mol*A)
xmin   540       62.5989 kcal/mol        0.0491 kcal/(mol*A)
xmin   550       62.5986 kcal/mol        0.0112 kcal/(mol*A)
xmin   560       62.5984 kcal/mol        0.0492 kcal/(mol*A)
xmin   570       62.5982 kcal/mol        0.0240 kcal/(mol*A)
xmin   580       62.5979 kcal/mol        0.0124 kcal/(mol*A)
xmin   590       62.5975 kcal/mol        0.0118 kcal/(mol*A)
xmin   600       62.5972 kcal/mol        0.0269 kcal/(mol*A)
xmin   610       62.5970 kcal/mol        0.0430 kcal/(mol*A)
xmin   620       62.5967 kcal/mol        0.0104 kcal/(mol*A)
xmin   630       62.5963 kcal/mol        0.0109 kcal/(mol*A)
xmin   640       62.5953 kcal/mol        0.0794 kcal/(mol*A)
xmin   650       62.5948 kcal/mol        0.0092 kcal/(mol*A)
xmin   660       62.5945 kcal/mol        0.0086 kcal/(mol*A)
xmin   670       62.5933 kcal/mol        0.0283 kcal/(mol*A)
xmin   680       62.5926 kcal/mol        0.0480 kcal/(mol*A)
xmin   690       62.5923 kcal/mol        0.0367 kcal/(mol*A)
xmin   700       62.5921 kcal/mol        0.0278 kcal/(mol*A)
xmin   710       62.5918 kcal/mol        0.0092 kcal/(mol*A)
xmin   720       62.5917 kcal/mol        0.0631 kcal/(mol*A)
xmin   730       62.5913 kcal/mol        0.0161 kcal/(mol*A)
xmin   740       62.5910 kcal/mol        0.0101 kcal/(mol*A)
xmin   750       62.5907 kcal/mol        0.0257 kcal/(mol*A)
xmin   760       62.5905 kcal/mol        0.0404 kcal/(mol*A)
xmin   770       62.5903 kcal/mol        0.0310 kcal/(mol*A)
xmin   780       62.5900 kcal/mol        0.0187 kcal/(mol*A)
xmin   790       62.5898 kcal/mol        0.0220 kcal/(mol*A)
xmin   800       62.5896 kcal/mol        0.0530 kcal/(mol*A)
xmin   810       62.5893 kcal/mol        0.0575 kcal/(mol*A)
xmin   820       62.5891 kcal/mol        0.0256 kcal/(mol*A)
xmin   830       62.5889 kcal/mol        0.0631 kcal/(mol*A)
xmin   840       62.5887 kcal/mol        0.0119 kcal/(mol*A)
xmin   850       62.5885 kcal/mol        0.0367 kcal/(mol*A)
xmin   860       62.5884 kcal/mol        0.0094 kcal/(mol*A)
xmin   870       62.5877 kcal/mol        0.0139 kcal/(mol*A)
xmin   880       62.5876 kcal/mol        0.0089 kcal/(mol*A)
xmin   890       62.5875 kcal/mol        0.0045 kcal/(mol*A)
xmin   900       62.5874 kcal/mol        0.0197 kcal/(mol*A)
xmin   910       62.5873 kcal/mol        0.0053 kcal/(mol*A)
xmin   920       62.5869 kcal/mol        0.0144 kcal/(mol*A)
xmin   930       62.5868 kcal/mol        0.0148 kcal/(mol*A)
xmin   940       62.5868 kcal/mol        0.0126 kcal/(mol*A)
xmin   950       62.5868 kcal/mol        0.0116 kcal/(mol*A)
xmin   960       62.5867 kcal/mol        0.0049 kcal/(mol*A)
xmin   970       62.5867 kcal/mol        0.0083 kcal/(mol*A)
xmin   980       62.5867 kcal/mol        0.0099 kcal/(mol*A)
xmin   990       62.5866 kcal/mol        0.0079 kcal/(mol*A)
xmin  1000       62.5866 kcal/mol        0.0037 kcal/(mol*A)
xmin  1010       62.5866 kcal/mol        0.0080 kcal/(mol*A)
xmin  1020       62.5866 kcal/mol        0.0081 kcal/(mol*A)
xmin  1030       62.5866 kcal/mol        0.0032 kcal/(mol*A)
xmin  1040       62.5866 kcal/mol        0.0091 kcal/(mol*A)
xmin  1050       62.5866 kcal/mol        0.0090 kcal/(mol*A)
xmin  1060       62.5865 kcal/mol        0.0107 kcal/(mol*A)
xmin  1070       62.5865 kcal/mol        0.0031 kcal/(mol*A)
xmin  1080       62.5865 kcal/mol        0.0027 kcal/(mol*A)
xmin  1090       62.5865 kcal/mol        0.0042 kcal/(mol*A)
xmin  1100       62.5865 kcal/mol        0.0025 kcal/(mol*A)
xmin  1110       62.5865 kcal/mol        0.0016 kcal/(mol*A)
xmin  1120       62.5865 kcal/mol        0.0010 kcal/(mol*A)
xmin  1130       62.5865 kcal/mol        0.0015 kcal/(mol*A)
xmin  1140       62.5865 kcal/mol        0.0049 kcal/(mol*A)
xmin  1150       62.5865 kcal/mol        0.0010 kcal/(mol*A)
xmin  1160       62.5865 kcal/mol        0.0024 kcal/(mol*A)
xmin  1170       62.5865 kcal/mol        0.0011 kcal/(mol*A)
xmin  1180       62.5865 kcal/mol        0.0007 kcal/(mol*A)
xmin  1190       62.5865 kcal/mol        0.0013 kcal/(mol*A)
xmin  1200       62.5865 kcal/mol        0.0022 kcal/(mol*A)
xmin  1210       62.5865 kcal/mol        0.0044 kcal/(mol*A)
  ... geometry converged !
 
 Final MO eigenvalues (eV):
 -28.1180  -26.4423  -25.8023  -25.1459  -22.7677  -20.1168  -20.0925  -13.1060
 -13.0610  -11.3671   -8.1608   -7.8926   -5.8314   -4.9600   -4.8622   -3.9310
  -3.7659   -3.4306   -3.1830   -2.6178   -2.0959   -1.9827   -1.5956   -1.2102
  -0.9752   -0.8006    0.8611    1.0616    1.2903    1.7044    1.8493    3.7759
   4.0891   11.6617   12.0533   13.3594   13.5159   13.8232   14.5670   15.1067
  15.3303   15.5736   15.6009   16.1325   16.1587   16.6393   16.8190   17.0380
  17.0684   17.2744   17.6569   18.5888   18.9076   18.9152   19.2267

 Heat of formation   =         62.58646719 kcal/mol  (        2.71395287 eV)

 Total SCF energy    =     -56891.88589374 kcal/mol  (    -2467.01729733 eV)
 Electronic energy   =    -241863.16865575 kcal/mol  (   -10487.97401048 eV)
 Core-core repulsion =     184971.28276201 kcal/mol  (     8020.95671315 eV)
 
    Atomic Charges for Step       1 :
  Atom    Element       Mulliken Charge
     1      C                 -0.205
     2      C                 -0.095
     3      C                 -0.204
     4      C                 -0.097
     5      C                 -0.224
     6      C                 -0.097
     7      H                  0.095
     8      H                  0.094
     9      H                  0.070
    10      C                 -0.162
    11      C                 -0.163
    12      C                  0.352
    13      O                 -0.641
    14      O                 -0.541
    15      O                 -0.540
    16      O                 -0.641
 Total Mulliken Charge =      -3.000
 
                  X        Y        Z     TOTAL  
  QM DIPOLE    84.979  -35.133   -0.006   91.955
 
 Final Structure

  QMMM: QM Region Cartesian Coordinates (*=link atom) 
  QMMM: QM_NO.   MM_NO.  ATOM         X         Y         Z
  QMMM:     1        1      C       -7.0996    2.8663   -0.0566
  QMMM:     2        2      C       -5.8890    3.5675   -0.0904
  QMMM:     3        3      C       -4.6888    2.8612    0.0457
  QMMM:     4        4      C       -7.1331    1.4677    0.1006
  QMMM:     5        5      C       -5.9087    0.7923    0.2330
  QMMM:     6        6      C       -4.6751    1.4640    0.2184
  QMMM:     7        7      H       -8.0392    3.4267   -0.1498
  QMMM:     8        8      H       -3.7410    3.4141    0.0054
  QMMM:     9        9      H       -5.9158   -0.2997    0.3517
  QMMM:    10       10      C       -8.4138    0.7656    0.3883
  QMMM:    11       11      C       -3.4322    0.7651    0.6433
  QMMM:    12       12      C       -5.8774    5.0627   -0.2815
  QMMM:    13       13      O       -4.8479    5.6482   -0.7579
  QMMM:    14       14      O       -9.0890    0.2198   -0.5110
  QMMM:    15       15      O       -2.6827    0.1821   -0.1694
  QMMM:    16       16      O       -6.8967    5.7652    0.0302

           --------- Calculation Completed ----------

