            --------------------------------------------------------
                             AMBER SQM VERSION 19
 
                                     By
              Ross C. Walker, Michael F. Crowley, Scott Brozell,
                         Tim Giese, Andreas W. Goetz,
                        Tai-Sung Lee and David A. Case
 
            --------------------------------------------------------
 

--------------------------------------------------------------------------------
  QM CALCULATION INFO
--------------------------------------------------------------------------------

| QMMM: Citation for AMBER QMMM Run:
| QMMM: R.C. Walker, M.F. Crowley and D.A. Case, J. COMP. CHEM. 29:1019, 2008

QMMM: SINGLET STATE CALCULATION
QMMM: RHF CALCULATION, NO. OF DOUBLY OCCUPIED LEVELS = 21

| QMMM: *** Selected Hamiltonian *** 
| QMMM: AM1         

| QMMM: *** Parameter sets in use ***
| QMMM: C : M.J.S.DEWAR et al. JACS, 107, 3902, (1985)
| QMMM: H : M.J.S.DEWAR et al. JACS, 107, 3902, (1985)
| QMMM: N : M.J.S.DEWAR et al. JACS, 107, 3902, (1985)

| QMMM: *** SCF convergence criteria ***
| QMMM: Energy change                :  0.1D-09 kcal/mol
| QMMM: Error matrix |FP-PF|         :  0.1D+00 au
| QMMM: Density matrix change        :  0.5D-06
| QMMM: Maximum number of SCF cycles :     1000

| QMMM: *** Diagonalization Routine Information ***
| QMMM: Pseudo diagonalizations are allowed.
| QMMM: Auto diagonalization routine selection is in use.
| QMMM:
| QMMM: Timing diagonalization routines:
| QMMM:                              norbs =       39
| QMMM:    diag iterations used for timing =       20
| QMMM:
| QMMM:              Internal diag routine = 0.002666 seconds
| QMMM:                 Dspev diag routine = 0.003093 seconds
| QMMM:                Dspevd diag routine = 0.002195 seconds
| QMMM:                Dspevx diag routine = 0.016680 seconds
| QMMM:                 Dsyev diag routine = 0.003250 seconds
| QMMM:                Dsyevd diag routine = 0.003609 seconds
| QMMM:                Dsyevr diag routine = 0.003823 seconds
| QMMM:
| QMMM:                Pseudo diag routine = 0.000735 seconds
| QMMM:
| QMMM: Using dspevd routine (diag_routine=3).

  QMMM: QM Region Cartesian Coordinates (*=link atom) 
  QMMM: QM_NO.   MM_NO.  ATOM         X         Y         Z
  QMMM:     1        1      C       -7.1880    2.9340   -0.0000
  QMMM:     2        2      C       -5.9820    3.6330    0.0000
  QMMM:     3        3      C       -4.7720    2.9410    0.0000
  QMMM:     4        4      C       -7.1860    1.5390   -0.0000
  QMMM:     5        5      C       -5.9750    0.8460   -0.0000
  QMMM:     6        6      C       -4.7670    1.5460   -0.0000
  QMMM:     7        7      H       -8.1280    3.4820   -0.0000
  QMMM:     8        8      H       -5.9850    4.7200    0.0000
  QMMM:     9        9      H       -3.8360    3.4940    0.0000
  QMMM:    10       10      N       -3.5840    0.8640   -0.0000
  QMMM:    11       11      N       -8.3680    0.8550   -0.0000
  QMMM:    12       12      H       -5.9700   -0.2420   -0.0000
  QMMM:    13       13      H       -9.2480    1.3570    0.0000
  QMMM:    14       14      H       -2.7410    1.4280   -0.0000
  QMMM:    15       15      H       -8.3690   -0.1590    0.0000

--------------------------------------------------------------------------------
  RESULTS
--------------------------------------------------------------------------------

      iter         sqm energy              rms gradient
      ----    -------------------    -----------------------
xmin    10       20.9971 kcal/mol        9.2883 kcal/(mol*A)
xmin    20       17.7531 kcal/mol        0.0947 kcal/(mol*A)
xmin    30       17.7492 kcal/mol        0.0555 kcal/(mol*A)
xmin    40       17.7489 kcal/mol        0.0010 kcal/(mol*A)
  ... geometry converged !
 
 Final MO eigenvalues (eV):
 -34.3031  -30.9816  -28.5539  -24.6244  -22.7906  -17.7513  -16.9464  -13.0239
 -12.5830  -11.9621  -10.5153   -9.8953   -9.1042   -9.0457   -7.6990   -7.5015
  -7.1767   -5.8650   -5.0884   -4.3324   -2.2737    5.6373    6.1590    7.4320
   8.1513    8.5314    8.9934    9.1114    9.2351    9.4826    9.5469    9.8790
  10.1686   10.4880   10.6529   10.8231   10.9647   11.4340   12.5698

 Heat of formation   =         17.74892323 kcal/mol  (        0.76965107 eV)

 Total SCF energy    =     -29490.24417335 kcal/mol  (    -1278.79294798 eV)
 Electronic energy   =    -123510.04418864 kcal/mol  (    -5355.79741506 eV)
 Core-core repulsion =      94019.80001529 kcal/mol  (     4077.00446708 eV)
 
    Atomic Charges for Step       1 :
  Atom    Element       Mulliken Charge
     1      C                 -0.380
     2      C                 -0.034
     3      C                 -0.366
     4      C                  0.067
     5      C                 -0.316
     6      C                  0.130
     7      H                  0.086
     8      H                  0.067
     9      H                  0.081
    10      N                 -0.460
    11      N                 -0.310
    12      H                  0.101
    13      H                  0.130
    14      H                  0.069
    15      H                  0.133
 Total Mulliken Charge =      -1.000
 
                  X        Y        Z     TOTAL  
  QM DIPOLE    25.056   -7.384    1.562   26.168
 
 Final Structure

  QMMM: QM Region Cartesian Coordinates (*=link atom) 
  QMMM: QM_NO.   MM_NO.  ATOM         X         Y         Z
  QMMM:     1        1      C       -7.2052    2.9527   -0.0568
  QMMM:     2        2      C       -5.9855    3.6277   -0.0104
  QMMM:     3        3      C       -4.7820    2.9675    0.0152
  QMMM:     4        4      C       -7.1882    1.5356   -0.0948
  QMMM:     5        5      C       -5.9869    0.8400   -0.0589
  QMMM:     6        6      C       -4.7054    1.5168   -0.0088
  QMMM:     7        7      H       -8.1476    3.5074   -0.0830
  QMMM:     8        8      H       -5.9992    4.7298    0.0098
  QMMM:     9        9      H       -3.8444    3.5363    0.0542
  QMMM:    10       10      N       -3.5844    0.8194    0.0211
  QMMM:    11       11      N       -8.4217    0.8317   -0.2046
  QMMM:    12       12      H       -5.9792   -0.2582   -0.0812
  QMMM:    13       13      H       -9.1500    1.3160    0.2812
  QMMM:    14       14      H       -2.7811    1.4127    0.0586
  QMMM:    15       15      H       -8.3382   -0.0973    0.1583

           --------- Calculation Completed ----------

