
################################################################################

 PACKMOL - Packing optimization for the automated generation of
 starting configurations for molecular dynamics simulations.
 
                                                              Version 20.2.2 

################################################################################

  Packmol must be run with: packmol < inputfile.inp 

  Userguide at: http://m3g.iqm.unicamp.br/packmol 

  Reading input file... (Control-C aborts)
  Seed for random number generator:        10000
  Output file: hydrated_initial.pdb
  Reading coordinate file: post_equil.pdb
  Reading coordinate file: HOH.pdb
  Reading coordinate file: HOH.pdb
  Number of independent structures:            3
  The structures are: 
  Structure            1 :post_equil.pdb(        6693  atoms)
  Structure            2 :HOH.pdb(           3  atoms)
  Structure            3 :HOH.pdb(           3  atoms)
  Maximum number of GENCAN loops for all molecule packing:          200
  Maximum number of GENCAN loops-0 for all molecule packing:         1000
  Total number of restrictions:            3
  Distance tolerance:    3.0000000000000000     
  Warning: Type of residue numbering not set for structure            1
  Residue numbering set for structure            1 :           0
  Swap chains of molecules of structure            1 : F
  Warning: Type of residue numbering not set for structure            2
  Residue numbering set for structure            2 :           0
  Swap chains of molecules of structure            2 : F
  Warning: Type of residue numbering not set for structure            3
  Residue numbering set for structure            3 :           0
  Swap chains of molecules of structure            3 : F
  Number of molecules of type            1 :            1
  Number of molecules of type            2 :          300
  Number of molecules of type            3 :          300
  Total number of atoms:         8493
  Molecule post_equil.pdb(           1 ) will be fixed.
  Total number of molecules:          601
  Number of fixed molecules:            1
  Number of free molecules:          600
  Number of variables:         3600
  Total number of fixed atoms:         6693
  Maximum internal distance of type            1 :    1.9059249722903573     
  Maximum internal distance of type            2 :    1.9059249722903573     
  All atoms must be within these coordinates: 
   x: [   -974.39999999999998      ,    1025.5999999999999       ] 
   y: [   -974.39999999999998      ,    1025.5999999999999       ] 
   z: [   -1000.0000000000000      ,    1000.0000000000000       ] 
  If the system is larger than this, increase the sidemax parameter. 

################################################################################

  Building initial approximation ... 

################################################################################

  Adjusting initial point to fit the constraints 

--------------------------------------------------------------------------------

--------------------------------------------------------------------------------

  Molecules of type:            2

  Packing:|0                                                             100%|
          |*********************

  Restraint-only function value:    1.0384086181977415E-002
  Maximum violation of the restraints:    2.1879765432322438E-003

--------------------------------------------------------------------------------

  Molecules of type:            3

  Packing:|0                                                             100%|
          |****************************

  Restraint-only function value:    1.1333411733908156E-002
  Maximum violation of the restraints:    8.0470065702321486E-003

--------------------------------------------------------------------------------

  Rescaling maximum and minimum coordinates... 
  Computing size of patches... 
  Add fixed molecules to permanent arrays... 
  Reseting center of mass... 

--------------------------------------------------------------------------------

  Setting initial trial coordinates ... 

--------------------------------------------------------------------------------

--------------------------------------------------------------------------------

  Molecules of type:            2
  Adjusting random positions to fit the constraints. 
  Packing:|0                                                             100%|
          |
  Restraint-only function value:    8.9944134724152000E-004
  Maximum violation of the restraints:    8.9944134724152000E-004

--------------------------------------------------------------------------------

  Molecules of type:            3
  Adjusting random positions to fit the constraints. 
  Packing:|0                                                             100%|
          |
  Restraint-only function value:    5.0444961092249577E-004
  Maximum violation of the restraints:    4.6091076421184499E-004

################################################################################

  Objective function at initial point:    56197.541138833636     

################################################################################

  Packing molecules of type:            2

################################################################################


--------------------------------------------------------------------------------

  Starting GENCAN loop:            0
  Scaling radii by:    1.1000000000000001     

  Packing:|0                                                             100%|
          |******************************************************************|
          |*********************

  Function value from last GENCAN loop: f = .12629E-02
  Best function value before: f = .29249E+05
  Improvement from best function value:    99.99 %
  Improvement from last loop:    99.99 %
  Maximum violation of target distance:     0.000000
  Maximum violation of the constraints: .12337E-02
  Current structure written to file: hydrated_initial.pdb
--------------------------------------------------------------------------------
  Packing solved for molecules of type           2
  Objective function value:    1.2629135750928421E-003
  Maximum violation of target distance:    0.0000000000000000     
  Max. constraint violation:    1.2336530124990783E-003
--------------------------------------------------------------------------------

################################################################################

  Packing molecules of type:            3

################################################################################


--------------------------------------------------------------------------------

  Starting GENCAN loop:            0
  Scaling radii by:    1.1000000000000001     

  Packing:|0                                                             100%|
          |******************************************************************|
          |***********************************

  Function value from last GENCAN loop: f = .16190E-01
  Best function value before: f = .26949E+05
  Improvement from best function value:    99.99 %
  Improvement from last loop:    99.99 %
  Maximum violation of target distance:     0.000000
  Maximum violation of the constraints: .33399E-02
  Current structure written to file: hydrated_initial.pdb
--------------------------------------------------------------------------------
  Packing solved for molecules of type           3
  Objective function value:    1.6190103442019734E-002
  Maximum violation of target distance:    0.0000000000000000     
  Max. constraint violation:    3.3398905668602240E-003
--------------------------------------------------------------------------------

################################################################################

  Packing all molecules together 

################################################################################


  Initial approximation is a solution. Nothing to do. 

  Solution written to file: hydrated_initial.pdb

################################################################################

                                 Success! 
              Final objective function value: .17224E+01
              Maximum violation of target distance:   0.000000
              Maximum violation of the constraints: .33399E-02

--------------------------------------------------------------------------------

              Please cite this work if Packmol was useful: 

           L. Martinez, R. Andrade, E. G. Birgin, J. M. Martinez, 
         PACKMOL: A package for building initial configurations for
                   molecular dynamics simulations. 
          Journal of Computational Chemistry, 30:2157-2164,2009.

################################################################################

   Running time:   0.416571975      seconds. 

--------------------------------------------------------------------------------


