            --------------------------------------------------------
                             AMBER SQM VERSION 19
 
                                     By
              Ross C. Walker, Michael F. Crowley, Scott Brozell,
                         Tim Giese, Andreas W. Goetz,
                        Tai-Sung Lee and David A. Case
 
            --------------------------------------------------------
 

--------------------------------------------------------------------------------
  QM CALCULATION INFO
--------------------------------------------------------------------------------

| QMMM: Citation for AMBER QMMM Run:
| QMMM: R.C. Walker, M.F. Crowley and D.A. Case, J. COMP. CHEM. 29:1019, 2008

QMMM: SINGLET STATE CALCULATION
QMMM: RHF CALCULATION, NO. OF DOUBLY OCCUPIED LEVELS = 52

| QMMM: *** Selected Hamiltonian *** 
| QMMM: AM1         

| QMMM: *** Parameter sets in use ***
| QMMM: C : M.J.S.DEWAR et al. JACS, 107, 3902, (1985)
| QMMM: H : M.J.S.DEWAR et al. JACS, 107, 3902, (1985)
| QMMM: O : M.J.S.DEWAR et al. JACS, 107, 3902, (1985)
| QMMM: N : M.J.S.DEWAR et al. JACS, 107, 3902, (1985)

| QMMM: *** SCF convergence criteria ***
| QMMM: Energy change                :  0.1D-09 kcal/mol
| QMMM: Error matrix |FP-PF|         :  0.1D+00 au
| QMMM: Density matrix change        :  0.5D-06
| QMMM: Maximum number of SCF cycles :     1000

| QMMM: *** Diagonalization Routine Information ***
| QMMM: Pseudo diagonalizations are allowed.
| QMMM: Auto diagonalization routine selection is in use.
| QMMM:
| QMMM: Timing diagonalization routines:
| QMMM:                              norbs =       94
| QMMM:    diag iterations used for timing =       15
| QMMM:
| QMMM:              Internal diag routine = 0.022394 seconds
| QMMM:                 Dspev diag routine = 0.043533 seconds
| QMMM:                Dspevd diag routine = 0.013440 seconds
| QMMM:                Dspevx diag routine = 0.075933 seconds
| QMMM:                 Dsyev diag routine = 0.030809 seconds
| QMMM:                Dsyevd diag routine = 0.022244 seconds
| QMMM:                Dsyevr diag routine = 0.015745 seconds
| QMMM:
| QMMM:                Pseudo diag routine = 0.009689 seconds
| QMMM:
| QMMM: Using dspevd routine (diag_routine=3).

  QMMM: QM Region Cartesian Coordinates (*=link atom) 
  QMMM: QM_NO.   MM_NO.  ATOM         X         Y         Z
  QMMM:     1        1      C       -1.3210    1.8110   -0.4760
  QMMM:     2        2      C       -2.3040    0.8590   -0.1690
  QMMM:     3        3      C        0.0240    1.4810   -0.2950
  QMMM:     4        4      C        0.4040    0.2230    0.1870
  QMMM:     5        5      C       -0.5920   -0.7080    0.4850
  QMMM:     6        6      C       -1.9460   -0.4080    0.3140
  QMMM:     7        7      H       -3.3540    1.1050   -0.3070
  QMMM:     8        8      H        0.7810    2.2220   -0.5360
  QMMM:     9        9      H       -0.3080   -1.6890    0.8590
  QMMM:    10       10      C        1.8480   -0.1550    0.3910
  QMMM:    11       11      O        2.1750   -1.2460    0.8170
  QMMM:    12       12      N        2.7720    0.7910    0.1000
  QMMM:    13       13      C        4.9020    1.7690    0.7580
  QMMM:    14       14      C        4.1940    0.6900    0.2280
  QMMM:    15       15      C        6.2890    1.7080    0.8760
  QMMM:    16       16      C        6.9770    0.5710    0.4560
  QMMM:    17       17      C        6.2770   -0.5060   -0.0860
  QMMM:    18       18      C        4.8880   -0.4450   -0.2050
  QMMM:    19       19      H        4.3740    2.6610    1.0870
  QMMM:    20       20      H        6.8360    2.5490    1.2950
  QMMM:    21       21      H        8.0600    0.5320    0.5510
  QMMM:    22       22      H        4.3480   -1.2820   -0.6410
  QMMM:    23       23      H        2.4380    1.7010   -0.1750
  QMMM:    24       24      C       -1.6560    3.1850   -0.9980
  QMMM:    25       25      C       -2.9640   -1.4650    0.6570
  QMMM:    26       26      O       -2.6710   -2.5660    1.0760
  QMMM:    27       27      O       -0.8170    4.0200   -1.2670
  QMMM:    28       28      O       -2.9230    3.4580   -1.1540
  QMMM:    29       29      N        6.9520   -1.6170   -0.5060
  QMMM:    30       30      H        7.9250   -1.7230   -0.2420
  QMMM:    31       31      H       -2.9560    4.3750   -1.4940

--------------------------------------------------------------------------------
  RESULTS
--------------------------------------------------------------------------------

      iter         sqm energy              rms gradient
      ----    -------------------    -----------------------
xmin    10       49.1878 kcal/mol        8.4014 kcal/(mol*A)
xmin    20       35.5217 kcal/mol        1.4550 kcal/(mol*A)
xmin    30       35.0428 kcal/mol        0.8107 kcal/(mol*A)
xmin    40       34.8170 kcal/mol        0.9169 kcal/(mol*A)
xmin    50       34.6776 kcal/mol        0.2111 kcal/(mol*A)
xmin    60       34.6337 kcal/mol        0.1245 kcal/(mol*A)
xmin    70       34.6256 kcal/mol        0.1160 kcal/(mol*A)
xmin    80       34.6117 kcal/mol        0.2381 kcal/(mol*A)
xmin    90       34.6086 kcal/mol        0.1040 kcal/(mol*A)
xmin   100       34.6071 kcal/mol        0.0808 kcal/(mol*A)
xmin   110       34.6058 kcal/mol        0.1484 kcal/(mol*A)
xmin   120       34.6050 kcal/mol        0.0564 kcal/(mol*A)
xmin   130       34.6037 kcal/mol        0.0291 kcal/(mol*A)
xmin   140       34.6018 kcal/mol        0.1207 kcal/(mol*A)
xmin   150       34.5988 kcal/mol        0.0829 kcal/(mol*A)
xmin   160       34.5966 kcal/mol        0.0717 kcal/(mol*A)
xmin   170       34.5930 kcal/mol        0.1462 kcal/(mol*A)
xmin   180       34.5888 kcal/mol        0.0606 kcal/(mol*A)
xmin   190       34.5802 kcal/mol        0.1353 kcal/(mol*A)
xmin   200       34.5757 kcal/mol        0.1131 kcal/(mol*A)
xmin   210       34.5685 kcal/mol        0.1170 kcal/(mol*A)
xmin   220       34.5582 kcal/mol        0.0947 kcal/(mol*A)
xmin   230       34.5477 kcal/mol        0.0870 kcal/(mol*A)
xmin   240       34.5338 kcal/mol        0.0460 kcal/(mol*A)
xmin   250       34.5319 kcal/mol        0.0488 kcal/(mol*A)
xmin   260       34.5314 kcal/mol        0.0158 kcal/(mol*A)
xmin   270       34.5311 kcal/mol        0.0495 kcal/(mol*A)
xmin   280       34.5301 kcal/mol        0.0803 kcal/(mol*A)
xmin   290       34.5295 kcal/mol        0.0183 kcal/(mol*A)
xmin   300       34.5292 kcal/mol        0.0454 kcal/(mol*A)
xmin   310       34.5290 kcal/mol        0.0143 kcal/(mol*A)
xmin   320       34.5288 kcal/mol        0.0124 kcal/(mol*A)
xmin   330       34.5287 kcal/mol        0.0101 kcal/(mol*A)
xmin   340       34.5287 kcal/mol        0.0197 kcal/(mol*A)
xmin   350       34.5286 kcal/mol        0.0057 kcal/(mol*A)
xmin   360       34.5286 kcal/mol        0.0107 kcal/(mol*A)
xmin   370       34.5286 kcal/mol        0.0063 kcal/(mol*A)
xmin   380       34.5286 kcal/mol        0.0058 kcal/(mol*A)
xmin   390       34.5286 kcal/mol        0.0011 kcal/(mol*A)
  ... geometry converged !
 
 Final MO eigenvalues (eV):
 -42.5036  -41.7500  -40.7743  -39.6597  -38.4604  -37.1327  -35.9416  -34.4277
 -33.8515  -33.3454  -30.2911  -28.0189  -27.2132  -26.3738  -25.3440  -23.0020
 -22.0730  -21.8314  -21.1761  -19.5970  -19.4099  -18.3853  -18.1815  -18.1046
 -17.9357  -17.5447  -17.3117  -16.8790  -16.8216  -16.4881  -15.8952  -15.7032
 -15.3818  -15.1517  -14.6298  -14.3775  -14.0003  -13.8193  -13.7693  -13.5180
 -12.9600  -12.6062  -12.5273  -12.1662  -11.8485  -11.3311  -11.2173  -10.9976
 -10.5743  -10.1642   -9.0252   -5.7274   -3.8098   -1.1776   -1.1364   -0.5492
   0.5294    0.8051    0.8712    1.2420    1.4732    1.5781    1.6278    1.9021
   2.6350    2.7372    3.0765    3.1851    3.2057    3.2944    3.5012    3.7848
   3.9029    3.9836    4.0668    4.1813    4.2271    4.3458    4.4006    4.4301
   4.5560    4.6951    4.7108    4.8636    5.1914    5.2300    5.5116    5.6400
   5.8759    6.0819    6.1341    6.1978    6.7609    7.3196

 Heat of formation   =         34.52858037 kcal/mol  (        1.49727160 eV)

 Total SCF energy    =     -86427.93687714 kcal/mol  (    -3747.79657765 eV)
 Electronic energy   =    -505201.72705314 kcal/mol  (   -21907.19080062 eV)
 Core-core repulsion =     418773.79017600 kcal/mol  (    18159.39422297 eV)
 
    Atomic Charges for Step       1 :
  Atom    Element       Mulliken Charge
     1      C                 -0.090
     2      C                 -0.036
     3      C                 -0.089
     4      C                 -0.101
     5      C                 -0.047
     6      C                 -0.149
     7      H                  0.164
     8      H                  0.170
     9      H                  0.169
    10      C                  0.346
    11      O                 -0.336
    12      N                 -0.317
    13      C                 -0.193
    14      C                  0.065
    15      C                 -0.090
    16      C                 -0.207
    17      C                  0.041
    18      C                 -0.140
    19      H                  0.129
    20      H                  0.128
    21      H                  0.129
    22      H                  0.179
    23      H                  0.234
    24      C                  0.350
    25      C                  0.267
    26      O                 -0.056
    27      O                 -0.348
    28      O                 -0.318
    29      N                 -0.235
    30      H                  0.127
    31      H                  0.253
 Total Mulliken Charge =       0.000
 
                  X        Y        Z     TOTAL  
  QM DIPOLE    -7.197    2.543    1.909    7.868
 
 Final Structure

  QMMM: QM Region Cartesian Coordinates (*=link atom) 
  QMMM: QM_NO.   MM_NO.  ATOM         X         Y         Z
  QMMM:     1        1      C       -1.3328    1.8071   -0.4433
  QMMM:     2        2      C       -2.2523    0.8493   -0.0611
  QMMM:     3        3      C        0.0476    1.5143   -0.5067
  QMMM:     4        4      C        0.4865    0.2271   -0.1745
  QMMM:     5        5      C       -0.4070   -0.7638    0.2010
  QMMM:     6        6      C       -1.8017   -0.4658    0.2707
  QMMM:     7        7      H       -3.3264    1.0911   -0.0146
  QMMM:     8        8      H        0.7436    2.3006   -0.8394
  QMMM:     9        9      H       -0.0436   -1.7790    0.4283
  QMMM:    10       10      C        1.9378   -0.1489   -0.2371
  QMMM:    11       11      O        2.2745   -1.2591   -0.6881
  QMMM:    12       12      N        2.8188    0.7849    0.2694
  QMMM:    13       13      C        4.9720    1.8692    0.4664
  QMMM:    14       14      C        4.2259    0.6695    0.3182
  QMMM:    15       15      C        6.3719    1.8036    0.5463
  QMMM:    16       16      C        7.0401    0.6123    0.4844
  QMMM:    17       17      C        6.3246   -0.6510    0.3377
  QMMM:    18       18      C        4.8719   -0.5586    0.2573
  QMMM:    19       19      H        4.4747    2.8469    0.5166
  QMMM:    20       20      H        6.9317    2.7463    0.6585
  QMMM:    21       21      H        8.1380    0.5849    0.5442
  QMMM:    22       22      H        4.3086   -1.4989    0.1333
  QMMM:    23       23      H        2.4495    1.6632    0.5588
  QMMM:    24       24      C       -1.7627    3.1693   -0.7946
  QMMM:    25       25      C       -2.6891   -1.4257    0.6442
  QMMM:    26       26      O       -3.4561   -2.2602    0.9699
  QMMM:    27       27      O       -1.0610    4.1380   -1.1009
  QMMM:    28       28      O       -3.1122    3.3747   -0.7714
  QMMM:    29       29      N        6.8913   -1.8319    0.2829
  QMMM:    30       30      H        7.8878   -1.8046    0.3488
  QMMM:    31       31      H       -3.2999    4.2961   -1.0189

           --------- Calculation Completed ----------

