            --------------------------------------------------------
                             AMBER SQM VERSION 19
 
                                     By
              Ross C. Walker, Michael F. Crowley, Scott Brozell,
                         Tim Giese, Andreas W. Goetz,
                        Tai-Sung Lee and David A. Case
 
            --------------------------------------------------------
 

--------------------------------------------------------------------------------
  QM CALCULATION INFO
--------------------------------------------------------------------------------

| QMMM: Citation for AMBER QMMM Run:
| QMMM: R.C. Walker, M.F. Crowley and D.A. Case, J. COMP. CHEM. 29:1019, 2008

QMMM: SINGLET STATE CALCULATION
QMMM: RHF CALCULATION, NO. OF DOUBLY OCCUPIED LEVELS = 90

| QMMM: *** Selected Hamiltonian *** 
| QMMM: AM1         

| QMMM: *** Parameter sets in use ***
| QMMM: C : M.J.S.DEWAR et al. JACS, 107, 3902, (1985)
| QMMM: H : M.J.S.DEWAR et al. JACS, 107, 3902, (1985)
| QMMM: O : M.J.S.DEWAR et al. JACS, 107, 3902, (1985)
| QMMM: N : M.J.S.DEWAR et al. JACS, 107, 3902, (1985)

| QMMM: *** SCF convergence criteria ***
| QMMM: Energy change                :  0.1D-09 kcal/mol
| QMMM: Error matrix |FP-PF|         :  0.1D+00 au
| QMMM: Density matrix change        :  0.5D-06
| QMMM: Maximum number of SCF cycles :     1000

| QMMM: *** Diagonalization Routine Information ***
| QMMM: Pseudo diagonalizations are allowed.
| QMMM: Auto diagonalization routine selection is in use.
| QMMM:
| QMMM: Timing diagonalization routines:
| QMMM:                              norbs =      168
| QMMM:    diag iterations used for timing =        5
| QMMM:
| QMMM:              Internal diag routine = 0.047944 seconds
| QMMM:                 Dspev diag routine = 0.046336 seconds
| QMMM:                Dspevd diag routine = 0.015375 seconds
| QMMM:                Dspevx diag routine = 0.075846 seconds
| QMMM:                 Dsyev diag routine = 0.037968 seconds
| QMMM:                Dsyevd diag routine = 0.015402 seconds
| QMMM:                Dsyevr diag routine = 0.016571 seconds
| QMMM:
| QMMM:                Pseudo diag routine = 0.018693 seconds
| QMMM: Pseudo diagonalization appears to be slower than regular
| QMMM: diagonalization. Setting pseudo_diag=0 for optimum performance.
| QMMM:
| QMMM: Using dspevd routine (diag_routine=3).

  QMMM: QM Region Cartesian Coordinates (*=link atom) 
  QMMM: QM_NO.   MM_NO.  ATOM         X         Y         Z
  QMMM:     1        1      C       -1.5670    1.6700   -0.5070
  QMMM:     2        2      C       -2.5330    0.7010   -0.2080
  QMMM:     3        3      C       -0.2200    1.3760   -0.2790
  QMMM:     4        4      C        0.1730    0.1380    0.2420
  QMMM:     5        5      C       -0.8100   -0.8110    0.5320
  QMMM:     6        6      C       -2.1640   -0.5450    0.3140
  QMMM:     7        7      H       -3.5810    0.9180   -0.3860
  QMMM:     8        8      H        0.5260    2.1300   -0.5140
  QMMM:     9        9      H       -0.5150   -1.7770    0.9370
  QMMM:    10       10      C        1.6190   -0.2010    0.4970
  QMMM:    11       11      O        1.9590   -1.2740    0.9560
  QMMM:    12       12      N        2.5280    0.7610    0.2110
  QMMM:    13       13      C        4.6130    1.8080    0.9050
  QMMM:    14       14      C        3.9480    0.6980    0.3830
  QMMM:    15       15      C        5.9970    1.7850    1.0650
  QMMM:    16       16      C        6.7250    0.6560    0.6940
  QMMM:    17       17      C        6.0680   -0.4510    0.1590
  QMMM:    18       18      C        4.6820   -0.4290   -0.0010
  QMMM:    19       19      H        4.0530    2.6940    1.1960
  QMMM:    20       20      H        6.5100    2.6500    1.4780
  QMMM:    21       21      H        7.8050    0.6460    0.8210
  QMMM:    22       22      H        4.1760   -1.2900   -0.4310
  QMMM:    23       23      H        2.1800    1.6550   -0.0940
  QMMM:    24       24      C       -1.9330    3.0200   -1.0690
  QMMM:    25       25      C       -3.1810   -1.6080    0.6450
  QMMM:    26       26      O       -2.8610   -2.6870    1.1040
  QMMM:    27       27      N       -4.4810   -1.2960    0.4300
  QMMM:    28       28      O       -1.0930    3.8630   -1.3210
  QMMM:    29       29      N       -3.2510    3.2660   -1.2570
  QMMM:    30       30      N        6.7820   -1.5550   -0.2120
  QMMM:    31       31      H        7.7490   -1.6300    0.0830
  QMMM:    32       32      H        6.2780   -2.4110   -0.4170
  QMMM:    33       33      C       -5.6280   -2.1140    0.6840
  QMMM:    34       34      H       -4.6920   -0.3600    0.1240
  QMMM:    35       35      C       -6.7530   -1.5370    1.2740
  QMMM:    36       36      C       -7.8940   -2.3040    1.5140
  QMMM:    37       37      C       -7.9130   -3.6520    1.1550
  QMMM:    38       38      C       -6.7960   -4.2280    0.5540
  QMMM:    39       39      C       -5.6580   -3.4620    0.3140
  QMMM:    40       40      H       -6.7390   -0.4860    1.5540
  QMMM:    41       41      H       -8.7980   -4.2570    1.3400
  QMMM:    42       42      H       -6.8140   -5.2770    0.2700
  QMMM:    43       43      H       -4.7970   -3.9210   -0.1670
  QMMM:    44       44      N       -8.9910   -1.7370    2.0980
  QMMM:    45       45      H       -9.0290   -0.7290    2.1960
  QMMM:    46       46      H       -9.8620   -2.2560    2.1100
  QMMM:    47       47      C       -3.8520    4.4670   -1.7500
  QMMM:    48       48      H       -3.9050    2.5610   -0.9560
  QMMM:    49       49      C       -4.9990    4.9570   -1.1220
  QMMM:    50       50      C       -5.6200    6.1150   -1.5930
  QMMM:    51       51      C       -3.3410    5.1330   -2.8680
  QMMM:    52       52      C       -3.9610    6.2890   -3.3370
  QMMM:    53       53      C       -5.0970    6.7820   -2.7000
  QMMM:    54       54      H       -5.4070    4.4370   -0.2580
  QMMM:    55       55      H       -5.5740    7.6860   -3.0730
  QMMM:    56       56      H       -2.4610    4.7530   -3.3810
  QMMM:    57       57      H       -3.5570    6.8070   -4.2040
  QMMM:    58       58      N       -6.7380    6.5940   -0.9720
  QMMM:    59       59      H       -7.2050    6.0130   -0.2840
  QMMM:    60       60      H       -7.2720    7.3290   -1.4220

--------------------------------------------------------------------------------
  RESULTS
--------------------------------------------------------------------------------

      iter         sqm energy              rms gradient
      ----    -------------------    -----------------------
xmin    10       15.5274 kcal/mol        1.3552 kcal/(mol*A)
xmin    20       14.2846 kcal/mol        0.7485 kcal/(mol*A)
xmin    30       13.8100 kcal/mol        0.1592 kcal/(mol*A)
xmin    40       13.5842 kcal/mol        0.3260 kcal/(mol*A)
xmin    50       13.5500 kcal/mol        0.1053 kcal/(mol*A)
xmin    60       13.5409 kcal/mol        0.1024 kcal/(mol*A)
xmin    70       13.5239 kcal/mol        0.1282 kcal/(mol*A)
xmin    80       13.4983 kcal/mol        0.0762 kcal/(mol*A)
xmin    90       13.4875 kcal/mol        0.0509 kcal/(mol*A)
xmin   100       13.4798 kcal/mol        0.0651 kcal/(mol*A)
xmin   110       13.4688 kcal/mol        0.0781 kcal/(mol*A)
xmin   120       13.4654 kcal/mol        0.0473 kcal/(mol*A)
xmin   130       16.3365 kcal/mol        5.5480 kcal/(mol*A)
xmin   140       13.4627 kcal/mol        0.1040 kcal/(mol*A)
xmin   150       13.4580 kcal/mol        0.0237 kcal/(mol*A)
xmin   160       13.4555 kcal/mol        0.0198 kcal/(mol*A)
xmin   170       13.4547 kcal/mol        0.0076 kcal/(mol*A)
xmin   180       13.4536 kcal/mol        0.0251 kcal/(mol*A)
xmin   190       13.4522 kcal/mol        0.0388 kcal/(mol*A)
xmin   200       13.4515 kcal/mol        0.0165 kcal/(mol*A)
xmin   210       13.4509 kcal/mol        0.0238 kcal/(mol*A)
xmin   220       13.4494 kcal/mol        0.0497 kcal/(mol*A)
xmin   230       13.4484 kcal/mol        0.0098 kcal/(mol*A)
xmin   240       13.4475 kcal/mol        0.0203 kcal/(mol*A)
xmin   250       13.4471 kcal/mol        0.0047 kcal/(mol*A)
xmin   260       13.4469 kcal/mol        0.0044 kcal/(mol*A)
xmin   270       13.4466 kcal/mol        0.0060 kcal/(mol*A)
xmin   280       13.4458 kcal/mol        0.0191 kcal/(mol*A)
xmin   290       13.4450 kcal/mol        0.0210 kcal/(mol*A)
xmin   300       13.4444 kcal/mol        0.0161 kcal/(mol*A)
xmin   310       13.4443 kcal/mol        0.0041 kcal/(mol*A)
xmin   320       13.4442 kcal/mol        0.0033 kcal/(mol*A)
xmin   330       13.4441 kcal/mol        0.0063 kcal/(mol*A)
xmin   340       13.4441 kcal/mol        0.0067 kcal/(mol*A)
xmin   350       13.4440 kcal/mol        0.0016 kcal/(mol*A)
xmin   360       13.4438 kcal/mol        0.0061 kcal/(mol*A)
xmin   370       13.4438 kcal/mol        0.0016 kcal/(mol*A)
xmin   380       13.4435 kcal/mol        0.0047 kcal/(mol*A)
xmin   390       13.4435 kcal/mol        0.0040 kcal/(mol*A)
xmin   400       13.4435 kcal/mol        0.0106 kcal/(mol*A)
xmin   410       13.4434 kcal/mol        0.0020 kcal/(mol*A)
xmin   420       13.4434 kcal/mol        0.0031 kcal/(mol*A)
xmin   430       13.4433 kcal/mol        0.0026 kcal/(mol*A)
xmin   440       13.4433 kcal/mol        0.0027 kcal/(mol*A)
xmin   450       13.4433 kcal/mol        0.0014 kcal/(mol*A)
xmin   460       13.4433 kcal/mol        0.0015 kcal/(mol*A)
xmin   470       13.4433 kcal/mol        0.0086 kcal/(mol*A)
xmin   480       13.4433 kcal/mol        0.0014 kcal/(mol*A)
  ... geometry converged !
 
 Final MO eigenvalues (eV):
 -41.7134  -40.6356  -40.5506  -39.8793  -39.2371  -39.0814  -38.1697  -36.3658
 -36.3197  -36.2556  -34.8087  -34.7522  -34.4710  -33.0395  -32.9172  -30.6517
 -30.5569  -30.2155  -29.1814  -29.1690  -29.0589  -26.0035  -25.9677  -25.1321
 -23.5765  -23.4536  -23.4204  -23.0691  -22.7867  -22.0445  -20.9806  -20.8833
 -19.6861  -18.8471  -18.7753  -18.4957  -18.2899  -17.9290  -17.8001  -17.4133
 -17.3493  -17.1154  -17.0002  -16.9731  -16.9144  -16.8112  -16.4304  -16.2288
 -16.1412  -15.9554  -15.6812  -15.5520  -15.3540  -15.1968  -15.0708  -14.6546
 -14.6056  -14.5057  -14.4778  -14.4181  -14.3263  -14.2695  -14.0721  -13.9777
 -13.7487  -13.6169  -13.4860  -12.9376  -12.8783  -12.6900  -12.5082  -12.4581
 -12.3643  -12.2635  -12.2541  -12.2350  -11.4021  -11.1952  -11.1576  -11.1139
 -11.0502  -10.9923  -10.7203  -10.6225   -9.3218   -9.2875   -9.0759   -8.6517
  -8.6171   -8.4754   -0.9574   -0.8662    0.1064    0.2439    0.3700    0.4375
   0.4711    0.6112    0.9691    1.1980    1.2309    1.4069    1.5488    1.5773
   2.0098    2.7070    2.7345    2.7582    2.8089    2.8792    2.9037    2.9106
   2.9371    3.0657    3.2051    3.3381    3.4396    3.6580    3.7008    3.8253
   3.8646    3.9349    3.9566    3.9836    4.1073    4.1316    4.1412    4.2252
   4.2442    4.2758    4.3029    4.3576    4.3701    4.4016    4.4214    4.4548
   4.5304    4.5391    4.5955    4.7721    4.8712    4.9113    4.9460    5.0961
   5.1103    5.1316    5.1444    5.1494    5.1680    5.4152    5.5694    5.6022
   5.6078    5.6667    5.7024    5.8384    5.8849    5.9181    6.0377    6.0468
   6.0689    6.1301    6.1637    6.3333    6.3677    6.5595    6.6105    6.7236


 Heat of formation   =         13.44327695 kcal/mol  (        0.58294423 eV)

 Total SCF energy    =    -138115.87834299 kcal/mol  (    -5989.15391106 eV)
 Electronic energy   =   -1119224.58765572 kcal/mol  (   -48533.22005358 eV)
 Core-core repulsion =     981108.70931273 kcal/mol  (    42544.06614252 eV)
 
    Atomic Charges for Step       1 :
  Atom    Element       Mulliken Charge
     1      C                 -0.139
     2      C                 -0.065
     3      C                 -0.039
     4      C                 -0.137
     5      C                 -0.011
     6      C                 -0.140
     7      H                  0.147
     8      H                  0.167
     9      H                  0.182
    10      C                  0.353
    11      O                 -0.335
    12      N                 -0.320
    13      C                 -0.225
    14      C                  0.108
    15      C                 -0.067
    16      C                 -0.216
    17      C                  0.087
    18      C                 -0.216
    19      H                  0.128
    20      H                  0.131
    21      H                  0.134
    22      H                  0.170
    23      H                  0.233
    24      C                  0.353
    25      C                  0.352
    26      O                 -0.322
    27      N                 -0.323
    28      O                 -0.333
    29      N                 -0.321
    30      N                 -0.332
    31      H                  0.188
    32      H                  0.193
    33      C                  0.108
    34      H                  0.227
    35      C                 -0.249
    36      C                  0.084
    37      C                 -0.212
    38      C                 -0.069
    39      C                 -0.191
    40      H                  0.125
    41      H                  0.134
    42      H                  0.136
    43      H                  0.173
    44      N                 -0.330
    45      H                  0.183
    46      H                  0.187
    47      C                  0.109
    48      H                  0.227
    49      C                 -0.249
    50      C                  0.084
    51      C                 -0.192
    52      C                 -0.069
    53      C                 -0.211
    54      H                  0.125
    55      H                  0.135
    56      H                  0.173
    57      H                  0.136
    58      N                 -0.329
    59      H                  0.183
    60      H                  0.187
 Total Mulliken Charge =      -0.000
 
                  X        Y        Z     TOTAL  
  QM DIPOLE    -5.362    3.170    3.505    7.148
 
 Final Structure

  QMMM: QM Region Cartesian Coordinates (*=link atom) 
  QMMM: QM_NO.   MM_NO.  ATOM         X         Y         Z
  QMMM:     1        1      C       -1.6652    1.5038   -1.3248
  QMMM:     2        2      C       -2.6305    0.5317   -1.0519
  QMMM:     3        3      C       -0.3124    1.2492   -1.0633
  QMMM:     4        4      C        0.0694    0.0247   -0.5124
  QMMM:     5        5      C       -0.8916   -0.9596   -0.2510
  QMMM:     6        6      C       -2.2399   -0.6965   -0.5101
  QMMM:     7        7      H       -3.6898    0.7099   -1.2978
  QMMM:     8        8      H        0.4327    2.0177   -1.3332
  QMMM:     9        9      H       -0.5804   -1.9472    0.1344
  QMMM:    10       10      C        1.5020   -0.3074   -0.2287
  QMMM:    11       11      O        1.9361   -1.4548   -0.4360
  QMMM:    12       12      N        2.2716    0.7226    0.2882
  QMMM:    13       13      C        4.1520    1.7291    1.4325
  QMMM:    14       14      C        3.6309    0.6694    0.6498
  QMMM:    15       15      C        5.4907    1.7191    1.8004
  QMMM:    16       16      C        6.3391    0.6873    1.4195
  QMMM:    17       17      C        5.8431   -0.3733    0.6282
  QMMM:    18       18      C        4.4798   -0.3762    0.2525
  QMMM:    19       19      H        3.5097    2.5615    1.7533
  QMMM:    20       20      H        5.8870    2.5463    2.4101
  QMMM:    21       21      H        7.3945    0.7073    1.7263
  QMMM:    22       22      H        4.0895   -1.2053   -0.3609
  QMMM:    23       23      H        1.8109    1.5830    0.4880
  QMMM:    24       24      C       -2.0111    2.8226   -1.9439
  QMMM:    25       25      C       -3.2373   -1.7808   -0.2415
  QMMM:    26       26      O       -3.0257   -2.9472   -0.6127
  QMMM:    27       27      N       -4.3795   -1.3811    0.4392
  QMMM:    28       28      O       -1.2589    3.3350   -2.7918
  QMMM:    29       29      N       -3.1805    3.4167   -1.4943
  QMMM:    30       30      N        6.7015   -1.3689    0.1553
  QMMM:    31       31      H        7.5119   -1.5179    0.7129
  QMMM:    32       32      H        6.2498   -2.2092   -0.1295
  QMMM:    33       33      C       -5.4486   -2.1939    0.8592
  QMMM:    34       34      H       -4.3994   -0.4425    0.7720
  QMMM:    35       35      C       -6.4109   -1.6204    1.7215
  QMMM:    36       36      C       -7.5122   -2.3748    2.1730
  QMMM:    37       37      C       -7.6521   -3.7131    1.7352
  QMMM:    38       38      C       -6.7023   -4.2629    0.8873
  QMMM:    39       39      C       -5.6065   -3.5293    0.4404
  QMMM:    40       40      H       -6.2977   -0.5789    2.0597
  QMMM:    41       41      H       -8.5032   -4.3215    2.0731
  QMMM:    42       42      H       -6.8145   -5.3073    0.5547
  QMMM:    43       43      H       -4.8749   -4.0051   -0.2315
  QMMM:    44       44      N       -8.4091   -1.8326    3.1003
  QMMM:    45       45      H       -8.4639   -0.8389    3.0917
  QMMM:    46       46      H       -9.2998   -2.2771    3.1175
  QMMM:    47       47      C       -3.7279    4.6478   -1.9000
  QMMM:    48       48      H       -3.6781    2.9465   -0.7709
  QMMM:    49       49      C       -4.9156    5.0769   -1.2637
  QMMM:    50       50      C       -5.5172    6.3020   -1.6139
  QMMM:    51       51      C       -3.1549    5.4521   -2.9039
  QMMM:    52       52      C       -3.7627    6.6570   -3.2475
  QMMM:    53       53      C       -4.9252    7.0911   -2.6284
  QMMM:    54       54      H       -5.3741    4.4589   -0.4764
  QMMM:    55       55      H       -5.3768    8.0500   -2.9204
  QMMM:    56       56      H       -2.2333    5.1456   -3.4232
  QMMM:    57       57      H       -3.3049    7.2779   -4.0342
  QMMM:    58       58      N       -6.6381    6.7651   -0.9156
  QMMM:    59       59      H       -7.1891    6.0497   -0.4966
  QMMM:    60       60      H       -7.1786    7.4395   -1.4102

           --------- Calculation Completed ----------

