                      :-) GROMACS - gmx mdrun, 2020.5 (-:

                            GROMACS is written by:
     Emile Apol      Rossen Apostolov      Paul Bauer     Herman J.C. Berendsen
    Par Bjelkmar      Christian Blau   Viacheslav Bolnykh     Kevin Boyd    
 Aldert van Buuren   Rudi van Drunen     Anton Feenstra       Alan Gray     
  Gerrit Groenhof     Anca Hamuraru    Vincent Hindriksen  M. Eric Irrgang  
  Aleksei Iupinov   Christoph Junghans     Joe Jordan     Dimitrios Karkoulis
    Peter Kasson        Jiri Kraus      Carsten Kutzner      Per Larsson    
  Justin A. Lemkul    Viveca Lindahl    Magnus Lundborg     Erik Marklund   
    Pascal Merz     Pieter Meulenhoff    Teemu Murtola       Szilard Pall   
    Sander Pronk      Roland Schulz      Michael Shirts    Alexey Shvetsov  
   Alfons Sijbers     Peter Tieleman      Jon Vincent      Teemu Virolainen 
 Christian Wennberg    Maarten Wolf      Artem Zhmurov   
                           and the project leaders:
        Mark Abraham, Berk Hess, Erik Lindahl, and David van der Spoel

Copyright (c) 1991-2000, University of Groningen, The Netherlands.
Copyright (c) 2001-2019, The GROMACS development team at
Uppsala University, Stockholm University and
the Royal Institute of Technology, Sweden.
check out http://www.gromacs.org for more information.

GROMACS is free software; you can redistribute it and/or modify it
under the terms of the GNU Lesser General Public License
as published by the Free Software Foundation; either version 2.1
of the License, or (at your option) any later version.

GROMACS:      gmx mdrun, version 2020.5
Executable:   /usr/local/gromacs/bin/gmx
Data prefix:  /usr/local/gromacs
Working dir:  /Users/nate_schwindt/Projects/polymer_membrane/Polymatic/lin_xlink/protonated/GAFF-param/MPD-L
Process ID:   15587
Command line:
  gmx mdrun -deffnm em -v

GROMACS version:    2020.5
Verified release checksum is 4d9aa1b4e69850bc4583c1983ce2e0e3a88250cafb8f30ab0290b4dd4413a41e
Precision:          single
Memory model:       64 bit
MPI library:        thread_mpi
OpenMP support:     disabled
GPU support:        disabled
SIMD instructions:  AVX2_256
FFT library:        fftw-3.3.8-sse2
RDTSCP usage:       enabled
TNG support:        enabled
Hwloc support:      disabled
Tracing support:    disabled
C compiler:         /Library/Developer/CommandLineTools/usr/bin/cc AppleClang 12.0.0.12000032
C compiler flags:   -mavx2 -mfma -Wno-unknown-pragmas -fno-stack-check -fno-stack-check -O3 -DNDEBUG
C++ compiler:       /Library/Developer/CommandLineTools/usr/bin/c++ AppleClang 12.0.0.12000032
C++ compiler flags: -mavx2 -mfma -Wno-unknown-pragmas -fno-stack-check -fno-stack-check -O3 -DNDEBUG


Running on 1 node with total 16 cores, 16 logical cores
Hardware detected:
  CPU info:
    Vendor: Intel
    Brand:  Intel(R) Core(TM) i9-9880H CPU @ 2.30GHz
    Family: 6   Model: 158   Stepping: 13
    Features: aes apic avx avx2 clfsh cmov cx8 cx16 f16c fma htt intel lahf mmx msr nonstop_tsc pcid pclmuldq pdcm pdpe1gb popcnt pse rdrnd rdtscp sse2 sse3 sse4.1 sse4.2 ssse3 tdt x2apic
  Hardware topology: Only logical processor count


++++ PLEASE READ AND CITE THE FOLLOWING REFERENCE ++++
M. J. Abraham, T. Murtola, R. Schulz, S. Páll, J. C. Smith, B. Hess, E.
Lindahl
GROMACS: High performance molecular simulations through multi-level
parallelism from laptops to supercomputers
SoftwareX 1 (2015) pp. 19-25
-------- -------- --- Thank You --- -------- --------


++++ PLEASE READ AND CITE THE FOLLOWING REFERENCE ++++
S. Páll, M. J. Abraham, C. Kutzner, B. Hess, E. Lindahl
Tackling Exascale Software Challenges in Molecular Dynamics Simulations with
GROMACS
In S. Markidis & E. Laure (Eds.), Solving Software Challenges for Exascale 8759 (2015) pp. 3-27
-------- -------- --- Thank You --- -------- --------


++++ PLEASE READ AND CITE THE FOLLOWING REFERENCE ++++
S. Pronk, S. Páll, R. Schulz, P. Larsson, P. Bjelkmar, R. Apostolov, M. R.
Shirts, J. C. Smith, P. M. Kasson, D. van der Spoel, B. Hess, and E. Lindahl
GROMACS 4.5: a high-throughput and highly parallel open source molecular
simulation toolkit
Bioinformatics 29 (2013) pp. 845-54
-------- -------- --- Thank You --- -------- --------


++++ PLEASE READ AND CITE THE FOLLOWING REFERENCE ++++
B. Hess and C. Kutzner and D. van der Spoel and E. Lindahl
GROMACS 4: Algorithms for highly efficient, load-balanced, and scalable
molecular simulation
J. Chem. Theory Comput. 4 (2008) pp. 435-447
-------- -------- --- Thank You --- -------- --------


++++ PLEASE READ AND CITE THE FOLLOWING REFERENCE ++++
D. van der Spoel, E. Lindahl, B. Hess, G. Groenhof, A. E. Mark and H. J. C.
Berendsen
GROMACS: Fast, Flexible and Free
J. Comp. Chem. 26 (2005) pp. 1701-1719
-------- -------- --- Thank You --- -------- --------


++++ PLEASE READ AND CITE THE FOLLOWING REFERENCE ++++
E. Lindahl and B. Hess and D. van der Spoel
GROMACS 3.0: A package for molecular simulation and trajectory analysis
J. Mol. Mod. 7 (2001) pp. 306-317
-------- -------- --- Thank You --- -------- --------


++++ PLEASE READ AND CITE THE FOLLOWING REFERENCE ++++
H. J. C. Berendsen, D. van der Spoel and R. van Drunen
GROMACS: A message-passing parallel molecular dynamics implementation
Comp. Phys. Comm. 91 (1995) pp. 43-56
-------- -------- --- Thank You --- -------- --------


++++ PLEASE CITE THE DOI FOR THIS VERSION OF GROMACS ++++
https://doi.org/10.5281/zenodo.4420785
-------- -------- --- Thank You --- -------- --------

Input Parameters:
   integrator                     = steep
   tinit                          = 0
   dt                             = 0.001
   nsteps                         = -1
   init-step                      = 0
   simulation-part                = 1
   comm-mode                      = Linear
   nstcomm                        = 100
   bd-fric                        = 0
   ld-seed                        = -83887387
   emtol                          = 10
   emstep                         = 0.001
   niter                          = 20
   fcstep                         = 0
   nstcgsteep                     = 1000
   nbfgscorr                      = 10
   rtpi                           = 0.05
   nstxout                        = 0
   nstvout                        = 0
   nstfout                        = 0
   nstlog                         = 1000
   nstcalcenergy                  = 100
   nstenergy                      = 1000
   nstxout-compressed             = 0
   compressed-x-precision         = 1000
   cutoff-scheme                  = Verlet
   nstlist                        = 10
   pbc                            = xyz
   periodic-molecules             = false
   verlet-buffer-tolerance        = 0.005
   rlist                          = 1.155
   coulombtype                    = Reaction-Field
   coulomb-modifier               = Potential-shift
   rcoulomb-switch                = 0
   rcoulomb                       = 1.1
   epsilon-r                      = 15
   epsilon-rf                     = inf
   vdw-type                       = Cut-off
   vdw-modifier                   = Potential-shift
   rvdw-switch                    = 0
   rvdw                           = 1.1
   DispCorr                       = No
   table-extension                = 1
   fourierspacing                 = 0.12
   fourier-nx                     = 0
   fourier-ny                     = 0
   fourier-nz                     = 0
   pme-order                      = 4
   ewald-rtol                     = 1e-05
   ewald-rtol-lj                  = 0.001
   lj-pme-comb-rule               = Geometric
   ewald-geometry                 = 0
   epsilon-surface                = 0
   tcoupl                         = No
   nsttcouple                     = -1
   nh-chain-length                = 0
   print-nose-hoover-chain-variables = false
   pcoupl                         = No
   pcoupltype                     = Isotropic
   nstpcouple                     = -1
   tau-p                          = 1
   compressibility (3x3):
      compressibility[    0]={ 0.00000e+00,  0.00000e+00,  0.00000e+00}
      compressibility[    1]={ 0.00000e+00,  0.00000e+00,  0.00000e+00}
      compressibility[    2]={ 0.00000e+00,  0.00000e+00,  0.00000e+00}
   ref-p (3x3):
      ref-p[    0]={ 0.00000e+00,  0.00000e+00,  0.00000e+00}
      ref-p[    1]={ 0.00000e+00,  0.00000e+00,  0.00000e+00}
      ref-p[    2]={ 0.00000e+00,  0.00000e+00,  0.00000e+00}
   refcoord-scaling               = No
   posres-com (3):
      posres-com[0]= 0.00000e+00
      posres-com[1]= 0.00000e+00
      posres-com[2]= 0.00000e+00
   posres-comB (3):
      posres-comB[0]= 0.00000e+00
      posres-comB[1]= 0.00000e+00
      posres-comB[2]= 0.00000e+00
   QMMM                           = false
   QMconstraints                  = 0
   QMMMscheme                     = 0
   MMChargeScaleFactor            = 1
qm-opts:
   ngQM                           = 0
   constraint-algorithm           = Lincs
   continuation                   = false
   Shake-SOR                      = false
   shake-tol                      = 0.0001
   lincs-order                    = 12
   lincs-iter                     = 8
   lincs-warnangle                = 30
   nwall                          = 0
   wall-type                      = 9-3
   wall-r-linpot                  = -1
   wall-atomtype[0]               = -1
   wall-atomtype[1]               = -1
   wall-density[0]                = 0
   wall-density[1]                = 0
   wall-ewald-zfac                = 3
   pull                           = false
   awh                            = false
   rotation                       = false
   interactiveMD                  = false
   disre                          = No
   disre-weighting                = Conservative
   disre-mixed                    = false
   dr-fc                          = 1000
   dr-tau                         = 0
   nstdisreout                    = 100
   orire-fc                       = 0
   orire-tau                      = 0
   nstorireout                    = 100
   free-energy                    = no
   cos-acceleration               = 0
   deform (3x3):
      deform[    0]={ 0.00000e+00,  0.00000e+00,  0.00000e+00}
      deform[    1]={ 0.00000e+00,  0.00000e+00,  0.00000e+00}
      deform[    2]={ 0.00000e+00,  0.00000e+00,  0.00000e+00}
   simulated-tempering            = false
   swapcoords                     = no
   userint1                       = 0
   userint2                       = 0
   userint3                       = 0
   userint4                       = 0
   userreal1                      = 0
   userreal2                      = 0
   userreal3                      = 0
   userreal4                      = 0
   applied-forces:
     electric-field:
       x:
         E0                       = 0
         omega                    = 0
         t0                       = 0
         sigma                    = 0
       y:
         E0                       = 0
         omega                    = 0
         t0                       = 0
         sigma                    = 0
       z:
         E0                       = 0
         omega                    = 0
         t0                       = 0
         sigma                    = 0
     density-guided-simulation:
       active                     = false
       group                      = protein
       similarity-measure         = inner-product
       atom-spreading-weight      = unity
       force-constant             = 1e+09
       gaussian-transform-spreading-width = 0.2
       gaussian-transform-spreading-range-in-multiples-of-width = 4
       reference-density-filename = reference.mrc
       nst                        = 1
       normalize-densities        = true
       adaptive-force-scaling     = false
       adaptive-force-scaling-time-constant = 4
grpopts:
   nrdf:          39
   ref-t:           0
   tau-t:           0
annealing:          No
annealing-npoints:           0
   acc:	           0           0           0
   nfreeze:           N           N           N
   energygrp-flags[  0]: 0

Using 1 MPI thread

Non-default thread affinity set, disabling internal thread affinity
System total charge: -2.000
Reaction-Field:
epsRF = 0, rc = 1.1, krf = 0.375657, crf = 1.36364, epsfac = 9.26236
The electrostatics potential has its minimum at r = 1.1
Potential shift: LJ r^-12: -3.186e-01 r^-6: -5.645e-01
Generated table with 1077 data points for 1-4 COUL.
Tabscale = 500 points/nm
Generated table with 1077 data points for 1-4 LJ6.
Tabscale = 500 points/nm
Generated table with 1077 data points for 1-4 LJ12.
Tabscale = 500 points/nm

Using SIMD 4x8 nonbonded short-range kernels

Using a 4x8 pair-list setup:
  updated every 10 steps, buffer 0.055 nm, rlist 1.155 nm

Using Lorentz-Berthelot Lennard-Jones combination rule

Removing pbc first time

Note that activating steepest-descent energy minimization via the integrator .mdp option and the command gmx mdrun may be available in a different form in a future version of GROMACS, e.g. gmx minimize and an .mdp option.
Initiating Steepest Descents
Started Steepest Descents on rank 0 Fri Jan 14 09:56:18 2022


Steepest Descents:
   Tolerance (Fmax)   =  1.00000e+01
   Number of steps    =           -1
           Step           Time
              0        0.00000

   Energies (kJ/mol)
           Bond          Angle    Proper Dih.  Improper Dih.          LJ-14
    1.80598e+01    2.16831e+00    2.81694e-02    3.28750e-03    1.69246e+01
     Coulomb-14        LJ (SR)   Coulomb (SR)      Potential Pressure (bar)
   -1.45346e+01   -1.81315e+00   -7.64448e+00    1.31920e+01   -6.84492e+00

           Step           Time
              1        1.00000

   Energies (kJ/mol)
           Bond          Angle    Proper Dih.  Improper Dih.          LJ-14
    8.65556e+00    1.99595e+00    2.56327e-02    2.94570e-03    1.63566e+01
     Coulomb-14        LJ (SR)   Coulomb (SR)      Potential Pressure (bar)
   -1.45266e+01   -1.82219e+00   -7.60837e+00    3.07957e+00   -5.18384e+00

           Step           Time
              2        2.00000

   Energies (kJ/mol)
           Bond          Angle    Proper Dih.  Improper Dih.          LJ-14
    2.84960e+00    1.90230e+00    2.17996e-02    2.42805e-03    1.57778e+01
     Coulomb-14        LJ (SR)   Coulomb (SR)      Potential Pressure (bar)
   -1.45200e+01   -1.83310e+00   -7.56565e+00   -3.36484e+00   -3.42073e+00

           Step           Time
              3        3.00000

   Energies (kJ/mol)
           Bond          Angle    Proper Dih.  Improper Dih.          LJ-14
    1.53401e+00    1.31564e+00    1.47528e-02    1.49534e-03    1.53414e+01
     Coulomb-14        LJ (SR)   Coulomb (SR)      Potential Pressure (bar)
   -1.45218e+01   -1.84609e+00   -7.51694e+00   -5.67748e+00   -1.54262e+00

           Step           Time
              4        4.00000

           Step           Time
              5        5.00000

   Energies (kJ/mol)
           Bond          Angle    Proper Dih.  Improper Dih.          LJ-14
    1.15852e+00    6.46143e-01    9.86832e-03    8.85245e-04    1.57510e+01
     Coulomb-14        LJ (SR)   Coulomb (SR)      Potential Pressure (bar)
   -1.45364e+01   -1.84743e+00   -7.51502e+00   -6.33244e+00   -1.31274e+00

           Step           Time
              6        6.00000

           Step           Time
              7        7.00000

   Energies (kJ/mol)
           Bond          Angle    Proper Dih.  Improper Dih.          LJ-14
    9.21921e-01    6.15438e-01    7.55312e-03    6.12292e-04    1.56791e+01
     Coulomb-14        LJ (SR)   Coulomb (SR)      Potential Pressure (bar)
   -1.45371e+01   -1.85343e+00   -7.49231e+00   -6.65824e+00   -6.24058e-01

           Step           Time
              8        8.00000

   Energies (kJ/mol)
           Bond          Angle    Proper Dih.  Improper Dih.          LJ-14
    8.98748e-01    3.37041e-01    4.73256e-03    3.01757e-04    1.58653e+01
     Coulomb-14        LJ (SR)   Coulomb (SR)      Potential Pressure (bar)
   -1.45479e+01   -1.85477e+00   -7.48852e+00   -6.78507e+00   -6.68892e-01

           Step           Time
              9        9.00000

           Step           Time
             10       10.00000

   Energies (kJ/mol)
           Bond          Angle    Proper Dih.  Improper Dih.          LJ-14
    7.96632e-01    3.67995e-01    3.90267e-03    2.20831e-04    1.57789e+01
     Coulomb-14        LJ (SR)   Coulomb (SR)      Potential Pressure (bar)
   -1.45451e+01   -1.85888e+00   -7.47272e+00   -6.92899e+00   -1.45026e-01

           Step           Time
             11       11.00000

   Energies (kJ/mol)
           Bond          Angle    Proper Dih.  Improper Dih.          LJ-14
    8.07072e-01    2.47868e-01    3.09809e-03    1.48958e-04    1.58772e+01
     Coulomb-14        LJ (SR)   Coulomb (SR)      Potential Pressure (bar)
   -1.45519e+01   -1.85802e+00   -7.47566e+00   -6.95017e+00   -4.58704e-01

           Step           Time
             12       12.00000

           Step           Time
             13       13.00000

   Energies (kJ/mol)
           Bond          Angle    Proper Dih.  Improper Dih.          LJ-14
    7.34742e-01    2.70997e-01    2.71388e-03    1.17685e-04    1.58222e+01
     Coulomb-14        LJ (SR)   Coulomb (SR)      Potential Pressure (bar)
   -1.45494e+01   -1.86039e+00   -7.46662e+00   -7.04561e+00   -1.08065e-01

           Step           Time
             14       14.00000

           Step           Time
             15       15.00000

   Energies (kJ/mol)
           Bond          Angle    Proper Dih.  Improper Dih.          LJ-14
    7.12900e-01    2.23505e-01    2.44629e-03    9.79338e-05    1.58515e+01
     Coulomb-14        LJ (SR)   Coulomb (SR)      Potential Pressure (bar)
   -1.45521e+01   -1.86022e+00   -7.46689e+00   -7.08880e+00   -2.26979e-01

           Step           Time
             16       16.00000

   Energies (kJ/mol)
           Bond          Angle    Proper Dih.  Improper Dih.          LJ-14
    7.13602e-01    2.06759e-01    1.75019e-03    5.07500e-05    1.58462e+01
     Coulomb-14        LJ (SR)   Coulomb (SR)      Potential Pressure (bar)
   -1.45538e+01   -1.86218e+00   -7.45879e+00   -7.10632e+00   -5.74362e-02

           Step           Time
             17       17.00000

   Energies (kJ/mol)
           Bond          Angle    Proper Dih.  Improper Dih.          LJ-14
    7.18842e-01    1.69708e-01    1.53142e-03    3.92284e-05    1.58825e+01
     Coulomb-14        LJ (SR)   Coulomb (SR)      Potential Pressure (bar)
   -1.45578e+01   -1.86176e+00   -7.45952e+00   -7.10647e+00   -2.61313e-01

           Step           Time
             18       18.00000

           Step           Time
             19       19.00000

   Energies (kJ/mol)
           Bond          Angle    Proper Dih.  Improper Dih.          LJ-14
    6.93637e-01    1.75165e-01    1.42565e-03    3.40162e-05    1.58604e+01
     Coulomb-14        LJ (SR)   Coulomb (SR)      Potential Pressure (bar)
   -1.45565e+01   -1.86257e+00   -7.45647e+00   -7.14489e+00   -1.07118e-01

           Step           Time
             20       20.00000

           Step           Time
             21       21.00000

   Energies (kJ/mol)
           Bond          Angle    Proper Dih.  Improper Dih.          LJ-14
    6.90123e-01    1.60033e-01    1.29004e-03    2.77068e-05    1.58726e+01
     Coulomb-14        LJ (SR)   Coulomb (SR)      Potential Pressure (bar)
   -1.45583e+01   -1.86261e+00   -7.45583e+00   -7.15265e+00   -1.68972e-01

           Step           Time
             22       22.00000

           Step           Time
             23       23.00000

   Energies (kJ/mol)
           Bond          Angle    Proper Dih.  Improper Dih.          LJ-14
    6.88490e-01    1.59552e-01    1.19150e-03    2.33176e-05    1.58665e+01
     Coulomb-14        LJ (SR)   Coulomb (SR)      Potential Pressure (bar)
   -1.45583e+01   -1.86302e+00   -7.45410e+00   -7.15967e+00   -1.13453e-01

           Step           Time
             24       24.00000

   Energies (kJ/mol)
           Bond          Angle    Proper Dih.  Improper Dih.          LJ-14
    6.85000e-01    1.49158e-01    1.06223e-03    1.86541e-05    1.58756e+01
     Coulomb-14        LJ (SR)   Coulomb (SR)      Potential Pressure (bar)
   -1.45599e+01   -1.86315e+00   -7.45314e+00   -7.16538e+00   -1.49524e-01

           Step           Time
             25       25.00000

   Energies (kJ/mol)
           Bond          Angle    Proper Dih.  Improper Dih.          LJ-14
    6.90098e-01    1.48351e-01    9.32048e-04    1.37162e-05    1.58676e+01
     Coulomb-14        LJ (SR)   Coulomb (SR)      Potential Pressure (bar)
   -1.45601e+01   -1.86374e+00   -7.45060e+00   -7.16743e+00   -6.80318e-02

           Step           Time
             26       26.00000

   Energies (kJ/mol)
           Bond          Angle    Proper Dih.  Improper Dih.          LJ-14
    6.80521e-01    1.39211e-01    8.66055e-04    1.20703e-05    1.58810e+01
     Coulomb-14        LJ (SR)   Coulomb (SR)      Potential Pressure (bar)
   -1.45617e+01   -1.86362e+00   -7.45072e+00   -7.17443e+00   -1.38556e-01

           Step           Time
             27       27.00000

           Step           Time
             28       28.00000

   Energies (kJ/mol)
           Bond          Angle    Proper Dih.  Improper Dih.          LJ-14
    6.82796e-01    1.38765e-01    7.98253e-04    1.04243e-05    1.58742e+01
     Coulomb-14        LJ (SR)   Coulomb (SR)      Potential Pressure (bar)
   -1.45616e+01   -1.86400e+00   -7.44915e+00   -7.17812e+00   -7.45805e-02

           Step           Time
             29       29.00000

   Energies (kJ/mol)
           Bond          Angle    Proper Dih.  Improper Dih.          LJ-14
    6.76510e-01    1.33083e-01    7.35875e-04    8.77838e-06    1.58841e+01
     Coulomb-14        LJ (SR)   Coulomb (SR)      Potential Pressure (bar)
   -1.45629e+01   -1.86396e+00   -7.44894e+00   -7.18132e+00   -1.18886e-01

           Step           Time
             30       30.00000

           Step           Time
             31       31.00000

   Energies (kJ/mol)
           Bond          Angle    Proper Dih.  Improper Dih.          LJ-14
    6.78018e-01    1.32125e-01    6.91578e-04    8.22973e-06    1.58794e+01
     Coulomb-14        LJ (SR)   Coulomb (SR)      Potential Pressure (bar)
   -1.45628e+01   -1.86423e+00   -7.44783e+00   -7.18464e+00   -7.24816e-02

           Step           Time
             32       32.00000

   Energies (kJ/mol)
           Bond          Angle    Proper Dih.  Improper Dih.          LJ-14
    6.73123e-01    1.28010e-01    6.31912e-04    6.85811e-06    1.58868e+01
     Coulomb-14        LJ (SR)   Coulomb (SR)      Potential Pressure (bar)
   -1.45639e+01   -1.86426e+00   -7.44740e+00   -7.18696e+00   -9.77298e-02

           Step           Time
             33       33.00000

   Energies (kJ/mol)
           Bond          Angle    Proper Dih.  Improper Dih.          LJ-14
    6.78973e-01    1.26665e-01    5.65015e-04    5.76081e-06    1.58809e+01
     Coulomb-14        LJ (SR)   Coulomb (SR)      Potential Pressure (bar)
   -1.45638e+01   -1.86465e+00   -7.44575e+00   -7.18717e+00   -3.08930e-02

           Step           Time
             34       34.00000

   Energies (kJ/mol)
           Bond          Angle    Proper Dih.  Improper Dih.          LJ-14
    6.69544e-01    1.23241e-01    5.33374e-04    4.93784e-06    1.58907e+01
     Coulomb-14        LJ (SR)   Coulomb (SR)      Potential Pressure (bar)
   -1.45649e+01   -1.86452e+00   -7.44596e+00   -7.19134e+00   -8.15084e-02

           Step           Time
             35       35.00000

           Step           Time
             36       36.00000

   Energies (kJ/mol)
           Bond          Angle    Proper Dih.  Improper Dih.          LJ-14
    6.73034e-01    1.21962e-01    4.92693e-04    4.38919e-06    1.58861e+01
     Coulomb-14        LJ (SR)   Coulomb (SR)      Potential Pressure (bar)
   -1.45648e+01   -1.86478e+00   -7.44489e+00   -7.19290e+00   -3.32709e-02

           Step           Time
             37       37.00000

   Energies (kJ/mol)
           Bond          Angle    Proper Dih.  Improper Dih.          LJ-14
    6.67000e-01    1.19797e-01    4.64668e-04    4.11487e-06    1.58933e+01
     Coulomb-14        LJ (SR)   Coulomb (SR)      Potential Pressure (bar)
   -1.45657e+01   -1.86472e+00   -7.44486e+00   -7.19472e+00   -6.53774e-02

           Step           Time
             38       38.00000

           Step           Time
             39       39.00000

   Energies (kJ/mol)
           Bond          Angle    Proper Dih.  Improper Dih.          LJ-14
    6.69157e-01    1.18616e-01    4.35739e-04    4.11487e-06    1.58900e+01
     Coulomb-14        LJ (SR)   Coulomb (SR)      Potential Pressure (bar)
   -1.45656e+01   -1.86489e+00   -7.44410e+00   -7.19633e+00   -3.07082e-02

           Step           Time
             40       40.00000

   Energies (kJ/mol)
           Bond          Angle    Proper Dih.  Improper Dih.          LJ-14
    6.64799e-01    1.16932e-01    4.03195e-04    3.56622e-06    1.58954e+01
     Coulomb-14        LJ (SR)   Coulomb (SR)      Potential Pressure (bar)
   -1.45663e+01   -1.86488e+00   -7.44392e+00   -7.19756e+00   -4.95222e-02

           Step           Time
             41       41.00000

           Step           Time
             42       42.00000

   Energies (kJ/mol)
           Bond          Angle    Proper Dih.  Improper Dih.          LJ-14
    6.66528e-01    1.15867e-01    3.82402e-04    3.29189e-06    1.58930e+01
     Coulomb-14        LJ (SR)   Coulomb (SR)      Potential Pressure (bar)
   -1.45663e+01   -1.86500e+00   -7.44335e+00   -7.19882e+00   -2.45165e-02

           Step           Time
             43       43.00000

   Energies (kJ/mol)
           Bond          Angle    Proper Dih.  Improper Dih.          LJ-14
    6.63167e-01    1.14456e-01    3.53473e-04    3.01757e-06    1.58970e+01
     Coulomb-14        LJ (SR)   Coulomb (SR)      Potential Pressure (bar)
   -1.45668e+01   -1.86502e+00   -7.44309e+00   -7.19994e+00   -3.44483e-02

           Step           Time
             44       44.00000

   Energies (kJ/mol)
           Bond          Angle    Proper Dih.  Improper Dih.          LJ-14
    6.66196e-01    1.12788e-01    3.18216e-04    2.46892e-06    1.58943e+01
     Coulomb-14        LJ (SR)   Coulomb (SR)      Potential Pressure (bar)
   -1.45668e+01   -1.86519e+00   -7.44224e+00   -7.20066e+00   -1.01021e-04

           Step           Time
             45       45.00000

   Energies (kJ/mol)
           Bond          Angle    Proper Dih.  Improper Dih.          LJ-14
    6.61148e-01    1.12064e-01    3.01040e-04    2.46892e-06    1.58994e+01
     Coulomb-14        LJ (SR)   Coulomb (SR)      Potential Pressure (bar)
   -1.45674e+01   -1.86512e+00   -7.44231e+00   -7.20194e+00   -2.44107e-02

           Step           Time
             46       46.00000

           Step           Time
             47       47.00000

   Energies (kJ/mol)
           Bond          Angle    Proper Dih.  Improper Dih.          LJ-14
    6.63261e-01    1.10912e-01    2.82959e-04    2.46892e-06    1.58971e+01
     Coulomb-14        LJ (SR)   Coulomb (SR)      Potential Pressure (bar)
   -1.45674e+01   -1.86524e+00   -7.44176e+00   -7.20275e+00    3.21203e-04

           Step           Time
             48       48.00000

   Energies (kJ/mol)
           Bond          Angle    Proper Dih.  Improper Dih.          LJ-14
    6.59837e-01    1.10302e-01    2.64879e-04    2.19460e-06    1.59008e+01
     Coulomb-14        LJ (SR)   Coulomb (SR)      Potential Pressure (bar)
   -1.45678e+01   -1.86520e+00   -7.44171e+00   -7.20354e+00   -1.45596e-02

           Step           Time
             49       49.00000

   Energies (kJ/mol)
           Bond          Angle    Proper Dih.  Improper Dih.          LJ-14
    6.63777e-01    1.08705e-01    2.35046e-04    1.92027e-06    1.58977e+01
     Coulomb-14        LJ (SR)   Coulomb (SR)      Potential Pressure (bar)
   -1.45677e+01   -1.86536e+00   -7.44093e+00   -7.20366e+00    1.94745e-02

           Step           Time
             50       50.00000

   Energies (kJ/mol)
           Bond          Angle    Proper Dih.  Improper Dih.          LJ-14
    6.58394e-01    1.08435e-01    2.27814e-04    1.92027e-06    1.59025e+01
     Coulomb-14        LJ (SR)   Coulomb (SR)      Potential Pressure (bar)
   -1.45683e+01   -1.86527e+00   -7.44110e+00   -7.20506e+00   -7.19030e-03

           Step           Time
             51       51.00000

           Step           Time
             52       52.00000

   Energies (kJ/mol)
           Bond          Angle    Proper Dih.  Improper Dih.          LJ-14
    6.60978e-01    1.07295e-01    2.08829e-04    1.64595e-06    1.59001e+01
     Coulomb-14        LJ (SR)   Coulomb (SR)      Potential Pressure (bar)
   -1.45682e+01   -1.86537e+00   -7.44060e+00   -7.20555e+00    1.69951e-02

           Step           Time
             53       53.00000

   Energies (kJ/mol)
           Bond          Angle    Proper Dih.  Improper Dih.          LJ-14
    6.57528e-01    1.07076e-01    1.98885e-04    1.64595e-06    1.59035e+01
     Coulomb-14        LJ (SR)   Coulomb (SR)      Potential Pressure (bar)
   -1.45686e+01   -1.86531e+00   -7.44065e+00   -7.20622e+00   -2.40959e-04

           Step           Time
             54       54.00000

           Step           Time
             55       55.00000

   Energies (kJ/mol)
           Bond          Angle    Proper Dih.  Improper Dih.          LJ-14
    6.59248e-01    1.06212e-01    1.87133e-04    1.37162e-06    1.59018e+01
     Coulomb-14        LJ (SR)   Coulomb (SR)      Potential Pressure (bar)
   -1.45685e+01   -1.86538e+00   -7.44029e+00   -7.20675e+00    1.66884e-02

           Step           Time
             56       56.00000

   Energies (kJ/mol)
           Bond          Angle    Proper Dih.  Improper Dih.          LJ-14
    6.56964e-01    1.05935e-01    1.75381e-04    1.37162e-06    1.59041e+01
     Coulomb-14        LJ (SR)   Coulomb (SR)      Potential Pressure (bar)
   -1.45688e+01   -1.86534e+00   -7.44026e+00   -7.20722e+00    6.38076e-03

           Step           Time
             57       57.00000

   Energies (kJ/mol)
           Bond          Angle    Proper Dih.  Improper Dih.          LJ-14
    6.59536e-01    1.04761e-01    1.58204e-04    1.37162e-06    1.59020e+01
     Coulomb-14        LJ (SR)   Coulomb (SR)      Potential Pressure (bar)
   -1.45687e+01   -1.86543e+00   -7.43978e+00   -7.20749e+00    2.81580e-02

           Step           Time
             58       58.00000

   Energies (kJ/mol)
           Bond          Angle    Proper Dih.  Improper Dih.          LJ-14
    6.56035e-01    1.04783e-01    1.50972e-04    1.37162e-06    1.59052e+01
     Coulomb-14        LJ (SR)   Coulomb (SR)      Potential Pressure (bar)
   -1.45691e+01   -1.86536e+00   -7.43988e+00   -7.20815e+00    9.93155e-03

           Step           Time
             59       59.00000

           Step           Time
             60       60.00000

   Energies (kJ/mol)
           Bond          Angle    Proper Dih.  Improper Dih.          LJ-14
    6.58147e-01    1.03938e-01    1.41028e-04    1.09730e-06    1.59032e+01
     Coulomb-14        LJ (SR)   Coulomb (SR)      Potential Pressure (bar)
   -1.45690e+01   -1.86542e+00   -7.43956e+00   -7.20853e+00    2.62999e-02

           Step           Time
             61       61.00000

   Energies (kJ/mol)
           Bond          Angle    Proper Dih.  Improper Dih.          LJ-14
    6.55851e-01    1.03892e-01    1.35604e-04    1.09730e-06    1.59054e+01
     Coulomb-14        LJ (SR)   Coulomb (SR)      Potential Pressure (bar)
   -1.45692e+01   -1.86537e+00   -7.43959e+00   -7.20893e+00    1.42249e-02


Steepest Descents converged to Fmax < 10 in 62 steps
Potential Energy  = -7.2089286e+00
Maximum force     =  9.3730354e+00 on atom 14
Norm of force     =  6.3625006e+00
Finished mdrun on rank 0 Fri Jan 14 09:56:18 2022

