            --------------------------------------------------------
                             AMBER SQM VERSION 19
 
                                     By
              Ross C. Walker, Michael F. Crowley, Scott Brozell,
                         Tim Giese, Andreas W. Goetz,
                        Tai-Sung Lee and David A. Case
 
            --------------------------------------------------------
 

--------------------------------------------------------------------------------
  QM CALCULATION INFO
--------------------------------------------------------------------------------

| QMMM: Citation for AMBER QMMM Run:
| QMMM: R.C. Walker, M.F. Crowley and D.A. Case, J. COMP. CHEM. 29:1019, 2008

QMMM: SINGLET STATE CALCULATION
QMMM: RHF CALCULATION, NO. OF DOUBLY OCCUPIED LEVELS = 20

| QMMM: *** Selected Hamiltonian *** 
| QMMM: AM1         

| QMMM: *** Parameter sets in use ***
| QMMM: C : M.J.S.DEWAR et al. JACS, 107, 3902, (1985)
| QMMM: H : M.J.S.DEWAR et al. JACS, 107, 3902, (1985)
| QMMM: N : M.J.S.DEWAR et al. JACS, 107, 3902, (1985)

| QMMM: *** SCF convergence criteria ***
| QMMM: Energy change                :  0.1D-09 kcal/mol
| QMMM: Error matrix |FP-PF|         :  0.1D+00 au
| QMMM: Density matrix change        :  0.5D-06
| QMMM: Maximum number of SCF cycles :     1000

| QMMM: *** Diagonalization Routine Information ***
| QMMM: Pseudo diagonalizations are allowed.
| QMMM: Auto diagonalization routine selection is in use.
| QMMM:
| QMMM: Timing diagonalization routines:
| QMMM:                              norbs =       38
| QMMM:    diag iterations used for timing =       20
| QMMM:
| QMMM:              Internal diag routine = 0.002877 seconds
| QMMM:                 Dspev diag routine = 0.003045 seconds
| QMMM:                Dspevd diag routine = 0.002259 seconds
| QMMM:                Dspevx diag routine = 0.014091 seconds
| QMMM:                 Dsyev diag routine = 0.002929 seconds
| QMMM:                Dsyevd diag routine = 0.002480 seconds
| QMMM:                Dsyevr diag routine = 0.002987 seconds
| QMMM:
| QMMM:                Pseudo diag routine = 0.000679 seconds
| QMMM:
| QMMM: Using dspevd routine (diag_routine=3).

  QMMM: QM Region Cartesian Coordinates (*=link atom) 
  QMMM: QM_NO.   MM_NO.  ATOM         X         Y         Z
  QMMM:     1        1      C       -7.1960    2.9400    0.0000
  QMMM:     2        2      C       -5.9880    3.6370    0.0000
  QMMM:     3        3      C       -4.7800    2.9420    0.0000
  QMMM:     4        4      C       -7.1970    1.5450    0.0000
  QMMM:     5        5      C       -5.9870    0.8490    0.0000
  QMMM:     6        6      C       -4.7780    1.5470    0.0000
  QMMM:     7        7      H       -8.1340    3.4900    0.0000
  QMMM:     8        8      H       -5.9890    4.7240    0.0000
  QMMM:     9        9      H       -3.8420    3.4920    0.0000
  QMMM:    10       10      N       -3.5940    0.8660    0.0000
  QMMM:    11       11      N       -8.3800    0.8630    0.0000
  QMMM:    12       12      H       -5.9860   -0.2390    0.0000
  QMMM:    13       13      H       -9.2590    1.3680    0.0000
  QMMM:    14       14      H       -2.7150    1.3710    0.0000

--------------------------------------------------------------------------------
  RESULTS
--------------------------------------------------------------------------------

      iter         sqm energy              rms gradient
      ----    -------------------    -----------------------
xmin    10      136.5810 kcal/mol        0.0069 kcal/(mol*A)
  ... geometry converged !
 
 Final MO eigenvalues (eV):
 -39.8955  -36.5350  -34.0603  -29.5226  -28.1414  -22.9103  -22.5518  -18.2264
 -17.5042  -17.1062  -15.1429  -14.9559  -14.6559  -13.6858  -12.9890  -12.4400
 -11.8946  -11.2044  -10.0931   -7.4284   -2.9758    0.4350    1.0231    2.3851
   2.5886    2.9866    3.4221    3.6220    3.7592    3.8662    4.1619    4.5233
   4.8004    4.8568    5.1090    5.4940    5.9249    7.4966

 Heat of formation   =        136.58097375 kcal/mol  (        5.92259545 eV)

 Total SCF energy    =     -29056.49711978 kcal/mol  (    -1259.98426433 eV)
 Electronic energy   =    -118647.56136345 kcal/mol  (    -5144.94433734 eV)
 Core-core repulsion =      89591.06424367 kcal/mol  (     3884.96007301 eV)
 
    Atomic Charges for Step       1 :
  Atom    Element       Mulliken Charge
     1      C                 -0.165
     2      C                 -0.076
     3      C                 -0.234
     4      C                  0.025
     5      C                  0.005
     6      C                  0.005
     7      H                  0.137
     8      H                  0.136
     9      H                  0.139
    10      N                 -0.075
    11      N                 -0.356
    12      H                  0.172
    13      H                  0.126
    14      H                  0.160
 Total Mulliken Charge =       0.000
 
                  X        Y        Z     TOTAL  
  QM DIPOLE     3.516    3.286    0.000    4.812
 
 Final Structure

  QMMM: QM Region Cartesian Coordinates (*=link atom) 
  QMMM: QM_NO.   MM_NO.  ATOM         X         Y         Z
  QMMM:     1        1      C       -7.1783    2.9543    0.0000
  QMMM:     2        2      C       -5.9651    3.6472    0.0000
  QMMM:     3        3      C       -4.7582    3.0065   -0.0000
  QMMM:     4        4      C       -7.2775    1.5078   -0.0000
  QMMM:     5        5      C       -6.0046    0.8350   -0.0000
  QMMM:     6        6      C       -4.7241    1.5414   -0.0000
  QMMM:     7        7      H       -8.1157    3.5328    0.0000
  QMMM:     8        8      H       -5.9941    4.7510    0.0000
  QMMM:     9        9      H       -3.8101    3.5598   -0.0000
  QMMM:    10       10      N       -3.6355    0.8303    0.0000
  QMMM:    11       11      N       -8.3797    0.7981   -0.0000
  QMMM:    12       12      H       -5.9889   -0.2698    0.0000
  QMMM:    13       13      H       -9.2116    1.3468   -0.0000
  QMMM:    14       14      H       -2.7815    1.3536    0.0000

           --------- Calculation Completed ----------

