            --------------------------------------------------------
                             AMBER SQM VERSION 19
 
                                     By
              Ross C. Walker, Michael F. Crowley, Scott Brozell,
                         Tim Giese, Andreas W. Goetz,
                        Tai-Sung Lee and David A. Case
 
            --------------------------------------------------------
 

--------------------------------------------------------------------------------
  QM CALCULATION INFO
--------------------------------------------------------------------------------

| QMMM: Citation for AMBER QMMM Run:
| QMMM: R.C. Walker, M.F. Crowley and D.A. Case, J. COMP. CHEM. 29:1019, 2008

QMMM: SINGLET STATE CALCULATION
QMMM: RHF CALCULATION, NO. OF DOUBLY OCCUPIED LEVELS = 35

| QMMM: *** Selected Hamiltonian *** 
| QMMM: AM1         

| QMMM: *** Parameter sets in use ***
| QMMM: C : M.J.S.DEWAR et al. JACS, 107, 3902, (1985)
| QMMM: H : M.J.S.DEWAR et al. JACS, 107, 3902, (1985)
| QMMM: O : M.J.S.DEWAR et al. JACS, 107, 3902, (1985)

| QMMM: *** SCF convergence criteria ***
| QMMM: Energy change                :  0.1D-09 kcal/mol
| QMMM: Error matrix |FP-PF|         :  0.1D+00 au
| QMMM: Density matrix change        :  0.5D-06
| QMMM: Maximum number of SCF cycles :     1000

| QMMM: *** Diagonalization Routine Information ***
| QMMM: Pseudo diagonalizations are allowed.
| QMMM: Auto diagonalization routine selection is in use.
| QMMM:
| QMMM: Timing diagonalization routines:
| QMMM:                              norbs =       59
| QMMM:    diag iterations used for timing =       15
| QMMM:
| QMMM:              Internal diag routine = 0.006559 seconds
| QMMM:                 Dspev diag routine = 0.005980 seconds
| QMMM:                Dspevd diag routine = 0.003262 seconds
| QMMM:                Dspevx diag routine = 0.025704 seconds
| QMMM:                 Dsyev diag routine = 0.006036 seconds
| QMMM:                Dsyevd diag routine = 0.003481 seconds
| QMMM:                Dsyevr diag routine = 0.005150 seconds
| QMMM:
| QMMM:                Pseudo diag routine = 0.001831 seconds
| QMMM:
| QMMM: Using dspevd routine (diag_routine=3).

  QMMM: QM Region Cartesian Coordinates (*=link atom) 
  QMMM: QM_NO.   MM_NO.  ATOM         X         Y         Z
  QMMM:     1        1      C       -7.1290    2.9350   -0.0000
  QMMM:     2        2      C       -5.9170    3.6370    0.0000
  QMMM:     3        3      C       -4.7180    2.9180   -0.0000
  QMMM:     4        4      C       -7.1510    1.5340    0.0000
  QMMM:     5        5      C       -5.9390    0.8390   -0.0000
  QMMM:     6        6      C       -4.7250    1.5260    0.0000
  QMMM:     7        7      H       -8.0670    3.4850   -0.0000
  QMMM:     8        8      H       -3.7660    3.4450    0.0000
  QMMM:     9        9      H       -5.9380   -0.2500    0.0000
  QMMM:    10       10      C       -8.4420    0.7600   -0.0000
  QMMM:    11       11      C       -3.4270    0.7890   -0.0000
  QMMM:    12       12      C       -5.8690    5.1420    0.0000
  QMMM:    13       13      O       -4.8330    5.7750    0.0000
  QMMM:    14       14      O       -8.4930   -0.4540   -0.0000
  QMMM:    15       15      O       -3.3220   -0.4210   -0.0000
  QMMM:    16       16      O       -7.0310    5.7420    0.0000
  QMMM:    17       17      O       -9.5320    1.4830   -0.0000

--------------------------------------------------------------------------------
  RESULTS
--------------------------------------------------------------------------------

      iter         sqm energy              rms gradient
      ----    -------------------    -----------------------
xmin    10     -125.4539 kcal/mol        4.0909 kcal/(mol*A)
xmin    20     -125.8024 kcal/mol        0.0452 kcal/(mol*A)
xmin    30     -125.8026 kcal/mol        0.0153 kcal/(mol*A)
xmin    40     -125.8026 kcal/mol        0.0278 kcal/(mol*A)
xmin    50     -125.8026 kcal/mol        0.0009 kcal/(mol*A)
  ... geometry converged !
 
 Final MO eigenvalues (eV):
 -41.2485  -37.8410  -34.4414  -33.9981  -31.1406  -30.6063  -30.4411  -29.1396
 -24.3213  -21.9113  -20.5867  -18.5619  -16.7291  -16.6202  -15.8848  -15.4448
 -14.8176  -13.7711  -12.6040  -12.5951  -12.0400  -11.3483  -11.0938  -10.9102
 -10.4492  -10.3673  -10.1632   -7.9924   -7.5946   -6.3139   -6.2956   -6.1258
  -5.9566   -5.9562   -5.7795   -0.1329    0.4020    2.3486    2.6629    2.7005
   4.6832    5.3685    5.6986    6.0285    6.3083    6.3210    6.8145    6.9179
   6.9931    7.0306    7.0886    7.6342    7.8297    7.9207    8.1511   11.1679
  11.1698   12.2697   12.2758

 Heat of formation   =       -125.80261982 kcal/mol  (       -5.45521095 eV)

 Total SCF energy    =     -64429.40501146 kcal/mol  (    -2793.86865320 eV)
 Electronic energy   =    -283256.11749038 kcal/mol  (   -12282.90696372 eV)
 Core-core repulsion =     218826.71247892 kcal/mol  (     9489.03831052 eV)
 
    Atomic Charges for Step       1 :
  Atom    Element       Mulliken Charge
     1      C                  0.114
     2      C                 -0.178
     3      C                 -0.005
     4      C                 -0.178
     5      C                 -0.005
     6      C                 -0.243
     7      H                  0.210
     8      H                  0.175
     9      H                  0.175
    10      C                  0.367
    11      C                  0.419
    12      C                  0.367
    13      O                 -0.559
    14      O                 -0.559
    15      O                 -0.074
    16      O                 -0.514
    17      O                 -0.514
 Total Mulliken Charge =      -1.000
 
                  X        Y        Z     TOTAL  
  QM DIPOLE    42.144  -19.179    0.005   46.303
 
 Final Structure

  QMMM: QM Region Cartesian Coordinates (*=link atom) 
  QMMM: QM_NO.   MM_NO.  ATOM         X         Y         Z
  QMMM:     1        1      C       -7.1564    2.9473   -0.0004
  QMMM:     2        2      C       -5.9047    3.5951    0.0013
  QMMM:     3        3      C       -4.7407    2.8573    0.0018
  QMMM:     4        4      C       -7.2329    1.5400   -0.0016
  QMMM:     5        5      C       -6.0821    0.7818   -0.0012
  QMMM:     6        6      C       -4.8028    1.4262    0.0005
  QMMM:     7        7      H       -8.0884    3.5497   -0.0008
  QMMM:     8        8      H       -3.7718    3.3878    0.0031
  QMMM:     9        9      H       -6.1679   -0.3195   -0.0022
  QMMM:    10       10      C       -8.5838    0.8066   -0.0034
  QMMM:    11       11      C       -3.6660    0.6915    0.0010
  QMMM:    12       12      C       -5.7908    5.1281    0.0026
  QMMM:    13       13      O       -4.6197    5.5972    0.0045
  QMMM:    14       14      O       -8.5305   -0.4539   -0.0049
  QMMM:    15       15      O       -2.6791    0.0536    0.0014
  QMMM:    16       16      O       -6.8581    5.7873    0.0018
  QMMM:    17       17      O       -9.6232    1.5089   -0.0034

           --------- Calculation Completed ----------

