            --------------------------------------------------------
                             AMBER SQM VERSION 19
 
                                     By
              Ross C. Walker, Michael F. Crowley, Scott Brozell,
                         Tim Giese, Andreas W. Goetz,
                        Tai-Sung Lee and David A. Case
 
            --------------------------------------------------------
 

--------------------------------------------------------------------------------
  QM CALCULATION INFO
--------------------------------------------------------------------------------

| QMMM: Citation for AMBER QMMM Run:
| QMMM: R.C. Walker, M.F. Crowley and D.A. Case, J. COMP. CHEM. 29:1019, 2008

QMMM: SINGLET STATE CALCULATION
QMMM: RHF CALCULATION, NO. OF DOUBLY OCCUPIED LEVELS = 21

| QMMM: *** Selected Hamiltonian *** 
| QMMM: AM1         

| QMMM: *** Parameter sets in use ***
| QMMM: N : M.J.S.DEWAR et al. JACS, 107, 3902, (1985)
| QMMM: C : M.J.S.DEWAR et al. JACS, 107, 3902, (1985)
| QMMM: H : M.J.S.DEWAR et al. JACS, 107, 3902, (1985)

| QMMM: *** SCF convergence criteria ***
| QMMM: Energy change                :  0.1D-09 kcal/mol
| QMMM: Error matrix |FP-PF|         :  0.1D+00 au
| QMMM: Density matrix change        :  0.5D-06
| QMMM: Maximum number of SCF cycles :     1000

| QMMM: *** Diagonalization Routine Information ***
| QMMM: Pseudo diagonalizations are allowed.
| QMMM: Auto diagonalization routine selection is in use.
| QMMM:
| QMMM: Timing diagonalization routines:
| QMMM:                              norbs =       38
| QMMM:    diag iterations used for timing =       20
| QMMM:
| QMMM:              Internal diag routine = 0.002940 seconds
| QMMM:                 Dspev diag routine = 0.009885 seconds
| QMMM:                Dspevd diag routine = 0.005102 seconds
| QMMM:                Dspevx diag routine = 0.016407 seconds
| QMMM:                 Dsyev diag routine = 0.007590 seconds
| QMMM:                Dsyevd diag routine = 0.005751 seconds
| QMMM:                Dsyevr diag routine = 0.004346 seconds
| QMMM:
| QMMM:                Pseudo diag routine = 0.000800 seconds
| QMMM:
| QMMM: Using internal diagonalization routine (diag_routine=1).

  QMMM: QM Region Cartesian Coordinates (*=link atom) 
  QMMM: QM_NO.   MM_NO.  ATOM         X         Y         Z
  QMMM:     1        1      N        2.8530    0.7980   -0.0650
  QMMM:     2        2      C        4.9000    1.7910    0.6740
  QMMM:     3        3      C        4.2040    0.7180    0.1180
  QMMM:     4        4      C        6.2790    1.7070    0.8600
  QMMM:     5        5      C        6.9640    0.5500    0.4900
  QMMM:     6        6      C        6.2710   -0.5250   -0.0660
  QMMM:     7        7      C        4.8900   -0.4400   -0.2520
  QMMM:     8        8      H        4.3720    2.6970    0.9650
  QMMM:     9        9      H        6.8200    2.5440    1.2930
  QMMM:    10       10      H        8.0400    0.4920    0.6390
  QMMM:    11       11      H        4.3480   -1.2780   -0.6850
  QMMM:    12       12      H        2.4100    1.6640    0.2230
  QMMM:    13       13      N        6.9400   -1.6580   -0.4280
  QMMM:    14       14      H        7.9410   -1.6610   -0.2690

--------------------------------------------------------------------------------
  RESULTS
--------------------------------------------------------------------------------

      iter         sqm energy              rms gradient
      ----    -------------------    -----------------------
xmin    10      117.0708 kcal/mol        0.0058 kcal/(mol*A)
  ... geometry converged !
 
 Final MO eigenvalues (eV):
 -28.9098  -25.0474  -23.2837  -18.7658  -17.6250  -12.4595  -11.7769   -7.5813
  -7.0082   -6.4399   -4.9932   -4.5580   -4.0189   -2.8456   -2.8124   -1.8588
  -1.1603   -0.8212   -0.4760    2.0646    2.2717   10.4586   11.2499   12.5547
  13.0071   13.3476   13.6365   13.9416   14.4250   14.4448   14.7981   15.2536
  15.2590   15.3885   16.0632   16.1767   17.1026   17.1492

 Heat of formation   =        117.07075225 kcal/mol  (        5.07656876 eV)

 Total SCF energy    =     -29076.00734128 kcal/mol  (    -1260.83029102 eV)
 Electronic energy   =    -118630.30452634 kcal/mol  (    -5144.19602473 eV)
 Core-core repulsion =      89554.29718506 kcal/mol  (     3883.36573371 eV)
 
    Atomic Charges for Step       1 :
  Atom    Element       Mulliken Charge
     1      N                 -0.575
     2      C                 -0.456
     3      C                  0.160
     4      C                 -0.031
     5      C                 -0.456
     6      C                  0.160
     7      C                 -0.425
     8      H                  0.040
     9      H                  0.009
    10      H                  0.040
    11      H                  0.075
    12      H                  0.017
    13      N                 -0.575
    14      H                  0.017
 Total Mulliken Charge =      -2.000
 
                  X        Y        Z     TOTAL  
  QM DIPOLE   -49.318    0.604    0.541   49.325
 
 Final Structure

  QMMM: QM Region Cartesian Coordinates (*=link atom) 
  QMMM: QM_NO.   MM_NO.  ATOM         X         Y         Z
  QMMM:     1        1      N        2.8108    0.7814   -0.0783
  QMMM:     2        2      C        4.9067    1.8090    0.6824
  QMMM:     3        3      C        4.1401    0.7153    0.1070
  QMMM:     4        4      C        6.2713    1.6948    0.8534
  QMMM:     5        5      C        6.9780    0.5640    0.4982
  QMMM:     6        6      C        6.2962   -0.5807   -0.0847
  QMMM:     7        7      C        4.8857   -0.4465   -0.2548
  QMMM:     8        8      H        4.3889    2.7284    0.9803
  QMMM:     9        9      H        6.8229    2.5473    1.2946
  QMMM:    10       10      H        8.0625    0.5204    0.6536
  QMMM:    11       11      H        4.3390   -1.2913   -0.6921
  QMMM:    12       12      H        2.4647    1.6697    0.2341
  QMMM:    13       13      N        6.9426   -1.7021   -0.4456
  QMMM:    14       14      H        7.9226   -1.6108   -0.2511

           --------- Calculation Completed ----------

