                      :-) GROMACS - gmx mdrun, 2020.5 (-:

                            GROMACS is written by:
     Emile Apol      Rossen Apostolov      Paul Bauer     Herman J.C. Berendsen
    Par Bjelkmar      Christian Blau   Viacheslav Bolnykh     Kevin Boyd    
 Aldert van Buuren   Rudi van Drunen     Anton Feenstra       Alan Gray     
  Gerrit Groenhof     Anca Hamuraru    Vincent Hindriksen  M. Eric Irrgang  
  Aleksei Iupinov   Christoph Junghans     Joe Jordan     Dimitrios Karkoulis
    Peter Kasson        Jiri Kraus      Carsten Kutzner      Per Larsson    
  Justin A. Lemkul    Viveca Lindahl    Magnus Lundborg     Erik Marklund   
    Pascal Merz     Pieter Meulenhoff    Teemu Murtola       Szilard Pall   
    Sander Pronk      Roland Schulz      Michael Shirts    Alexey Shvetsov  
   Alfons Sijbers     Peter Tieleman      Jon Vincent      Teemu Virolainen 
 Christian Wennberg    Maarten Wolf      Artem Zhmurov   
                           and the project leaders:
        Mark Abraham, Berk Hess, Erik Lindahl, and David van der Spoel

Copyright (c) 1991-2000, University of Groningen, The Netherlands.
Copyright (c) 2001-2019, The GROMACS development team at
Uppsala University, Stockholm University and
the Royal Institute of Technology, Sweden.
check out http://www.gromacs.org for more information.

GROMACS is free software; you can redistribute it and/or modify it
under the terms of the GNU Lesser General Public License
as published by the Free Software Foundation; either version 2.1
of the License, or (at your option) any later version.

GROMACS:      gmx mdrun, version 2020.5
Executable:   /usr/local/gromacs/bin/gmx
Data prefix:  /usr/local/gromacs
Working dir:  /Users/nate_schwindt/Projects/polymer_membrane/Polymatic/lin_xlink/protonated/walls/hydration/from_Michael
Process ID:   5978
Command line:
  gmx mdrun -s nvt.tpr -deffnm nvt

GROMACS version:    2020.5
Verified release checksum is 4d9aa1b4e69850bc4583c1983ce2e0e3a88250cafb8f30ab0290b4dd4413a41e
Precision:          single
Memory model:       64 bit
MPI library:        thread_mpi
OpenMP support:     disabled
GPU support:        disabled
SIMD instructions:  AVX2_256
FFT library:        fftw-3.3.8-sse2
RDTSCP usage:       enabled
TNG support:        enabled
Hwloc support:      disabled
Tracing support:    disabled
C compiler:         /Library/Developer/CommandLineTools/usr/bin/cc AppleClang 12.0.0.12000032
C compiler flags:   -mavx2 -mfma -Wno-unknown-pragmas -fno-stack-check -fno-stack-check -O3 -DNDEBUG
C++ compiler:       /Library/Developer/CommandLineTools/usr/bin/c++ AppleClang 12.0.0.12000032
C++ compiler flags: -mavx2 -mfma -Wno-unknown-pragmas -fno-stack-check -fno-stack-check -O3 -DNDEBUG


Running on 1 node with total 16 cores, 16 logical cores
Hardware detected:
  CPU info:
    Vendor: Intel
    Brand:  Intel(R) Core(TM) i9-9880H CPU @ 2.30GHz
    Family: 6   Model: 158   Stepping: 13
    Features: aes apic avx avx2 clfsh cmov cx8 cx16 f16c fma htt intel lahf mmx msr nonstop_tsc pcid pclmuldq pdcm pdpe1gb popcnt pse rdrnd rdtscp sse2 sse3 sse4.1 sse4.2 ssse3 tdt x2apic
  Hardware topology: Only logical processor count


++++ PLEASE READ AND CITE THE FOLLOWING REFERENCE ++++
M. J. Abraham, T. Murtola, R. Schulz, S. Páll, J. C. Smith, B. Hess, E.
Lindahl
GROMACS: High performance molecular simulations through multi-level
parallelism from laptops to supercomputers
SoftwareX 1 (2015) pp. 19-25
-------- -------- --- Thank You --- -------- --------


++++ PLEASE READ AND CITE THE FOLLOWING REFERENCE ++++
S. Páll, M. J. Abraham, C. Kutzner, B. Hess, E. Lindahl
Tackling Exascale Software Challenges in Molecular Dynamics Simulations with
GROMACS
In S. Markidis & E. Laure (Eds.), Solving Software Challenges for Exascale 8759 (2015) pp. 3-27
-------- -------- --- Thank You --- -------- --------


++++ PLEASE READ AND CITE THE FOLLOWING REFERENCE ++++
S. Pronk, S. Páll, R. Schulz, P. Larsson, P. Bjelkmar, R. Apostolov, M. R.
Shirts, J. C. Smith, P. M. Kasson, D. van der Spoel, B. Hess, and E. Lindahl
GROMACS 4.5: a high-throughput and highly parallel open source molecular
simulation toolkit
Bioinformatics 29 (2013) pp. 845-54
-------- -------- --- Thank You --- -------- --------


++++ PLEASE READ AND CITE THE FOLLOWING REFERENCE ++++
B. Hess and C. Kutzner and D. van der Spoel and E. Lindahl
GROMACS 4: Algorithms for highly efficient, load-balanced, and scalable
molecular simulation
J. Chem. Theory Comput. 4 (2008) pp. 435-447
-------- -------- --- Thank You --- -------- --------


++++ PLEASE READ AND CITE THE FOLLOWING REFERENCE ++++
D. van der Spoel, E. Lindahl, B. Hess, G. Groenhof, A. E. Mark and H. J. C.
Berendsen
GROMACS: Fast, Flexible and Free
J. Comp. Chem. 26 (2005) pp. 1701-1719
-------- -------- --- Thank You --- -------- --------


++++ PLEASE READ AND CITE THE FOLLOWING REFERENCE ++++
E. Lindahl and B. Hess and D. van der Spoel
GROMACS 3.0: A package for molecular simulation and trajectory analysis
J. Mol. Mod. 7 (2001) pp. 306-317
-------- -------- --- Thank You --- -------- --------


++++ PLEASE READ AND CITE THE FOLLOWING REFERENCE ++++
H. J. C. Berendsen, D. van der Spoel and R. van Drunen
GROMACS: A message-passing parallel molecular dynamics implementation
Comp. Phys. Comm. 91 (1995) pp. 43-56
-------- -------- --- Thank You --- -------- --------


++++ PLEASE CITE THE DOI FOR THIS VERSION OF GROMACS ++++
https://doi.org/10.5281/zenodo.4420785
-------- -------- --- Thank You --- -------- --------

Input Parameters:
   integrator                     = md
   tinit                          = 0
   dt                             = 0.002
   nsteps                         = 50000
   init-step                      = 0
   simulation-part                = 1
   comm-mode                      = Linear
   nstcomm                        = 100
   bd-fric                        = 0
   ld-seed                        = 2139087575
   emtol                          = 10
   emstep                         = 0.01
   niter                          = 20
   fcstep                         = 0
   nstcgsteep                     = 1000
   nbfgscorr                      = 10
   rtpi                           = 0.05
   nstxout                        = 0
   nstvout                        = 0
   nstfout                        = 0
   nstlog                         = 1000
   nstcalcenergy                  = 100
   nstenergy                      = 1000
   nstxout-compressed             = 1000
   compressed-x-precision         = 1000
   cutoff-scheme                  = Verlet
   nstlist                        = 10
   pbc                            = xyz
   periodic-molecules             = false
   verlet-buffer-tolerance        = 0.005
   rlist                          = 1
   coulombtype                    = PME
   coulomb-modifier               = Potential-shift
   rcoulomb-switch                = 0
   rcoulomb                       = 1
   epsilon-r                      = 1
   epsilon-rf                     = inf
   vdw-type                       = PME
   vdw-modifier                   = Potential-shift
   rvdw-switch                    = 0
   rvdw                           = 1
   DispCorr                       = EnerPres
   table-extension                = 1
   fourierspacing                 = 0.12
   fourier-nx                     = 28
   fourier-ny                     = 28
   fourier-nz                     = 28
   pme-order                      = 4
   ewald-rtol                     = 1e-05
   ewald-rtol-lj                  = 0.001
   lj-pme-comb-rule               = Geometric
   ewald-geometry                 = 0
   epsilon-surface                = 0
   tcoupl                         = V-rescale
   nsttcouple                     = 10
   nh-chain-length                = 0
   print-nose-hoover-chain-variables = false
   pcoupl                         = No
   pcoupltype                     = Isotropic
   nstpcouple                     = -1
   tau-p                          = 1
   compressibility (3x3):
      compressibility[    0]={ 0.00000e+00,  0.00000e+00,  0.00000e+00}
      compressibility[    1]={ 0.00000e+00,  0.00000e+00,  0.00000e+00}
      compressibility[    2]={ 0.00000e+00,  0.00000e+00,  0.00000e+00}
   ref-p (3x3):
      ref-p[    0]={ 0.00000e+00,  0.00000e+00,  0.00000e+00}
      ref-p[    1]={ 0.00000e+00,  0.00000e+00,  0.00000e+00}
      ref-p[    2]={ 0.00000e+00,  0.00000e+00,  0.00000e+00}
   refcoord-scaling               = No
   posres-com (3):
      posres-com[0]= 0.00000e+00
      posres-com[1]= 0.00000e+00
      posres-com[2]= 0.00000e+00
   posres-comB (3):
      posres-comB[0]= 0.00000e+00
      posres-comB[1]= 0.00000e+00
      posres-comB[2]= 0.00000e+00
   QMMM                           = false
   QMconstraints                  = 0
   QMMMscheme                     = 0
   MMChargeScaleFactor            = 1
qm-opts:
   ngQM                           = 0
   constraint-algorithm           = Lincs
   continuation                   = false
   Shake-SOR                      = false
   shake-tol                      = 0.0001
   lincs-order                    = 4
   lincs-iter                     = 1
   lincs-warnangle                = 30
   nwall                          = 0
   wall-type                      = 9-3
   wall-r-linpot                  = -1
   wall-atomtype[0]               = -1
   wall-atomtype[1]               = -1
   wall-density[0]                = 0
   wall-density[1]                = 0
   wall-ewald-zfac                = 3
   pull                           = false
   awh                            = false
   rotation                       = false
   interactiveMD                  = false
   disre                          = No
   disre-weighting                = Conservative
   disre-mixed                    = false
   dr-fc                          = 1000
   dr-tau                         = 0
   nstdisreout                    = 100
   orire-fc                       = 0
   orire-tau                      = 0
   nstorireout                    = 100
   free-energy                    = no
   cos-acceleration               = 0
   deform (3x3):
      deform[    0]={ 0.00000e+00,  0.00000e+00,  0.00000e+00}
      deform[    1]={ 0.00000e+00,  0.00000e+00,  0.00000e+00}
      deform[    2]={ 0.00000e+00,  0.00000e+00,  0.00000e+00}
   simulated-tempering            = false
   swapcoords                     = no
   userint1                       = 0
   userint2                       = 0
   userint3                       = 0
   userint4                       = 0
   userreal1                      = 0
   userreal2                      = 0
   userreal3                      = 0
   userreal4                      = 0
   applied-forces:
     electric-field:
       x:
         E0                       = 0
         omega                    = 0
         t0                       = 0
         sigma                    = 0
       y:
         E0                       = 0
         omega                    = 0
         t0                       = 0
         sigma                    = 0
       z:
         E0                       = 0
         omega                    = 0
         t0                       = 0
         sigma                    = 0
     density-guided-simulation:
       active                     = false
       group                      = protein
       similarity-measure         = inner-product
       atom-spreading-weight      = unity
       force-constant             = 1e+09
       gaussian-transform-spreading-width = 0.2
       gaussian-transform-spreading-range-in-multiples-of-width = 4
       reference-density-filename = reference.mrc
       nst                        = 1
       normalize-densities        = true
       adaptive-force-scaling     = false
       adaptive-force-scaling-time-constant = 4
grpopts:
   nrdf:        5397
   ref-t:         300
   tau-t:         0.1
annealing:          No
annealing-npoints:           0
   acc:	           0           0           0
   nfreeze:           N           N           N
   energygrp-flags[  0]: 0

Changing nstlist from 10 to 50, rlist from 1 to 1.111


Initializing Domain Decomposition on 16 ranks
Dynamic load balancing: auto
Using update groups, nr 900, average size 3.0 atoms, max. radius 0.078 nm
Minimum cell size due to atom displacement: 0.293 nm
Scaling the initial minimum size with 1/0.8 (option -dds) = 1.25
Using 0 separate PME ranks, as there are too few total
 ranks for efficient splitting
Optimizing the DD grid for 16 cells with a minimum initial size of 0.366 nm
The maximum allowed number of cells is: X 8 Y 8 Z 8
Domain decomposition grid 4 x 4 x 1, separate PME ranks 0
PME domain decomposition: 4 x 4 x 1
Domain decomposition rank 0, coordinates 0 0 0

The initial number of communication pulses is: X 2 Y 2
The initial domain decomposition cell size is: X 0.75 nm Y 0.75 nm

When dynamic load balancing gets turned on, these settings will change to:
The maximum number of communication pulses is: X 3 Y 3
The minimum size for domain decomposition cells is 0.422 nm
The requested allowed shrink of DD cells (option -dds) is: 0.80
The allowed shrink of domain decomposition cells is: X 0.56 Y 0.56

Using 16 MPI threads
System total charge: 0.000
Will do PME sum in reciprocal space for LJ dispersion interactions.

++++ PLEASE READ AND CITE THE FOLLOWING REFERENCE ++++
U. Essmann, L. Perera, M. L. Berkowitz, T. Darden, H. Lee and L. G. Pedersen 
A smooth particle mesh Ewald method
J. Chem. Phys. 103 (1995) pp. 8577-8592
-------- -------- --- Thank You --- -------- --------

Using a Gaussian width (1/beta) of 0.298423 nm for LJ Ewald
Will do PME sum in reciprocal space for electrostatic interactions.

++++ PLEASE READ AND CITE THE FOLLOWING REFERENCE ++++
U. Essmann, L. Perera, M. L. Berkowitz, T. Darden, H. Lee and L. G. Pedersen 
A smooth particle mesh Ewald method
J. Chem. Phys. 103 (1995) pp. 8577-8592
-------- -------- --- Thank You --- -------- --------

Using a Gaussian width (1/beta) of 0.320163 nm for Ewald
Potential shift: LJ r^-12: -1.000e+00 r^-6: -1.000e-03, Ewald -1.000e-05
Initialized non-bonded Ewald tables, spacing: 9.33e-04 size: 1073

Using shifted Lennard-Jones, switch between 0 and 1 nm

Using SIMD 4x8 nonbonded short-range kernels

Using a dual 4x8 pair-list setup updated with dynamic pruning:
  outer list: updated every 50 steps, buffer 0.111 nm, rlist 1.111 nm
  inner list: updated every 11 steps, buffer 0.001 nm, rlist 1.001 nm
At tolerance 0.005 kJ/mol/ps per atom, equivalent classical 1x1 list would be:
  outer list: updated every 50 steps, buffer 0.236 nm, rlist 1.236 nm
  inner list: updated every 11 steps, buffer 0.042 nm, rlist 1.042 nm

Long Range LJ corr.: <C6> 0.0000e+00

Removing pbc first time

++++ PLEASE READ AND CITE THE FOLLOWING REFERENCE ++++
S. Miyamoto and P. A. Kollman
SETTLE: An Analytical Version of the SHAKE and RATTLE Algorithms for Rigid
Water Models
J. Comp. Chem. 13 (1992) pp. 952-962
-------- -------- --- Thank You --- -------- --------


Linking all bonded interactions to atoms

Intra-simulation communication will occur every 10 steps.

++++ PLEASE READ AND CITE THE FOLLOWING REFERENCE ++++
G. Bussi, D. Donadio and M. Parrinello
Canonical sampling through velocity rescaling
J. Chem. Phys. 126 (2007) pp. 014101
-------- -------- --- Thank You --- -------- --------

There are: 2700 Atoms
Atom distribution over 16 domains: av 168 stddev 19 min 150 max 192

Constraining the starting coordinates (step 0)

Constraining the coordinates at t0-dt (step 0)
Center of mass motion removal mode is Linear
We have the following groups for center of mass motion removal:
  0:  rest
RMS relative constraint deviation after constraining: 0.00e+00
Initial temperature: 301.284 K

Started mdrun on rank 0 Tue Feb  8 13:26:23 2022

           Step           Time
              0        0.00000

   Energies (kJ/mol)
        LJ (SR)  Disper. corr.   Coulomb (SR)   Coul. recip.      LJ recip.
    8.40671e+03    0.00000e+00   -4.17946e+04    2.29170e+02   -2.61012e+03
      Potential    Kinetic En.   Total Energy  Conserved En.    Temperature
   -3.57689e+04    6.82878e+03   -2.89401e+04   -2.89401e+04    3.04359e+02
 Pres. DC (bar) Pressure (bar)
   -0.00000e+00    1.14739e+03


DD  step 49 load imb.: force  5.6%

step 100 Turning on dynamic load balancing, because the performance loss due to load imbalance is 2.7 %.

DD  step 999  vol min/aver 0.926  load imb.: force  6.8%
           Step           Time
           1000        2.00000

   Energies (kJ/mol)
        LJ (SR)  Disper. corr.   Coulomb (SR)   Coul. recip.      LJ recip.
    8.07402e+03    0.00000e+00   -4.14421e+04    2.30924e+02   -2.60559e+03
      Potential    Kinetic En.   Total Energy  Conserved En.    Temperature
   -3.57427e+04    6.89984e+03   -2.88429e+04   -2.89401e+04    3.07526e+02
 Pres. DC (bar) Pressure (bar)
   -0.00000e+00    4.46339e+02


DD  step 1999  vol min/aver 0.921  load imb.: force  6.1%
           Step           Time
           2000        4.00000

   Energies (kJ/mol)
        LJ (SR)  Disper. corr.   Coulomb (SR)   Coul. recip.      LJ recip.
    7.87682e+03    0.00000e+00   -4.14783e+04    2.27135e+02   -2.60480e+03
      Potential    Kinetic En.   Total Energy  Conserved En.    Temperature
   -3.59791e+04    6.75522e+03   -2.92239e+04   -2.89370e+04    3.01081e+02
 Pres. DC (bar) Pressure (bar)
   -0.00000e+00   -1.93460e+02


DD  step 2999  vol min/aver 0.880  load imb.: force  5.4%
           Step           Time
           3000        6.00000

   Energies (kJ/mol)
        LJ (SR)  Disper. corr.   Coulomb (SR)   Coul. recip.      LJ recip.
    8.16780e+03    0.00000e+00   -4.17929e+04    2.24299e+02   -2.60429e+03
      Potential    Kinetic En.   Total Energy  Conserved En.    Temperature
   -3.60051e+04    6.62172e+03   -2.93834e+04   -2.89375e+04    2.95131e+02
 Pres. DC (bar) Pressure (bar)
   -0.00000e+00    2.35475e+02


DD  step 3999  vol min/aver 0.923  load imb.: force  3.5%
           Step           Time
           4000        8.00000

   Energies (kJ/mol)
        LJ (SR)  Disper. corr.   Coulomb (SR)   Coul. recip.      LJ recip.
    8.08874e+03    0.00000e+00   -4.18344e+04    2.27337e+02   -2.60424e+03
      Potential    Kinetic En.   Total Energy  Conserved En.    Temperature
   -3.61226e+04    6.96477e+03   -2.91578e+04   -2.89380e+04    3.10420e+02
 Pres. DC (bar) Pressure (bar)
   -0.00000e+00    1.37099e+02


DD  step 4999  vol min/aver 0.923  load imb.: force 10.5%
           Step           Time
           5000       10.00000

   Energies (kJ/mol)
        LJ (SR)  Disper. corr.   Coulomb (SR)   Coul. recip.      LJ recip.
    8.13737e+03    0.00000e+00   -4.17736e+04    2.30498e+02   -2.60539e+03
      Potential    Kinetic En.   Total Energy  Conserved En.    Temperature
   -3.60111e+04    6.96921e+03   -2.90419e+04   -2.89375e+04    3.10618e+02
 Pres. DC (bar) Pressure (bar)
   -0.00000e+00    3.53068e+02


DD  step 5999  vol min/aver 0.937  load imb.: force  4.2%
           Step           Time
           6000       12.00000

   Energies (kJ/mol)
        LJ (SR)  Disper. corr.   Coulomb (SR)   Coul. recip.      LJ recip.
    7.98599e+03    0.00000e+00   -4.16566e+04    2.30975e+02   -2.60754e+03
      Potential    Kinetic En.   Total Energy  Conserved En.    Temperature
   -3.60471e+04    6.48605e+03   -2.95611e+04   -2.89369e+04    2.89084e+02
 Pres. DC (bar) Pressure (bar)
   -0.00000e+00   -3.02256e+01


DD  step 6999  vol min/aver 0.907  load imb.: force  5.3%
           Step           Time
           7000       14.00000

   Energies (kJ/mol)
        LJ (SR)  Disper. corr.   Coulomb (SR)   Coul. recip.      LJ recip.
    7.78714e+03    0.00000e+00   -4.13354e+04    2.16831e+02   -2.60462e+03
      Potential    Kinetic En.   Total Energy  Conserved En.    Temperature
   -3.59361e+04    6.82943e+03   -2.91066e+04   -2.89382e+04    3.04388e+02
 Pres. DC (bar) Pressure (bar)
   -0.00000e+00   -2.73927e+02


DD  step 7999  vol min/aver 0.930  load imb.: force  6.8%
           Step           Time
           8000       16.00000

   Energies (kJ/mol)
        LJ (SR)  Disper. corr.   Coulomb (SR)   Coul. recip.      LJ recip.
    7.84397e+03    0.00000e+00   -4.11844e+04    2.18420e+02   -2.60414e+03
      Potential    Kinetic En.   Total Energy  Conserved En.    Temperature
   -3.57262e+04    6.39437e+03   -2.93318e+04   -2.89337e+04    2.84997e+02
 Pres. DC (bar) Pressure (bar)
   -0.00000e+00   -1.61434e+02


DD  step 8999  vol min/aver 0.918  load imb.: force  8.4%
           Step           Time
           9000       18.00000

   Energies (kJ/mol)
        LJ (SR)  Disper. corr.   Coulomb (SR)   Coul. recip.      LJ recip.
    7.98862e+03    0.00000e+00   -4.15680e+04    2.34379e+02   -2.60351e+03
      Potential    Kinetic En.   Total Energy  Conserved En.    Temperature
   -3.59486e+04    6.76138e+03   -2.91872e+04   -2.89342e+04    3.01355e+02
 Pres. DC (bar) Pressure (bar)
   -0.00000e+00    2.12547e+01


DD  step 9999  vol min/aver 0.907  load imb.: force  9.5%
           Step           Time
          10000       20.00000

   Energies (kJ/mol)
        LJ (SR)  Disper. corr.   Coulomb (SR)   Coul. recip.      LJ recip.
    7.77694e+03    0.00000e+00   -4.18020e+04    2.31052e+02   -2.60346e+03
      Potential    Kinetic En.   Total Energy  Conserved En.    Temperature
   -3.63975e+04    6.97907e+03   -2.94184e+04   -2.89365e+04    3.11058e+02
 Pres. DC (bar) Pressure (bar)
   -0.00000e+00   -7.34758e+02


DD  step 10999  vol min/aver 0.946  load imb.: force 10.8%
           Step           Time
          11000       22.00000

   Energies (kJ/mol)
        LJ (SR)  Disper. corr.   Coulomb (SR)   Coul. recip.      LJ recip.
    8.12563e+03    0.00000e+00   -4.19129e+04    2.18602e+02   -2.60647e+03
      Potential    Kinetic En.   Total Energy  Conserved En.    Temperature
   -3.61752e+04    6.83065e+03   -2.93445e+04   -2.89329e+04    3.04443e+02
 Pres. DC (bar) Pressure (bar)
   -0.00000e+00    2.15850e+02


DD  step 11999  vol min/aver 0.903  load imb.: force  9.5%
           Step           Time
          12000       24.00000

   Energies (kJ/mol)
        LJ (SR)  Disper. corr.   Coulomb (SR)   Coul. recip.      LJ recip.
    8.25796e+03    0.00000e+00   -4.18522e+04    2.25772e+02   -2.60539e+03
      Potential    Kinetic En.   Total Energy  Conserved En.    Temperature
   -3.59738e+04    6.67757e+03   -2.92962e+04   -2.89324e+04    2.97620e+02
 Pres. DC (bar) Pressure (bar)
   -0.00000e+00    5.87318e+02


DD  step 12999  vol min/aver 0.900  load imb.: force 12.4%
           Step           Time
          13000       26.00000

   Energies (kJ/mol)
        LJ (SR)  Disper. corr.   Coulomb (SR)   Coul. recip.      LJ recip.
    8.34282e+03    0.00000e+00   -4.20889e+04    2.18708e+02   -2.60625e+03
      Potential    Kinetic En.   Total Energy  Conserved En.    Temperature
   -3.61336e+04    6.83266e+03   -2.93010e+04   -2.89364e+04    3.04532e+02
 Pres. DC (bar) Pressure (bar)
   -0.00000e+00    5.20519e+02


DD  step 13999  vol min/aver 0.908  load imb.: force  6.9%
           Step           Time
          14000       28.00000

   Energies (kJ/mol)
        LJ (SR)  Disper. corr.   Coulomb (SR)   Coul. recip.      LJ recip.
    8.08143e+03    0.00000e+00   -4.17432e+04    2.16708e+02   -2.60432e+03
      Potential    Kinetic En.   Total Energy  Conserved En.    Temperature
   -3.60494e+04    6.59438e+03   -2.94550e+04   -2.89343e+04    2.93912e+02
 Pres. DC (bar) Pressure (bar)
   -0.00000e+00    1.47619e+02


DD  step 14999  vol min/aver 0.933  load imb.: force  5.8%
           Step           Time
          15000       30.00000

   Energies (kJ/mol)
        LJ (SR)  Disper. corr.   Coulomb (SR)   Coul. recip.      LJ recip.
    7.83202e+03    0.00000e+00   -4.14460e+04    2.32143e+02   -2.60246e+03
      Potential    Kinetic En.   Total Energy  Conserved En.    Temperature
   -3.59843e+04    6.92074e+03   -2.90636e+04   -2.89354e+04    3.08458e+02
 Pres. DC (bar) Pressure (bar)
   -0.00000e+00   -3.04033e+02


DD  step 15999  vol min/aver 0.962  load imb.: force  4.3%
           Step           Time
          16000       32.00000

   Energies (kJ/mol)
        LJ (SR)  Disper. corr.   Coulomb (SR)   Coul. recip.      LJ recip.
    7.71830e+03    0.00000e+00   -4.17369e+04    2.30457e+02   -2.60487e+03
      Potential    Kinetic En.   Total Energy  Conserved En.    Temperature
   -3.63930e+04    6.89452e+03   -2.94985e+04   -2.89328e+04    3.07289e+02
 Pres. DC (bar) Pressure (bar)
   -0.00000e+00   -8.63927e+02


DD  step 16999  vol min/aver 0.933  load imb.: force  4.4%
           Step           Time
          17000       34.00000

   Energies (kJ/mol)
        LJ (SR)  Disper. corr.   Coulomb (SR)   Coul. recip.      LJ recip.
    7.93136e+03    0.00000e+00   -4.15246e+04    2.19933e+02   -2.60625e+03
      Potential    Kinetic En.   Total Energy  Conserved En.    Temperature
   -3.59795e+04    6.59938e+03   -2.93802e+04   -2.89291e+04    2.94135e+02
 Pres. DC (bar) Pressure (bar)
   -0.00000e+00   -1.65518e+02


DD  step 17999  vol min/aver 0.944  load imb.: force  7.2%
           Step           Time
          18000       36.00000

   Energies (kJ/mol)
        LJ (SR)  Disper. corr.   Coulomb (SR)   Coul. recip.      LJ recip.
    7.71381e+03    0.00000e+00   -4.12819e+04    2.18757e+02   -2.60409e+03
      Potential    Kinetic En.   Total Energy  Conserved En.    Temperature
   -3.59534e+04    6.88427e+03   -2.90691e+04   -2.89308e+04    3.06832e+02
 Pres. DC (bar) Pressure (bar)
   -0.00000e+00   -5.05124e+02


DD  step 18999  vol min/aver 0.953  load imb.: force  3.6%
           Step           Time
          19000       38.00000

   Energies (kJ/mol)
        LJ (SR)  Disper. corr.   Coulomb (SR)   Coul. recip.      LJ recip.
    7.85853e+03    0.00000e+00   -4.16336e+04    2.05817e+02   -2.60426e+03
      Potential    Kinetic En.   Total Energy  Conserved En.    Temperature
   -3.61735e+04    6.67943e+03   -2.94941e+04   -2.89292e+04    2.97703e+02
 Pres. DC (bar) Pressure (bar)
   -0.00000e+00   -4.61760e+02


DD  step 19999  vol min/aver 0.947  load imb.: force  5.2%
           Step           Time
          20000       40.00000

   Energies (kJ/mol)
        LJ (SR)  Disper. corr.   Coulomb (SR)   Coul. recip.      LJ recip.
    8.11164e+03    0.00000e+00   -4.17505e+04    2.31296e+02   -2.60652e+03
      Potential    Kinetic En.   Total Energy  Conserved En.    Temperature
   -3.60141e+04    6.70641e+03   -2.93077e+04   -2.89262e+04    2.98905e+02
 Pres. DC (bar) Pressure (bar)
   -0.00000e+00    3.13397e+02


DD  step 20999  vol min/aver 0.894  load imb.: force 12.4%
           Step           Time
          21000       42.00000

   Energies (kJ/mol)
        LJ (SR)  Disper. corr.   Coulomb (SR)   Coul. recip.      LJ recip.
    8.16356e+03    0.00000e+00   -4.17601e+04    2.26573e+02   -2.60562e+03
      Potential    Kinetic En.   Total Energy  Conserved En.    Temperature
   -3.59756e+04    6.86378e+03   -2.91118e+04   -2.89279e+04    3.05919e+02
 Pres. DC (bar) Pressure (bar)
   -0.00000e+00    4.59329e+02


DD  step 21999  vol min/aver 0.933  load imb.: force  6.2%
           Step           Time
          22000       44.00000

   Energies (kJ/mol)
        LJ (SR)  Disper. corr.   Coulomb (SR)   Coul. recip.      LJ recip.
    7.97026e+03    0.00000e+00   -4.13436e+04    2.21991e+02   -2.60489e+03
      Potential    Kinetic En.   Total Energy  Conserved En.    Temperature
   -3.57563e+04    6.67384e+03   -2.90824e+04   -2.89261e+04    2.97453e+02
 Pres. DC (bar) Pressure (bar)
   -0.00000e+00    2.09687e+02


DD  step 22999  vol min/aver 0.931  load imb.: force  6.0%
           Step           Time
          23000       46.00000

   Energies (kJ/mol)
        LJ (SR)  Disper. corr.   Coulomb (SR)   Coul. recip.      LJ recip.
    8.09195e+03    0.00000e+00   -4.19567e+04    2.38915e+02   -2.60237e+03
      Potential    Kinetic En.   Total Energy  Conserved En.    Temperature
   -3.62282e+04    6.77920e+03   -2.94490e+04   -2.89281e+04    3.02149e+02
 Pres. DC (bar) Pressure (bar)
   -0.00000e+00   -3.68026e+01


DD  step 23999  vol min/aver 0.917  load imb.: force  8.6%
           Step           Time
          24000       48.00000

   Energies (kJ/mol)
        LJ (SR)  Disper. corr.   Coulomb (SR)   Coul. recip.      LJ recip.
    8.06608e+03    0.00000e+00   -4.16338e+04    2.15189e+02   -2.60622e+03
      Potential    Kinetic En.   Total Energy  Conserved En.    Temperature
   -3.59587e+04    6.61435e+03   -2.93444e+04   -2.89223e+04    2.94802e+02
 Pres. DC (bar) Pressure (bar)
   -0.00000e+00    1.58441e+02


DD  step 24999  vol min/aver 0.886  load imb.: force  5.5%
           Step           Time
          25000       50.00000

   Energies (kJ/mol)
        LJ (SR)  Disper. corr.   Coulomb (SR)   Coul. recip.      LJ recip.
    8.03487e+03    0.00000e+00   -4.17365e+04    2.22723e+02   -2.60712e+03
      Potential    Kinetic En.   Total Energy  Conserved En.    Temperature
   -3.60861e+04    6.61371e+03   -2.94724e+04   -2.89257e+04    2.94773e+02
 Pres. DC (bar) Pressure (bar)
   -0.00000e+00    9.05192e-01


DD  step 25999  vol min/aver 0.928  load imb.: force  7.5%
           Step           Time
          26000       52.00000

   Energies (kJ/mol)
        LJ (SR)  Disper. corr.   Coulomb (SR)   Coul. recip.      LJ recip.
    8.11452e+03    0.00000e+00   -4.16985e+04    2.30953e+02   -2.60974e+03
      Potential    Kinetic En.   Total Energy  Conserved En.    Temperature
   -3.59628e+04    6.63547e+03   -2.93273e+04   -2.89271e+04    2.95744e+02
 Pres. DC (bar) Pressure (bar)
   -0.00000e+00    3.16003e+02


DD  step 26999  vol min/aver 0.919  load imb.: force  2.7%
           Step           Time
          27000       54.00000

   Energies (kJ/mol)
        LJ (SR)  Disper. corr.   Coulomb (SR)   Coul. recip.      LJ recip.
    8.41608e+03    0.00000e+00   -4.18445e+04    2.32983e+02   -2.60633e+03
      Potential    Kinetic En.   Total Energy  Conserved En.    Temperature
   -3.58018e+04    6.80535e+03   -2.89964e+04   -2.89244e+04    3.03315e+02
 Pres. DC (bar) Pressure (bar)
   -0.00000e+00    9.78196e+02


DD  step 27999  vol min/aver 0.916  load imb.: force 10.9%

step 28000 Turning off dynamic load balancing, because it is degrading performance.
Atom distribution over 16 domains: av 168 stddev 19 min 156 max 189
           Step           Time
          28000       56.00000

   Energies (kJ/mol)
        LJ (SR)  Disper. corr.   Coulomb (SR)   Coul. recip.      LJ recip.
    7.99588e+03    0.00000e+00   -4.16240e+04    2.00251e+02   -2.60712e+03
      Potential    Kinetic En.   Total Energy  Conserved En.    Temperature
   -3.60349e+04    6.86535e+03   -2.91696e+04   -2.89264e+04    3.05989e+02
 Pres. DC (bar) Pressure (bar)
   -0.00000e+00    6.75894e+01


DD  step 28999 load imb.: force 12.9%
           Step           Time
          29000       58.00000

   Energies (kJ/mol)
        LJ (SR)  Disper. corr.   Coulomb (SR)   Coul. recip.      LJ recip.
    7.83264e+03    0.00000e+00   -4.16076e+04    2.26977e+02   -2.60490e+03
      Potential    Kinetic En.   Total Energy  Conserved En.    Temperature
   -3.61529e+04    6.82930e+03   -2.93236e+04   -2.89243e+04    3.04382e+02
 Pres. DC (bar) Pressure (bar)
   -0.00000e+00   -3.92199e+02


DD  step 29999 load imb.: force  8.3%
           Step           Time
          30000       60.00000

   Energies (kJ/mol)
        LJ (SR)  Disper. corr.   Coulomb (SR)   Coul. recip.      LJ recip.
    8.17347e+03    0.00000e+00   -4.18298e+04    2.43192e+02   -2.60525e+03
      Potential    Kinetic En.   Total Energy  Conserved En.    Temperature
   -3.60184e+04    6.79971e+03   -2.92187e+04   -2.89236e+04    3.03063e+02
 Pres. DC (bar) Pressure (bar)
   -0.00000e+00    3.75487e+02


DD  step 30999 load imb.: force  7.8%
           Step           Time
          31000       62.00000

   Energies (kJ/mol)
        LJ (SR)  Disper. corr.   Coulomb (SR)   Coul. recip.      LJ recip.
    7.98714e+03    0.00000e+00   -4.16085e+04    2.23704e+02   -2.60427e+03
      Potential    Kinetic En.   Total Energy  Conserved En.    Temperature
   -3.60019e+04    6.97530e+03   -2.90266e+04   -2.89246e+04    3.10889e+02
 Pres. DC (bar) Pressure (bar)
   -0.00000e+00    1.71193e+01


DD  step 31999 load imb.: force  4.6%
           Step           Time
          32000       64.00000

   Energies (kJ/mol)
        LJ (SR)  Disper. corr.   Coulomb (SR)   Coul. recip.      LJ recip.
    7.62413e+03    0.00000e+00   -4.15847e+04    2.25656e+02   -2.60458e+03
      Potential    Kinetic En.   Total Energy  Conserved En.    Temperature
   -3.63395e+04    6.48837e+03   -2.98512e+04   -2.89255e+04    2.89187e+02
 Pres. DC (bar) Pressure (bar)
   -0.00000e+00   -1.03643e+03


DD  step 32999 load imb.: force  3.5%
           Step           Time
          33000       66.00000

   Energies (kJ/mol)
        LJ (SR)  Disper. corr.   Coulomb (SR)   Coul. recip.      LJ recip.
    7.97827e+03    0.00000e+00   -4.15389e+04    2.40495e+02   -2.60209e+03
      Potential    Kinetic En.   Total Energy  Conserved En.    Temperature
   -3.59222e+04    6.70753e+03   -2.92147e+04   -2.89216e+04    2.98955e+02
 Pres. DC (bar) Pressure (bar)
   -0.00000e+00   -9.14619e+01


DD  step 33999 load imb.: force  8.4%
           Step           Time
          34000       68.00000

   Energies (kJ/mol)
        LJ (SR)  Disper. corr.   Coulomb (SR)   Coul. recip.      LJ recip.
    7.75165e+03    0.00000e+00   -4.13069e+04    2.36582e+02   -2.60513e+03
      Potential    Kinetic En.   Total Energy  Conserved En.    Temperature
   -3.59238e+04    6.62610e+03   -2.92977e+04   -2.89178e+04    2.95326e+02
 Pres. DC (bar) Pressure (bar)
   -0.00000e+00   -4.57536e+02


DD  step 34999 load imb.: force  8.0%

step 35000 Turning on dynamic load balancing, because the performance loss due to load imbalance is 3.4 %.
           Step           Time
          35000       70.00000

   Energies (kJ/mol)
        LJ (SR)  Disper. corr.   Coulomb (SR)   Coul. recip.      LJ recip.
    7.76238e+03    0.00000e+00   -4.14526e+04    2.29854e+02   -2.60216e+03
      Potential    Kinetic En.   Total Energy  Conserved En.    Temperature
   -3.60625e+04    6.83167e+03   -2.92308e+04   -2.89192e+04    3.04488e+02
 Pres. DC (bar) Pressure (bar)
   -0.00000e+00   -5.19298e+02


DD  step 35999  vol min/aver 0.934  load imb.: force  9.8%

step 36000 Turning off dynamic load balancing, because it is degrading performance.
Atom distribution over 16 domains: av 168 stddev 18 min 150 max 183
           Step           Time
          36000       72.00000

   Energies (kJ/mol)
        LJ (SR)  Disper. corr.   Coulomb (SR)   Coul. recip.      LJ recip.
    7.84563e+03    0.00000e+00   -4.13481e+04    2.41228e+02   -2.60783e+03
      Potential    Kinetic En.   Total Energy  Conserved En.    Temperature
   -3.58691e+04    6.93774e+03   -2.89314e+04   -2.89164e+04    3.09216e+02
 Pres. DC (bar) Pressure (bar)
   -0.00000e+00   -1.26844e+02


DD  step 36999 load imb.: force 11.5%
           Step           Time
          37000       74.00000

   Energies (kJ/mol)
        LJ (SR)  Disper. corr.   Coulomb (SR)   Coul. recip.      LJ recip.
    7.83923e+03    0.00000e+00   -4.13482e+04    2.23660e+02   -2.60612e+03
      Potential    Kinetic En.   Total Energy  Conserved En.    Temperature
   -3.58915e+04    6.68629e+03   -2.92052e+04   -2.89132e+04    2.98008e+02
 Pres. DC (bar) Pressure (bar)
   -0.00000e+00   -8.56030e+01


DD  step 37999 load imb.: force  8.9%
           Step           Time
          38000       76.00000

   Energies (kJ/mol)
        LJ (SR)  Disper. corr.   Coulomb (SR)   Coul. recip.      LJ recip.
    8.53956e+03    0.00000e+00   -4.22875e+04    2.06625e+02   -2.60297e+03
      Potential    Kinetic En.   Total Energy  Conserved En.    Temperature
   -3.61443e+04    6.76384e+03   -2.93804e+04   -2.89133e+04    3.01465e+02
 Pres. DC (bar) Pressure (bar)
   -0.00000e+00    8.71878e+02


DD  step 38999 load imb.: force  7.0%
           Step           Time
          39000       78.00000

   Energies (kJ/mol)
        LJ (SR)  Disper. corr.   Coulomb (SR)   Coul. recip.      LJ recip.
    7.68756e+03    0.00000e+00   -4.11907e+04    2.22999e+02   -2.60630e+03
      Potential    Kinetic En.   Total Energy  Conserved En.    Temperature
   -3.58865e+04    6.82139e+03   -2.90651e+04   -2.89146e+04    3.04030e+02
 Pres. DC (bar) Pressure (bar)
   -0.00000e+00   -4.19259e+02


DD  step 39999 load imb.: force  6.4%

step 40000 Will no longer try dynamic load balancing, as it degraded performance.
           Step           Time
          40000       80.00000

   Energies (kJ/mol)
        LJ (SR)  Disper. corr.   Coulomb (SR)   Coul. recip.      LJ recip.
    7.96741e+03    0.00000e+00   -4.16277e+04    2.41348e+02   -2.60466e+03
      Potential    Kinetic En.   Total Energy  Conserved En.    Temperature
   -3.60236e+04    6.75529e+03   -2.92683e+04   -2.89126e+04    3.01084e+02
 Pres. DC (bar) Pressure (bar)
   -0.00000e+00   -1.06591e+02


DD  step 40999 load imb.: force  8.2%
           Step           Time
          41000       82.00000

   Energies (kJ/mol)
        LJ (SR)  Disper. corr.   Coulomb (SR)   Coul. recip.      LJ recip.
    8.11921e+03    0.00000e+00   -4.14261e+04    2.35243e+02   -2.60271e+03
      Potential    Kinetic En.   Total Energy  Conserved En.    Temperature
   -3.56743e+04    6.72934e+03   -2.89450e+04   -2.89133e+04    2.99927e+02
 Pres. DC (bar) Pressure (bar)
   -0.00000e+00    3.39353e+02


DD  step 41999 load imb.: force  6.5%
           Step           Time
          42000       84.00000

   Energies (kJ/mol)
        LJ (SR)  Disper. corr.   Coulomb (SR)   Coul. recip.      LJ recip.
    8.02097e+03    0.00000e+00   -4.15539e+04    2.19225e+02   -2.60463e+03
      Potential    Kinetic En.   Total Energy  Conserved En.    Temperature
   -3.59183e+04    6.69752e+03   -2.92208e+04   -2.89125e+04    2.98509e+02
 Pres. DC (bar) Pressure (bar)
   -0.00000e+00    1.69659e+02


DD  step 42999 load imb.: force  6.0%
           Step           Time
          43000       86.00000

   Energies (kJ/mol)
        LJ (SR)  Disper. corr.   Coulomb (SR)   Coul. recip.      LJ recip.
    7.64966e+03    0.00000e+00   -4.12026e+04    2.34598e+02   -2.60637e+03
      Potential    Kinetic En.   Total Energy  Conserved En.    Temperature
   -3.59247e+04    6.91985e+03   -2.90048e+04   -2.89162e+04    3.08418e+02
 Pres. DC (bar) Pressure (bar)
   -0.00000e+00   -4.85924e+02


DD  step 43999 load imb.: force  6.3%
           Step           Time
          44000       88.00000

   Energies (kJ/mol)
        LJ (SR)  Disper. corr.   Coulomb (SR)   Coul. recip.      LJ recip.
    7.97838e+03    0.00000e+00   -4.15306e+04    2.36446e+02   -2.60448e+03
      Potential    Kinetic En.   Total Energy  Conserved En.    Temperature
   -3.59203e+04    6.82252e+03   -2.90977e+04   -2.89115e+04    3.04080e+02
 Pres. DC (bar) Pressure (bar)
   -0.00000e+00    1.59428e+01


DD  step 44999 load imb.: force  8.1%
           Step           Time
          45000       90.00000

   Energies (kJ/mol)
        LJ (SR)  Disper. corr.   Coulomb (SR)   Coul. recip.      LJ recip.
    7.66841e+03    0.00000e+00   -4.12243e+04    2.11922e+02   -2.60304e+03
      Potential    Kinetic En.   Total Energy  Conserved En.    Temperature
   -3.59470e+04    6.67398e+03   -2.92731e+04   -2.89151e+04    2.97460e+02
 Pres. DC (bar) Pressure (bar)
   -0.00000e+00   -6.62624e+02


DD  step 45999 load imb.: force  8.3%
           Step           Time
          46000       92.00000

   Energies (kJ/mol)
        LJ (SR)  Disper. corr.   Coulomb (SR)   Coul. recip.      LJ recip.
    7.71416e+03    0.00000e+00   -4.14216e+04    2.27477e+02   -2.60521e+03
      Potential    Kinetic En.   Total Energy  Conserved En.    Temperature
   -3.60851e+04    6.59531e+03   -2.94898e+04   -2.89127e+04    2.93954e+02
 Pres. DC (bar) Pressure (bar)
   -0.00000e+00   -5.65765e+02


DD  step 46999 load imb.: force 14.4%
           Step           Time
          47000       94.00000

   Energies (kJ/mol)
        LJ (SR)  Disper. corr.   Coulomb (SR)   Coul. recip.      LJ recip.
    8.24197e+03    0.00000e+00   -4.21652e+04    2.32677e+02   -2.60522e+03
      Potential    Kinetic En.   Total Energy  Conserved En.    Temperature
   -3.62958e+04    6.79110e+03   -2.95047e+04   -2.89078e+04    3.02680e+02
 Pres. DC (bar) Pressure (bar)
   -0.00000e+00    2.33204e+02


DD  step 47999 load imb.: force  7.5%
           Step           Time
          48000       96.00000

   Energies (kJ/mol)
        LJ (SR)  Disper. corr.   Coulomb (SR)   Coul. recip.      LJ recip.
    8.01616e+03    0.00000e+00   -4.15716e+04    2.32945e+02   -2.60384e+03
      Potential    Kinetic En.   Total Energy  Conserved En.    Temperature
   -3.59263e+04    6.60260e+03   -2.93237e+04   -2.89065e+04    2.94279e+02
 Pres. DC (bar) Pressure (bar)
   -0.00000e+00    5.22903e+01


DD  step 48999 load imb.: force  4.3%
           Step           Time
          49000       98.00000

   Energies (kJ/mol)
        LJ (SR)  Disper. corr.   Coulomb (SR)   Coul. recip.      LJ recip.
    8.07436e+03    0.00000e+00   -4.16126e+04    2.22650e+02   -2.60684e+03
      Potential    Kinetic En.   Total Energy  Conserved En.    Temperature
   -3.59224e+04    6.81464e+03   -2.91078e+04   -2.89104e+04    3.03729e+02
 Pres. DC (bar) Pressure (bar)
   -0.00000e+00    2.85721e+02


DD  step 49999 load imb.: force  9.0%
           Step           Time
          50000      100.00000

Writing checkpoint, step 50000 at Tue Feb  8 13:26:59 2022


   Energies (kJ/mol)
        LJ (SR)  Disper. corr.   Coulomb (SR)   Coul. recip.      LJ recip.
    8.02498e+03    0.00000e+00   -4.17344e+04    2.09336e+02   -2.60666e+03
      Potential    Kinetic En.   Total Energy  Conserved En.    Temperature
   -3.61067e+04    6.49575e+03   -2.96110e+04   -2.89084e+04    2.89516e+02
 Pres. DC (bar) Pressure (bar)
   -0.00000e+00   -2.73179e+01


	<======  ###############  ==>
	<====  A V E R A G E S  ====>
	<==  ###############  ======>

	Statistics over 50001 steps using 501 frames

   Energies (kJ/mol)
        LJ (SR)  Disper. corr.   Coulomb (SR)   Coul. recip.      LJ recip.
    8.00155e+03    0.00000e+00   -4.16529e+04    2.26019e+02   -2.60507e+03
      Potential    Kinetic En.   Total Energy  Conserved En.    Temperature
   -3.60304e+04    6.73658e+03   -2.92939e+04   -2.89250e+04    3.00250e+02
 Pres. DC (bar) Pressure (bar)
    0.00000e+00   -3.55477e+00

   Total Virial (kJ/mol)
    2.25418e+03   -1.48125e+00   -1.00726e+00
   -1.43055e+00    2.26994e+03    1.18867e+01
   -1.06133e+00    1.18166e+01    2.22122e+03

   Pressure (bar)
   -1.07687e+01    1.61402e+00   -7.55839e-01
    1.55235e+00   -2.80937e+01   -1.12848e+01
   -6.90073e-01   -1.11996e+01    2.81981e+01


	M E G A - F L O P S   A C C O U N T I N G

 NB=Group-cutoff nonbonded kernels    NxN=N-by-N cluster Verlet kernels
 RF=Reaction-Field  VdW=Van der Waals  QSTab=quadratic-spline table
 W3=SPC/TIP3p  W4=TIP4p (single or pairs)
 V&F=Potential and force  V=Potential only  F=Force only

 Computing:                               M-Number         M-Flops  % Flops
-----------------------------------------------------------------------------
 Pair Search distance check            1231.052156       11079.469     0.1
 NxN Ewald Elec. + LJ [F]             47849.392672     4880638.053    58.5
 NxN Ewald Elec. + LJ [V&F]             484.219840       67790.778     0.8
 NxN Ewald Elec. [F]                  43385.160928     2646494.817    31.7
 NxN Ewald Elec. [V&F]                  439.078080       36882.559     0.4
 Calc Weights                           405.008100       14580.292     0.2
 Spread Q Bspline                     17280.345600       34560.691     0.4
 Gather F Bspline                     17280.345600      103682.074     1.2
 3D-FFT                               63319.866372      506558.931     6.1
 Solve PME                              313.606272       20070.801     0.2
 Reset In Box                             2.697300           8.092     0.0
 CG-CoM                                   2.705400           8.116     0.0
 Virial                                   1.713420          30.842     0.0
 Stop-CM                                  1.355400          13.554     0.0
 Calc-Ekin                               27.005400         729.146     0.0
 Constraint-V                           135.005400        1080.043     0.0
 Constraint-Vir                           1.352700          32.465     0.0
 Settle                                  45.002700       14535.872     0.2
-----------------------------------------------------------------------------
 Total                                                 8338776.593   100.0
-----------------------------------------------------------------------------


    D O M A I N   D E C O M P O S I T I O N   S T A T I S T I C S

 av. #atoms communicated per step for force:  2 x 13862.0


Dynamic load balancing report:
 DLB got disabled because it was unsuitable to use.
 Average load imbalance: 7.1%.
 The balanceable part of the MD step is 48%, load imbalance is computed from this.
 Part of the total run time spent waiting due to load imbalance: 3.4%.


     R E A L   C Y C L E   A N D   T I M E   A C C O U N T I N G

On 16 MPI ranks

 Computing:          Num   Num      Call    Wall time         Giga-Cycles
                     Ranks Threads  Count      (s)         total sum    %
-----------------------------------------------------------------------------
 Domain decomp.        16    1       1001       0.233          8.576   0.6
 DD comm. load         16    1        601       0.002          0.062   0.0
 DD comm. bounds       16    1        578       0.004          0.137   0.0
 Neighbor search       16    1       1001       0.358         13.193   1.0
 Comm. coord.          16    1      49000       1.046         38.543   2.9
 Force                 16    1      50001      15.773        581.427  43.3
 Wait + Comm. F        16    1      50001       1.033         38.076   2.8
 PME mesh              16    1      50001      17.262        636.315  47.4
 NB X/F buffer ops.    16    1     148001       0.340         12.536   0.9
 Write traj.           16    1         51       0.002          0.073   0.0
 Update                16    1      50001       0.052          1.931   0.1
 Constraints           16    1      50003       0.124          4.556   0.3
 Comm. energies        16    1       5001       0.091          3.356   0.2
 Rest                                           0.114          4.184   0.3
-----------------------------------------------------------------------------
 Total                                         36.433       1342.963 100.0
-----------------------------------------------------------------------------
 Breakdown of PME mesh computation
-----------------------------------------------------------------------------
 PME redist. X/F       16    1     150003       5.264        194.054  14.4
 PME spread            16    1     100002       2.387         87.992   6.6
 PME gather            16    1     100002       2.271         83.694   6.2
 PME 3D-FFT            16    1     200004       3.528        130.053   9.7
 PME 3D-FFT Comm.      16    1     400008       3.062        112.872   8.4
 PME solve LJ          16    1      50001       0.501         18.465   1.4
 PME solve Elec        16    1      50001       0.219          8.064   0.6
-----------------------------------------------------------------------------

               Core t (s)   Wall t (s)        (%)
       Time:      582.870       36.433     1599.9
                 (ns/day)    (hour/ns)
Performance:      237.154        0.101
Finished mdrun on rank 0 Tue Feb  8 13:26:59 2022

