            --------------------------------------------------------
                             AMBER SQM VERSION 19
 
                                     By
              Ross C. Walker, Michael F. Crowley, Scott Brozell,
                         Tim Giese, Andreas W. Goetz,
                        Tai-Sung Lee and David A. Case
 
            --------------------------------------------------------
 

--------------------------------------------------------------------------------
  QM CALCULATION INFO
--------------------------------------------------------------------------------

| QMMM: Citation for AMBER QMMM Run:
| QMMM: R.C. Walker, M.F. Crowley and D.A. Case, J. COMP. CHEM. 29:1019, 2008

QMMM: SINGLET STATE CALCULATION
QMMM: RHF CALCULATION, NO. OF DOUBLY OCCUPIED LEVELS = 27

| QMMM: *** Selected Hamiltonian *** 
| QMMM: AM1         

| QMMM: *** Parameter sets in use ***
| QMMM: C : M.J.S.DEWAR et al. JACS, 107, 3902, (1985)
| QMMM: H : M.J.S.DEWAR et al. JACS, 107, 3902, (1985)
| QMMM: O : M.J.S.DEWAR et al. JACS, 107, 3902, (1985)

| QMMM: *** SCF convergence criteria ***
| QMMM: Energy change                :  0.1D-09 kcal/mol
| QMMM: Error matrix |FP-PF|         :  0.1D+00 au
| QMMM: Density matrix change        :  0.5D-06
| QMMM: Maximum number of SCF cycles :     1000

| QMMM: *** Diagonalization Routine Information ***
| QMMM: Pseudo diagonalizations are allowed.
| QMMM: Auto diagonalization routine selection is in use.
| QMMM:
| QMMM: Timing diagonalization routines:
| QMMM:                              norbs =       51
| QMMM:    diag iterations used for timing =       15
| QMMM:
| QMMM:              Internal diag routine = 0.004520 seconds
| QMMM:                 Dspev diag routine = 0.004537 seconds
| QMMM:                Dspevd diag routine = 0.002890 seconds
| QMMM:                Dspevx diag routine = 0.019602 seconds
| QMMM:                 Dsyev diag routine = 0.004116 seconds
| QMMM:                Dsyevd diag routine = 0.002716 seconds
| QMMM:                Dsyevr diag routine = 0.004321 seconds
| QMMM:
| QMMM:                Pseudo diag routine = 0.001244 seconds
| QMMM:
| QMMM: Using dsyevd routine (diag_routine=6).

  QMMM: QM Region Cartesian Coordinates (*=link atom) 
  QMMM: QM_NO.   MM_NO.  ATOM         X         Y         Z
  QMMM:     1        1      C       -8.6710    2.5620   -0.0480
  QMMM:     2        2      C       -7.4100    3.1560   -0.0050
  QMMM:     3        3      C       -6.2680    2.3530    0.0220
  QMMM:     4        4      C       -8.7960    1.1730   -0.0640
  QMMM:     5        5      C       -7.6500    0.3750   -0.0370
  QMMM:     6        6      C       -6.3840    0.9640    0.0060
  QMMM:     7        7      H       -9.5620    3.1860   -0.0690
  QMMM:     8        8      H       -5.2810    2.8110    0.0550
  QMMM:     9        9      H       -7.7440   -0.7090   -0.0500
  QMMM:    10       10      C      -10.1570    0.5630   -0.1100
  QMMM:    11       11      C       -5.1490    0.1270    0.0350
  QMMM:    12       12      C       -7.3010    4.6440    0.0110
  QMMM:    13       13      O       -6.2530    5.2580    0.0480
  QMMM:    14       14      O      -10.3790   -0.6310   -0.1270
  QMMM:    15       15      O       -5.1360   -1.0870    0.0250

--------------------------------------------------------------------------------
  RESULTS
--------------------------------------------------------------------------------

      iter         sqm energy              rms gradient
      ----    -------------------    -----------------------
xmin    10      799.8761 kcal/mol        1.6945 kcal/(mol*A)
xmin    20      799.1113 kcal/mol        0.1898 kcal/(mol*A)
xmin    30      799.1096 kcal/mol        0.0041 kcal/(mol*A)
  ... geometry converged !
 
 Final MO eigenvalues (eV):
 -55.8941  -55.7679  -55.7679  -53.9195  -47.6719  -47.6719  -40.0952  -40.0952
 -38.9171  -34.3487  -34.3487  -32.0624  -31.7115  -30.8695  -30.7547  -30.4549
 -30.4549  -30.3259  -30.3259  -29.6942  -29.6942  -28.9667  -27.4445  -26.8809
 -26.8809  -24.3148  -24.3148  -14.6605  -14.6605  -13.5770  -13.4074  -13.4074
 -13.0984  -12.5348  -12.3405  -12.3405  -11.9892  -11.9892  -11.2694  -10.2943
 -10.2943  -10.1357   -9.8032   -9.8032   -9.2464   -8.9036   -8.9036   -8.6600
  -8.1030   -8.0630   -8.0630

 Heat of formation   =        799.10960978 kcal/mol  (       34.65199297 eV)

 Total SCF energy    =     -48806.23272043 kcal/mol  (    -2116.39706519 eV)
 Electronic energy   =    -202162.30764306 kcal/mol  (    -8766.41549122 eV)
 Core-core repulsion =     153356.07492263 kcal/mol  (     6650.01842603 eV)
 
    Atomic Charges for Step       1 :
  Atom    Element       Mulliken Charge
     1      C                  0.151
     2      C                 -0.139
     3      C                  0.151
     4      C                 -0.139
     5      C                  0.151
     6      C                 -0.139
     7      H                  0.247
     8      H                  0.247
     9      H                  0.247
    10      C                  0.457
    11      C                  0.457
    12      C                  0.457
    13      O                  0.285
    14      O                  0.285
    15      O                  0.285
 Total Mulliken Charge =       3.000
 
                  X        Y        Z     TOTAL  
  QM DIPOLE  -107.727   23.771   -0.296  110.319
 
 Final Structure

  QMMM: QM Region Cartesian Coordinates (*=link atom) 
  QMMM: QM_NO.   MM_NO.  ATOM         X         Y         Z
  QMMM:     1        1      C       -8.5966    2.5223   -0.0460
  QMMM:     2        2      C       -7.2834    3.0402   -0.0048
  QMMM:     3        3      C       -6.1606    2.1840    0.0208
  QMMM:     4        4      C       -8.7762    1.1216   -0.0614
  QMMM:     5        5      C       -7.6710    0.2427   -0.0365
  QMMM:     6        6      C       -6.3686    0.7872    0.0046
  QMMM:     7        7      H       -9.4777    3.2085   -0.0659
  QMMM:     8        8      H       -5.1261    2.6041    0.0533
  QMMM:     9        9      H       -7.8243   -0.8636   -0.0490
  QMMM:    10       10      C      -10.0924    0.5870   -0.1027
  QMMM:    11       11      C       -5.2475   -0.0858    0.0300
  QMMM:    12       12      C       -7.0883    4.4478    0.0111
  QMMM:    13       13      O       -6.9307    5.5853    0.0239
  QMMM:    14       14      O      -11.1559    0.1550   -0.1360
  QMMM:    15       15      O       -4.3416   -0.7913    0.0506

           --------- Calculation Completed ----------

