            --------------------------------------------------------
                             AMBER SQM VERSION 19
 
                                     By
              Ross C. Walker, Michael F. Crowley, Scott Brozell,
                         Tim Giese, Andreas W. Goetz,
                        Tai-Sung Lee and David A. Case
 
            --------------------------------------------------------
 

--------------------------------------------------------------------------------
  QM CALCULATION INFO
--------------------------------------------------------------------------------

| QMMM: Citation for AMBER QMMM Run:
| QMMM: R.C. Walker, M.F. Crowley and D.A. Case, J. COMP. CHEM. 29:1019, 2008

QMMM: SINGLET STATE CALCULATION
QMMM: RHF CALCULATION, NO. OF DOUBLY OCCUPIED LEVELS = 20

| QMMM: *** Selected Hamiltonian *** 
| QMMM: AM1         

| QMMM: *** Parameter sets in use ***
| QMMM: C : M.J.S.DEWAR et al. JACS, 107, 3902, (1985)
| QMMM: H : M.J.S.DEWAR et al. JACS, 107, 3902, (1985)
| QMMM: N : M.J.S.DEWAR et al. JACS, 107, 3902, (1985)

| QMMM: *** SCF convergence criteria ***
| QMMM: Energy change                :  0.1D-09 kcal/mol
| QMMM: Error matrix |FP-PF|         :  0.1D+00 au
| QMMM: Density matrix change        :  0.5D-06
| QMMM: Maximum number of SCF cycles :     1000

| QMMM: *** Diagonalization Routine Information ***
| QMMM: Pseudo diagonalizations are allowed.
| QMMM: Auto diagonalization routine selection is in use.
| QMMM:
| QMMM: Timing diagonalization routines:
| QMMM:                              norbs =       38
| QMMM:    diag iterations used for timing =       20
| QMMM:
| QMMM:              Internal diag routine = 0.002490 seconds
| QMMM:                 Dspev diag routine = 0.002535 seconds
| QMMM:                Dspevd diag routine = 0.002175 seconds
| QMMM:                Dspevx diag routine = 0.013944 seconds
| QMMM:                 Dsyev diag routine = 0.002808 seconds
| QMMM:                Dsyevd diag routine = 0.002435 seconds
| QMMM:                Dsyevr diag routine = 0.003081 seconds
| QMMM:
| QMMM:                Pseudo diag routine = 0.000659 seconds
| QMMM:
| QMMM: Using dspevd routine (diag_routine=3).

  QMMM: QM Region Cartesian Coordinates (*=link atom) 
  QMMM: QM_NO.   MM_NO.  ATOM         X         Y         Z
  QMMM:     1        1      C       -7.1800    2.9300    0.0000
  QMMM:     2        2      C       -5.9780    3.6360    0.0000
  QMMM:     3        3      C       -4.7650    2.9500   -0.0000
  QMMM:     4        4      C       -7.1700    1.5350   -0.0000
  QMMM:     5        5      C       -5.9560    0.8490   -0.0000
  QMMM:     6        6      C       -4.7520    1.5550   -0.0000
  QMMM:     7        7      H       -8.1230    3.4730    0.0000
  QMMM:     8        8      H       -5.9870    4.7230    0.0000
  QMMM:     9        9      H       -3.8310    3.5080   -0.0000
  QMMM:    10       10      N       -3.5650    0.8800   -0.0000
  QMMM:    11       11      N       -8.3470    0.8420   -0.0000
  QMMM:    12       12      H       -5.9470   -0.2400   -0.0000
  QMMM:    13       13      H       -9.1960    1.3960   -0.0000
  QMMM:    14       14      H       -2.7240    1.4480   -0.0000

--------------------------------------------------------------------------------
  RESULTS
--------------------------------------------------------------------------------

      iter         sqm energy              rms gradient
      ----    -------------------    -----------------------
xmin    10      136.5811 kcal/mol        0.0630 kcal/(mol*A)
xmin    20      136.5810 kcal/mol        0.0009 kcal/(mol*A)
  ... geometry converged !
 
 Final MO eigenvalues (eV):
 -39.8955  -36.5350  -34.0603  -29.5226  -28.1414  -22.9103  -22.5519  -18.2264
 -17.5042  -17.1062  -15.1429  -14.9559  -14.6559  -13.6858  -12.9890  -12.4400
 -11.8946  -11.2044  -10.0931   -7.4284   -2.9758    0.4350    1.0231    2.3851
   2.5886    2.9866    3.4221    3.6220    3.7592    3.8662    4.1619    4.5233
   4.8004    4.8568    5.1090    5.4940    5.9249    7.4966

 Heat of formation   =        136.58097371 kcal/mol  (        5.92259545 eV)

 Total SCF energy    =     -29056.49711982 kcal/mol  (    -1259.98426433 eV)
 Electronic energy   =    -118647.56636121 kcal/mol  (    -5144.94455406 eV)
 Core-core repulsion =      89591.06924138 kcal/mol  (     3884.96028973 eV)
 
    Atomic Charges for Step       1 :
  Atom    Element       Mulliken Charge
     1      C                 -0.165
     2      C                 -0.076
     3      C                 -0.234
     4      C                  0.025
     5      C                  0.005
     6      C                  0.005
     7      H                  0.137
     8      H                  0.136
     9      H                  0.139
    10      N                 -0.075
    11      N                 -0.356
    12      H                  0.172
    13      H                  0.126
    14      H                  0.160
 Total Mulliken Charge =       0.000
 
                  X        Y        Z     TOTAL  
  QM DIPOLE     3.491    3.312   -0.000    4.812
 
 Final Structure

  QMMM: QM Region Cartesian Coordinates (*=link atom) 
  QMMM: QM_NO.   MM_NO.  ATOM         X         Y         Z
  QMMM:     1        1      C       -7.1629    2.9518   -0.0000
  QMMM:     2        2      C       -5.9550    3.6538   -0.0000
  QMMM:     3        3      C       -4.7433    3.0221    0.0000
  QMMM:     4        4      C       -7.2513    1.5047    0.0000
  QMMM:     5        5      C       -5.9735    0.8413   -0.0001
  QMMM:     6        6      C       -4.6982    1.5573    0.0000
  QMMM:     7        7      H       -8.1046    3.5233   -0.0001
  QMMM:     8        8      H       -5.9922    4.7573   -0.0000
  QMMM:     9        9      H       -3.7994    3.5825    0.0001
  QMMM:    10       10      N       -3.6044    0.8544    0.0001
  QMMM:    11       11      N       -8.3482    0.7867    0.0001
  QMMM:    12       12      H       -5.9495   -0.2633   -0.0004
  QMMM:    13       13      H       -9.1842    1.3292    0.0001
  QMMM:    14       14      H       -2.7543    1.3840    0.0002

           --------- Calculation Completed ----------

