            --------------------------------------------------------
                             AMBER SQM VERSION 19
 
                                     By
              Ross C. Walker, Michael F. Crowley, Scott Brozell,
                         Tim Giese, Andreas W. Goetz,
                        Tai-Sung Lee and David A. Case
 
            --------------------------------------------------------
 

--------------------------------------------------------------------------------
  QM CALCULATION INFO
--------------------------------------------------------------------------------

| QMMM: Citation for AMBER QMMM Run:
| QMMM: R.C. Walker, M.F. Crowley and D.A. Case, J. COMP. CHEM. 29:1019, 2008

QMMM: SINGLET STATE CALCULATION
QMMM: RHF CALCULATION, NO. OF DOUBLY OCCUPIED LEVELS = 73

| QMMM: *** Selected Hamiltonian *** 
| QMMM: AM1         

| QMMM: *** Parameter sets in use ***
| QMMM: C : M.J.S.DEWAR et al. JACS, 107, 3902, (1985)
| QMMM: H : M.J.S.DEWAR et al. JACS, 107, 3902, (1985)
| QMMM: O : M.J.S.DEWAR et al. JACS, 107, 3902, (1985)
| QMMM: N : M.J.S.DEWAR et al. JACS, 107, 3902, (1985)

| QMMM: *** SCF convergence criteria ***
| QMMM: Energy change                :  0.1D-09 kcal/mol
| QMMM: Error matrix |FP-PF|         :  0.1D+00 au
| QMMM: Density matrix change        :  0.5D-06
| QMMM: Maximum number of SCF cycles :     1000

| QMMM: *** Diagonalization Routine Information ***
| QMMM: Pseudo diagonalizations are allowed.
| QMMM: Auto diagonalization routine selection is in use.
| QMMM:
| QMMM: Timing diagonalization routines:
| QMMM:                              norbs =      133
| QMMM:    diag iterations used for timing =       10
| QMMM:
| QMMM:              Internal diag routine = 0.037134 seconds
| QMMM:                 Dspev diag routine = 0.063030 seconds
| QMMM:                Dspevd diag routine = 0.024821 seconds
| QMMM:                Dspevx diag routine = 0.098808 seconds
| QMMM:                 Dsyev diag routine = 0.052452 seconds
| QMMM:                Dsyevd diag routine = 0.018535 seconds
| QMMM:                Dsyevr diag routine = 0.023342 seconds
| QMMM:
| QMMM:                Pseudo diag routine = 0.017102 seconds
| QMMM:
| QMMM: Using dsyevd routine (diag_routine=6).

  QMMM: QM Region Cartesian Coordinates (*=link atom) 
  QMMM: QM_NO.   MM_NO.  ATOM         X         Y         Z
  QMMM:     1        1      C       -1.7340    1.2890   -0.5280
  QMMM:     2        2      C       -2.6700    0.3010   -0.1770
  QMMM:     3        3      C       -0.3760    1.0430   -0.3190
  QMMM:     4        4      C        0.0680   -0.1630    0.2280
  QMMM:     5        5      C       -0.8780   -1.1320    0.5630
  QMMM:     6        6      C       -2.2490   -0.9220    0.3700
  QMMM:     7        7      H       -3.7280    0.4910   -0.3400
  QMMM:     8        8      H        0.3360    1.8140   -0.5940
  QMMM:     9        9      H       -0.5360   -2.0730    0.9860
  QMMM:    10       10      C        1.5330   -0.4380    0.4620
  QMMM:    11       11      O        1.9380   -1.4760    0.9500
  QMMM:    12       12      N        2.3890    0.5560    0.1240
  QMMM:    13       13      C        4.4110    1.7640    0.7250
  QMMM:    14       14      C        3.8110    0.5860    0.2810
  QMMM:    15       15      C        5.7950    1.8330    0.8740
  QMMM:    16       16      C        6.5860    0.7270    0.5710
  QMMM:    17       17      C        5.9940   -0.4500    0.1120
  QMMM:    18       18      C        4.6080   -0.5180   -0.0380
  QMMM:    19       19      H        3.7980    2.6310    0.9620
  QMMM:    20       20      H        6.2560    2.7520    1.2260
  QMMM:    21       21      H        7.6650    0.7880    0.6900
  QMMM:    22       22      H        4.1490   -1.4320   -0.4080
  QMMM:    23       23      H        1.9770    1.4160   -0.2060
  QMMM:    24       24      C       -2.1470    2.6090   -1.1300
  QMMM:    25       25      C       -3.1930   -2.0410    0.7550
  QMMM:    26       26      O       -2.7590   -3.0890    1.2000
  QMMM:    27       27      O       -1.2780    3.4160   -1.4080
  QMMM:    28       28      O       -3.3270    2.8200   -1.3190
  QMMM:    29       29      N        6.7690   -1.5320   -0.1910
  QMMM:    30       30      H        7.7310   -1.5420    0.1280
  QMMM:    31       31      H        6.3060   -2.4240   -0.3320
  QMMM:    32       32      N       -4.5250   -1.8410    0.6000
  QMMM:    33       33      C       -5.5890   -2.7710    0.8810
  QMMM:    34       34      H       -4.8420   -0.9260    0.3220
  QMMM:    35       35      C       -5.5120   -4.1080    0.4770
  QMMM:    36       36      C       -6.7480   -2.3230    1.5250
  QMMM:    37       37      C       -6.5650   -4.9890    0.7320
  QMMM:    38       38      C       -7.7110   -4.5440    1.3870
  QMMM:    39       39      C       -7.8090   -3.2040    1.7860
  QMMM:    40       40      H       -4.6330   -4.4720   -0.0450
  QMMM:    41       41      H       -6.4920   -6.0260    0.4150
  QMMM:    42       42      H       -6.8170   -1.2780    1.8260
  QMMM:    43       43      H       -8.5240   -5.2440    1.5790
  QMMM:    44       44      N       -8.6960   -2.7930    2.3060
  QMMM:    45       45      H       -8.6560   -2.9870    1.3070
  QMMM:    46       46      H       -7.9820   -3.3670    2.7500

--------------------------------------------------------------------------------
  RESULTS
--------------------------------------------------------------------------------

      iter         sqm energy              rms gradient
      ----    -------------------    -----------------------
xmin    10      -99.6841 kcal/mol        1.2307 kcal/(mol*A)
xmin    20     -101.8865 kcal/mol        0.7957 kcal/(mol*A)
xmin    30     -102.2330 kcal/mol        0.8696 kcal/(mol*A)
xmin    40     -103.2387 kcal/mol        2.0754 kcal/(mol*A)
xmin    50     -105.7493 kcal/mol        1.1507 kcal/(mol*A)
xmin    60     -106.2976 kcal/mol        0.8143 kcal/(mol*A)
xmin    70     -106.4075 kcal/mol        0.8205 kcal/(mol*A)
xmin    80     -106.5254 kcal/mol        0.1497 kcal/(mol*A)
xmin    90     -106.5429 kcal/mol        0.0659 kcal/(mol*A)
xmin   100     -106.5576 kcal/mol        0.0520 kcal/(mol*A)
xmin   110     -106.5617 kcal/mol        0.0467 kcal/(mol*A)
xmin   120     -106.5636 kcal/mol        0.0738 kcal/(mol*A)
xmin   130     -106.5651 kcal/mol        0.0428 kcal/(mol*A)
xmin   140     -106.5655 kcal/mol        0.0083 kcal/(mol*A)
xmin   150     -106.5657 kcal/mol        0.0199 kcal/(mol*A)
xmin   160     -106.5657 kcal/mol        0.0060 kcal/(mol*A)
xmin   170     -106.5659 kcal/mol        0.0045 kcal/(mol*A)
xmin   180     -106.5659 kcal/mol        0.0063 kcal/(mol*A)
xmin   190     -106.5660 kcal/mol        0.0054 kcal/(mol*A)
xmin   200     -106.5660 kcal/mol        0.0021 kcal/(mol*A)
xmin   210     -106.5660 kcal/mol        0.0025 kcal/(mol*A)
xmin   220     -106.5660 kcal/mol        0.0061 kcal/(mol*A)
  ... geometry converged !
 
 Final MO eigenvalues (eV):
 -38.6211  -38.2867  -37.5439  -36.8120  -35.7889  -34.1629  -34.0412  -33.5131
 -32.5811  -32.4088  -30.3768  -29.7802  -28.9017  -28.3964  -27.9524  -27.2025
 -26.9785  -23.0486  -22.9182  -21.3908  -21.2938  -20.8521  -20.6484  -19.6820
 -18.3217  -17.3186  -16.6132  -16.2696  -15.8173  -15.6952  -15.2673  -15.0604
 -15.0484  -14.6993  -14.2348  -14.1799  -13.9986  -13.5662  -13.4125  -13.1912
 -12.8085  -12.6583  -12.5503  -12.4176  -12.3690  -12.1547  -12.0688  -12.0230
 -11.8600  -11.1278  -10.8872  -10.8288  -10.7948  -10.4629  -10.3540  -10.2566
 -10.2092   -9.9307   -9.9170   -9.8648   -9.0893   -9.0819   -8.7425   -8.4579
  -7.4156   -7.1797   -7.1010   -6.8908   -6.6005   -6.5749   -5.9173   -5.5818
  -5.5482    2.0957    2.2131    2.4398    2.4469    2.6036    2.7826    3.7772
   3.9464    4.0347    4.1398    4.7304    4.7667    4.8872    4.9086    5.3867
   5.6245    5.6639    5.8433    5.8908    5.9421    6.0054    6.1092    6.1910
   6.3351    6.4044    6.4248    6.4438    6.5085    6.5470    6.6477    6.7509
   6.8382    6.9746    7.0586    7.1422    7.1835    7.2424    7.2802    7.3274
   7.4325    7.4475    7.4593    7.5668    7.6881    7.7279    7.7631    7.8074
   7.9224    7.9757    8.0021    8.1724    8.1819    8.3560    8.3936    8.4575
   8.6453    9.1997    9.2201   11.5929   12.6147

 Heat of formation   =       -106.56600015 kcal/mol  (       -4.62104853 eV)

 Total SCF energy    =    -116077.02455423 kcal/mol  (    -5033.47749682 eV)
 Electronic energy   =    -816179.28155319 kcal/mol  (   -35392.18947804 eV)
 Core-core repulsion =     700102.25699896 kcal/mol  (    30358.71198122 eV)
 
    Atomic Charges for Step       1 :
  Atom    Element       Mulliken Charge
     1      C                 -0.128
     2      C                 -0.057
     3      C                 -0.056
     4      C                 -0.170
     5      C                 -0.041
     6      C                 -0.170
     7      H                  0.163
     8      H                  0.163
     9      H                  0.158
    10      C                  0.366
    11      O                 -0.368
    12      N                 -0.327
    13      C                 -0.226
    14      C                  0.130
    15      C                 -0.074
    16      C                 -0.228
    17      C                  0.069
    18      C                 -0.224
    19      H                  0.134
    20      H                  0.122
    21      H                  0.123
    22      H                  0.174
    23      H                  0.244
    24      C                  0.361
    25      C                  0.365
    26      O                 -0.364
    27      O                 -0.553
    28      O                 -0.554
    29      N                 -0.323
    30      H                  0.171
    31      H                  0.181
    32      N                 -0.327
    33      C                  0.130
    34      H                  0.242
    35      C                 -0.199
    36      C                 -0.250
    37      C                 -0.078
    38      C                 -0.226
    39      C                  0.070
    40      H                  0.173
    41      H                  0.123
    42      H                  0.134
    43      H                  0.123
    44      N                 -0.323
    45      H                  0.172
    46      H                  0.177
 Total Mulliken Charge =      -1.000
 
                  X        Y        Z     TOTAL  
  QM DIPOLE     8.892   -7.140    8.029   13.947
 
 Final Structure

  QMMM: QM Region Cartesian Coordinates (*=link atom) 
  QMMM: QM_NO.   MM_NO.  ATOM         X         Y         Z
  QMMM:     1        1      C       -1.7918    1.2795   -0.7458
  QMMM:     2        2      C       -2.6727    0.2149   -0.5465
  QMMM:     3        3      C       -0.4144    1.0663   -0.6655
  QMMM:     4        4      C        0.0843   -0.2071   -0.3666
  QMMM:     5        5      C       -0.7988   -1.2755   -0.1700
  QMMM:     6        6      C       -2.1801   -1.0604   -0.2455
  QMMM:     7        7      H       -3.7502    0.4302   -0.6554
  QMMM:     8        8      H        0.2399    1.9333   -0.8640
  QMMM:     9        9      H       -0.4072   -2.2861    0.0327
  QMMM:    10       10      C        1.5427   -0.4888   -0.2527
  QMMM:    11       11      O        2.0208   -1.6021   -0.5456
  QMMM:    12       12      N        2.3296    0.5521    0.2396
  QMMM:    13       13      C        4.2846    1.7092    1.0646
  QMMM:    14       14      C        3.7130    0.5638    0.4489
  QMMM:    15       15      C        5.6486    1.7583    1.3078
  QMMM:    16       16      C        6.4863    0.7038    0.9622
  QMMM:    17       17      C        5.9448   -0.4377    0.3334
  QMMM:    18       18      C        4.5563   -0.5023    0.0861
  QMMM:    19       19      H        3.6528    2.5632    1.3500
  QMMM:    20       20      H        6.0776    2.6519    1.7868
  QMMM:    21       21      H        7.5632    0.7711    1.1675
  QMMM:    22       22      H        4.1347   -1.3955   -0.4050
  QMMM:    23       23      H        1.8565    1.4025    0.4639
  QMMM:    24       24      C       -2.3358    2.6803   -1.0196
  QMMM:    25       25      C       -3.0733   -2.2276   -0.0018
  QMMM:    26       26      O       -2.7249   -3.3908   -0.2817
  QMMM:    27       27      O       -1.4954    3.6074   -1.1760
  QMMM:    28       28      O       -3.5891    2.8176   -1.0528
  QMMM:    29       29      N        6.7867   -1.4713   -0.1081
  QMMM:    30       30      H        7.6035   -1.5840    0.4512
  QMMM:    31       31      H        6.3109   -2.3326   -0.2695
  QMMM:    32       32      N       -4.3009   -1.9423    0.5969
  QMMM:    33       33      C       -5.3262   -2.8355    0.9259
  QMMM:    34       34      H       -4.5058   -0.9776    0.7551
  QMMM:    35       35      C       -5.2034   -4.2374    0.8063
  QMMM:    36       36      C       -6.5363   -2.2975    1.4266
  QMMM:    37       37      C       -6.2611   -5.0567    1.1824
  QMMM:    38       38      C       -7.4492   -4.5377    1.6800
  QMMM:    39       39      C       -7.6030   -3.1381    1.7975
  QMMM:    40       40      H       -4.2782   -4.6892    0.4151
  QMMM:    41       41      H       -6.1504   -6.1478    1.0835
  QMMM:    42       42      H       -6.6538   -1.2057    1.5154
  QMMM:    43       43      H       -8.2663   -5.2136    1.9663
  QMMM:    44       44      N       -8.8289   -2.5904    2.2106
  QMMM:    45       45      H       -9.3410   -3.1847    2.8249
  QMMM:    46       46      H       -8.7545   -1.6582    2.5560

           --------- Calculation Completed ----------

