                      :-) GROMACS - gmx mdrun, 2020.5 (-:

                            GROMACS is written by:
     Emile Apol      Rossen Apostolov      Paul Bauer     Herman J.C. Berendsen
    Par Bjelkmar      Christian Blau   Viacheslav Bolnykh     Kevin Boyd    
 Aldert van Buuren   Rudi van Drunen     Anton Feenstra       Alan Gray     
  Gerrit Groenhof     Anca Hamuraru    Vincent Hindriksen  M. Eric Irrgang  
  Aleksei Iupinov   Christoph Junghans     Joe Jordan     Dimitrios Karkoulis
    Peter Kasson        Jiri Kraus      Carsten Kutzner      Per Larsson    
  Justin A. Lemkul    Viveca Lindahl    Magnus Lundborg     Erik Marklund   
    Pascal Merz     Pieter Meulenhoff    Teemu Murtola       Szilard Pall   
    Sander Pronk      Roland Schulz      Michael Shirts    Alexey Shvetsov  
   Alfons Sijbers     Peter Tieleman      Jon Vincent      Teemu Virolainen 
 Christian Wennberg    Maarten Wolf      Artem Zhmurov   
                           and the project leaders:
        Mark Abraham, Berk Hess, Erik Lindahl, and David van der Spoel

Copyright (c) 1991-2000, University of Groningen, The Netherlands.
Copyright (c) 2001-2019, The GROMACS development team at
Uppsala University, Stockholm University and
the Royal Institute of Technology, Sweden.
check out http://www.gromacs.org for more information.

GROMACS is free software; you can redistribute it and/or modify it
under the terms of the GNU Lesser General Public License
as published by the Free Software Foundation; either version 2.1
of the License, or (at your option) any later version.

GROMACS:      gmx mdrun, version 2020.5
Executable:   /usr/local/gromacs/bin/gmx
Data prefix:  /usr/local/gromacs
Working dir:  /Users/nate_schwindt/Projects/polymer_membrane/Polymatic/lin_xlink/protonated/walls/hydration/gromacs
Process ID:   56025
Command line:
  gmx mdrun -s min.tpr -deffnm min

GROMACS version:    2020.5
Verified release checksum is 4d9aa1b4e69850bc4583c1983ce2e0e3a88250cafb8f30ab0290b4dd4413a41e
Precision:          single
Memory model:       64 bit
MPI library:        thread_mpi
OpenMP support:     disabled
GPU support:        disabled
SIMD instructions:  AVX2_256
FFT library:        fftw-3.3.8-sse2
RDTSCP usage:       enabled
TNG support:        enabled
Hwloc support:      disabled
Tracing support:    disabled
C compiler:         /Library/Developer/CommandLineTools/usr/bin/cc AppleClang 12.0.0.12000032
C compiler flags:   -mavx2 -mfma -Wno-unknown-pragmas -fno-stack-check -fno-stack-check -O3 -DNDEBUG
C++ compiler:       /Library/Developer/CommandLineTools/usr/bin/c++ AppleClang 12.0.0.12000032
C++ compiler flags: -mavx2 -mfma -Wno-unknown-pragmas -fno-stack-check -fno-stack-check -O3 -DNDEBUG


Running on 1 node with total 16 cores, 16 logical cores
Hardware detected:
  CPU info:
    Vendor: Intel
    Brand:  Intel(R) Core(TM) i9-9880H CPU @ 2.30GHz
    Family: 6   Model: 158   Stepping: 13
    Features: aes apic avx avx2 clfsh cmov cx8 cx16 f16c fma htt intel lahf mmx msr nonstop_tsc pcid pclmuldq pdcm pdpe1gb popcnt pse rdrnd rdtscp sse2 sse3 sse4.1 sse4.2 ssse3 tdt x2apic
  Hardware topology: Only logical processor count


++++ PLEASE READ AND CITE THE FOLLOWING REFERENCE ++++
M. J. Abraham, T. Murtola, R. Schulz, S. Páll, J. C. Smith, B. Hess, E.
Lindahl
GROMACS: High performance molecular simulations through multi-level
parallelism from laptops to supercomputers
SoftwareX 1 (2015) pp. 19-25
-------- -------- --- Thank You --- -------- --------


++++ PLEASE READ AND CITE THE FOLLOWING REFERENCE ++++
S. Páll, M. J. Abraham, C. Kutzner, B. Hess, E. Lindahl
Tackling Exascale Software Challenges in Molecular Dynamics Simulations with
GROMACS
In S. Markidis & E. Laure (Eds.), Solving Software Challenges for Exascale 8759 (2015) pp. 3-27
-------- -------- --- Thank You --- -------- --------


++++ PLEASE READ AND CITE THE FOLLOWING REFERENCE ++++
S. Pronk, S. Páll, R. Schulz, P. Larsson, P. Bjelkmar, R. Apostolov, M. R.
Shirts, J. C. Smith, P. M. Kasson, D. van der Spoel, B. Hess, and E. Lindahl
GROMACS 4.5: a high-throughput and highly parallel open source molecular
simulation toolkit
Bioinformatics 29 (2013) pp. 845-54
-------- -------- --- Thank You --- -------- --------


++++ PLEASE READ AND CITE THE FOLLOWING REFERENCE ++++
B. Hess and C. Kutzner and D. van der Spoel and E. Lindahl
GROMACS 4: Algorithms for highly efficient, load-balanced, and scalable
molecular simulation
J. Chem. Theory Comput. 4 (2008) pp. 435-447
-------- -------- --- Thank You --- -------- --------


++++ PLEASE READ AND CITE THE FOLLOWING REFERENCE ++++
D. van der Spoel, E. Lindahl, B. Hess, G. Groenhof, A. E. Mark and H. J. C.
Berendsen
GROMACS: Fast, Flexible and Free
J. Comp. Chem. 26 (2005) pp. 1701-1719
-------- -------- --- Thank You --- -------- --------


++++ PLEASE READ AND CITE THE FOLLOWING REFERENCE ++++
E. Lindahl and B. Hess and D. van der Spoel
GROMACS 3.0: A package for molecular simulation and trajectory analysis
J. Mol. Mod. 7 (2001) pp. 306-317
-------- -------- --- Thank You --- -------- --------


++++ PLEASE READ AND CITE THE FOLLOWING REFERENCE ++++
H. J. C. Berendsen, D. van der Spoel and R. van Drunen
GROMACS: A message-passing parallel molecular dynamics implementation
Comp. Phys. Comm. 91 (1995) pp. 43-56
-------- -------- --- Thank You --- -------- --------


++++ PLEASE CITE THE DOI FOR THIS VERSION OF GROMACS ++++
https://doi.org/10.5281/zenodo.4420785
-------- -------- --- Thank You --- -------- --------

Input Parameters:
   integrator                     = steep
   tinit                          = 0
   dt                             = 0.001
   nsteps                         = -1
   init-step                      = 0
   simulation-part                = 1
   comm-mode                      = Linear
   nstcomm                        = 100
   bd-fric                        = 0
   ld-seed                        = -1092847625
   emtol                          = 10
   emstep                         = 0.001
   niter                          = 20
   fcstep                         = 0
   nstcgsteep                     = 1000
   nbfgscorr                      = 10
   rtpi                           = 0.05
   nstxout                        = 0
   nstvout                        = 0
   nstfout                        = 0
   nstlog                         = 1000
   nstcalcenergy                  = 100
   nstenergy                      = 1000
   nstxout-compressed             = 0
   compressed-x-precision         = 1000
   cutoff-scheme                  = Verlet
   nstlist                        = 10
   pbc                            = xyz
   periodic-molecules             = true
   verlet-buffer-tolerance        = 0.005
   rlist                          = 1.05
   coulombtype                    = PME
   coulomb-modifier               = Potential-shift
   rcoulomb-switch                = 0
   rcoulomb                       = 1
   epsilon-r                      = 1
   epsilon-rf                     = inf
   vdw-type                       = PME
   vdw-modifier                   = Potential-shift
   rvdw-switch                    = 0
   rvdw                           = 1
   DispCorr                       = EnerPres
   table-extension                = 1
   fourierspacing                 = 0.12
   fourier-nx                     = 28
   fourier-ny                     = 28
   fourier-nz                     = 108
   pme-order                      = 4
   ewald-rtol                     = 1e-05
   ewald-rtol-lj                  = 0.001
   lj-pme-comb-rule               = Geometric
   ewald-geometry                 = 0
   epsilon-surface                = 0
   tcoupl                         = No
   nsttcouple                     = -1
   nh-chain-length                = 0
   print-nose-hoover-chain-variables = false
   pcoupl                         = No
   pcoupltype                     = Isotropic
   nstpcouple                     = -1
   tau-p                          = 1
   compressibility (3x3):
      compressibility[    0]={ 0.00000e+00,  0.00000e+00,  0.00000e+00}
      compressibility[    1]={ 0.00000e+00,  0.00000e+00,  0.00000e+00}
      compressibility[    2]={ 0.00000e+00,  0.00000e+00,  0.00000e+00}
   ref-p (3x3):
      ref-p[    0]={ 0.00000e+00,  0.00000e+00,  0.00000e+00}
      ref-p[    1]={ 0.00000e+00,  0.00000e+00,  0.00000e+00}
      ref-p[    2]={ 0.00000e+00,  0.00000e+00,  0.00000e+00}
   refcoord-scaling               = No
   posres-com (3):
      posres-com[0]= 0.00000e+00
      posres-com[1]= 0.00000e+00
      posres-com[2]= 0.00000e+00
   posres-comB (3):
      posres-comB[0]= 0.00000e+00
      posres-comB[1]= 0.00000e+00
      posres-comB[2]= 0.00000e+00
   QMMM                           = false
   QMconstraints                  = 0
   QMMMscheme                     = 0
   MMChargeScaleFactor            = 1
qm-opts:
   ngQM                           = 0
   constraint-algorithm           = Lincs
   continuation                   = false
   Shake-SOR                      = false
   shake-tol                      = 0.0001
   lincs-order                    = 12
   lincs-iter                     = 8
   lincs-warnangle                = 30
   nwall                          = 0
   wall-type                      = 9-3
   wall-r-linpot                  = -1
   wall-atomtype[0]               = -1
   wall-atomtype[1]               = -1
   wall-density[0]                = 0
   wall-density[1]                = 0
   wall-ewald-zfac                = 3
   pull                           = false
   awh                            = false
   rotation                       = false
   interactiveMD                  = false
   disre                          = No
   disre-weighting                = Conservative
   disre-mixed                    = false
   dr-fc                          = 1000
   dr-tau                         = 0
   nstdisreout                    = 100
   orire-fc                       = 0
   orire-tau                      = 0
   nstorireout                    = 100
   free-energy                    = no
   cos-acceleration               = 0
   deform (3x3):
      deform[    0]={ 0.00000e+00,  0.00000e+00,  0.00000e+00}
      deform[    1]={ 0.00000e+00,  0.00000e+00,  0.00000e+00}
      deform[    2]={ 0.00000e+00,  0.00000e+00,  0.00000e+00}
   simulated-tempering            = false
   swapcoords                     = no
   userint1                       = 0
   userint2                       = 0
   userint3                       = 0
   userint4                       = 0
   userreal1                      = 0
   userreal2                      = 0
   userreal3                      = 0
   userreal4                      = 0
   applied-forces:
     electric-field:
       x:
         E0                       = 0
         omega                    = 0
         t0                       = 0
         sigma                    = 0
       y:
         E0                       = 0
         omega                    = 0
         t0                       = 0
         sigma                    = 0
       z:
         E0                       = 0
         omega                    = 0
         t0                       = 0
         sigma                    = 0
     density-guided-simulation:
       active                     = false
       group                      = protein
       similarity-measure         = inner-product
       atom-spreading-weight      = unity
       force-constant             = 1e+09
       gaussian-transform-spreading-width = 0.2
       gaussian-transform-spreading-range-in-multiples-of-width = 4
       reference-density-filename = reference.mrc
       nst                        = 1
       normalize-densities        = true
       adaptive-force-scaling     = false
       adaptive-force-scaling-time-constant = 4
grpopts:
   nrdf:       26076
   ref-t:           0
   tau-t:           0
annealing:          No
annealing-npoints:           0
   acc:	           0           0           0
   nfreeze:           N           N           N
   energygrp-flags[  0]: 0


Initializing Domain Decomposition on 16 ranks
NOTE: disabling dynamic load balancing as it is only supported with dynamics, not with integrator 'steep'.
Dynamic load balancing: off
Using update groups, nr 7693, average size 1.3 atoms, max. radius 0.078 nm
Minimum cell size due to atom displacement: 0.050 nm
NOTE: Periodic molecules are present in this system. Because of this, the domain decomposition algorithm cannot easily determine the minimum cell size that it requires for treating bonded interactions. Instead, domain decomposition will assume that half the non-bonded cut-off will be a suitable lower bound.
Minimum cell size due to bonded interactions: 0.603 nm
Using 0 separate PME ranks, as there are too few total
 ranks for efficient splitting
Optimizing the DD grid for 16 cells with a minimum initial size of 0.603 nm
The maximum allowed number of cells is: X 5 Y 5 Z 21
Domain decomposition grid 4 x 2 x 2, separate PME ranks 0
PME domain decomposition: 4 x 4 x 1
Domain decomposition rank 0, coordinates 0 0 0

The initial number of communication pulses is: X 2 Y 1 Z 1
The initial domain decomposition cell size is: X 0.84 nm Y 1.68 nm Z 6.42 nm

The maximum allowed distance for atom groups involved in interactions is:
                 non-bonded interactions           1.206 nm
            two-body bonded interactions  (-rdd)   1.206 nm
          multi-body bonded interactions  (-rdd)   0.838 nm

Using 16 MPI threads
System total charge: 0.000
Will do PME sum in reciprocal space for LJ dispersion interactions.

++++ PLEASE READ AND CITE THE FOLLOWING REFERENCE ++++
U. Essmann, L. Perera, M. L. Berkowitz, T. Darden, H. Lee and L. G. Pedersen 
A smooth particle mesh Ewald method
J. Chem. Phys. 103 (1995) pp. 8577-8592
-------- -------- --- Thank You --- -------- --------

Using a Gaussian width (1/beta) of 0.298423 nm for LJ Ewald
Will do PME sum in reciprocal space for electrostatic interactions.

++++ PLEASE READ AND CITE THE FOLLOWING REFERENCE ++++
U. Essmann, L. Perera, M. L. Berkowitz, T. Darden, H. Lee and L. G. Pedersen 
A smooth particle mesh Ewald method
J. Chem. Phys. 103 (1995) pp. 8577-8592
-------- -------- --- Thank You --- -------- --------

Using a Gaussian width (1/beta) of 0.320163 nm for Ewald
Potential shift: LJ r^-12: -1.000e+00 r^-6: -1.000e-03, Ewald -1.000e-05
Initialized non-bonded Ewald tables, spacing: 9.33e-04 size: 1073

Using shifted Lennard-Jones, switch between 0 and 1 nm
Generated table with 1025 data points for 1-4 COUL.
Tabscale = 500 points/nm
Generated table with 1025 data points for 1-4 LJ6.
Tabscale = 500 points/nm
Generated table with 1025 data points for 1-4 LJ12.
Tabscale = 500 points/nm

Using SIMD 4x8 nonbonded short-range kernels

Using a 4x8 pair-list setup:
  updated every 10 steps, buffer 0.050 nm, rlist 1.050 nm

Long Range LJ corr.: <C6> 8.4425e-06


++++ PLEASE READ AND CITE THE FOLLOWING REFERENCE ++++
S. Miyamoto and P. A. Kollman
SETTLE: An Analytical Version of the SHAKE and RATTLE Algorithms for Rigid
Water Models
J. Comp. Chem. 13 (1992) pp. 952-962
-------- -------- --- Thank You --- -------- --------


Linking all bonded interactions to atoms


Note that activating steepest-descent energy minimization via the integrator .mdp option and the command gmx mdrun may be available in a different form in a future version of GROMACS, e.g. gmx minimize and an .mdp option.
Initiating Steepest Descents

Atom distribution over 16 domains: av 605 stddev 213 min 359 max 850
Started Steepest Descents on rank 0 Tue Jan 18 15:57:26 2022


Steepest Descents:
   Tolerance (Fmax)   =  1.00000e+01
   Number of steps    =           -1
           Step           Time
              0        0.00000

   Energies (kJ/mol)
           Bond          Angle    Proper Dih. Ryckaert-Bell.          LJ-14
    1.27074e+08    3.01662e+06    1.52559e+03    1.27790e+05    1.61653e+07
     Coulomb-14        LJ (SR)  Disper. corr.   Coulomb (SR)   Coul. recip.
   -4.32801e+03    2.14183e+09   -2.30095e+01   -2.36989e+05    1.46197e+04
      LJ recip.      Potential Pres. DC (bar) Pressure (bar)
   -2.76452e+04    2.28796e+09    0.00000e+00    9.83017e+08


DD  step 0 load imb.: force 77.3%
           Step           Time
              1        1.00000

   Energies (kJ/mol)
           Bond          Angle    Proper Dih. Ryckaert-Bell.          LJ-14
    1.27074e+08    3.01662e+06    1.52559e+03    1.27790e+05    1.61653e+07
     Coulomb-14        LJ (SR)  Disper. corr.   Coulomb (SR)   Coul. recip.
   -4.32801e+03    1.70302e+09   -2.30095e+01   -2.37030e+05    1.46198e+04
      LJ recip.      Potential Pres. DC (bar) Pressure (bar)
   -2.76452e+04    1.84915e+09    0.00000e+00    7.80813e+08

           Step           Time
              2        2.00000

   Energies (kJ/mol)
           Bond          Angle    Proper Dih. Ryckaert-Bell.          LJ-14
    1.27074e+08    3.01662e+06    1.52559e+03    1.27790e+05    1.61653e+07
     Coulomb-14        LJ (SR)  Disper. corr.   Coulomb (SR)   Coul. recip.
   -4.32801e+03    1.33962e+09   -2.30095e+01   -2.37077e+05    1.46199e+04
      LJ recip.      Potential Pres. DC (bar) Pressure (bar)
   -2.76452e+04    1.48575e+09    0.00000e+00    6.13336e+08

           Step           Time
              3        3.00000

   Energies (kJ/mol)
           Bond          Angle    Proper Dih. Ryckaert-Bell.          LJ-14
    1.27074e+08    3.01662e+06    1.52559e+03    1.27790e+05    1.61652e+07
     Coulomb-14        LJ (SR)  Disper. corr.   Coulomb (SR)   Coul. recip.
   -4.32802e+03    1.05627e+09   -2.30095e+01   -2.37129e+05    1.46200e+04
      LJ recip.      Potential Pres. DC (bar) Pressure (bar)
   -2.76452e+04    1.20240e+09    0.00000e+00    4.82769e+08

           Step           Time
              4        4.00000

   Energies (kJ/mol)
           Bond          Angle    Proper Dih. Ryckaert-Bell.          LJ-14
    1.27074e+08    3.01662e+06    1.52559e+03    1.27790e+05    1.61649e+07
     Coulomb-14        LJ (SR)  Disper. corr.   Coulomb (SR)   Coul. recip.
   -4.32804e+03    8.49687e+08   -2.30095e+01   -2.37187e+05    1.46201e+04
      LJ recip.      Potential Pres. DC (bar) Pressure (bar)
   -2.76452e+04    9.95817e+08    0.00000e+00    3.87574e+08

           Step           Time
              5        5.00000

   Energies (kJ/mol)
           Bond          Angle    Proper Dih. Ryckaert-Bell.          LJ-14
    1.27074e+08    3.01662e+06    1.52559e+03    1.27790e+05    1.61643e+07
     Coulomb-14        LJ (SR)  Disper. corr.   Coulomb (SR)   Coul. recip.
   -4.32809e+03    7.09697e+08   -2.30095e+01   -2.37252e+05    1.46204e+04
      LJ recip.      Potential Pres. DC (bar) Pressure (bar)
   -2.76452e+04    8.55827e+08    0.00000e+00    3.23066e+08

           Step           Time
              6        6.00000

   Energies (kJ/mol)
           Bond          Angle    Proper Dih. Ryckaert-Bell.          LJ-14
    1.27074e+08    3.01662e+06    1.52559e+03    1.27790e+05    1.61630e+07
     Coulomb-14        LJ (SR)  Disper. corr.   Coulomb (SR)   Coul. recip.
   -4.32818e+03    6.22159e+08   -2.30095e+01   -2.37323e+05    1.46206e+04
      LJ recip.      Potential Pres. DC (bar) Pressure (bar)
   -2.76452e+04    7.68287e+08    0.00000e+00    2.82731e+08

           Step           Time
              7        7.00000

   Energies (kJ/mol)
           Bond          Angle    Proper Dih. Ryckaert-Bell.          LJ-14
    1.27074e+08    3.01662e+06    1.52559e+03    1.27790e+05    1.61598e+07
     Coulomb-14        LJ (SR)  Disper. corr.   Coulomb (SR)   Coul. recip.
   -4.32841e+03    5.71519e+08   -2.30095e+01   -2.37405e+05    1.46210e+04
      LJ recip.      Potential Pres. DC (bar) Pressure (bar)
   -2.76452e+04    7.17644e+08    0.00000e+00    2.59392e+08

           Step           Time
              8        8.00000

   Energies (kJ/mol)
           Bond          Angle    Proper Dih. Ryckaert-Bell.          LJ-14
    1.27074e+08    3.01662e+06    1.52560e+03    1.27790e+05    1.61515e+07
     Coulomb-14        LJ (SR)  Disper. corr.   Coulomb (SR)   Coul. recip.
   -4.32900e+03    5.43447e+08   -2.30095e+01   -2.37503e+05    1.46217e+04
      LJ recip.      Potential Pres. DC (bar) Pressure (bar)
   -2.76452e+04    6.89564e+08    0.00000e+00    2.46452e+08

           Step           Time
              9        9.00000

   Energies (kJ/mol)
           Bond          Angle    Proper Dih. Ryckaert-Bell.          LJ-14
    1.27073e+08    3.01663e+06    1.52562e+03    1.27790e+05    1.61274e+07
     Coulomb-14        LJ (SR)  Disper. corr.   Coulomb (SR)   Coul. recip.
   -4.33072e+03    5.26178e+08   -2.30095e+01   -2.37640e+05    1.46230e+04
      LJ recip.      Potential Pres. DC (bar) Pressure (bar)
   -2.76452e+04    6.72270e+08    0.00000e+00    2.38482e+08

           Step           Time
             10       10.00000

   Energies (kJ/mol)
           Bond          Angle    Proper Dih. Ryckaert-Bell.          LJ-14
    1.27071e+08    3.01692e+06    1.52568e+03    1.27814e+05    1.60491e+07
     Coulomb-14        LJ (SR)  Disper. corr.   Coulomb (SR)   Coul. recip.
   -4.33636e+03    5.10513e+08   -2.30095e+01   -2.37870e+05    1.46261e+04
      LJ recip.      Potential Pres. DC (bar) Pressure (bar)
   -2.76452e+04    6.56524e+08    0.00000e+00    2.31225e+08

           Step           Time
             11       11.00000

   Energies (kJ/mol)
           Bond          Angle    Proper Dih. Ryckaert-Bell.          LJ-14
    1.27064e+08    3.01696e+06    1.52588e+03    1.27785e+05    1.57775e+07
     Coulomb-14        LJ (SR)  Disper. corr.   Coulomb (SR)   Coul. recip.
   -4.36724e+03    4.84434e+08   -2.30095e+01   -2.38322e+05    1.46349e+04
      LJ recip.      Potential Pres. DC (bar) Pressure (bar)
   -2.76450e+04    6.30166e+08    0.00000e+00    2.19077e+08

           Step           Time
             12       12.00000

   Energies (kJ/mol)
           Bond          Angle    Proper Dih. Ryckaert-Bell.          LJ-14
    1.27038e+08    3.01737e+06    1.52653e+03    1.27812e+05    1.49199e+07
     Coulomb-14        LJ (SR)  Disper. corr.   Coulomb (SR)   Coul. recip.
   -4.44774e+03    4.25480e+08   -2.30095e+01   -2.39217e+05    1.46633e+04
      LJ recip.      Potential Pres. DC (bar) Pressure (bar)
   -2.76444e+04    5.70328e+08    0.00000e+00    1.91499e+08

           Step           Time
             13       13.00000

   Energies (kJ/mol)
           Bond          Angle    Proper Dih. Ryckaert-Bell.          LJ-14
    1.26946e+08    3.01839e+06    1.52796e+03    1.27712e+05    1.30723e+07
     Coulomb-14        LJ (SR)  Disper. corr.   Coulomb (SR)   Coul. recip.
   -4.63955e+03    3.31191e+08   -2.30095e+01   -2.40365e+05    1.47372e+04
      LJ recip.      Potential Pres. DC (bar) Pressure (bar)
   -2.76399e+04    4.74099e+08    0.00000e+00    1.47168e+08

           Step           Time
             14       14.00000

   Energies (kJ/mol)
           Bond          Angle    Proper Dih. Ryckaert-Bell.          LJ-14
    1.26910e+08    3.01896e+06    1.52699e+03    1.27663e+05    1.15204e+07
     Coulomb-14        LJ (SR)  Disper. corr.   Coulomb (SR)   Coul. recip.
   -4.90554e+03    2.46245e+08   -2.30095e+01   -2.37520e+05    1.46743e+04
      LJ recip.      Potential Pres. DC (bar) Pressure (bar)
   -2.76128e+04    3.87568e+08    0.00000e+00    1.07261e+08

           Step           Time
             15       15.00000

   Energies (kJ/mol)
           Bond          Angle    Proper Dih. Ryckaert-Bell.          LJ-14
    1.26649e+08    3.01616e+06    1.52253e+03    1.27573e+05    8.01267e+06
     Coulomb-14        LJ (SR)  Disper. corr.   Coulomb (SR)   Coul. recip.
   -4.75611e+03    1.81848e+08   -2.30095e+01   -2.36257e+05    1.38652e+04
      LJ recip.      Potential Pres. DC (bar) Pressure (bar)
   -2.75658e+04    3.19400e+08    0.00000e+00    7.59465e+07

           Step           Time
             16       16.00000

   Energies (kJ/mol)
           Bond          Angle    Proper Dih. Ryckaert-Bell.          LJ-14
    1.26124e+08    3.01951e+06    1.52079e+03    1.27691e+05    7.23536e+06
     Coulomb-14        LJ (SR)  Disper. corr.   Coulomb (SR)   Coul. recip.
   -4.71848e+03    1.36719e+08   -2.30095e+01   -2.32144e+05    1.36035e+04
      LJ recip.      Potential Pres. DC (bar) Pressure (bar)
   -2.75289e+04    2.72976e+08    0.00000e+00    5.48002e+07

           Step           Time
             17       17.00000

   Energies (kJ/mol)
           Bond          Angle    Proper Dih. Ryckaert-Bell.          LJ-14
    1.25765e+08    3.01905e+06    1.51690e+03    1.27820e+05    5.15231e+06
     Coulomb-14        LJ (SR)  Disper. corr.   Coulomb (SR)   Coul. recip.
   -4.54418e+03    1.14033e+08   -2.30095e+01   -2.31240e+05    1.32099e+04
      LJ recip.      Potential Pres. DC (bar) Pressure (bar)
   -2.75065e+04    2.47849e+08    0.00000e+00    4.33974e+07

           Step           Time
             18       18.00000

   Energies (kJ/mol)
           Bond          Angle    Proper Dih. Ryckaert-Bell.          LJ-14
    1.25330e+08    3.02249e+06    1.51319e+03    1.27807e+05    4.51726e+06
     Coulomb-14        LJ (SR)  Disper. corr.   Coulomb (SR)   Coul. recip.
   -4.51410e+03    8.10716e+07   -2.30095e+01   -2.27310e+05    1.28777e+04
      LJ recip.      Potential Pres. DC (bar) Pressure (bar)
   -2.74652e+04    2.13824e+08    0.00000e+00    2.79184e+07

           Step           Time
             19       19.00000

   Energies (kJ/mol)
           Bond          Angle    Proper Dih. Ryckaert-Bell.          LJ-14
    1.24941e+08    3.02032e+06    1.51113e+03    1.27918e+05    3.51860e+06
     Coulomb-14        LJ (SR)  Disper. corr.   Coulomb (SR)   Coul. recip.
   -4.36781e+03    7.20234e+07   -2.30095e+01   -2.26489e+05    1.27405e+04
      LJ recip.      Potential Pres. DC (bar) Pressure (bar)
   -2.74547e+04    2.03388e+08    0.00000e+00    2.33127e+07

           Step           Time
             20       20.00000

   Energies (kJ/mol)
           Bond          Angle    Proper Dih. Ryckaert-Bell.          LJ-14
    1.23922e+08    3.01202e+06    1.50419e+03    1.28114e+05    1.88581e+06
     Coulomb-14        LJ (SR)  Disper. corr.   Coulomb (SR)   Coul. recip.
   -4.03093e+03    3.68983e+07   -2.30095e+01   -2.19526e+05    1.23358e+04
      LJ recip.      Potential Pres. DC (bar) Pressure (bar)
   -2.73900e+04    1.65610e+08    0.00000e+00    6.41501e+06

           Step           Time
             21       21.00000

   Energies (kJ/mol)
           Bond          Angle    Proper Dih. Ryckaert-Bell.          LJ-14
    1.23409e+08    3.00959e+06    1.50278e+03    1.28078e+05    1.58407e+06
     Coulomb-14        LJ (SR)  Disper. corr.   Coulomb (SR)   Coul. recip.
   -3.94577e+03    3.17232e+07   -2.30095e+01   -2.18185e+05    1.23114e+04
      LJ recip.      Potential Pres. DC (bar) Pressure (bar)
   -2.73788e+04    1.59618e+08    0.00000e+00    3.92742e+06

           Step           Time
             22       22.00000

   Energies (kJ/mol)
           Bond          Angle    Proper Dih. Ryckaert-Bell.          LJ-14
    1.21894e+08    2.99529e+06    1.49462e+03    1.28085e+05    1.14021e+06
     Coulomb-14        LJ (SR)  Disper. corr.   Coulomb (SR)   Coul. recip.
   -3.78403e+03    2.15851e+07   -2.30095e+01   -2.14190e+05    1.23597e+04
      LJ recip.      Potential Pres. DC (bar) Pressure (bar)
   -2.73525e+04    1.47511e+08    0.00000e+00   -8.37529e+05

           Step           Time
             23       23.00000

   Energies (kJ/mol)
           Bond          Angle    Proper Dih. Ryckaert-Bell.          LJ-14
    1.20933e+08    2.98817e+06    1.49626e+03    1.28097e+05    9.90535e+05
     Coulomb-14        LJ (SR)  Disper. corr.   Coulomb (SR)   Coul. recip.
   -3.75505e+03    1.92971e+07   -2.30095e+01   -2.13123e+05    1.23911e+04
      LJ recip.      Potential Pres. DC (bar) Pressure (bar)
   -2.73470e+04    1.44107e+08    0.00000e+00   -1.88284e+06

           Step           Time
             24       24.00000

   Energies (kJ/mol)
           Bond          Angle    Proper Dih. Ryckaert-Bell.          LJ-14
    1.19092e+08    2.97400e+06    1.50182e+03    1.27855e+05    8.38446e+05
     Coulomb-14        LJ (SR)  Disper. corr.   Coulomb (SR)   Coul. recip.
   -3.64149e+03    1.58973e+07   -2.30095e+01   -2.11144e+05    1.24912e+04
      LJ recip.      Potential Pres. DC (bar) Pressure (bar)
   -2.73392e+04    1.38702e+08    0.00000e+00   -3.36905e+06

           Step           Time
             25       25.00000

   Energies (kJ/mol)
           Bond          Angle    Proper Dih. Ryckaert-Bell.          LJ-14
    1.15635e+08    2.94394e+06    1.50721e+03    1.27795e+05    6.04855e+05
     Coulomb-14        LJ (SR)  Disper. corr.   Coulomb (SR)   Coul. recip.
   -3.66987e+03    1.18837e+07   -2.30095e+01   -2.07750e+05    1.27966e+04
      LJ recip.      Potential Pres. DC (bar) Pressure (bar)
   -2.73311e+04    1.30971e+08    0.00000e+00   -5.04068e+06

           Step           Time
             26       26.00000

   Energies (kJ/mol)
           Bond          Angle    Proper Dih. Ryckaert-Bell.          LJ-14
    1.15469e+08    2.94268e+06    1.50512e+03    1.27815e+05    5.99700e+05
     Coulomb-14        LJ (SR)  Disper. corr.   Coulomb (SR)   Coul. recip.
   -3.66675e+03    1.12945e+07   -2.30095e+01   -2.07622e+05    1.27944e+04
      LJ recip.      Potential Pres. DC (bar) Pressure (bar)
   -2.73315e+04    1.30210e+08    0.00000e+00   -5.30066e+06

           Step           Time
             27       27.00000

   Energies (kJ/mol)
           Bond          Angle    Proper Dih. Ryckaert-Bell.          LJ-14
    1.07439e+08    2.89064e+06    1.52514e+03    1.29108e+05    4.04633e+05
     Coulomb-14        LJ (SR)  Disper. corr.   Coulomb (SR)   Coul. recip.
   -3.56482e+03    8.52517e+06   -2.30095e+01   -2.02506e+05    1.35018e+04
      LJ recip.      Potential Pres. DC (bar) Pressure (bar)
   -2.73464e+04    1.19170e+08    0.00000e+00   -5.98786e+06

           Step           Time
             28       28.00000

   Energies (kJ/mol)
           Bond          Angle    Proper Dih. Ryckaert-Bell.          LJ-14
    1.07321e+08    2.88951e+06    1.52529e+03    1.29186e+05    4.02707e+05
     Coulomb-14        LJ (SR)  Disper. corr.   Coulomb (SR)   Coul. recip.
   -3.56017e+03   -2.89761e+07   -2.30095e+01   -2.02461e+05    1.35105e+04
      LJ recip.      Potential Pres. DC (bar) Pressure (bar)
   -2.73472e+04    8.15475e+07    0.00000e+00   -1.92000e+07

           Step           Time
             29       29.00000

           Step           Time
             30       30.00000

           Step           Time
             31       31.00000

           Step           Time
             32       32.00000

           Step           Time
             33       33.00000

           Step           Time
             34       34.00000

           Step           Time
             35       35.00000

           Step           Time
             36       36.00000

           Step           Time
             37       37.00000

           Step           Time
             38       38.00000

           Step           Time
             39       39.00000

           Step           Time
             40       40.00000

   Energies (kJ/mol)
           Bond          Angle    Proper Dih. Ryckaert-Bell.          LJ-14
    1.07321e+08    2.88951e+06    1.52529e+03    1.29186e+05    4.02707e+05
     Coulomb-14        LJ (SR)  Disper. corr.   Coulomb (SR)   Coul. recip.
   -3.56017e+03   -1.05329e+08   -2.30095e+01   -2.02461e+05    1.35105e+04
      LJ recip.      Potential Pres. DC (bar) Pressure (bar)
   -2.73472e+04    5.19487e+06    0.00000e+00   -4.04785e+07

           Step           Time
             41       41.00000

           Step           Time
             42       42.00000

           Step           Time
             43       43.00000

           Step           Time
             44       44.00000

           Step           Time
             45       45.00000

           Step           Time
             46       46.00000

   Energies (kJ/mol)
           Bond          Angle    Proper Dih. Ryckaert-Bell.          LJ-14
    1.07321e+08    2.88951e+06    1.52529e+03    1.29186e+05    4.02707e+05
     Coulomb-14        LJ (SR)  Disper. corr.   Coulomb (SR)   Coul. recip.
   -3.56017e+03   -1.11056e+08   -2.30095e+01   -2.02461e+05    1.35105e+04
      LJ recip.      Potential Pres. DC (bar) Pressure (bar)
   -2.73472e+04   -5.32558e+05    0.00000e+00   -5.14933e+07

           Step           Time
             47       47.00000

   Energies (kJ/mol)
           Bond          Angle    Proper Dih. Ryckaert-Bell.          LJ-14
    1.07321e+08    2.88951e+06    1.52529e+03    1.29186e+05    4.02707e+05
     Coulomb-14        LJ (SR)  Disper. corr.   Coulomb (SR)   Coul. recip.
   -3.56017e+03   -1.17929e+08   -2.30095e+01   -2.02461e+05    1.35105e+04
      LJ recip.      Potential Pres. DC (bar) Pressure (bar)
   -2.73472e+04   -7.40564e+06    0.00000e+00   -3.90286e+07

           Step           Time
             48       48.00000

           Step           Time
             49       49.00000

           Step           Time
             50       50.00000


Energy minimization has stopped, but the forces have not converged to the
requested precision Fmax < 10 (which may not be possible for your system). It
stopped because the algorithm tried to make a new step whose size was too
small, or there was no change in the energy since last step. Either way, we
regard the minimization as converged to within the available machine
precision, given your starting configuration and EM parameters.

Double precision normally gives you higher accuracy, but this is often not
needed for preparing to run molecular dynamics.
You might need to increase your constraint accuracy, or turn
off constraints altogether (set constraints = none in mdp file)

Steepest Descents did not converge to Fmax < 10 in 51 steps.
Potential Energy  = -7.4056375e+06
Maximum force     =  1.1245012e+12 on atom 6650
Norm of force     =  1.6152725e+10

    D O M A I N   D E C O M P O S I T I O N   S T A T I S T I C S

 av. #atoms communicated per step for force:  2 x 30506.0

Finished mdrun on rank 0 Tue Jan 18 15:57:27 2022

