                      :-) GROMACS - gmx mdrun, 2020.5 (-:

                            GROMACS is written by:
     Emile Apol      Rossen Apostolov      Paul Bauer     Herman J.C. Berendsen
    Par Bjelkmar      Christian Blau   Viacheslav Bolnykh     Kevin Boyd    
 Aldert van Buuren   Rudi van Drunen     Anton Feenstra       Alan Gray     
  Gerrit Groenhof     Anca Hamuraru    Vincent Hindriksen  M. Eric Irrgang  
  Aleksei Iupinov   Christoph Junghans     Joe Jordan     Dimitrios Karkoulis
    Peter Kasson        Jiri Kraus      Carsten Kutzner      Per Larsson    
  Justin A. Lemkul    Viveca Lindahl    Magnus Lundborg     Erik Marklund   
    Pascal Merz     Pieter Meulenhoff    Teemu Murtola       Szilard Pall   
    Sander Pronk      Roland Schulz      Michael Shirts    Alexey Shvetsov  
   Alfons Sijbers     Peter Tieleman      Jon Vincent      Teemu Virolainen 
 Christian Wennberg    Maarten Wolf      Artem Zhmurov   
                           and the project leaders:
        Mark Abraham, Berk Hess, Erik Lindahl, and David van der Spoel

Copyright (c) 1991-2000, University of Groningen, The Netherlands.
Copyright (c) 2001-2019, The GROMACS development team at
Uppsala University, Stockholm University and
the Royal Institute of Technology, Sweden.
check out http://www.gromacs.org for more information.

GROMACS is free software; you can redistribute it and/or modify it
under the terms of the GNU Lesser General Public License
as published by the Free Software Foundation; either version 2.1
of the License, or (at your option) any later version.

GROMACS:      gmx mdrun, version 2020.5
Executable:   /usr/local/gromacs/bin/gmx
Data prefix:  /usr/local/gromacs
Working dir:  /Users/nate_schwindt/Projects/polymer_membrane/Polymatic/lin_xlink/protonated/walls/hydration/gromacs/prehydrate/PA_water_box
Process ID:   11670
Command line:
  gmx mdrun -s npt.tpr -deffnm npt

GROMACS version:    2020.5
Verified release checksum is 4d9aa1b4e69850bc4583c1983ce2e0e3a88250cafb8f30ab0290b4dd4413a41e
Precision:          single
Memory model:       64 bit
MPI library:        thread_mpi
OpenMP support:     disabled
GPU support:        disabled
SIMD instructions:  AVX2_256
FFT library:        fftw-3.3.8-sse2
RDTSCP usage:       enabled
TNG support:        enabled
Hwloc support:      disabled
Tracing support:    disabled
C compiler:         /Library/Developer/CommandLineTools/usr/bin/cc AppleClang 12.0.0.12000032
C compiler flags:   -mavx2 -mfma -Wno-unknown-pragmas -fno-stack-check -fno-stack-check -O3 -DNDEBUG
C++ compiler:       /Library/Developer/CommandLineTools/usr/bin/c++ AppleClang 12.0.0.12000032
C++ compiler flags: -mavx2 -mfma -Wno-unknown-pragmas -fno-stack-check -fno-stack-check -O3 -DNDEBUG


Running on 1 node with total 16 cores, 16 logical cores
Hardware detected:
  CPU info:
    Vendor: Intel
    Brand:  Intel(R) Core(TM) i9-9880H CPU @ 2.30GHz
    Family: 6   Model: 158   Stepping: 13
    Features: aes apic avx avx2 clfsh cmov cx8 cx16 f16c fma htt intel lahf mmx msr nonstop_tsc pcid pclmuldq pdcm pdpe1gb popcnt pse rdrnd rdtscp sse2 sse3 sse4.1 sse4.2 ssse3 tdt x2apic
  Hardware topology: Only logical processor count


++++ PLEASE READ AND CITE THE FOLLOWING REFERENCE ++++
M. J. Abraham, T. Murtola, R. Schulz, S. Páll, J. C. Smith, B. Hess, E.
Lindahl
GROMACS: High performance molecular simulations through multi-level
parallelism from laptops to supercomputers
SoftwareX 1 (2015) pp. 19-25
-------- -------- --- Thank You --- -------- --------


++++ PLEASE READ AND CITE THE FOLLOWING REFERENCE ++++
S. Páll, M. J. Abraham, C. Kutzner, B. Hess, E. Lindahl
Tackling Exascale Software Challenges in Molecular Dynamics Simulations with
GROMACS
In S. Markidis & E. Laure (Eds.), Solving Software Challenges for Exascale 8759 (2015) pp. 3-27
-------- -------- --- Thank You --- -------- --------


++++ PLEASE READ AND CITE THE FOLLOWING REFERENCE ++++
S. Pronk, S. Páll, R. Schulz, P. Larsson, P. Bjelkmar, R. Apostolov, M. R.
Shirts, J. C. Smith, P. M. Kasson, D. van der Spoel, B. Hess, and E. Lindahl
GROMACS 4.5: a high-throughput and highly parallel open source molecular
simulation toolkit
Bioinformatics 29 (2013) pp. 845-54
-------- -------- --- Thank You --- -------- --------


++++ PLEASE READ AND CITE THE FOLLOWING REFERENCE ++++
B. Hess and C. Kutzner and D. van der Spoel and E. Lindahl
GROMACS 4: Algorithms for highly efficient, load-balanced, and scalable
molecular simulation
J. Chem. Theory Comput. 4 (2008) pp. 435-447
-------- -------- --- Thank You --- -------- --------


++++ PLEASE READ AND CITE THE FOLLOWING REFERENCE ++++
D. van der Spoel, E. Lindahl, B. Hess, G. Groenhof, A. E. Mark and H. J. C.
Berendsen
GROMACS: Fast, Flexible and Free
J. Comp. Chem. 26 (2005) pp. 1701-1719
-------- -------- --- Thank You --- -------- --------


++++ PLEASE READ AND CITE THE FOLLOWING REFERENCE ++++
E. Lindahl and B. Hess and D. van der Spoel
GROMACS 3.0: A package for molecular simulation and trajectory analysis
J. Mol. Mod. 7 (2001) pp. 306-317
-------- -------- --- Thank You --- -------- --------


++++ PLEASE READ AND CITE THE FOLLOWING REFERENCE ++++
H. J. C. Berendsen, D. van der Spoel and R. van Drunen
GROMACS: A message-passing parallel molecular dynamics implementation
Comp. Phys. Comm. 91 (1995) pp. 43-56
-------- -------- --- Thank You --- -------- --------


++++ PLEASE CITE THE DOI FOR THIS VERSION OF GROMACS ++++
https://doi.org/10.5281/zenodo.4420785
-------- -------- --- Thank You --- -------- --------

Input Parameters:
   integrator                     = md
   tinit                          = 0
   dt                             = 0.002
   nsteps                         = 50000
   init-step                      = 0
   simulation-part                = 1
   comm-mode                      = Linear
   nstcomm                        = 100
   bd-fric                        = 0
   ld-seed                        = -1343565857
   emtol                          = 10
   emstep                         = 0.01
   niter                          = 20
   fcstep                         = 0
   nstcgsteep                     = 1000
   nbfgscorr                      = 10
   rtpi                           = 0.05
   nstxout                        = 0
   nstvout                        = 0
   nstfout                        = 0
   nstlog                         = 1000
   nstcalcenergy                  = 100
   nstenergy                      = 1000
   nstxout-compressed             = 1000
   compressed-x-precision         = 1000
   cutoff-scheme                  = Verlet
   nstlist                        = 10
   pbc                            = xyz
   periodic-molecules             = true
   verlet-buffer-tolerance        = 0.005
   rlist                          = 1
   coulombtype                    = PME
   coulomb-modifier               = Potential-shift
   rcoulomb-switch                = 0
   rcoulomb                       = 1
   epsilon-r                      = 1
   epsilon-rf                     = inf
   vdw-type                       = PME
   vdw-modifier                   = Potential-shift
   rvdw-switch                    = 0
   rvdw                           = 1
   DispCorr                       = EnerPres
   table-extension                = 1
   fourierspacing                 = 0.12
   fourier-nx                     = 28
   fourier-ny                     = 28
   fourier-nz                     = 120
   pme-order                      = 4
   ewald-rtol                     = 1e-05
   ewald-rtol-lj                  = 0.001
   lj-pme-comb-rule               = Geometric
   ewald-geometry                 = 0
   epsilon-surface                = 0
   tcoupl                         = V-rescale
   nsttcouple                     = 10
   nh-chain-length                = 0
   print-nose-hoover-chain-variables = false
   pcoupl                         = Parrinello-Rahman
   pcoupltype                     = Semiisotropic
   nstpcouple                     = 10
   tau-p                          = 1
   compressibility (3x3):
      compressibility[    0]={ 4.50000e-05,  0.00000e+00,  0.00000e+00}
      compressibility[    1]={ 0.00000e+00,  4.50000e-05,  0.00000e+00}
      compressibility[    2]={ 0.00000e+00,  0.00000e+00,  4.50000e-05}
   ref-p (3x3):
      ref-p[    0]={ 1.01325e+00,  0.00000e+00,  0.00000e+00}
      ref-p[    1]={ 0.00000e+00,  1.01325e+00,  0.00000e+00}
      ref-p[    2]={ 0.00000e+00,  0.00000e+00,  1.01325e+00}
   refcoord-scaling               = No
   posres-com (3):
      posres-com[0]= 0.00000e+00
      posres-com[1]= 0.00000e+00
      posres-com[2]= 0.00000e+00
   posres-comB (3):
      posres-comB[0]= 0.00000e+00
      posres-comB[1]= 0.00000e+00
      posres-comB[2]= 0.00000e+00
   QMMM                           = false
   QMconstraints                  = 0
   QMMMscheme                     = 0
   MMChargeScaleFactor            = 1
qm-opts:
   ngQM                           = 0
   constraint-algorithm           = Lincs
   continuation                   = false
   Shake-SOR                      = false
   shake-tol                      = 0.0001
   lincs-order                    = 4
   lincs-iter                     = 1
   lincs-warnangle                = 30
   nwall                          = 0
   wall-type                      = 9-3
   wall-r-linpot                  = -1
   wall-atomtype[0]               = -1
   wall-atomtype[1]               = -1
   wall-density[0]                = 0
   wall-density[1]                = 0
   wall-ewald-zfac                = 3
   pull                           = false
   awh                            = false
   rotation                       = false
   interactiveMD                  = false
   disre                          = No
   disre-weighting                = Conservative
   disre-mixed                    = false
   dr-fc                          = 1000
   dr-tau                         = 0
   nstdisreout                    = 100
   orire-fc                       = 0
   orire-tau                      = 0
   nstorireout                    = 100
   free-energy                    = no
   cos-acceleration               = 0
   deform (3x3):
      deform[    0]={ 0.00000e+00,  0.00000e+00,  0.00000e+00}
      deform[    1]={ 0.00000e+00,  0.00000e+00,  0.00000e+00}
      deform[    2]={ 0.00000e+00,  0.00000e+00,  0.00000e+00}
   simulated-tempering            = false
   swapcoords                     = no
   userint1                       = 0
   userint2                       = 0
   userint3                       = 0
   userint4                       = 0
   userreal1                      = 0
   userreal2                      = 0
   userreal3                      = 0
   userreal4                      = 0
   applied-forces:
     electric-field:
       x:
         E0                       = 0
         omega                    = 0
         t0                       = 0
         sigma                    = 0
       y:
         E0                       = 0
         omega                    = 0
         t0                       = 0
         sigma                    = 0
       z:
         E0                       = 0
         omega                    = 0
         t0                       = 0
         sigma                    = 0
     density-guided-simulation:
       active                     = false
       group                      = protein
       similarity-measure         = inner-product
       atom-spreading-weight      = unity
       force-constant             = 1e+09
       gaussian-transform-spreading-width = 0.2
       gaussian-transform-spreading-range-in-multiples-of-width = 4
       reference-density-filename = reference.mrc
       nst                        = 1
       normalize-densities        = true
       adaptive-force-scaling     = false
       adaptive-force-scaling-time-constant = 4
grpopts:
   nrdf:       32962
   ref-t:         300
   tau-t:         0.1
annealing:          No
annealing-npoints:           0
   acc:	           0           0           0
   nfreeze:           N           N           N
   energygrp-flags[  0]: 0

Changing nstlist from 10 to 100, rlist from 1 to 1.111


Initializing Domain Decomposition on 16 ranks
Dynamic load balancing: auto
Minimum cell size due to atom displacement: 0.747 nm
NOTE: Periodic molecules are present in this system. Because of this, the domain decomposition algorithm cannot easily determine the minimum cell size that it requires for treating bonded interactions. Instead, domain decomposition will assume that half the non-bonded cut-off will be a suitable lower bound.
Minimum cell size due to bonded interactions: 0.555 nm
Maximum distance for 5 constraints, at 120 deg. angles, all-trans: 0.202 nm
Estimated maximum distance required for P-LINCS: 0.202 nm
Scaling the initial minimum size with 1/0.8 (option -dds) = 1.25
Using 0 separate PME ranks, as there are too few total
 ranks for efficient splitting
Optimizing the DD grid for 16 cells with a minimum initial size of 0.934 nm
The maximum allowed number of cells is: X 3 Y 3 Z 14
Domain decomposition grid 2 x 2 x 4, separate PME ranks 0
PME domain decomposition: 2 x 8 x 1
Domain decomposition rank 0, coordinates 0 0 0

The initial number of communication pulses is: X 1 Y 1 Z 1
The initial domain decomposition cell size is: X 1.68 nm Y 1.68 nm Z 3.38 nm

The maximum allowed distance for atoms involved in interactions is:
                 non-bonded interactions           1.111 nm
(the following are initial values, they could change due to box deformation)
            two-body bonded interactions  (-rdd)   1.111 nm
          multi-body bonded interactions  (-rdd)   1.111 nm
  atoms separated by up to 5 constraints  (-rcon)  1.676 nm

When dynamic load balancing gets turned on, these settings will change to:
The maximum number of communication pulses is: X 1 Y 1 Z 1
The minimum size for domain decomposition cells is 1.111 nm
The requested allowed shrink of DD cells (option -dds) is: 0.80
The allowed shrink of domain decomposition cells is: X 0.66 Y 0.66 Z 0.33
The maximum allowed distance for atoms involved in interactions is:
                 non-bonded interactions           1.111 nm
            two-body bonded interactions  (-rdd)   1.111 nm
          multi-body bonded interactions  (-rdd)   1.111 nm
  atoms separated by up to 5 constraints  (-rcon)  1.111 nm

Using 16 MPI threads
System total charge: 0.000
Will do PME sum in reciprocal space for LJ dispersion interactions.

++++ PLEASE READ AND CITE THE FOLLOWING REFERENCE ++++
U. Essmann, L. Perera, M. L. Berkowitz, T. Darden, H. Lee and L. G. Pedersen 
A smooth particle mesh Ewald method
J. Chem. Phys. 103 (1995) pp. 8577-8592
-------- -------- --- Thank You --- -------- --------

Using a Gaussian width (1/beta) of 0.298423 nm for LJ Ewald
Will do PME sum in reciprocal space for electrostatic interactions.

++++ PLEASE READ AND CITE THE FOLLOWING REFERENCE ++++
U. Essmann, L. Perera, M. L. Berkowitz, T. Darden, H. Lee and L. G. Pedersen 
A smooth particle mesh Ewald method
J. Chem. Phys. 103 (1995) pp. 8577-8592
-------- -------- --- Thank You --- -------- --------

Using a Gaussian width (1/beta) of 0.320163 nm for Ewald
Potential shift: LJ r^-12: -1.000e+00 r^-6: -1.000e-03, Ewald -1.000e-05
Initialized non-bonded Ewald tables, spacing: 9.33e-04 size: 1073

Using shifted Lennard-Jones, switch between 0 and 1 nm
Generated table with 1055 data points for 1-4 COUL.
Tabscale = 500 points/nm
Generated table with 1055 data points for 1-4 LJ6.
Tabscale = 500 points/nm
Generated table with 1055 data points for 1-4 LJ12.
Tabscale = 500 points/nm

Using SIMD 4x8 nonbonded short-range kernels

Using a dual 4x8 pair-list setup updated with dynamic pruning:
  outer list: updated every 100 steps, buffer 0.111 nm, rlist 1.111 nm
  inner list: updated every  21 steps, buffer 0.003 nm, rlist 1.003 nm
At tolerance 0.005 kJ/mol/ps per atom, equivalent classical 1x1 list would be:
  outer list: updated every 100 steps, buffer 0.265 nm, rlist 1.265 nm
  inner list: updated every  21 steps, buffer 0.078 nm, rlist 1.078 nm

Long Range LJ corr.: <C6> 4.8517e-06


Initializing Parallel LINear Constraint Solver

++++ PLEASE READ AND CITE THE FOLLOWING REFERENCE ++++
B. Hess
P-LINCS: A Parallel Linear Constraint Solver for molecular simulation
J. Chem. Theory Comput. 4 (2008) pp. 116-122
-------- -------- --- Thank You --- -------- --------

The number of constraints is 2198
There are constraints between atoms in different decomposition domains,
will communicate selected coordinates each lincs iteration

++++ PLEASE READ AND CITE THE FOLLOWING REFERENCE ++++
S. Miyamoto and P. A. Kollman
SETTLE: An Analytical Version of the SHAKE and RATTLE Algorithms for Rigid
Water Models
J. Comp. Chem. 13 (1992) pp. 952-962
-------- -------- --- Thank You --- -------- --------


Linking all bonded interactions to atoms

Intra-simulation communication will occur every 10 steps.

++++ PLEASE READ AND CITE THE FOLLOWING REFERENCE ++++
G. Bussi, D. Donadio and M. Parrinello
Canonical sampling through velocity rescaling
J. Chem. Phys. 126 (2007) pp. 014101
-------- -------- --- Thank You --- -------- --------

There are: 14235 Atoms
Atom distribution over 16 domains: av 889 stddev 45 min 840 max 939

Constraining the starting coordinates (step 0)

Constraining the coordinates at t0-dt (step 0)
Center of mass motion removal mode is Linear
We have the following groups for center of mass motion removal:
  0:  rest
RMS relative constraint deviation after constraining: 5.14e-07
Initial temperature: 300.614 K

Started mdrun on rank 0 Tue Feb  8 15:20:47 2022

           Step           Time
              0        0.00000

   Energies (kJ/mol)
           Bond          Angle    Proper Dih. Ryckaert-Bell.          LJ-14
    7.40431e+03    9.97229e+03    9.89508e+02    2.36217e+04    1.09278e+04
     Coulomb-14        LJ (SR)  Disper. corr.   Coulomb (SR)   Coul. recip.
   -1.08079e+05    3.60738e+04   -2.70533e+01   -2.51990e+05    1.00863e+04
      LJ recip.      Potential    Kinetic En.   Total Energy  Conserved En.
   -3.21141e+04   -2.93134e+05    4.12147e+04   -2.51919e+05   -2.51910e+05
    Temperature Pres. DC (bar) Pressure (bar)   Constr. rmsd
    3.00770e+02   -2.95869e+00   -4.90881e+02    9.62125e-07


DD  step 99 load imb.: force 23.7%

step 200 Turning on dynamic load balancing, because the performance loss due to load imbalance is 12.9 %.

DD  step 999  vol min/aver 0.811  load imb.: force  3.1%
           Step           Time
           1000        2.00000

   Energies (kJ/mol)
           Bond          Angle    Proper Dih. Ryckaert-Bell.          LJ-14
    6.93185e+03    1.00223e+04    9.93491e+02    2.31949e+04    1.09080e+04
     Coulomb-14        LJ (SR)  Disper. corr.   Coulomb (SR)   Coul. recip.
   -1.08026e+05    3.68826e+04   -2.80106e+01   -2.53284e+05    1.02484e+04
      LJ recip.      Potential    Kinetic En.   Total Energy  Conserved En.
   -3.25852e+04   -2.94742e+05    4.09483e+04   -2.53794e+05   -2.51886e+05
    Temperature Pres. DC (bar) Pressure (bar)   Constr. rmsd
    2.98826e+02   -3.17152e+00    3.65621e+01    1.01752e-06


DD  step 1999  vol min/aver 0.872  load imb.: force  2.9%
           Step           Time
           2000        4.00000

   Energies (kJ/mol)
           Bond          Angle    Proper Dih. Ryckaert-Bell.          LJ-14
    7.06188e+03    9.89914e+03    9.06567e+02    2.31002e+04    1.07921e+04
     Coulomb-14        LJ (SR)  Disper. corr.   Coulomb (SR)   Coul. recip.
   -1.07915e+05    3.78319e+04   -2.85493e+01   -2.54385e+05    1.00972e+04
      LJ recip.      Potential    Kinetic En.   Total Energy  Conserved En.
   -3.25255e+04   -2.95165e+05    4.02861e+04   -2.54879e+05   -2.51789e+05
    Temperature Pres. DC (bar) Pressure (bar)   Constr. rmsd
    2.93993e+02   -3.29451e+00   -2.16395e+02    9.65101e-07


DD  step 2999  vol min/aver 0.881  load imb.: force  2.2%
           Step           Time
           3000        6.00000

   Energies (kJ/mol)
           Bond          Angle    Proper Dih. Ryckaert-Bell.          LJ-14
    7.07204e+03    9.78302e+03    9.89188e+02    2.33964e+04    1.08176e+04
     Coulomb-14        LJ (SR)  Disper. corr.   Coulomb (SR)   Coul. recip.
   -1.08026e+05    3.71045e+04   -2.87134e+01   -2.53439e+05    1.01823e+04
      LJ recip.      Potential    Kinetic En.   Total Energy  Conserved En.
   -3.26618e+04   -2.94811e+05    4.13869e+04   -2.53424e+05   -2.51806e+05
    Temperature Pres. DC (bar) Pressure (bar)   Constr. rmsd
    3.02026e+02   -3.33246e+00   -3.44814e+02    9.70924e-07


DD  step 3999  vol min/aver 0.857  load imb.: force  2.8%

step 4000 Turning off dynamic load balancing, because it is degrading performance.
Atom distribution over 16 domains: av 889 stddev 44 min 845 max 947
           Step           Time
           4000        8.00000

   Energies (kJ/mol)
           Bond          Angle    Proper Dih. Ryckaert-Bell.          LJ-14
    6.87319e+03    1.01979e+04    9.36870e+02    2.33836e+04    1.08330e+04
     Coulomb-14        LJ (SR)  Disper. corr.   Coulomb (SR)   Coul. recip.
   -1.07964e+05    3.64033e+04   -2.84093e+01   -2.52576e+05    1.00852e+04
      LJ recip.      Potential    Kinetic En.   Total Energy  Conserved En.
   -3.26218e+04   -2.94477e+05    4.16046e+04   -2.52872e+05   -2.51750e+05
    Temperature Pres. DC (bar) Pressure (bar)   Constr. rmsd
    3.03615e+02   -3.26233e+00   -6.76125e+02    9.66450e-07


DD  step 4999 load imb.: force 17.7%
           Step           Time
           5000       10.00000

   Energies (kJ/mol)
           Bond          Angle    Proper Dih. Ryckaert-Bell.          LJ-14
    6.96842e+03    9.90508e+03    9.70575e+02    2.31088e+04    1.09500e+04
     Coulomb-14        LJ (SR)  Disper. corr.   Coulomb (SR)   Coul. recip.
   -1.08013e+05    3.64760e+04   -2.83463e+01   -2.52860e+05    1.02164e+04
      LJ recip.      Potential    Kinetic En.   Total Energy  Conserved En.
   -3.26577e+04   -2.94964e+05    4.15050e+04   -2.53459e+05   -2.51796e+05
    Temperature Pres. DC (bar) Pressure (bar)   Constr. rmsd
    3.02889e+02   -3.24788e+00   -2.03342e+02    9.21535e-07


DD  step 5999 load imb.: force 13.6%
           Step           Time
           6000       12.00000

   Energies (kJ/mol)
           Bond          Angle    Proper Dih. Ryckaert-Bell.          LJ-14
    7.20439e+03    9.81721e+03    9.79261e+02    2.33822e+04    1.08335e+04
     Coulomb-14        LJ (SR)  Disper. corr.   Coulomb (SR)   Coul. recip.
   -1.07986e+05    3.67862e+04   -2.84759e+01   -2.52683e+05    1.01717e+04
      LJ recip.      Potential    Kinetic En.   Total Energy  Conserved En.
   -3.26009e+04   -2.94124e+05    4.05176e+04   -2.53606e+05   -2.51761e+05
    Temperature Pres. DC (bar) Pressure (bar)   Constr. rmsd
    2.95683e+02   -3.27762e+00   -4.87919e+02    9.73465e-07


DD  step 6999 load imb.: force 12.1%
           Step           Time
           7000       14.00000

   Energies (kJ/mol)
           Bond          Angle    Proper Dih. Ryckaert-Bell.          LJ-14
    6.87124e+03    1.01747e+04    1.01098e+03    2.30865e+04    1.10466e+04
     Coulomb-14        LJ (SR)  Disper. corr.   Coulomb (SR)   Coul. recip.
   -1.08086e+05    3.75519e+04   -2.85575e+01   -2.53899e+05    1.01834e+04
      LJ recip.      Potential    Kinetic En.   Total Energy  Conserved En.
   -3.26100e+04   -2.94699e+05    4.10061e+04   -2.53693e+05   -2.51758e+05
    Temperature Pres. DC (bar) Pressure (bar)   Constr. rmsd
    2.99247e+02   -3.29641e+00    4.45722e+02    9.36593e-07


DD  step 7999 load imb.: force 13.0%
           Step           Time
           8000       16.00000

   Energies (kJ/mol)
           Bond          Angle    Proper Dih. Ryckaert-Bell.          LJ-14
    7.21437e+03    9.93355e+03    9.93918e+02    2.33529e+04    1.08965e+04
     Coulomb-14        LJ (SR)  Disper. corr.   Coulomb (SR)   Coul. recip.
   -1.08082e+05    3.72981e+04   -2.86283e+01   -2.53407e+05    1.00138e+04
      LJ recip.      Potential    Kinetic En.   Total Energy  Conserved En.
   -3.27071e+04   -2.94522e+05    4.10613e+04   -2.53461e+05   -2.51734e+05
    Temperature Pres. DC (bar) Pressure (bar)   Constr. rmsd
    2.99650e+02   -3.31276e+00    3.41410e+02    9.58974e-07


DD  step 8999 load imb.: force 12.5%
           Step           Time
           9000       18.00000

   Energies (kJ/mol)
           Bond          Angle    Proper Dih. Ryckaert-Bell.          LJ-14
    6.96506e+03    9.91211e+03    9.66903e+02    2.32884e+04    1.09723e+04
     Coulomb-14        LJ (SR)  Disper. corr.   Coulomb (SR)   Coul. recip.
   -1.08117e+05    3.68211e+04   -2.84310e+01   -2.53366e+05    1.00861e+04
      LJ recip.      Potential    Kinetic En.   Total Energy  Conserved En.
   -3.25950e+04   -2.95094e+05    4.10617e+04   -2.54033e+05   -2.51737e+05
    Temperature Pres. DC (bar) Pressure (bar)   Constr. rmsd
    2.99653e+02   -3.26730e+00   -6.77004e+01    9.82123e-07


DD  step 9999 load imb.: force 13.7%

step 10000 Turning on dynamic load balancing, because the performance loss due to load imbalance is 3.5 %.
           Step           Time
          10000       20.00000

   Energies (kJ/mol)
           Bond          Angle    Proper Dih. Ryckaert-Bell.          LJ-14
    6.89428e+03    9.96769e+03    9.59838e+02    2.33261e+04    1.07971e+04
     Coulomb-14        LJ (SR)  Disper. corr.   Coulomb (SR)   Coul. recip.
   -1.07950e+05    3.65921e+04   -2.84620e+01   -2.52999e+05    1.01615e+04
      LJ recip.      Potential    Kinetic En.   Total Energy  Conserved En.
   -3.26292e+04   -2.94907e+05    4.14224e+04   -2.53485e+05   -2.51708e+05
    Temperature Pres. DC (bar) Pressure (bar)   Constr. rmsd
    3.02286e+02   -3.27443e+00   -4.20763e+02    9.52678e-07


DD  step 10999  vol min/aver 0.878  load imb.: force  4.0%
           Step           Time
          11000       22.00000

   Energies (kJ/mol)
           Bond          Angle    Proper Dih. Ryckaert-Bell.          LJ-14
    7.11669e+03    1.00437e+04    9.41093e+02    2.30840e+04    1.08871e+04
     Coulomb-14        LJ (SR)  Disper. corr.   Coulomb (SR)   Coul. recip.
   -1.08087e+05    3.71293e+04   -2.84781e+01   -2.53109e+05    1.01838e+04
      LJ recip.      Potential    Kinetic En.   Total Energy  Conserved En.
   -3.25924e+04   -2.94432e+05    4.12323e+04   -2.53200e+05   -2.51705e+05
    Temperature Pres. DC (bar) Pressure (bar)   Constr. rmsd
    3.00898e+02   -3.27814e+00    3.20687e+02    1.00920e-06


DD  step 11999  vol min/aver 0.872  load imb.: force  2.9%

step 12000 Turning off dynamic load balancing, because it is degrading performance.
Atom distribution over 16 domains: av 889 stddev 46 min 841 max 945
           Step           Time
          12000       24.00000

   Energies (kJ/mol)
           Bond          Angle    Proper Dih. Ryckaert-Bell.          LJ-14
    7.10897e+03    1.02924e+04    9.49027e+02    2.33346e+04    1.09505e+04
     Coulomb-14        LJ (SR)  Disper. corr.   Coulomb (SR)   Coul. recip.
   -1.07998e+05    3.76323e+04   -2.86691e+01   -2.53874e+05    9.98268e+03
      LJ recip.      Potential    Kinetic En.   Total Energy  Conserved En.
   -3.27581e+04   -2.94408e+05    4.06178e+04   -2.53790e+05   -2.51638e+05
    Temperature Pres. DC (bar) Pressure (bar)   Constr. rmsd
    2.96414e+02   -3.32221e+00    4.32066e+02    9.31613e-07


DD  step 12999 load imb.: force 12.2%
           Step           Time
          13000       26.00000

   Energies (kJ/mol)
           Bond          Angle    Proper Dih. Ryckaert-Bell.          LJ-14
    7.03186e+03    1.01602e+04    9.69076e+02    2.35464e+04    1.09001e+04
     Coulomb-14        LJ (SR)  Disper. corr.   Coulomb (SR)   Coul. recip.
   -1.08091e+05    3.78183e+04   -2.86894e+01   -2.54437e+05    9.91433e+03
      LJ recip.      Potential    Kinetic En.   Total Energy  Conserved En.
   -3.27827e+04   -2.94999e+05    4.04904e+04   -2.54508e+05   -2.51657e+05
    Temperature Pres. DC (bar) Pressure (bar)   Constr. rmsd
    2.95484e+02   -3.32689e+00    4.72791e+02    9.48985e-07


DD  step 13999 load imb.: force 12.3%
           Step           Time
          14000       28.00000

   Energies (kJ/mol)
           Bond          Angle    Proper Dih. Ryckaert-Bell.          LJ-14
    7.00060e+03    1.01021e+04    9.47438e+02    2.33932e+04    1.09019e+04
     Coulomb-14        LJ (SR)  Disper. corr.   Coulomb (SR)   Coul. recip.
   -1.07974e+05    3.69150e+04   -2.84152e+01   -2.53146e+05    1.01251e+04
      LJ recip.      Potential    Kinetic En.   Total Energy  Conserved En.
   -3.26552e+04   -2.94418e+05    4.11089e+04   -2.53310e+05   -2.51658e+05
    Temperature Pres. DC (bar) Pressure (bar)   Constr. rmsd
    2.99998e+02   -3.26368e+00   -3.05759e+02    9.82784e-07


DD  step 14999 load imb.: force 12.7%
           Step           Time
          15000       30.00000

   Energies (kJ/mol)
           Bond          Angle    Proper Dih. Ryckaert-Bell.          LJ-14
    7.29733e+03    1.00572e+04    9.55406e+02    2.33700e+04    1.07953e+04
     Coulomb-14        LJ (SR)  Disper. corr.   Coulomb (SR)   Coul. recip.
   -1.07929e+05    3.68097e+04   -2.84048e+01   -2.53330e+05    9.97932e+03
      LJ recip.      Potential    Kinetic En.   Total Energy  Conserved En.
   -3.26548e+04   -2.94678e+05    4.12016e+04   -2.53476e+05   -2.51641e+05
    Temperature Pres. DC (bar) Pressure (bar)   Constr. rmsd
    3.00674e+02   -3.26129e+00   -3.14386e+02    9.51905e-07


DD  step 15999 load imb.: force 12.2%
           Step           Time
          16000       32.00000

   Energies (kJ/mol)
           Bond          Angle    Proper Dih. Ryckaert-Bell.          LJ-14
    7.11815e+03    1.00528e+04    9.81511e+02    2.30358e+04    1.09248e+04
     Coulomb-14        LJ (SR)  Disper. corr.   Coulomb (SR)   Coul. recip.
   -1.08018e+05    3.75447e+04   -2.85177e+01   -2.53860e+05    1.00966e+04
      LJ recip.      Potential    Kinetic En.   Total Energy  Conserved En.
   -3.26603e+04   -2.94812e+05    4.09771e+04   -2.53835e+05   -2.51612e+05
    Temperature Pres. DC (bar) Pressure (bar)   Constr. rmsd
    2.99036e+02   -3.28724e+00    4.37628e+01    9.59284e-07


DD  step 16999 load imb.: force 12.8%
           Step           Time
          17000       34.00000

   Energies (kJ/mol)
           Bond          Angle    Proper Dih. Ryckaert-Bell.          LJ-14
    7.10540e+03    1.00428e+04    9.86558e+02    2.37251e+04    1.08818e+04
     Coulomb-14        LJ (SR)  Disper. corr.   Coulomb (SR)   Coul. recip.
   -1.08015e+05    3.67534e+04   -2.85304e+01   -2.53132e+05    9.96801e+03
      LJ recip.      Potential    Kinetic En.   Total Energy  Conserved En.
   -3.26637e+04   -2.94376e+05    4.14656e+04   -2.52911e+05   -2.51619e+05
    Temperature Pres. DC (bar) Pressure (bar)   Constr. rmsd
    3.02601e+02   -3.29016e+00   -9.86925e+01    9.79456e-07


DD  step 17999 load imb.: force 12.4%
           Step           Time
          18000       36.00000

   Energies (kJ/mol)
           Bond          Angle    Proper Dih. Ryckaert-Bell.          LJ-14
    6.85431e+03    1.00044e+04    9.64538e+02    2.31163e+04    1.08332e+04
     Coulomb-14        LJ (SR)  Disper. corr.   Coulomb (SR)   Coul. recip.
   -1.07862e+05    3.66673e+04   -2.85110e+01   -2.53023e+05    1.01937e+04
      LJ recip.      Potential    Kinetic En.   Total Energy  Conserved En.
   -3.26547e+04   -2.94935e+05    4.14456e+04   -2.53489e+05   -2.51589e+05
    Temperature Pres. DC (bar) Pressure (bar)   Constr. rmsd
    3.02455e+02   -3.28570e+00   -4.76060e+02    9.61670e-07


DD  step 18999 load imb.: force 13.8%
           Step           Time
          19000       38.00000

   Energies (kJ/mol)
           Bond          Angle    Proper Dih. Ryckaert-Bell.          LJ-14
    6.79895e+03    1.03419e+04    9.45482e+02    2.34122e+04    1.08710e+04
     Coulomb-14        LJ (SR)  Disper. corr.   Coulomb (SR)   Coul. recip.
   -1.07949e+05    3.76651e+04   -2.86461e+01   -2.54794e+05    1.01357e+04
      LJ recip.      Potential    Kinetic En.   Total Energy  Conserved En.
   -3.27916e+04   -2.95393e+05    4.12561e+04   -2.54137e+05   -2.51528e+05
    Temperature Pres. DC (bar) Pressure (bar)   Constr. rmsd
    3.01072e+02   -3.31687e+00    9.15489e+01    9.78099e-07


DD  step 19999 load imb.: force 13.4%
           Step           Time
          20000       40.00000

   Energies (kJ/mol)
           Bond          Angle    Proper Dih. Ryckaert-Bell.          LJ-14
    7.01932e+03    1.00663e+04    9.82802e+02    2.30526e+04    1.10190e+04
     Coulomb-14        LJ (SR)  Disper. corr.   Coulomb (SR)   Coul. recip.
   -1.08037e+05    3.74567e+04   -2.85592e+01   -2.54482e+05    1.00499e+04
      LJ recip.      Potential    Kinetic En.   Total Energy  Conserved En.
   -3.27425e+04   -2.95643e+05    4.11731e+04   -2.54470e+05   -2.51507e+05
    Temperature Pres. DC (bar) Pressure (bar)   Constr. rmsd
    3.00466e+02   -3.29680e+00    3.67107e+02    9.87094e-07


DD  step 20999 load imb.: force 11.8%
           Step           Time
          21000       42.00000

   Energies (kJ/mol)
           Bond          Angle    Proper Dih. Ryckaert-Bell.          LJ-14
    7.07195e+03    9.99679e+03    9.59701e+02    2.30719e+04    1.09007e+04
     Coulomb-14        LJ (SR)  Disper. corr.   Coulomb (SR)   Coul. recip.
   -1.07953e+05    3.79294e+04   -2.86549e+01   -2.54497e+05    1.00589e+04
      LJ recip.      Potential    Kinetic En.   Total Energy  Conserved En.
   -3.27688e+04   -2.95258e+05    4.05872e+04   -2.54671e+05   -2.51500e+05
    Temperature Pres. DC (bar) Pressure (bar)   Constr. rmsd
    2.96191e+02   -3.31891e+00    3.78809e+02    9.62218e-07


DD  step 21999 load imb.: force 13.5%
           Step           Time
          22000       44.00000

   Energies (kJ/mol)
           Bond          Angle    Proper Dih. Ryckaert-Bell.          LJ-14
    6.92574e+03    1.01905e+04    9.05157e+02    2.31809e+04    1.07569e+04
     Coulomb-14        LJ (SR)  Disper. corr.   Coulomb (SR)   Coul. recip.
   -1.07908e+05    3.71060e+04   -2.85838e+01   -2.53928e+05    1.00523e+04
      LJ recip.      Potential    Kinetic En.   Total Energy  Conserved En.
   -3.26791e+04   -2.95427e+05    4.11427e+04   -2.54284e+05   -2.51496e+05
    Temperature Pres. DC (bar) Pressure (bar)   Constr. rmsd
    3.00244e+02   -3.30248e+00   -2.21926e+02    9.44994e-07


DD  step 22999 load imb.: force 12.6%
           Step           Time
          23000       46.00000

   Energies (kJ/mol)
           Bond          Angle    Proper Dih. Ryckaert-Bell.          LJ-14
    7.22217e+03    1.02309e+04    9.83496e+02    2.31827e+04    1.10882e+04
     Coulomb-14        LJ (SR)  Disper. corr.   Coulomb (SR)   Coul. recip.
   -1.08192e+05    3.82783e+04   -2.86466e+01   -2.54601e+05    9.96044e+03
      LJ recip.      Potential    Kinetic En.   Total Energy  Conserved En.
   -3.28124e+04   -2.94688e+05    4.13034e+04   -2.53385e+05   -2.51479e+05
    Temperature Pres. DC (bar) Pressure (bar)   Constr. rmsd
    3.01417e+02   -3.31699e+00    8.72436e+02    9.57322e-07


DD  step 23999 load imb.: force 12.5%
           Step           Time
          24000       48.00000

   Energies (kJ/mol)
           Bond          Angle    Proper Dih. Ryckaert-Bell.          LJ-14
    7.25488e+03    9.92785e+03    1.02100e+03    2.35263e+04    1.08372e+04
     Coulomb-14        LJ (SR)  Disper. corr.   Coulomb (SR)   Coul. recip.
   -1.08038e+05    3.70596e+04   -2.86966e+01   -2.54057e+05    9.97792e+03
      LJ recip.      Potential    Kinetic En.   Total Energy  Conserved En.
   -3.27674e+04   -2.95287e+05    4.13233e+04   -2.53963e+05   -2.51488e+05
    Temperature Pres. DC (bar) Pressure (bar)   Constr. rmsd
    3.01563e+02   -3.32856e+00    4.11858e+01    9.55038e-07


DD  step 24999 load imb.: force 15.7%
           Step           Time
          25000       50.00000

   Energies (kJ/mol)
           Bond          Angle    Proper Dih. Ryckaert-Bell.          LJ-14
    6.89335e+03    9.72469e+03    9.33363e+02    2.33166e+04    1.09953e+04
     Coulomb-14        LJ (SR)  Disper. corr.   Coulomb (SR)   Coul. recip.
   -1.08021e+05    3.73772e+04   -2.86927e+01   -2.54359e+05    1.00064e+04
      LJ recip.      Potential    Kinetic En.   Total Energy  Conserved En.
   -3.27801e+04   -2.95942e+05    4.11381e+04   -2.54804e+05   -2.51494e+05
    Temperature Pres. DC (bar) Pressure (bar)   Constr. rmsd
    3.00211e+02   -3.32767e+00    3.47435e+02    9.57770e-07


DD  step 25999 load imb.: force 13.2%
           Step           Time
          26000       52.00000

   Energies (kJ/mol)
           Bond          Angle    Proper Dih. Ryckaert-Bell.          LJ-14
    7.03000e+03    1.00574e+04    1.00766e+03    2.32712e+04    1.08452e+04
     Coulomb-14        LJ (SR)  Disper. corr.   Coulomb (SR)   Coul. recip.
   -1.07964e+05    3.68953e+04   -2.84672e+01   -2.53884e+05    1.00579e+04
      LJ recip.      Potential    Kinetic En.   Total Energy  Conserved En.
   -3.26244e+04   -2.95336e+05    4.07338e+04   -2.54602e+05   -2.51454e+05
    Temperature Pres. DC (bar) Pressure (bar)   Constr. rmsd
    2.97260e+02   -3.27563e+00   -5.82816e+02    9.98057e-07


DD  step 26999 load imb.: force 15.0%
           Step           Time
          27000       54.00000

   Energies (kJ/mol)
           Bond          Angle    Proper Dih. Ryckaert-Bell.          LJ-14
    7.16454e+03    1.02249e+04    1.00791e+03    2.29722e+04    1.09237e+04
     Coulomb-14        LJ (SR)  Disper. corr.   Coulomb (SR)   Coul. recip.
   -1.08045e+05    3.78345e+04   -2.86709e+01   -2.54604e+05    1.00644e+04
      LJ recip.      Potential    Kinetic En.   Total Energy  Conserved En.
   -3.26870e+04   -2.95173e+05    4.09944e+04   -2.54178e+05   -2.51448e+05
    Temperature Pres. DC (bar) Pressure (bar)   Constr. rmsd
    2.99162e+02   -3.32260e+00   -2.14458e+02    9.94270e-07


DD  step 27999 load imb.: force 16.4%
           Step           Time
          28000       56.00000

   Energies (kJ/mol)
           Bond          Angle    Proper Dih. Ryckaert-Bell.          LJ-14
    6.92516e+03    1.00005e+04    9.81916e+02    2.34209e+04    1.09355e+04
     Coulomb-14        LJ (SR)  Disper. corr.   Coulomb (SR)   Coul. recip.
   -1.08018e+05    3.72640e+04   -2.86207e+01   -2.53906e+05    1.00866e+04
      LJ recip.      Potential    Kinetic En.   Total Energy  Conserved En.
   -3.26694e+04   -2.95007e+05    4.09481e+04   -2.54059e+05   -2.51430e+05
    Temperature Pres. DC (bar) Pressure (bar)   Constr. rmsd
    2.98824e+02   -3.31100e+00    1.23750e+02    9.52039e-07


DD  step 28999 load imb.: force 14.9%
           Step           Time
          29000       58.00000

   Energies (kJ/mol)
           Bond          Angle    Proper Dih. Ryckaert-Bell.          LJ-14
    7.05100e+03    1.00000e+04    9.50608e+02    2.33445e+04    1.08613e+04
     Coulomb-14        LJ (SR)  Disper. corr.   Coulomb (SR)   Coul. recip.
   -1.07875e+05    3.71805e+04   -2.85180e+01   -2.54371e+05    1.00457e+04
      LJ recip.      Potential    Kinetic En.   Total Energy  Conserved En.
   -3.27005e+04   -2.95541e+05    4.09972e+04   -2.54544e+05   -2.51383e+05
    Temperature Pres. DC (bar) Pressure (bar)   Constr. rmsd
    2.99183e+02   -3.28731e+00   -3.96301e+02    9.76438e-07


DD  step 29999 load imb.: force 14.8%

step 30000 Turning on dynamic load balancing, because the performance loss due to load imbalance is 4.0 %.
           Step           Time
          30000       60.00000

   Energies (kJ/mol)
           Bond          Angle    Proper Dih. Ryckaert-Bell.          LJ-14
    7.32596e+03    1.00188e+04    9.60331e+02    2.33397e+04    1.09471e+04
     Coulomb-14        LJ (SR)  Disper. corr.   Coulomb (SR)   Coul. recip.
   -1.08051e+05    3.68144e+04   -2.85362e+01   -2.53295e+05    1.00958e+04
      LJ recip.      Potential    Kinetic En.   Total Energy  Conserved En.
   -3.27314e+04   -2.94604e+05    4.10211e+04   -2.53583e+05   -2.51367e+05
    Temperature Pres. DC (bar) Pressure (bar)   Constr. rmsd
    2.99357e+02   -3.29151e+00   -2.00586e+02    1.02226e-06


DD  step 30999  vol min/aver 0.860  load imb.: force  3.2%
           Step           Time
          31000       62.00000

   Energies (kJ/mol)
           Bond          Angle    Proper Dih. Ryckaert-Bell.          LJ-14
    7.10549e+03    9.89237e+03    9.79175e+02    2.30388e+04    1.08254e+04
     Coulomb-14        LJ (SR)  Disper. corr.   Coulomb (SR)   Coul. recip.
   -1.07918e+05    3.78990e+04   -2.85077e+01   -2.54455e+05    9.99195e+03
      LJ recip.      Potential    Kinetic En.   Total Energy  Conserved En.
   -3.26490e+04   -2.95318e+05    4.06899e+04   -2.54628e+05   -2.51398e+05
    Temperature Pres. DC (bar) Pressure (bar)   Constr. rmsd
    2.96940e+02   -3.28495e+00    4.88832e+01    1.04182e-06


DD  step 31999  vol min/aver 0.857  load imb.: force  3.5%
           Step           Time
          32000       64.00000

   Energies (kJ/mol)
           Bond          Angle    Proper Dih. Ryckaert-Bell.          LJ-14
    7.19292e+03    1.00569e+04    9.61985e+02    2.31649e+04    1.07291e+04
     Coulomb-14        LJ (SR)  Disper. corr.   Coulomb (SR)   Coul. recip.
   -1.07905e+05    3.67436e+04   -2.84793e+01   -2.53129e+05    1.00720e+04
      LJ recip.      Potential    Kinetic En.   Total Energy  Conserved En.
   -3.25458e+04   -2.94686e+05    4.13517e+04   -2.53334e+05   -2.51350e+05
    Temperature Pres. DC (bar) Pressure (bar)   Constr. rmsd
    3.01770e+02   -3.27840e+00   -8.53686e+02    9.38570e-07


DD  step 32999  vol min/aver 0.859  load imb.: force  3.0%
           Step           Time
          33000       66.00000

   Energies (kJ/mol)
           Bond          Angle    Proper Dih. Ryckaert-Bell.          LJ-14
    7.21570e+03    9.77133e+03    9.67725e+02    2.33725e+04    1.09290e+04
     Coulomb-14        LJ (SR)  Disper. corr.   Coulomb (SR)   Coul. recip.
   -1.08033e+05    3.76458e+04   -2.88069e+01   -2.54690e+05    9.87086e+03
      LJ recip.      Potential    Kinetic En.   Total Energy  Conserved En.
   -3.28431e+04   -2.95822e+05    4.07991e+04   -2.55023e+05   -2.51353e+05
    Temperature Pres. DC (bar) Pressure (bar)   Constr. rmsd
    2.97737e+02   -3.35417e+00    5.13792e+02    9.99175e-07


DD  step 33999  vol min/aver 0.852  load imb.: force  2.1%
           Step           Time
          34000       68.00000

   Energies (kJ/mol)
           Bond          Angle    Proper Dih. Ryckaert-Bell.          LJ-14
    7.08081e+03    9.92343e+03    9.48219e+02    2.35447e+04    1.08860e+04
     Coulomb-14        LJ (SR)  Disper. corr.   Coulomb (SR)   Coul. recip.
   -1.08031e+05    3.70428e+04   -2.85620e+01   -2.54507e+05    9.88934e+03
      LJ recip.      Potential    Kinetic En.   Total Energy  Conserved En.
   -3.26736e+04   -2.95924e+05    4.08744e+04   -2.55050e+05   -2.51363e+05
    Temperature Pres. DC (bar) Pressure (bar)   Constr. rmsd
    2.98287e+02   -3.29746e+00   -1.91860e+02    9.54490e-07


DD  step 34999  vol min/aver 0.862  load imb.: force  4.9%
           Step           Time
          35000       70.00000

   Energies (kJ/mol)
           Bond          Angle    Proper Dih. Ryckaert-Bell.          LJ-14
    7.14590e+03    9.92227e+03    9.28989e+02    2.35406e+04    1.08437e+04
     Coulomb-14        LJ (SR)  Disper. corr.   Coulomb (SR)   Coul. recip.
   -1.08032e+05    3.76727e+04   -2.85162e+01   -2.54928e+05    9.97049e+03
      LJ recip.      Potential    Kinetic En.   Total Energy  Conserved En.
   -3.26484e+04   -2.95612e+05    4.08287e+04   -2.54784e+05   -2.51302e+05
    Temperature Pres. DC (bar) Pressure (bar)   Constr. rmsd
    2.97953e+02   -3.28691e+00   -2.11188e+01    9.72157e-07


DD  step 35999  vol min/aver 0.863  load imb.: force  1.6%
           Step           Time
          36000       72.00000

   Energies (kJ/mol)
           Bond          Angle    Proper Dih. Ryckaert-Bell.          LJ-14
    6.88576e+03    1.02850e+04    9.75539e+02    2.31453e+04    1.08923e+04
     Coulomb-14        LJ (SR)  Disper. corr.   Coulomb (SR)   Coul. recip.
   -1.07935e+05    3.84031e+04   -2.86831e+01   -2.55738e+05    1.00346e+04
      LJ recip.      Potential    Kinetic En.   Total Energy  Conserved En.
   -3.27477e+04   -2.95828e+05    4.11559e+04   -2.54672e+05   -2.51290e+05
    Temperature Pres. DC (bar) Pressure (bar)   Constr. rmsd
    3.00340e+02   -3.32543e+00    2.61383e+02    9.89752e-07


DD  step 36999  vol min/aver 0.861  load imb.: force  2.8%
           Step           Time
          37000       74.00000

   Energies (kJ/mol)
           Bond          Angle    Proper Dih. Ryckaert-Bell.          LJ-14
    6.79367e+03    9.74503e+03    1.05529e+03    2.32187e+04    1.08166e+04
     Coulomb-14        LJ (SR)  Disper. corr.   Coulomb (SR)   Coul. recip.
   -1.08070e+05    3.76994e+04   -2.85440e+01   -2.54636e+05    9.94932e+03
      LJ recip.      Potential    Kinetic En.   Total Energy  Conserved En.
   -3.26676e+04   -2.96124e+05    4.05990e+04   -2.55525e+05   -2.51281e+05
    Temperature Pres. DC (bar) Pressure (bar)   Constr. rmsd
    2.96277e+02   -3.29330e+00   -9.04272e+01    1.00780e-06


DD  step 37999  vol min/aver 0.868  load imb.: force  2.1%
           Step           Time
          38000       76.00000

   Energies (kJ/mol)
           Bond          Angle    Proper Dih. Ryckaert-Bell.          LJ-14
    6.94320e+03    1.03350e+04    9.71363e+02    2.28999e+04    1.08952e+04
     Coulomb-14        LJ (SR)  Disper. corr.   Coulomb (SR)   Coul. recip.
   -1.07920e+05    3.72280e+04   -2.86999e+01   -2.53998e+05    1.00547e+04
      LJ recip.      Potential    Kinetic En.   Total Energy  Conserved En.
   -3.27224e+04   -2.95341e+05    4.10179e+04   -2.54323e+05   -2.51239e+05
    Temperature Pres. DC (bar) Pressure (bar)   Constr. rmsd
    2.99334e+02   -3.32934e+00   -8.34188e+01    1.02789e-06


DD  step 38999  vol min/aver 0.878  load imb.: force  3.3%
           Step           Time
          39000       78.00000

   Energies (kJ/mol)
           Bond          Angle    Proper Dih. Ryckaert-Bell.          LJ-14
    7.15794e+03    1.01897e+04    1.03110e+03    2.29948e+04    1.08650e+04
     Coulomb-14        LJ (SR)  Disper. corr.   Coulomb (SR)   Coul. recip.
   -1.08049e+05    3.77644e+04   -2.86981e+01   -2.53926e+05    1.00269e+04
      LJ recip.      Potential    Kinetic En.   Total Energy  Conserved En.
   -3.26891e+04   -2.94663e+05    4.16842e+04   -2.52979e+05   -2.51207e+05
    Temperature Pres. DC (bar) Pressure (bar)   Constr. rmsd
    3.04196e+02   -3.32892e+00    3.84157e+02    9.69526e-07


DD  step 39999  vol min/aver 0.871  load imb.: force  2.9%

step 40000 Turning off dynamic load balancing, because it is degrading performance.
Atom distribution over 16 domains: av 889 stddev 44 min 834 max 931
           Step           Time
          40000       80.00000

   Energies (kJ/mol)
           Bond          Angle    Proper Dih. Ryckaert-Bell.          LJ-14
    7.06295e+03    1.00860e+04    9.77600e+02    2.31210e+04    1.08073e+04
     Coulomb-14        LJ (SR)  Disper. corr.   Coulomb (SR)   Coul. recip.
   -1.07982e+05    3.72661e+04   -2.85603e+01   -2.53765e+05    1.00472e+04
      LJ recip.      Potential    Kinetic En.   Total Energy  Conserved En.
   -3.26514e+04   -2.95059e+05    4.10317e+04   -2.54027e+05   -2.51200e+05
    Temperature Pres. DC (bar) Pressure (bar)   Constr. rmsd
    2.99435e+02   -3.29707e+00   -1.99011e+02    9.67229e-07


DD  step 40999 load imb.: force 13.9%
           Step           Time
          41000       82.00000

   Energies (kJ/mol)
           Bond          Angle    Proper Dih. Ryckaert-Bell.          LJ-14
    7.11059e+03    9.88161e+03    1.00964e+03    2.30049e+04    1.09546e+04
     Coulomb-14        LJ (SR)  Disper. corr.   Coulomb (SR)   Coul. recip.
   -1.08024e+05    3.67753e+04   -2.85105e+01   -2.53716e+05    1.00785e+04
      LJ recip.      Potential    Kinetic En.   Total Energy  Conserved En.
   -3.27233e+04   -2.95677e+05    4.07095e+04   -2.54967e+05   -2.51169e+05
    Temperature Pres. DC (bar) Pressure (bar)   Constr. rmsd
    2.97083e+02   -3.28559e+00    2.55515e+01    1.01057e-06


DD  step 41999 load imb.: force 16.5%
           Step           Time
          42000       84.00000

   Energies (kJ/mol)
           Bond          Angle    Proper Dih. Ryckaert-Bell.          LJ-14
    7.05884e+03    1.00844e+04    9.63491e+02    2.31477e+04    1.08403e+04
     Coulomb-14        LJ (SR)  Disper. corr.   Coulomb (SR)   Coul. recip.
   -1.07969e+05    3.72886e+04   -2.86255e+01   -2.53938e+05    1.01156e+04
      LJ recip.      Potential    Kinetic En.   Total Energy  Conserved En.
   -3.27433e+04   -2.95180e+05    4.15552e+04   -2.53625e+05   -2.51170e+05
    Temperature Pres. DC (bar) Pressure (bar)   Constr. rmsd
    3.03255e+02   -3.31212e+00    1.44280e+02    9.58393e-07


DD  step 42999 load imb.: force 12.9%
           Step           Time
          43000       86.00000

   Energies (kJ/mol)
           Bond          Angle    Proper Dih. Ryckaert-Bell.          LJ-14
    7.13188e+03    9.98669e+03    9.68374e+02    2.32378e+04    1.08837e+04
     Coulomb-14        LJ (SR)  Disper. corr.   Coulomb (SR)   Coul. recip.
   -1.08044e+05    3.74627e+04   -2.86317e+01   -2.54750e+05    9.93673e+03
      LJ recip.      Potential    Kinetic En.   Total Energy  Conserved En.
   -3.27109e+04   -2.95926e+05    4.08786e+04   -2.55047e+05   -2.51151e+05
    Temperature Pres. DC (bar) Pressure (bar)   Constr. rmsd
    2.98317e+02   -3.31353e+00   -8.63149e+01    9.83332e-07


DD  step 43999 load imb.: force 14.3%
           Step           Time
          44000       88.00000

   Energies (kJ/mol)
           Bond          Angle    Proper Dih. Ryckaert-Bell.          LJ-14
    6.94679e+03    1.00947e+04    1.00107e+03    2.31350e+04    1.09622e+04
     Coulomb-14        LJ (SR)  Disper. corr.   Coulomb (SR)   Coul. recip.
   -1.07928e+05    3.71540e+04   -2.85179e+01   -2.53883e+05    1.00797e+04
      LJ recip.      Potential    Kinetic En.   Total Energy  Conserved En.
   -3.26478e+04   -2.95114e+05    4.15500e+04   -2.53564e+05   -2.51148e+05
    Temperature Pres. DC (bar) Pressure (bar)   Constr. rmsd
    3.03216e+02   -3.28728e+00    1.49608e+02    9.71201e-07


DD  step 44999 load imb.: force 12.5%
           Step           Time
          45000       90.00000

   Energies (kJ/mol)
           Bond          Angle    Proper Dih. Ryckaert-Bell.          LJ-14
    7.09490e+03    9.85704e+03    1.00612e+03    2.33339e+04    1.09204e+04
     Coulomb-14        LJ (SR)  Disper. corr.   Coulomb (SR)   Coul. recip.
   -1.07951e+05    3.78852e+04   -2.85757e+01   -2.55306e+05    1.00073e+04
      LJ recip.      Potential    Kinetic En.   Total Energy  Conserved En.
   -3.27049e+04   -2.95886e+05    4.11950e+04   -2.54691e+05   -2.51087e+05
    Temperature Pres. DC (bar) Pressure (bar)   Constr. rmsd
    3.00626e+02   -3.30062e+00    3.03420e+02    9.67839e-07


DD  step 45999 load imb.: force 15.9%
           Step           Time
          46000       92.00000

   Energies (kJ/mol)
           Bond          Angle    Proper Dih. Ryckaert-Bell.          LJ-14
    7.13687e+03    9.73845e+03    1.00669e+03    2.32540e+04    1.07902e+04
     Coulomb-14        LJ (SR)  Disper. corr.   Coulomb (SR)   Coul. recip.
   -1.07923e+05    3.64973e+04   -2.84208e+01   -2.53067e+05    1.00909e+04
      LJ recip.      Potential    Kinetic En.   Total Energy  Conserved En.
   -3.24819e+04   -2.94986e+05    4.06975e+04   -2.54289e+05   -2.51082e+05
    Temperature Pres. DC (bar) Pressure (bar)   Constr. rmsd
    2.96996e+02   -3.26496e+00   -7.82951e+02    9.79031e-07


DD  step 46999 load imb.: force 11.4%
           Step           Time
          47000       94.00000

   Energies (kJ/mol)
           Bond          Angle    Proper Dih. Ryckaert-Bell.          LJ-14
    7.08266e+03    1.00216e+04    1.02368e+03    2.31891e+04    1.08974e+04
     Coulomb-14        LJ (SR)  Disper. corr.   Coulomb (SR)   Coul. recip.
   -1.08020e+05    3.76964e+04   -2.86699e+01   -2.54090e+05    1.01443e+04
      LJ recip.      Potential    Kinetic En.   Total Energy  Conserved En.
   -3.26767e+04   -2.94760e+05    4.10947e+04   -2.53665e+05   -2.51029e+05
    Temperature Pres. DC (bar) Pressure (bar)   Constr. rmsd
    2.99894e+02   -3.32237e+00    2.20707e+02    9.53470e-07


DD  step 47999 load imb.: force 13.4%
           Step           Time
          48000       96.00000

   Energies (kJ/mol)
           Bond          Angle    Proper Dih. Ryckaert-Bell.          LJ-14
    6.91443e+03    1.01180e+04    9.69993e+02    2.32185e+04    1.08014e+04
     Coulomb-14        LJ (SR)  Disper. corr.   Coulomb (SR)   Coul. recip.
   -1.07796e+05    3.74423e+04   -2.87039e+01   -2.54242e+05    1.00261e+04
      LJ recip.      Potential    Kinetic En.   Total Energy  Conserved En.
   -3.27517e+04   -2.95327e+05    4.14122e+04   -2.53915e+05   -2.51040e+05
    Temperature Pres. DC (bar) Pressure (bar)   Constr. rmsd
    3.02211e+02   -3.33026e+00   -2.20530e+02    9.56202e-07


DD  step 48999 load imb.: force 15.4%
           Step           Time
          49000       98.00000

   Energies (kJ/mol)
           Bond          Angle    Proper Dih. Ryckaert-Bell.          LJ-14
    7.20414e+03    9.75630e+03    9.99002e+02    2.31938e+04    1.09382e+04
     Coulomb-14        LJ (SR)  Disper. corr.   Coulomb (SR)   Coul. recip.
   -1.08042e+05    3.74188e+04   -2.86433e+01   -2.54328e+05    9.87210e+03
      LJ recip.      Potential    Kinetic En.   Total Energy  Conserved En.
   -3.27566e+04   -2.95774e+05    4.10723e+04   -2.54701e+05   -2.51007e+05
    Temperature Pres. DC (bar) Pressure (bar)   Constr. rmsd
    2.99731e+02   -3.31622e+00   -5.86446e+01    9.67997e-07


DD  step 49999 load imb.: force 30.1%

step 50000 Will no longer try dynamic load balancing, as it degraded performance.
           Step           Time
          50000      100.00000

Writing checkpoint, step 50000 at Tue Feb  8 15:24:45 2022


   Energies (kJ/mol)
           Bond          Angle    Proper Dih. Ryckaert-Bell.          LJ-14
    7.37326e+03    9.94620e+03    1.05998e+03    2.32226e+04    1.08711e+04
     Coulomb-14        LJ (SR)  Disper. corr.   Coulomb (SR)   Coul. recip.
   -1.07997e+05    3.67169e+04   -2.85504e+01   -2.53071e+05    9.89392e+03
      LJ recip.      Potential    Kinetic En.   Total Energy  Conserved En.
   -3.27412e+04   -2.94754e+05    4.10139e+04   -2.53740e+05   -2.50983e+05
    Temperature Pres. DC (bar) Pressure (bar)   Constr. rmsd
    2.99304e+02   -3.29478e+00   -1.93870e+02    9.76483e-07


	<======  ###############  ==>
	<====  A V E R A G E S  ====>
	<==  ###############  ======>

	Statistics over 50001 steps using 501 frames

   Energies (kJ/mol)
           Bond          Angle    Proper Dih. Ryckaert-Bell.          LJ-14
    7.04955e+03    1.00142e+04    9.77591e+02    2.32506e+04    1.08869e+04
     Coulomb-14        LJ (SR)  Disper. corr.   Coulomb (SR)   Coul. recip.
   -1.08002e+05    3.72342e+04   -2.85521e+01   -2.53897e+05    1.00581e+04
      LJ recip.      Potential    Kinetic En.   Total Energy  Conserved En.
   -3.26845e+04   -2.95141e+05    4.11119e+04   -2.54029e+05   -2.51456e+05
    Temperature Pres. DC (bar) Pressure (bar)   Constr. rmsd
    3.00020e+02   -3.29531e+00   -7.72906e+00    0.00000e+00

          Box-X          Box-Y          Box-Z
    3.36694e+00    3.36694e+00    1.27086e+01

   Total Virial (kJ/mol)
    1.43041e+04    7.95815e+02   -6.29119e+01
    7.95911e+02    1.32681e+04    1.11656e+02
   -6.26573e+01    1.11498e+02    1.36481e+04

   Pressure (bar)
   -1.26089e+02   -1.80253e+02    1.33879e+01
   -1.80276e+02    9.73412e+01   -1.82642e+01
    1.33284e+01   -1.82274e+01    5.56021e+00


	M E G A - F L O P S   A C C O U N T I N G

 NB=Group-cutoff nonbonded kernels    NxN=N-by-N cluster Verlet kernels
 RF=Reaction-Field  VdW=Van der Waals  QSTab=quadratic-spline table
 W3=SPC/TIP3p  W4=TIP4p (single or pairs)
 V&F=Potential and force  V=Potential only  F=Force only

 Computing:                               M-Number         M-Flops  % Flops
-----------------------------------------------------------------------------
 Pair Search distance check            2894.996062       26054.965     0.1
 NxN Ewald Elec. + LJ [F]            323174.109456    32963759.165    74.0
 NxN Ewald Elec. + LJ [V&F]            3270.970336      457935.847     1.0
 NxN Ewald Elec. [F]                 117403.170192     7161593.382    16.1
 NxN Ewald Elec. [V&F]                 1188.237056       99811.913     0.2
 1,4 nonbonded interactions             800.766015       72068.941     0.2
 Calc Weights                          2135.292705       76870.537     0.2
 Spread Q Bspline                     91105.822080      182211.644     0.4
 Gather F Bspline                     91105.822080      546634.932     1.2
 3D-FFT                              310876.617408     2487012.939     5.6
 Solve PME                              627.212544       40141.603     0.1
 Reset In Box                             7.089030          21.267     0.0
 CG-CoM                                   7.145970          21.438     0.0
 Bonds                                  249.604992       14726.695     0.0
 Angles                                 573.961479       96425.528     0.2
 Propers                                 10.300206        2358.747     0.0
 RB-Dihedrals                          1002.770055      247684.204     0.6
 Virial                                  74.789955        1346.219     0.0
 Stop-CM                                  7.145970          71.460     0.0
 Calc-Ekin                              142.378470        3844.219     0.0
 Lincs                                  118.585462        7115.128     0.0
 Lincs-Mat                                0.600036           2.400     0.0
 Constraint-V                           662.402888        5299.223     0.0
 Constraint-Vir                          54.390652        1305.376     0.0
 Settle                                 141.748380       45784.727     0.1
-----------------------------------------------------------------------------
 Total                                                44540102.498   100.0
-----------------------------------------------------------------------------


    D O M A I N   D E C O M P O S I T I O N   S T A T I S T I C S

 av. #atoms communicated per step for force:  2 x 35185.2
 av. #atoms communicated per step for LINCS:  2 x 1341.5


Dynamic load balancing report:
 DLB got disabled because it was unsuitable to use.
 Average load imbalance: 5.6%.
 The balanceable part of the MD step is 52%, load imbalance is computed from this.
 Part of the total run time spent waiting due to load imbalance: 2.9%.


     R E A L   C Y C L E   A N D   T I M E   A C C O U N T I N G

On 16 MPI ranks

 Computing:          Num   Num      Call    Wall time         Giga-Cycles
                     Ranks Threads  Count      (s)         total sum    %
-----------------------------------------------------------------------------
 Domain decomp.        16    1        501       1.377         50.771   0.6
 DD comm. load         16    1        194       0.004          0.130   0.0
 DD comm. bounds       16    1        158       0.006          0.232   0.0
 Neighbor search       16    1        501       1.097         40.442   0.5
 Comm. coord.          16    1      49500       3.147        116.018   1.3
 Force                 16    1      50001     115.980       4275.393  48.7
 Wait + Comm. F        16    1      50001       2.858        105.359   1.2
 PME mesh              16    1      50001     107.574       3965.526  45.2
 NB X/F buffer ops.    16    1     149001       1.648         60.748   0.7
 Write traj.           16    1         51       0.011          0.391   0.0
 Update                16    1      50001       0.555         20.471   0.2
 Constraints           16    1      50003       2.974        109.641   1.2
 Comm. energies        16    1       5001       0.392         14.437   0.2
 Rest                                           0.495         18.259   0.2
-----------------------------------------------------------------------------
 Total                                        238.118       8777.820 100.0
-----------------------------------------------------------------------------
 Breakdown of PME mesh computation
-----------------------------------------------------------------------------
 PME redist. X/F       16    1     150003      44.040       1623.454  18.5
 PME spread            16    1     100002      13.116        483.483   5.5
 PME gather            16    1     100002      12.942        477.083   5.4
 PME 3D-FFT            16    1     200004      15.550        573.211   6.5
 PME 3D-FFT Comm.      16    1     400008      17.730        653.576   7.4
 PME solve LJ          16    1      50001       2.778        102.419   1.2
 PME solve Elec        16    1      50001       1.352         49.842   0.6
-----------------------------------------------------------------------------

               Core t (s)   Wall t (s)        (%)
       Time:     3809.854      238.118     1600.0
                 (ns/day)    (hour/ns)
Performance:       36.285        0.661
Finished mdrun on rank 0 Tue Feb  8 15:24:45 2022

