                      :-) GROMACS - gmx mdrun, 2020.5 (-:

                            GROMACS is written by:
     Emile Apol      Rossen Apostolov      Paul Bauer     Herman J.C. Berendsen
    Par Bjelkmar      Christian Blau   Viacheslav Bolnykh     Kevin Boyd    
 Aldert van Buuren   Rudi van Drunen     Anton Feenstra       Alan Gray     
  Gerrit Groenhof     Anca Hamuraru    Vincent Hindriksen  M. Eric Irrgang  
  Aleksei Iupinov   Christoph Junghans     Joe Jordan     Dimitrios Karkoulis
    Peter Kasson        Jiri Kraus      Carsten Kutzner      Per Larsson    
  Justin A. Lemkul    Viveca Lindahl    Magnus Lundborg     Erik Marklund   
    Pascal Merz     Pieter Meulenhoff    Teemu Murtola       Szilard Pall   
    Sander Pronk      Roland Schulz      Michael Shirts    Alexey Shvetsov  
   Alfons Sijbers     Peter Tieleman      Jon Vincent      Teemu Virolainen 
 Christian Wennberg    Maarten Wolf      Artem Zhmurov   
                           and the project leaders:
        Mark Abraham, Berk Hess, Erik Lindahl, and David van der Spoel

Copyright (c) 1991-2000, University of Groningen, The Netherlands.
Copyright (c) 2001-2019, The GROMACS development team at
Uppsala University, Stockholm University and
the Royal Institute of Technology, Sweden.
check out http://www.gromacs.org for more information.

GROMACS is free software; you can redistribute it and/or modify it
under the terms of the GNU Lesser General Public License
as published by the Free Software Foundation; either version 2.1
of the License, or (at your option) any later version.

GROMACS:      gmx mdrun, version 2020.5
Executable:   /usr/local/gromacs/bin/gmx
Data prefix:  /usr/local/gromacs
Working dir:  /Users/nate_schwindt/Projects/polymer_membrane/Polymatic/lin_xlink/protonated/walls/hydration/gromacs/PA_water_box
Process ID:   9238
Command line:
  gmx mdrun -s nvt.tpr -deffnm nvt

GROMACS version:    2020.5
Verified release checksum is 4d9aa1b4e69850bc4583c1983ce2e0e3a88250cafb8f30ab0290b4dd4413a41e
Precision:          single
Memory model:       64 bit
MPI library:        thread_mpi
OpenMP support:     disabled
GPU support:        disabled
SIMD instructions:  AVX2_256
FFT library:        fftw-3.3.8-sse2
RDTSCP usage:       enabled
TNG support:        enabled
Hwloc support:      disabled
Tracing support:    disabled
C compiler:         /Library/Developer/CommandLineTools/usr/bin/cc AppleClang 12.0.0.12000032
C compiler flags:   -mavx2 -mfma -Wno-unknown-pragmas -fno-stack-check -fno-stack-check -O3 -DNDEBUG
C++ compiler:       /Library/Developer/CommandLineTools/usr/bin/c++ AppleClang 12.0.0.12000032
C++ compiler flags: -mavx2 -mfma -Wno-unknown-pragmas -fno-stack-check -fno-stack-check -O3 -DNDEBUG


Running on 1 node with total 16 cores, 16 logical cores
Hardware detected:
  CPU info:
    Vendor: Intel
    Brand:  Intel(R) Core(TM) i9-9880H CPU @ 2.30GHz
    Family: 6   Model: 158   Stepping: 13
    Features: aes apic avx avx2 clfsh cmov cx8 cx16 f16c fma htt intel lahf mmx msr nonstop_tsc pcid pclmuldq pdcm pdpe1gb popcnt pse rdrnd rdtscp sse2 sse3 sse4.1 sse4.2 ssse3 tdt x2apic
  Hardware topology: Only logical processor count


++++ PLEASE READ AND CITE THE FOLLOWING REFERENCE ++++
M. J. Abraham, T. Murtola, R. Schulz, S. Páll, J. C. Smith, B. Hess, E.
Lindahl
GROMACS: High performance molecular simulations through multi-level
parallelism from laptops to supercomputers
SoftwareX 1 (2015) pp. 19-25
-------- -------- --- Thank You --- -------- --------


++++ PLEASE READ AND CITE THE FOLLOWING REFERENCE ++++
S. Páll, M. J. Abraham, C. Kutzner, B. Hess, E. Lindahl
Tackling Exascale Software Challenges in Molecular Dynamics Simulations with
GROMACS
In S. Markidis & E. Laure (Eds.), Solving Software Challenges for Exascale 8759 (2015) pp. 3-27
-------- -------- --- Thank You --- -------- --------


++++ PLEASE READ AND CITE THE FOLLOWING REFERENCE ++++
S. Pronk, S. Páll, R. Schulz, P. Larsson, P. Bjelkmar, R. Apostolov, M. R.
Shirts, J. C. Smith, P. M. Kasson, D. van der Spoel, B. Hess, and E. Lindahl
GROMACS 4.5: a high-throughput and highly parallel open source molecular
simulation toolkit
Bioinformatics 29 (2013) pp. 845-54
-------- -------- --- Thank You --- -------- --------


++++ PLEASE READ AND CITE THE FOLLOWING REFERENCE ++++
B. Hess and C. Kutzner and D. van der Spoel and E. Lindahl
GROMACS 4: Algorithms for highly efficient, load-balanced, and scalable
molecular simulation
J. Chem. Theory Comput. 4 (2008) pp. 435-447
-------- -------- --- Thank You --- -------- --------


++++ PLEASE READ AND CITE THE FOLLOWING REFERENCE ++++
D. van der Spoel, E. Lindahl, B. Hess, G. Groenhof, A. E. Mark and H. J. C.
Berendsen
GROMACS: Fast, Flexible and Free
J. Comp. Chem. 26 (2005) pp. 1701-1719
-------- -------- --- Thank You --- -------- --------


++++ PLEASE READ AND CITE THE FOLLOWING REFERENCE ++++
E. Lindahl and B. Hess and D. van der Spoel
GROMACS 3.0: A package for molecular simulation and trajectory analysis
J. Mol. Mod. 7 (2001) pp. 306-317
-------- -------- --- Thank You --- -------- --------


++++ PLEASE READ AND CITE THE FOLLOWING REFERENCE ++++
H. J. C. Berendsen, D. van der Spoel and R. van Drunen
GROMACS: A message-passing parallel molecular dynamics implementation
Comp. Phys. Comm. 91 (1995) pp. 43-56
-------- -------- --- Thank You --- -------- --------


++++ PLEASE CITE THE DOI FOR THIS VERSION OF GROMACS ++++
https://doi.org/10.5281/zenodo.4420785
-------- -------- --- Thank You --- -------- --------

Input Parameters:
   integrator                     = md
   tinit                          = 0
   dt                             = 0.002
   nsteps                         = 50000
   init-step                      = 0
   simulation-part                = 1
   comm-mode                      = Linear
   nstcomm                        = 100
   bd-fric                        = 0
   ld-seed                        = -4524292
   emtol                          = 10
   emstep                         = 0.01
   niter                          = 20
   fcstep                         = 0
   nstcgsteep                     = 1000
   nbfgscorr                      = 10
   rtpi                           = 0.05
   nstxout                        = 0
   nstvout                        = 0
   nstfout                        = 0
   nstlog                         = 1000
   nstcalcenergy                  = 100
   nstenergy                      = 1000
   nstxout-compressed             = 1000
   compressed-x-precision         = 1000
   cutoff-scheme                  = Verlet
   nstlist                        = 10
   pbc                            = xyz
   periodic-molecules             = true
   verlet-buffer-tolerance        = 0.005
   rlist                          = 1
   coulombtype                    = PME
   coulomb-modifier               = Potential-shift
   rcoulomb-switch                = 0
   rcoulomb                       = 1
   epsilon-r                      = 1
   epsilon-rf                     = inf
   vdw-type                       = PME
   vdw-modifier                   = Potential-shift
   rvdw-switch                    = 0
   rvdw                           = 1
   DispCorr                       = EnerPres
   table-extension                = 1
   fourierspacing                 = 0.12
   fourier-nx                     = 28
   fourier-ny                     = 28
   fourier-nz                     = 120
   pme-order                      = 4
   ewald-rtol                     = 1e-05
   ewald-rtol-lj                  = 0.001
   lj-pme-comb-rule               = Geometric
   ewald-geometry                 = 0
   epsilon-surface                = 0
   tcoupl                         = V-rescale
   nsttcouple                     = 10
   nh-chain-length                = 0
   print-nose-hoover-chain-variables = false
   pcoupl                         = No
   pcoupltype                     = Isotropic
   nstpcouple                     = -1
   tau-p                          = 1
   compressibility (3x3):
      compressibility[    0]={ 0.00000e+00,  0.00000e+00,  0.00000e+00}
      compressibility[    1]={ 0.00000e+00,  0.00000e+00,  0.00000e+00}
      compressibility[    2]={ 0.00000e+00,  0.00000e+00,  0.00000e+00}
   ref-p (3x3):
      ref-p[    0]={ 0.00000e+00,  0.00000e+00,  0.00000e+00}
      ref-p[    1]={ 0.00000e+00,  0.00000e+00,  0.00000e+00}
      ref-p[    2]={ 0.00000e+00,  0.00000e+00,  0.00000e+00}
   refcoord-scaling               = No
   posres-com (3):
      posres-com[0]= 0.00000e+00
      posres-com[1]= 0.00000e+00
      posres-com[2]= 0.00000e+00
   posres-comB (3):
      posres-comB[0]= 0.00000e+00
      posres-comB[1]= 0.00000e+00
      posres-comB[2]= 0.00000e+00
   QMMM                           = false
   QMconstraints                  = 0
   QMMMscheme                     = 0
   MMChargeScaleFactor            = 1
qm-opts:
   ngQM                           = 0
   constraint-algorithm           = Lincs
   continuation                   = false
   Shake-SOR                      = false
   shake-tol                      = 0.0001
   lincs-order                    = 4
   lincs-iter                     = 1
   lincs-warnangle                = 30
   nwall                          = 0
   wall-type                      = 9-3
   wall-r-linpot                  = -1
   wall-atomtype[0]               = -1
   wall-atomtype[1]               = -1
   wall-density[0]                = 0
   wall-density[1]                = 0
   wall-ewald-zfac                = 3
   pull                           = false
   awh                            = false
   rotation                       = false
   interactiveMD                  = false
   disre                          = No
   disre-weighting                = Conservative
   disre-mixed                    = false
   dr-fc                          = 1000
   dr-tau                         = 0
   nstdisreout                    = 100
   orire-fc                       = 0
   orire-tau                      = 0
   nstorireout                    = 100
   free-energy                    = no
   cos-acceleration               = 0
   deform (3x3):
      deform[    0]={ 0.00000e+00,  0.00000e+00,  0.00000e+00}
      deform[    1]={ 0.00000e+00,  0.00000e+00,  0.00000e+00}
      deform[    2]={ 0.00000e+00,  0.00000e+00,  0.00000e+00}
   simulated-tempering            = false
   swapcoords                     = no
   userint1                       = 0
   userint2                       = 0
   userint3                       = 0
   userint4                       = 0
   userreal1                      = 0
   userreal2                      = 0
   userreal3                      = 0
   userreal4                      = 0
   applied-forces:
     electric-field:
       x:
         E0                       = 0
         omega                    = 0
         t0                       = 0
         sigma                    = 0
       y:
         E0                       = 0
         omega                    = 0
         t0                       = 0
         sigma                    = 0
       z:
         E0                       = 0
         omega                    = 0
         t0                       = 0
         sigma                    = 0
     density-guided-simulation:
       active                     = false
       group                      = protein
       similarity-measure         = inner-product
       atom-spreading-weight      = unity
       force-constant             = 1e+09
       gaussian-transform-spreading-width = 0.2
       gaussian-transform-spreading-range-in-multiples-of-width = 4
       reference-density-filename = reference.mrc
       nst                        = 1
       normalize-densities        = true
       adaptive-force-scaling     = false
       adaptive-force-scaling-time-constant = 4
grpopts:
   nrdf:       32962
   ref-t:         300
   tau-t:         0.1
annealing:          No
annealing-npoints:           0
   acc:	           0           0           0
   nfreeze:           N           N           N
   energygrp-flags[  0]: 0

Changing nstlist from 10 to 100, rlist from 1 to 1.111


Initializing Domain Decomposition on 16 ranks
Dynamic load balancing: auto
Minimum cell size due to atom displacement: 0.747 nm
NOTE: Periodic molecules are present in this system. Because of this, the domain decomposition algorithm cannot easily determine the minimum cell size that it requires for treating bonded interactions. Instead, domain decomposition will assume that half the non-bonded cut-off will be a suitable lower bound.
Minimum cell size due to bonded interactions: 0.555 nm
Maximum distance for 5 constraints, at 120 deg. angles, all-trans: 0.202 nm
Estimated maximum distance required for P-LINCS: 0.202 nm
Scaling the initial minimum size with 1/0.8 (option -dds) = 1.25
Using 0 separate PME ranks, as there are too few total
 ranks for efficient splitting
Optimizing the DD grid for 16 cells with a minimum initial size of 0.934 nm
The maximum allowed number of cells is: X 3 Y 3 Z 14
Domain decomposition grid 2 x 2 x 4, separate PME ranks 0
PME domain decomposition: 2 x 8 x 1
Domain decomposition rank 0, coordinates 0 0 0

The initial number of communication pulses is: X 1 Y 1 Z 1
The initial domain decomposition cell size is: X 1.68 nm Y 1.68 nm Z 3.38 nm

The maximum allowed distance for atoms involved in interactions is:
                 non-bonded interactions           1.111 nm
            two-body bonded interactions  (-rdd)   1.111 nm
          multi-body bonded interactions  (-rdd)   1.111 nm
  atoms separated by up to 5 constraints  (-rcon)  1.676 nm

When dynamic load balancing gets turned on, these settings will change to:
The maximum number of communication pulses is: X 1 Y 1 Z 1
The minimum size for domain decomposition cells is 1.111 nm
The requested allowed shrink of DD cells (option -dds) is: 0.80
The allowed shrink of domain decomposition cells is: X 0.66 Y 0.66 Z 0.33
The maximum allowed distance for atoms involved in interactions is:
                 non-bonded interactions           1.111 nm
            two-body bonded interactions  (-rdd)   1.111 nm
          multi-body bonded interactions  (-rdd)   1.111 nm
  atoms separated by up to 5 constraints  (-rcon)  1.111 nm

Using 16 MPI threads
System total charge: 0.000
Will do PME sum in reciprocal space for LJ dispersion interactions.

++++ PLEASE READ AND CITE THE FOLLOWING REFERENCE ++++
U. Essmann, L. Perera, M. L. Berkowitz, T. Darden, H. Lee and L. G. Pedersen 
A smooth particle mesh Ewald method
J. Chem. Phys. 103 (1995) pp. 8577-8592
-------- -------- --- Thank You --- -------- --------

Using a Gaussian width (1/beta) of 0.298423 nm for LJ Ewald
Will do PME sum in reciprocal space for electrostatic interactions.

++++ PLEASE READ AND CITE THE FOLLOWING REFERENCE ++++
U. Essmann, L. Perera, M. L. Berkowitz, T. Darden, H. Lee and L. G. Pedersen 
A smooth particle mesh Ewald method
J. Chem. Phys. 103 (1995) pp. 8577-8592
-------- -------- --- Thank You --- -------- --------

Using a Gaussian width (1/beta) of 0.320163 nm for Ewald
Potential shift: LJ r^-12: -1.000e+00 r^-6: -1.000e-03, Ewald -1.000e-05
Initialized non-bonded Ewald tables, spacing: 9.33e-04 size: 1073

Using shifted Lennard-Jones, switch between 0 and 1 nm
Generated table with 1055 data points for 1-4 COUL.
Tabscale = 500 points/nm
Generated table with 1055 data points for 1-4 LJ6.
Tabscale = 500 points/nm
Generated table with 1055 data points for 1-4 LJ12.
Tabscale = 500 points/nm

Using SIMD 4x8 nonbonded short-range kernels

Using a dual 4x8 pair-list setup updated with dynamic pruning:
  outer list: updated every 100 steps, buffer 0.111 nm, rlist 1.111 nm
  inner list: updated every  21 steps, buffer 0.003 nm, rlist 1.003 nm
At tolerance 0.005 kJ/mol/ps per atom, equivalent classical 1x1 list would be:
  outer list: updated every 100 steps, buffer 0.265 nm, rlist 1.265 nm
  inner list: updated every  21 steps, buffer 0.078 nm, rlist 1.078 nm

Long Range LJ corr.: <C6> 4.8517e-06


Initializing Parallel LINear Constraint Solver

++++ PLEASE READ AND CITE THE FOLLOWING REFERENCE ++++
B. Hess
P-LINCS: A Parallel Linear Constraint Solver for molecular simulation
J. Chem. Theory Comput. 4 (2008) pp. 116-122
-------- -------- --- Thank You --- -------- --------

The number of constraints is 2198
There are constraints between atoms in different decomposition domains,
will communicate selected coordinates each lincs iteration

++++ PLEASE READ AND CITE THE FOLLOWING REFERENCE ++++
S. Miyamoto and P. A. Kollman
SETTLE: An Analytical Version of the SHAKE and RATTLE Algorithms for Rigid
Water Models
J. Comp. Chem. 13 (1992) pp. 952-962
-------- -------- --- Thank You --- -------- --------


Linking all bonded interactions to atoms

Intra-simulation communication will occur every 10 steps.

++++ PLEASE READ AND CITE THE FOLLOWING REFERENCE ++++
G. Bussi, D. Donadio and M. Parrinello
Canonical sampling through velocity rescaling
J. Chem. Phys. 126 (2007) pp. 014101
-------- -------- --- Thank You --- -------- --------

There are: 14235 Atoms
Atom distribution over 16 domains: av 889 stddev 51 min 830 max 969

Constraining the starting coordinates (step 0)

Constraining the coordinates at t0-dt (step 0)
Center of mass motion removal mode is Linear
We have the following groups for center of mass motion removal:
  0:  rest
RMS relative constraint deviation after constraining: 5.23e-07
Initial temperature: 300.844 K

Started mdrun on rank 0 Tue Feb  8 14:50:04 2022

           Step           Time
              0        0.00000

   Energies (kJ/mol)
           Bond          Angle    Proper Dih. Ryckaert-Bell.          LJ-14
    1.34396e+03    2.90337e+03    9.73303e+02    1.80437e+04    1.02951e+04
     Coulomb-14        LJ (SR)  Disper. corr.   Coulomb (SR)   Coul. recip.
   -1.08030e+05    4.18455e+04   -2.70533e+01   -2.80270e+05    1.01387e+04
      LJ recip.      Potential    Kinetic En.   Total Energy  Conserved En.
   -3.20508e+04   -3.34834e+05    4.12382e+04   -2.93596e+05   -2.93596e+05
    Temperature Pres. DC (bar) Pressure (bar)   Constr. rmsd
    3.00941e+02   -2.95869e+00   -1.30266e+03    9.50001e-07


DD  step 99 load imb.: force 12.9%

step 200 Turning on dynamic load balancing, because the performance loss due to load imbalance is 7.5 %.

DD  step 999  vol min/aver 0.830  load imb.: force  3.8%
           Step           Time
           1000        2.00000

   Energies (kJ/mol)
           Bond          Angle    Proper Dih. Ryckaert-Bell.          LJ-14
    7.24258e+03    1.09744e+04    9.53402e+02    2.36120e+04    1.07379e+04
     Coulomb-14        LJ (SR)  Disper. corr.   Coulomb (SR)   Coul. recip.
   -1.07988e+05    3.66143e+04   -2.70533e+01   -2.52570e+05    1.05387e+04
      LJ recip.      Potential    Kinetic En.   Total Energy  Conserved En.
   -3.19008e+04   -2.91813e+05    4.14246e+04   -2.50388e+05   -2.92726e+05
    Temperature Pres. DC (bar) Pressure (bar)   Constr. rmsd
    3.02301e+02   -2.95869e+00   -1.21395e+03    9.23055e-07


DD  step 1999  vol min/aver 0.820  load imb.: force  2.9%
           Step           Time
           2000        4.00000

   Energies (kJ/mol)
           Bond          Angle    Proper Dih. Ryckaert-Bell.          LJ-14
    7.62617e+03    1.05353e+04    1.05383e+03    2.40880e+04    1.09177e+04
     Coulomb-14        LJ (SR)  Disper. corr.   Coulomb (SR)   Coul. recip.
   -1.08109e+05    3.64632e+04   -2.70533e+01   -2.53318e+05    1.04998e+04
      LJ recip.      Potential    Kinetic En.   Total Energy  Conserved En.
   -3.19249e+04   -2.92195e+05    4.11854e+04   -2.51009e+05   -2.92700e+05
    Temperature Pres. DC (bar) Pressure (bar)   Constr. rmsd
    3.00556e+02   -2.95869e+00   -9.80943e+02    9.24681e-07


DD  step 2999  vol min/aver 0.835  load imb.: force  2.4%
           Step           Time
           3000        6.00000

   Energies (kJ/mol)
           Bond          Angle    Proper Dih. Ryckaert-Bell.          LJ-14
    7.31206e+03    1.05897e+04    1.02315e+03    2.41020e+04    1.08891e+04
     Coulomb-14        LJ (SR)  Disper. corr.   Coulomb (SR)   Coul. recip.
   -1.08022e+05    3.62470e+04   -2.70533e+01   -2.53056e+05    1.07172e+04
      LJ recip.      Potential    Kinetic En.   Total Energy  Conserved En.
   -3.19585e+04   -2.92183e+05    4.10436e+04   -2.51140e+05   -2.92717e+05
    Temperature Pres. DC (bar) Pressure (bar)   Constr. rmsd
    2.99522e+02   -2.95869e+00   -1.07860e+03    9.40631e-07


DD  step 3999  vol min/aver 0.837  load imb.: force  3.3%

step 4000 Turning off dynamic load balancing, because it is degrading performance.
Atom distribution over 16 domains: av 889 stddev 42 min 837 max 920
           Step           Time
           4000        8.00000

   Energies (kJ/mol)
           Bond          Angle    Proper Dih. Ryckaert-Bell.          LJ-14
    7.31541e+03    1.02358e+04    9.94393e+02    2.36347e+04    1.08724e+04
     Coulomb-14        LJ (SR)  Disper. corr.   Coulomb (SR)   Coul. recip.
   -1.07964e+05    3.65992e+04   -2.70533e+01   -2.52975e+05    1.05531e+04
      LJ recip.      Potential    Kinetic En.   Total Energy  Conserved En.
   -3.19394e+04   -2.92700e+05    4.08827e+04   -2.51817e+05   -2.92770e+05
    Temperature Pres. DC (bar) Pressure (bar)   Constr. rmsd
    2.98347e+02   -2.95869e+00   -1.19125e+03    9.50001e-07


DD  step 4999 load imb.: force 19.3%
           Step           Time
           5000       10.00000

   Energies (kJ/mol)
           Bond          Angle    Proper Dih. Ryckaert-Bell.          LJ-14
    7.24455e+03    1.03281e+04    9.62617e+02    2.39517e+04    1.08566e+04
     Coulomb-14        LJ (SR)  Disper. corr.   Coulomb (SR)   Coul. recip.
   -1.07972e+05    3.63528e+04   -2.70533e+01   -2.52660e+05    1.04176e+04
      LJ recip.      Potential    Kinetic En.   Total Energy  Conserved En.
   -3.20100e+04   -2.92555e+05    4.06774e+04   -2.51878e+05   -2.92745e+05
    Temperature Pres. DC (bar) Pressure (bar)   Constr. rmsd
    2.96849e+02   -2.95869e+00   -1.03576e+03    9.65048e-07


DD  step 5999 load imb.: force 21.0%
           Step           Time
           6000       12.00000

   Energies (kJ/mol)
           Bond          Angle    Proper Dih. Ryckaert-Bell.          LJ-14
    7.55226e+03    1.02403e+04    9.51757e+02    2.37723e+04    1.08987e+04
     Coulomb-14        LJ (SR)  Disper. corr.   Coulomb (SR)   Coul. recip.
   -1.08128e+05    3.60203e+04   -2.70533e+01   -2.52448e+05    1.05421e+04
      LJ recip.      Potential    Kinetic En.   Total Energy  Conserved En.
   -3.19496e+04   -2.92575e+05    4.12723e+04   -2.51302e+05   -2.92749e+05
    Temperature Pres. DC (bar) Pressure (bar)   Constr. rmsd
    3.01190e+02   -2.95869e+00   -1.27324e+03    9.55100e-07


DD  step 6999 load imb.: force 19.0%
           Step           Time
           7000       14.00000

   Energies (kJ/mol)
           Bond          Angle    Proper Dih. Ryckaert-Bell.          LJ-14
    7.26704e+03    1.01411e+04    1.01222e+03    2.36944e+04    1.08653e+04
     Coulomb-14        LJ (SR)  Disper. corr.   Coulomb (SR)   Coul. recip.
   -1.08007e+05    3.60656e+04   -2.70533e+01   -2.52347e+05    1.03787e+04
      LJ recip.      Potential    Kinetic En.   Total Energy  Conserved En.
   -3.19683e+04   -2.92925e+05    4.08814e+04   -2.52044e+05   -2.92780e+05
    Temperature Pres. DC (bar) Pressure (bar)   Constr. rmsd
    2.98337e+02   -2.95869e+00   -8.63291e+02    9.47884e-07


DD  step 7999 load imb.: force 17.2%
           Step           Time
           8000       16.00000

   Energies (kJ/mol)
           Bond          Angle    Proper Dih. Ryckaert-Bell.          LJ-14
    7.13266e+03    1.03276e+04    9.42166e+02    2.38218e+04    1.08778e+04
     Coulomb-14        LJ (SR)  Disper. corr.   Coulomb (SR)   Coul. recip.
   -1.07964e+05    3.59051e+04   -2.70533e+01   -2.52227e+05    1.04830e+04
      LJ recip.      Potential    Kinetic En.   Total Energy  Conserved En.
   -3.19587e+04   -2.92686e+05    4.11454e+04   -2.51540e+05   -2.92778e+05
    Temperature Pres. DC (bar) Pressure (bar)   Constr. rmsd
    3.00264e+02   -2.95869e+00   -8.53675e+02    9.31796e-07


DD  step 8999 load imb.: force 18.3%
           Step           Time
           9000       18.00000

   Energies (kJ/mol)
           Bond          Angle    Proper Dih. Ryckaert-Bell.          LJ-14
    7.26286e+03    1.03079e+04    9.86356e+02    2.39927e+04    1.08108e+04
     Coulomb-14        LJ (SR)  Disper. corr.   Coulomb (SR)   Coul. recip.
   -1.08098e+05    3.65088e+04   -2.70533e+01   -2.53049e+05    1.04174e+04
      LJ recip.      Potential    Kinetic En.   Total Energy  Conserved En.
   -3.20766e+04   -2.92964e+05    4.08588e+04   -2.52106e+05   -2.92749e+05
    Temperature Pres. DC (bar) Pressure (bar)   Constr. rmsd
    2.98173e+02   -2.95869e+00   -7.20182e+02    9.42307e-07


DD  step 9999 load imb.: force 19.7%

step 10000 Turning on dynamic load balancing, because the performance loss due to load imbalance is 3.7 %.
           Step           Time
          10000       20.00000

   Energies (kJ/mol)
           Bond          Angle    Proper Dih. Ryckaert-Bell.          LJ-14
    7.15113e+03    1.02444e+04    1.03295e+03    2.39458e+04    1.08202e+04
     Coulomb-14        LJ (SR)  Disper. corr.   Coulomb (SR)   Coul. recip.
   -1.07892e+05    3.60974e+04   -2.70533e+01   -2.52723e+05    1.05224e+04
      LJ recip.      Potential    Kinetic En.   Total Energy  Conserved En.
   -3.19736e+04   -2.92802e+05    4.08107e+04   -2.51991e+05   -2.92741e+05
    Temperature Pres. DC (bar) Pressure (bar)   Constr. rmsd
    2.97822e+02   -2.95869e+00   -1.14216e+03    9.66649e-07


DD  step 10999  vol min/aver 0.821  load imb.: force  2.5%
           Step           Time
          11000       22.00000

   Energies (kJ/mol)
           Bond          Angle    Proper Dih. Ryckaert-Bell.          LJ-14
    7.17670e+03    1.03381e+04    1.04446e+03    2.38724e+04    1.08482e+04
     Coulomb-14        LJ (SR)  Disper. corr.   Coulomb (SR)   Coul. recip.
   -1.07999e+05    3.55929e+04   -2.70533e+01   -2.51653e+05    1.03750e+04
      LJ recip.      Potential    Kinetic En.   Total Energy  Conserved En.
   -3.19640e+04   -2.92396e+05    4.05412e+04   -2.51854e+05   -2.92738e+05
    Temperature Pres. DC (bar) Pressure (bar)   Constr. rmsd
    2.95855e+02   -2.95869e+00   -1.03640e+03    9.44639e-07


DD  step 11999  vol min/aver 0.816  load imb.: force  2.6%

step 12000 Turning off dynamic load balancing, because it is degrading performance.
Atom distribution over 16 domains: av 889 stddev 39 min 859 max 925
           Step           Time
          12000       24.00000

   Energies (kJ/mol)
           Bond          Angle    Proper Dih. Ryckaert-Bell.          LJ-14
    7.14822e+03    1.03092e+04    9.86852e+02    2.37177e+04    1.08510e+04
     Coulomb-14        LJ (SR)  Disper. corr.   Coulomb (SR)   Coul. recip.
   -1.08000e+05    3.60093e+04   -2.70533e+01   -2.52172e+05    1.03480e+04
      LJ recip.      Potential    Kinetic En.   Total Energy  Conserved En.
   -3.20056e+04   -2.92834e+05    4.09282e+04   -2.51906e+05   -2.92735e+05
    Temperature Pres. DC (bar) Pressure (bar)   Constr. rmsd
    2.98679e+02   -2.95869e+00   -1.05253e+03    9.85761e-07


DD  step 12999 load imb.: force 18.4%
           Step           Time
          13000       26.00000

   Energies (kJ/mol)
           Bond          Angle    Proper Dih. Ryckaert-Bell.          LJ-14
    7.25322e+03    1.03669e+04    1.06323e+03    2.34842e+04    1.09293e+04
     Coulomb-14        LJ (SR)  Disper. corr.   Coulomb (SR)   Coul. recip.
   -1.08043e+05    3.56367e+04   -2.70533e+01   -2.51766e+05    1.04976e+04
      LJ recip.      Potential    Kinetic En.   Total Energy  Conserved En.
   -3.19896e+04   -2.92595e+05    4.09348e+04   -2.51661e+05   -2.92741e+05
    Temperature Pres. DC (bar) Pressure (bar)   Constr. rmsd
    2.98727e+02   -2.95869e+00   -8.38801e+02    9.64846e-07


DD  step 13999 load imb.: force 19.8%
           Step           Time
          14000       28.00000

   Energies (kJ/mol)
           Bond          Angle    Proper Dih. Ryckaert-Bell.          LJ-14
    7.06531e+03    1.01008e+04    1.01222e+03    2.35867e+04    1.08430e+04
     Coulomb-14        LJ (SR)  Disper. corr.   Coulomb (SR)   Coul. recip.
   -1.08029e+05    3.51748e+04   -2.70533e+01   -2.50855e+05    1.04698e+04
      LJ recip.      Potential    Kinetic En.   Total Energy  Conserved En.
   -3.19928e+04   -2.92652e+05    4.13651e+04   -2.51287e+05   -2.92750e+05
    Temperature Pres. DC (bar) Pressure (bar)   Constr. rmsd
    3.01867e+02   -2.95869e+00   -1.32484e+03    9.71125e-07


DD  step 14999 load imb.: force 19.9%
           Step           Time
          15000       30.00000

   Energies (kJ/mol)
           Bond          Angle    Proper Dih. Ryckaert-Bell.          LJ-14
    7.19518e+03    1.02430e+04    9.67901e+02    2.36717e+04    1.08930e+04
     Coulomb-14        LJ (SR)  Disper. corr.   Coulomb (SR)   Coul. recip.
   -1.08151e+05    3.57269e+04   -2.70533e+01   -2.51909e+05    1.03668e+04
      LJ recip.      Potential    Kinetic En.   Total Energy  Conserved En.
   -3.20143e+04   -2.93038e+05    4.12977e+04   -2.51740e+05   -2.92777e+05
    Temperature Pres. DC (bar) Pressure (bar)   Constr. rmsd
    3.01376e+02   -2.95869e+00   -7.96191e+02    9.59244e-07


DD  step 15999 load imb.: force 20.2%
           Step           Time
          16000       32.00000

   Energies (kJ/mol)
           Bond          Angle    Proper Dih. Ryckaert-Bell.          LJ-14
    7.15002e+03    1.04719e+04    1.03795e+03    2.37840e+04    1.07772e+04
     Coulomb-14        LJ (SR)  Disper. corr.   Coulomb (SR)   Coul. recip.
   -1.08003e+05    3.57851e+04   -2.70533e+01   -2.51882e+05    1.04652e+04
      LJ recip.      Potential    Kinetic En.   Total Energy  Conserved En.
   -3.20275e+04   -2.92467e+05    4.17161e+04   -2.50751e+05   -2.92753e+05
    Temperature Pres. DC (bar) Pressure (bar)   Constr. rmsd
    3.04429e+02   -2.95869e+00   -1.35522e+03    9.37240e-07


DD  step 16999 load imb.: force 18.9%
           Step           Time
          17000       34.00000

   Energies (kJ/mol)
           Bond          Angle    Proper Dih. Ryckaert-Bell.          LJ-14
    7.16642e+03    1.03110e+04    9.39742e+02    2.33642e+04    1.08495e+04
     Coulomb-14        LJ (SR)  Disper. corr.   Coulomb (SR)   Coul. recip.
   -1.07868e+05    3.54025e+04   -2.70533e+01   -2.51688e+05    1.05377e+04
      LJ recip.      Potential    Kinetic En.   Total Energy  Conserved En.
   -3.20091e+04   -2.93021e+05    4.14064e+04   -2.51614e+05   -2.92745e+05
    Temperature Pres. DC (bar) Pressure (bar)   Constr. rmsd
    3.02169e+02   -2.95869e+00   -1.17304e+03    9.65066e-07


DD  step 17999 load imb.: force 17.3%
           Step           Time
          18000       36.00000

   Energies (kJ/mol)
           Bond          Angle    Proper Dih. Ryckaert-Bell.          LJ-14
    7.28999e+03    1.03967e+04    1.01361e+03    2.37221e+04    1.08627e+04
     Coulomb-14        LJ (SR)  Disper. corr.   Coulomb (SR)   Coul. recip.
   -1.08042e+05    3.55007e+04   -2.70533e+01   -2.51883e+05    1.02616e+04
      LJ recip.      Potential    Kinetic En.   Total Energy  Conserved En.
   -3.20086e+04   -2.92913e+05    4.06182e+04   -2.52295e+05   -2.92738e+05
    Temperature Pres. DC (bar) Pressure (bar)   Constr. rmsd
    2.96417e+02   -2.95869e+00   -1.26533e+03    9.51704e-07


DD  step 18999 load imb.: force 19.8%
           Step           Time
          19000       38.00000

   Energies (kJ/mol)
           Bond          Angle    Proper Dih. Ryckaert-Bell.          LJ-14
    7.11323e+03    1.03520e+04    9.24714e+02    2.38170e+04    1.09188e+04
     Coulomb-14        LJ (SR)  Disper. corr.   Coulomb (SR)   Coul. recip.
   -1.08081e+05    3.58388e+04   -2.70533e+01   -2.51213e+05    1.04981e+04
      LJ recip.      Potential    Kinetic En.   Total Energy  Conserved En.
   -3.19941e+04   -2.91853e+05    4.16842e+04   -2.50169e+05   -2.92758e+05
    Temperature Pres. DC (bar) Pressure (bar)   Constr. rmsd
    3.04196e+02   -2.95869e+00   -5.22182e+02    9.59096e-07


DD  step 19999 load imb.: force 19.0%

step 20000 Turning on dynamic load balancing, because the performance loss due to load imbalance is 4.5 %.
           Step           Time
          20000       40.00000

   Energies (kJ/mol)
           Bond          Angle    Proper Dih. Ryckaert-Bell.          LJ-14
    7.06997e+03    1.01506e+04    9.63838e+02    2.35911e+04    1.09401e+04
     Coulomb-14        LJ (SR)  Disper. corr.   Coulomb (SR)   Coul. recip.
   -1.08058e+05    3.56965e+04   -2.70533e+01   -2.51728e+05    1.03238e+04
      LJ recip.      Potential    Kinetic En.   Total Energy  Conserved En.
   -3.19975e+04   -2.93075e+05    4.11297e+04   -2.51945e+05   -2.92748e+05
    Temperature Pres. DC (bar) Pressure (bar)   Constr. rmsd
    3.00149e+02   -2.95869e+00   -1.07659e+03    9.30044e-07


DD  step 20999  vol min/aver 0.809  load imb.: force  2.5%
           Step           Time
          21000       42.00000

   Energies (kJ/mol)
           Bond          Angle    Proper Dih. Ryckaert-Bell.          LJ-14
    7.36351e+03    1.01011e+04    9.84576e+02    2.38169e+04    1.08819e+04
     Coulomb-14        LJ (SR)  Disper. corr.   Coulomb (SR)   Coul. recip.
   -1.08110e+05    3.53258e+04   -2.70533e+01   -2.51679e+05    1.02964e+04
      LJ recip.      Potential    Kinetic En.   Total Energy  Conserved En.
   -3.20584e+04   -2.93104e+05    4.16064e+04   -2.51498e+05   -2.92741e+05
    Temperature Pres. DC (bar) Pressure (bar)   Constr. rmsd
    3.03628e+02   -2.95869e+00   -1.14060e+03    9.26107e-07


DD  step 21999  vol min/aver 0.811  load imb.: force  2.2%
           Step           Time
          22000       44.00000

   Energies (kJ/mol)
           Bond          Angle    Proper Dih. Ryckaert-Bell.          LJ-14
    7.32398e+03    1.00657e+04    9.62415e+02    2.35110e+04    1.09132e+04
     Coulomb-14        LJ (SR)  Disper. corr.   Coulomb (SR)   Coul. recip.
   -1.08124e+05    3.52119e+04   -2.70533e+01   -2.51320e+05    1.03193e+04
      LJ recip.      Potential    Kinetic En.   Total Energy  Conserved En.
   -3.20332e+04   -2.93197e+05    4.10738e+04   -2.52123e+05   -2.92729e+05
    Temperature Pres. DC (bar) Pressure (bar)   Constr. rmsd
    2.99742e+02   -2.95869e+00   -1.17909e+03    9.37446e-07


DD  step 22999  vol min/aver 0.810  load imb.: force  2.1%
           Step           Time
          23000       46.00000

   Energies (kJ/mol)
           Bond          Angle    Proper Dih. Ryckaert-Bell.          LJ-14
    7.05397e+03    1.02341e+04    9.38217e+02    2.34921e+04    1.07785e+04
     Coulomb-14        LJ (SR)  Disper. corr.   Coulomb (SR)   Coul. recip.
   -1.07796e+05    3.59312e+04   -2.70533e+01   -2.51768e+05    1.04272e+04
      LJ recip.      Potential    Kinetic En.   Total Energy  Conserved En.
   -3.19960e+04   -2.92732e+05    4.09340e+04   -2.51798e+05   -2.92731e+05
    Temperature Pres. DC (bar) Pressure (bar)   Constr. rmsd
    2.98722e+02   -2.95869e+00   -1.25981e+03    9.48853e-07


DD  step 23999  vol min/aver 0.804  load imb.: force  2.5%
           Step           Time
          24000       48.00000

   Energies (kJ/mol)
           Bond          Angle    Proper Dih. Ryckaert-Bell.          LJ-14
    7.32790e+03    1.02449e+04    9.80073e+02    2.32832e+04    1.09671e+04
     Coulomb-14        LJ (SR)  Disper. corr.   Coulomb (SR)   Coul. recip.
   -1.07984e+05    3.61244e+04   -2.70533e+01   -2.51834e+05    1.03783e+04
      LJ recip.      Potential    Kinetic En.   Total Energy  Conserved En.
   -3.21102e+04   -2.92649e+05    4.13280e+04   -2.51321e+05   -2.92720e+05
    Temperature Pres. DC (bar) Pressure (bar)   Constr. rmsd
    3.01597e+02   -2.95869e+00   -1.35477e+02    9.19361e-07


DD  step 24999  vol min/aver 0.795  load imb.: force  3.2%
           Step           Time
          25000       50.00000

   Energies (kJ/mol)
           Bond          Angle    Proper Dih. Ryckaert-Bell.          LJ-14
    7.06181e+03    1.04233e+04    9.53429e+02    2.34000e+04    1.08656e+04
     Coulomb-14        LJ (SR)  Disper. corr.   Coulomb (SR)   Coul. recip.
   -1.07996e+05    3.58057e+04   -2.70533e+01   -2.51883e+05    1.03761e+04
      LJ recip.      Potential    Kinetic En.   Total Energy  Conserved En.
   -3.19721e+04   -2.92992e+05    4.09814e+04   -2.52010e+05   -2.92725e+05
    Temperature Pres. DC (bar) Pressure (bar)   Constr. rmsd
    2.99067e+02   -2.95869e+00   -8.26892e+02    9.77115e-07


DD  step 25999  vol min/aver 0.805  load imb.: force  2.1%

step 26000 Turning off dynamic load balancing, because it is degrading performance.
Atom distribution over 16 domains: av 889 stddev 42 min 844 max 927
           Step           Time
          26000       52.00000

   Energies (kJ/mol)
           Bond          Angle    Proper Dih. Ryckaert-Bell.          LJ-14
    7.21658e+03    9.89212e+03    9.69052e+02    2.35706e+04    1.09147e+04
     Coulomb-14        LJ (SR)  Disper. corr.   Coulomb (SR)   Coul. recip.
   -1.08115e+05    3.49710e+04   -2.70533e+01   -2.50883e+05    1.03547e+04
      LJ recip.      Potential    Kinetic En.   Total Energy  Conserved En.
   -3.19640e+04   -2.93100e+05    4.06302e+04   -2.52470e+05   -2.92748e+05
    Temperature Pres. DC (bar) Pressure (bar)   Constr. rmsd
    2.96505e+02   -2.95869e+00   -1.02504e+03    9.66640e-07


DD  step 26999 load imb.: force 19.5%
           Step           Time
          27000       54.00000

   Energies (kJ/mol)
           Bond          Angle    Proper Dih. Ryckaert-Bell.          LJ-14
    7.36495e+03    1.00716e+04    9.79416e+02    2.34416e+04    1.07399e+04
     Coulomb-14        LJ (SR)  Disper. corr.   Coulomb (SR)   Coul. recip.
   -1.07874e+05    3.61619e+04   -2.70533e+01   -2.51708e+05    1.03152e+04
      LJ recip.      Potential    Kinetic En.   Total Energy  Conserved En.
   -3.20040e+04   -2.92539e+05    4.09483e+04   -2.51590e+05   -2.92731e+05
    Temperature Pres. DC (bar) Pressure (bar)   Constr. rmsd
    2.98826e+02   -2.95869e+00   -9.42102e+02    9.42425e-07


DD  step 27999 load imb.: force 19.0%
           Step           Time
          28000       56.00000

   Energies (kJ/mol)
           Bond          Angle    Proper Dih. Ryckaert-Bell.          LJ-14
    7.23283e+03    1.03424e+04    1.00411e+03    2.37289e+04    1.08617e+04
     Coulomb-14        LJ (SR)  Disper. corr.   Coulomb (SR)   Coul. recip.
   -1.07904e+05    3.53041e+04   -2.70533e+01   -2.51016e+05    1.02342e+04
      LJ recip.      Potential    Kinetic En.   Total Energy  Conserved En.
   -3.19692e+04   -2.92208e+05    4.12699e+04   -2.50938e+05   -2.92732e+05
    Temperature Pres. DC (bar) Pressure (bar)   Constr. rmsd
    3.01173e+02   -2.95869e+00   -9.30884e+02    9.68833e-07


DD  step 28999 load imb.: force 19.2%
           Step           Time
          29000       58.00000

   Energies (kJ/mol)
           Bond          Angle    Proper Dih. Ryckaert-Bell.          LJ-14
    7.33944e+03    1.02920e+04    1.01465e+03    2.35815e+04    1.09003e+04
     Coulomb-14        LJ (SR)  Disper. corr.   Coulomb (SR)   Coul. recip.
   -1.08058e+05    3.48559e+04   -2.70533e+01   -2.50096e+05    1.03036e+04
      LJ recip.      Potential    Kinetic En.   Total Energy  Conserved En.
   -3.20345e+04   -2.91929e+05    4.11171e+04   -2.50812e+05   -2.92711e+05
    Temperature Pres. DC (bar) Pressure (bar)   Constr. rmsd
    3.00058e+02   -2.95869e+00   -7.19208e+02    9.54175e-07


DD  step 29999 load imb.: force 20.2%
           Step           Time
          30000       60.00000

   Energies (kJ/mol)
           Bond          Angle    Proper Dih. Ryckaert-Bell.          LJ-14
    7.03202e+03    1.02091e+04    9.60137e+02    2.35557e+04    1.07501e+04
     Coulomb-14        LJ (SR)  Disper. corr.   Coulomb (SR)   Coul. recip.
   -1.08059e+05    3.59636e+04   -2.70533e+01   -2.51618e+05    1.03081e+04
      LJ recip.      Potential    Kinetic En.   Total Energy  Conserved En.
   -3.20505e+04   -2.92976e+05    4.11289e+04   -2.51847e+05   -2.92745e+05
    Temperature Pres. DC (bar) Pressure (bar)   Constr. rmsd
    3.00143e+02   -2.95869e+00   -9.86253e+02    9.71326e-07


DD  step 30999 load imb.: force 20.7%
           Step           Time
          31000       62.00000

   Energies (kJ/mol)
           Bond          Angle    Proper Dih. Ryckaert-Bell.          LJ-14
    7.09146e+03    1.02073e+04    1.00674e+03    2.37454e+04    1.07994e+04
     Coulomb-14        LJ (SR)  Disper. corr.   Coulomb (SR)   Coul. recip.
   -1.08035e+05    3.49400e+04   -2.70533e+01   -2.51081e+05    1.03270e+04
      LJ recip.      Potential    Kinetic En.   Total Energy  Conserved En.
   -3.20147e+04   -2.93041e+05    4.15733e+04   -2.51467e+05   -2.92738e+05
    Temperature Pres. DC (bar) Pressure (bar)   Constr. rmsd
    3.03387e+02   -2.95869e+00   -1.26098e+03    9.92333e-07


DD  step 31999 load imb.: force 19.3%
           Step           Time
          32000       64.00000

   Energies (kJ/mol)
           Bond          Angle    Proper Dih. Ryckaert-Bell.          LJ-14
    7.18790e+03    1.02067e+04    1.01790e+03    2.36026e+04    1.07189e+04
     Coulomb-14        LJ (SR)  Disper. corr.   Coulomb (SR)   Coul. recip.
   -1.07965e+05    3.51571e+04   -2.70533e+01   -2.50975e+05    1.03057e+04
      LJ recip.      Potential    Kinetic En.   Total Energy  Conserved En.
   -3.20307e+04   -2.92801e+05    4.08235e+04   -2.51977e+05   -2.92732e+05
    Temperature Pres. DC (bar) Pressure (bar)   Constr. rmsd
    2.97915e+02   -2.95869e+00   -1.40755e+03    9.43517e-07


DD  step 32999 load imb.: force 20.7%
           Step           Time
          33000       66.00000

   Energies (kJ/mol)
           Bond          Angle    Proper Dih. Ryckaert-Bell.          LJ-14
    7.12300e+03    1.00032e+04    9.61803e+02    2.36506e+04    1.08978e+04
     Coulomb-14        LJ (SR)  Disper. corr.   Coulomb (SR)   Coul. recip.
   -1.07990e+05    3.54506e+04   -2.70533e+01   -2.51560e+05    1.03606e+04
      LJ recip.      Potential    Kinetic En.   Total Energy  Conserved En.
   -3.20472e+04   -2.93177e+05    4.11388e+04   -2.52038e+05   -2.92736e+05
    Temperature Pres. DC (bar) Pressure (bar)   Constr. rmsd
    3.00216e+02   -2.95869e+00   -8.35228e+02    9.80265e-07


DD  step 33999 load imb.: force 20.2%
           Step           Time
          34000       68.00000

   Energies (kJ/mol)
           Bond          Angle    Proper Dih. Ryckaert-Bell.          LJ-14
    7.12681e+03    9.94449e+03    9.51201e+02    2.34843e+04    1.08130e+04
     Coulomb-14        LJ (SR)  Disper. corr.   Coulomb (SR)   Coul. recip.
   -1.08021e+05    3.58305e+04   -2.70533e+01   -2.51879e+05    1.02226e+04
      LJ recip.      Potential    Kinetic En.   Total Energy  Conserved En.
   -3.20621e+04   -2.93616e+05    4.14371e+04   -2.52179e+05   -2.92763e+05
    Temperature Pres. DC (bar) Pressure (bar)   Constr. rmsd
    3.02393e+02   -2.95869e+00   -9.17511e+02    9.41954e-07


DD  step 34999 load imb.: force 18.7%
           Step           Time
          35000       70.00000

   Energies (kJ/mol)
           Bond          Angle    Proper Dih. Ryckaert-Bell.          LJ-14
    6.97107e+03    1.03409e+04    9.87985e+02    2.33625e+04    1.07911e+04
     Coulomb-14        LJ (SR)  Disper. corr.   Coulomb (SR)   Coul. recip.
   -1.07882e+05    3.44256e+04   -2.70533e+01   -2.50205e+05    1.02442e+04
      LJ recip.      Potential    Kinetic En.   Total Energy  Conserved En.
   -3.19980e+04   -2.92989e+05    4.08212e+04   -2.52167e+05   -2.92740e+05
    Temperature Pres. DC (bar) Pressure (bar)   Constr. rmsd
    2.97899e+02   -2.95869e+00   -1.51369e+03    9.91910e-07


DD  step 35999 load imb.: force 19.8%
           Step           Time
          36000       72.00000

   Energies (kJ/mol)
           Bond          Angle    Proper Dih. Ryckaert-Bell.          LJ-14
    7.18111e+03    1.01379e+04    9.89011e+02    2.33523e+04    1.09340e+04
     Coulomb-14        LJ (SR)  Disper. corr.   Coulomb (SR)   Coul. recip.
   -1.07926e+05    3.53246e+04   -2.70533e+01   -2.51220e+05    1.02285e+04
      LJ recip.      Potential    Kinetic En.   Total Energy  Conserved En.
   -3.20370e+04   -2.93063e+05    4.15855e+04   -2.51478e+05   -2.92743e+05
    Temperature Pres. DC (bar) Pressure (bar)   Constr. rmsd
    3.03476e+02   -2.95869e+00   -8.08580e+02    9.82570e-07


DD  step 36999 load imb.: force 20.4%
           Step           Time
          37000       74.00000

   Energies (kJ/mol)
           Bond          Angle    Proper Dih. Ryckaert-Bell.          LJ-14
    7.29168e+03    9.99184e+03    1.01389e+03    2.32640e+04    1.07968e+04
     Coulomb-14        LJ (SR)  Disper. corr.   Coulomb (SR)   Coul. recip.
   -1.08013e+05    3.59283e+04   -2.70533e+01   -2.51518e+05    1.03824e+04
      LJ recip.      Potential    Kinetic En.   Total Energy  Conserved En.
   -3.20013e+04   -2.92890e+05    4.12371e+04   -2.51653e+05   -2.92723e+05
    Temperature Pres. DC (bar) Pressure (bar)   Constr. rmsd
    3.00934e+02   -2.95869e+00   -7.61165e+02    9.65221e-07


DD  step 37999 load imb.: force 21.1%
           Step           Time
          38000       76.00000

   Energies (kJ/mol)
           Bond          Angle    Proper Dih. Ryckaert-Bell.          LJ-14
    7.28704e+03    1.00642e+04    1.00030e+03    2.34311e+04    1.07774e+04
     Coulomb-14        LJ (SR)  Disper. corr.   Coulomb (SR)   Coul. recip.
   -1.07978e+05    3.61133e+04   -2.70533e+01   -2.51529e+05    1.02262e+04
      LJ recip.      Potential    Kinetic En.   Total Energy  Conserved En.
   -3.20952e+04   -2.92730e+05    4.14465e+04   -2.51283e+05   -2.92742e+05
    Temperature Pres. DC (bar) Pressure (bar)   Constr. rmsd
    3.02461e+02   -2.95869e+00   -5.01355e+02    9.42788e-07


DD  step 38999 load imb.: force 19.7%
           Step           Time
          39000       78.00000

   Energies (kJ/mol)
           Bond          Angle    Proper Dih. Ryckaert-Bell.          LJ-14
    7.11818e+03    1.02249e+04    9.90511e+02    2.36804e+04    1.08721e+04
     Coulomb-14        LJ (SR)  Disper. corr.   Coulomb (SR)   Coul. recip.
   -1.07991e+05    3.55177e+04   -2.70533e+01   -2.50689e+05    1.03526e+04
      LJ recip.      Potential    Kinetic En.   Total Energy  Conserved En.
   -3.20147e+04   -2.91965e+05    4.09371e+04   -2.51028e+05   -2.92721e+05
    Temperature Pres. DC (bar) Pressure (bar)   Constr. rmsd
    2.98744e+02   -2.95869e+00   -9.40783e+02    9.49312e-07


DD  step 39999 load imb.: force 21.0%

step 40000 Turning on dynamic load balancing, because the performance loss due to load imbalance is 4.0 %.
           Step           Time
          40000       80.00000

   Energies (kJ/mol)
           Bond          Angle    Proper Dih. Ryckaert-Bell.          LJ-14
    7.11557e+03    1.02829e+04    1.01073e+03    2.34246e+04    1.07007e+04
     Coulomb-14        LJ (SR)  Disper. corr.   Coulomb (SR)   Coul. recip.
   -1.07926e+05    3.56371e+04   -2.70533e+01   -2.51566e+05    1.02499e+04
      LJ recip.      Potential    Kinetic En.   Total Energy  Conserved En.
   -3.20422e+04   -2.93140e+05    4.10957e+04   -2.52045e+05   -2.92725e+05
    Temperature Pres. DC (bar) Pressure (bar)   Constr. rmsd
    2.99901e+02   -2.95869e+00   -1.35535e+03    9.25087e-07


DD  step 40999  vol min/aver 0.784  load imb.: force  2.5%
           Step           Time
          41000       82.00000

   Energies (kJ/mol)
           Bond          Angle    Proper Dih. Ryckaert-Bell.          LJ-14
    7.10899e+03    1.01280e+04    9.88978e+02    2.35558e+04    1.08400e+04
     Coulomb-14        LJ (SR)  Disper. corr.   Coulomb (SR)   Coul. recip.
   -1.07975e+05    3.53259e+04   -2.70533e+01   -2.51276e+05    1.02490e+04
      LJ recip.      Potential    Kinetic En.   Total Energy  Conserved En.
   -3.20753e+04   -2.93156e+05    4.10730e+04   -2.52083e+05   -2.92727e+05
    Temperature Pres. DC (bar) Pressure (bar)   Constr. rmsd
    2.99736e+02   -2.95869e+00   -1.01086e+03    9.40332e-07


DD  step 41999  vol min/aver 0.789  load imb.: force  2.1%
           Step           Time
          42000       84.00000

   Energies (kJ/mol)
           Bond          Angle    Proper Dih. Ryckaert-Bell.          LJ-14
    7.13348e+03    1.01463e+04    9.62298e+02    2.35204e+04    1.08461e+04
     Coulomb-14        LJ (SR)  Disper. corr.   Coulomb (SR)   Coul. recip.
   -1.07849e+05    3.53034e+04   -2.70533e+01   -2.50762e+05    1.02695e+04
      LJ recip.      Potential    Kinetic En.   Total Energy  Conserved En.
   -3.20499e+04   -2.92507e+05    4.10096e+04   -2.51497e+05   -2.92701e+05
    Temperature Pres. DC (bar) Pressure (bar)   Constr. rmsd
    2.99273e+02   -2.95869e+00   -8.00571e+02    9.55818e-07


DD  step 42999  vol min/aver 0.777  load imb.: force  2.3%
           Step           Time
          43000       86.00000

   Energies (kJ/mol)
           Bond          Angle    Proper Dih. Ryckaert-Bell.          LJ-14
    7.32110e+03    1.01782e+04    9.92488e+02    2.34141e+04    1.09090e+04
     Coulomb-14        LJ (SR)  Disper. corr.   Coulomb (SR)   Coul. recip.
   -1.07929e+05    3.49439e+04   -2.70533e+01   -2.50456e+05    1.02465e+04
      LJ recip.      Potential    Kinetic En.   Total Energy  Conserved En.
   -3.21186e+04   -2.92526e+05    4.04486e+04   -2.52077e+05   -2.92709e+05
    Temperature Pres. DC (bar) Pressure (bar)   Constr. rmsd
    2.95179e+02   -2.95869e+00   -9.78819e+02    9.22156e-07


DD  step 43999  vol min/aver 0.779  load imb.: force  2.4%
           Step           Time
          44000       88.00000

   Energies (kJ/mol)
           Bond          Angle    Proper Dih. Ryckaert-Bell.          LJ-14
    7.10741e+03    9.71587e+03    9.47400e+02    2.37143e+04    1.07833e+04
     Coulomb-14        LJ (SR)  Disper. corr.   Coulomb (SR)   Coul. recip.
   -1.08012e+05    3.52177e+04   -2.70533e+01   -2.50929e+05    1.03025e+04
      LJ recip.      Potential    Kinetic En.   Total Energy  Conserved En.
   -3.20840e+04   -2.93264e+05    4.10373e+04   -2.52226e+05   -2.92720e+05
    Temperature Pres. DC (bar) Pressure (bar)   Constr. rmsd
    2.99475e+02   -2.95869e+00   -1.01969e+03    9.54175e-07


DD  step 44999  vol min/aver 0.778  load imb.: force  4.7%
           Step           Time
          45000       90.00000

   Energies (kJ/mol)
           Bond          Angle    Proper Dih. Ryckaert-Bell.          LJ-14
    7.01006e+03    1.02729e+04    9.39327e+02    2.34754e+04    1.09053e+04
     Coulomb-14        LJ (SR)  Disper. corr.   Coulomb (SR)   Coul. recip.
   -1.07904e+05    3.60197e+04   -2.70533e+01   -2.51771e+05    1.01866e+04
      LJ recip.      Potential    Kinetic En.   Total Energy  Conserved En.
   -3.21010e+04   -2.92993e+05    4.12743e+04   -2.51719e+05   -2.92715e+05
    Temperature Pres. DC (bar) Pressure (bar)   Constr. rmsd
    3.01205e+02   -2.95869e+00   -7.43904e+02    9.31206e-07


DD  step 45999  vol min/aver 0.787  load imb.: force  1.8%
           Step           Time
          46000       92.00000

   Energies (kJ/mol)
           Bond          Angle    Proper Dih. Ryckaert-Bell.          LJ-14
    7.50140e+03    1.01474e+04    9.61764e+02    2.35650e+04    1.07445e+04
     Coulomb-14        LJ (SR)  Disper. corr.   Coulomb (SR)   Coul. recip.
   -1.07894e+05    3.56608e+04   -2.70533e+01   -2.51062e+05    1.01908e+04
      LJ recip.      Potential    Kinetic En.   Total Energy  Conserved En.
   -3.20076e+04   -2.92219e+05    4.11381e+04   -2.51081e+05   -2.92707e+05
    Temperature Pres. DC (bar) Pressure (bar)   Constr. rmsd
    3.00211e+02   -2.95869e+00   -1.18802e+03    9.73235e-07


DD  step 46999  vol min/aver 0.786  load imb.: force  1.9%
           Step           Time
          47000       94.00000

   Energies (kJ/mol)
           Bond          Angle    Proper Dih. Ryckaert-Bell.          LJ-14
    7.09002e+03    9.99626e+03    1.02120e+03    2.32699e+04    1.09503e+04
     Coulomb-14        LJ (SR)  Disper. corr.   Coulomb (SR)   Coul. recip.
   -1.08036e+05    3.59593e+04   -2.70533e+01   -2.51355e+05    1.02798e+04
      LJ recip.      Potential    Kinetic En.   Total Energy  Conserved En.
   -3.21196e+04   -2.92970e+05    4.15048e+04   -2.51466e+05   -2.92712e+05
    Temperature Pres. DC (bar) Pressure (bar)   Constr. rmsd
    3.02887e+02   -2.95869e+00   -2.82892e+02    9.50683e-07


DD  step 47999  vol min/aver 0.782  load imb.: force  1.8%
           Step           Time
          48000       96.00000

   Energies (kJ/mol)
           Bond          Angle    Proper Dih. Ryckaert-Bell.          LJ-14
    7.18081e+03    1.00518e+04    1.00149e+03    2.31901e+04    1.08243e+04
     Coulomb-14        LJ (SR)  Disper. corr.   Coulomb (SR)   Coul. recip.
   -1.07922e+05    3.53474e+04   -2.70533e+01   -2.50552e+05    1.02055e+04
      LJ recip.      Potential    Kinetic En.   Total Energy  Conserved En.
   -3.20298e+04   -2.92729e+05    4.12222e+04   -2.51507e+05   -2.92738e+05
    Temperature Pres. DC (bar) Pressure (bar)   Constr. rmsd
    3.00824e+02   -2.95869e+00   -1.06761e+03    9.90250e-07


DD  step 48999  vol min/aver 0.773  load imb.: force  2.6%
           Step           Time
          49000       98.00000

   Energies (kJ/mol)
           Bond          Angle    Proper Dih. Ryckaert-Bell.          LJ-14
    7.23761e+03    1.00212e+04    9.60371e+02    2.34979e+04    1.07442e+04
     Coulomb-14        LJ (SR)  Disper. corr.   Coulomb (SR)   Coul. recip.
   -1.07993e+05    3.57461e+04   -2.70533e+01   -2.51699e+05    1.03176e+04
      LJ recip.      Potential    Kinetic En.   Total Energy  Conserved En.
   -3.20698e+04   -2.93264e+05    4.12015e+04   -2.52062e+05   -2.92719e+05
    Temperature Pres. DC (bar) Pressure (bar)   Constr. rmsd
    3.00673e+02   -2.95869e+00   -1.01583e+03    9.79328e-07


DD  step 49999  vol min/aver 0.779  load imb.: force  2.0%
           Step           Time
          50000      100.00000

Writing checkpoint, step 50000 at Tue Feb  8 14:53:35 2022


   Energies (kJ/mol)
           Bond          Angle    Proper Dih. Ryckaert-Bell.          LJ-14
    7.32458e+03    9.92143e+03    9.89629e+02    2.36001e+04    1.09263e+04
     Coulomb-14        LJ (SR)  Disper. corr.   Coulomb (SR)   Coul. recip.
   -1.08080e+05    3.60678e+04   -2.70533e+01   -2.51996e+05    1.00874e+04
      LJ recip.      Potential    Kinetic En.   Total Energy  Conserved En.
   -3.21143e+04   -2.93300e+05    4.12131e+04   -2.52087e+05   -2.92713e+05
    Temperature Pres. DC (bar) Pressure (bar)   Constr. rmsd
    3.00758e+02   -2.95869e+00   -4.66682e+02    9.68825e-07


	<======  ###############  ==>
	<====  A V E R A G E S  ====>
	<==  ###############  ======>

	Statistics over 50001 steps using 501 frames

   Energies (kJ/mol)
           Bond          Angle    Proper Dih. Ryckaert-Bell.          LJ-14
    7.20961e+03    1.02058e+04    9.83863e+02    2.35728e+04    1.08506e+04
     Coulomb-14        LJ (SR)  Disper. corr.   Coulomb (SR)   Coul. recip.
   -1.07984e+05    3.57140e+04   -2.70533e+01   -2.51665e+05    1.03535e+04
      LJ recip.      Potential    Kinetic En.   Total Energy  Conserved En.
   -3.20207e+04   -2.92806e+05    4.10908e+04   -2.51716e+05   -2.92738e+05
    Temperature Pres. DC (bar) Pressure (bar)   Constr. rmsd
    2.99866e+02   -2.95869e+00   -9.76883e+02    0.00000e+00

   Total Virial (kJ/mol)
    1.75145e+04    8.81377e+02    7.88105e+01
    8.81369e+02    1.74639e+04    4.30495e+01
    7.87222e+01    4.27671e+01    1.95280e+04

   Pressure (bar)
   -8.27040e+02   -1.88939e+02   -1.94973e+01
   -1.88938e+02   -8.26397e+02   -2.24195e+00
   -1.94780e+01   -2.18025e+00   -1.27721e+03


	M E G A - F L O P S   A C C O U N T I N G

 NB=Group-cutoff nonbonded kernels    NxN=N-by-N cluster Verlet kernels
 RF=Reaction-Field  VdW=Van der Waals  QSTab=quadratic-spline table
 W3=SPC/TIP3p  W4=TIP4p (single or pairs)
 V&F=Potential and force  V=Potential only  F=Force only

 Computing:                               M-Number         M-Flops  % Flops
-----------------------------------------------------------------------------
 Pair Search distance check            2799.048094       25191.433     0.1
 NxN Ewald Elec. + LJ [F]            307887.790320    31404554.613    74.0
 NxN Ewald Elec. + LJ [V&F]            3116.191760      436266.846     1.0
 NxN Ewald Elec. [F]                 108676.790640     6629284.229    15.6
 NxN Ewald Elec. [V&F]                 1099.953552       92396.098     0.2
 1,4 nonbonded interactions             800.766015       72068.941     0.2
 Calc Weights                          2135.292705       76870.537     0.2
 Spread Q Bspline                     91105.822080      182211.644     0.4
 Gather F Bspline                     91105.822080      546634.932     1.3
 3D-FFT                              310876.617408     2487012.939     5.9
 Solve PME                              627.212544       40141.603     0.1
 Reset In Box                             7.089030          21.267     0.0
 CG-CoM                                   7.145970          21.438     0.0
 Bonds                                  249.604992       14726.695     0.0
 Angles                                 573.961479       96425.528     0.2
 Propers                                 10.300206        2358.747     0.0
 RB-Dihedrals                          1002.770055      247684.204     0.6
 Virial                                   7.492455         134.864     0.0
 Stop-CM                                  7.145970          71.460     0.0
 Calc-Ekin                              142.378470        3844.219     0.0
 Lincs                                  118.036073        7082.164     0.0
 Lincs-Mat                                0.604836           2.419     0.0
 Constraint-V                           662.821076        5302.569     0.0
 Constraint-Vir                           5.458449         131.003     0.0
 Settle                                 142.254117       45948.080     0.1
-----------------------------------------------------------------------------
 Total                                                42416388.473   100.0
-----------------------------------------------------------------------------


    D O M A I N   D E C O M P O S I T I O N   S T A T I S T I C S

 av. #atoms communicated per step for force:  2 x 34766.7
 av. #atoms communicated per step for LINCS:  2 x 1356.6


Dynamic load balancing report:
 DLB was turned on during the run due to measured imbalance.
 Average load imbalance: 5.3%.
 The balanceable part of the MD step is 59%, load imbalance is computed from this.
 Part of the total run time spent waiting due to load imbalance: 3.1%.
 Steps where the load balancing was limited by -rdd, -rcon and/or -dds: X 0 % Y 0 % Z 0 %


     R E A L   C Y C L E   A N D   T I M E   A C C O U N T I N G

On 16 MPI ranks

 Computing:          Num   Num      Call    Wall time         Giga-Cycles
                     Ranks Threads  Count      (s)         total sum    %
-----------------------------------------------------------------------------
 Domain decomp.        16    1        501       1.290         47.572   0.6
 DD comm. load         16    1        248       0.002          0.071   0.0
 DD comm. bounds       16    1        219       0.004          0.145   0.0
 Neighbor search       16    1        501       1.146         42.236   0.5
 Comm. coord.          16    1      49500       2.134         78.650   1.0
 Force                 16    1      50001     115.923       4273.353  55.0
 Wait + Comm. F        16    1      50001       1.788         65.923   0.8
 PME mesh              16    1      50001      84.034       3097.780  39.8
 NB X/F buffer ops.    16    1     149001       1.557         57.412   0.7
 Write traj.           16    1         51       0.011          0.417   0.0
 Update                16    1      50001       0.441         16.241   0.2
 Constraints           16    1      50003       2.134         78.663   1.0
 Comm. energies        16    1       5001       0.146          5.396   0.1
 Rest                                           0.333         12.263   0.2
-----------------------------------------------------------------------------
 Total                                        210.943       7776.121 100.0
-----------------------------------------------------------------------------
 Breakdown of PME mesh computation
-----------------------------------------------------------------------------
 PME redist. X/F       16    1     150003      30.331       1118.102  14.4
 PME spread            16    1     100002      12.104        446.183   5.7
 PME gather            16    1     100002      11.909        439.021   5.6
 PME 3D-FFT            16    1     200004      16.956        625.048   8.0
 PME 3D-FFT Comm.      16    1     400008       8.693        320.446   4.1
 PME solve LJ          16    1      50001       2.798        103.145   1.3
 PME solve Elec        16    1      50001       1.181         43.525   0.6
-----------------------------------------------------------------------------

               Core t (s)   Wall t (s)        (%)
       Time:     3375.048      210.943     1600.0
                 (ns/day)    (hour/ns)
Performance:       40.960        0.586
Finished mdrun on rank 0 Tue Feb  8 14:53:35 2022

