            --------------------------------------------------------
                             AMBER SQM VERSION 19
 
                                     By
              Ross C. Walker, Michael F. Crowley, Scott Brozell,
                         Tim Giese, Andreas W. Goetz,
                        Tai-Sung Lee and David A. Case
 
            --------------------------------------------------------
 

--------------------------------------------------------------------------------
  QM CALCULATION INFO
--------------------------------------------------------------------------------

| QMMM: Citation for AMBER QMMM Run:
| QMMM: R.C. Walker, M.F. Crowley and D.A. Case, J. COMP. CHEM. 29:1019, 2008

QMMM: SINGLET STATE CALCULATION
QMMM: RHF CALCULATION, NO. OF DOUBLY OCCUPIED LEVELS = 73

| QMMM: *** Selected Hamiltonian *** 
| QMMM: AM1         

| QMMM: *** Parameter sets in use ***
| QMMM: C : M.J.S.DEWAR et al. JACS, 107, 3902, (1985)
| QMMM: H : M.J.S.DEWAR et al. JACS, 107, 3902, (1985)
| QMMM: O : M.J.S.DEWAR et al. JACS, 107, 3902, (1985)
| QMMM: N : M.J.S.DEWAR et al. JACS, 107, 3902, (1985)

| QMMM: *** SCF convergence criteria ***
| QMMM: Energy change                :  0.1D-09 kcal/mol
| QMMM: Error matrix |FP-PF|         :  0.1D+00 au
| QMMM: Density matrix change        :  0.5D-06
| QMMM: Maximum number of SCF cycles :     1000

| QMMM: *** Diagonalization Routine Information ***
| QMMM: Pseudo diagonalizations are allowed.
| QMMM: Auto diagonalization routine selection is in use.
| QMMM:
| QMMM: Timing diagonalization routines:
| QMMM:                              norbs =      134
| QMMM:    diag iterations used for timing =       10
| QMMM:
| QMMM:              Internal diag routine = 0.039370 seconds
| QMMM:                 Dspev diag routine = 0.045038 seconds
| QMMM:                Dspevd diag routine = 0.016905 seconds
| QMMM:                Dspevx diag routine = 0.088017 seconds
| QMMM:                 Dsyev diag routine = 0.046194 seconds
| QMMM:                Dsyevd diag routine = 0.018095 seconds
| QMMM:                Dsyevr diag routine = 0.022298 seconds
| QMMM:
| QMMM:                Pseudo diag routine = 0.017145 seconds
| QMMM: Pseudo diagonalization appears to be slower than regular
| QMMM: diagonalization. Setting pseudo_diag=0 for optimum performance.
| QMMM:
| QMMM: Using dspevd routine (diag_routine=3).

  QMMM: QM Region Cartesian Coordinates (*=link atom) 
  QMMM: QM_NO.   MM_NO.  ATOM         X         Y         Z
  QMMM:     1        1      C       -1.6570    1.3570   -0.5960
  QMMM:     2        2      C       -2.5850    0.3830   -0.2130
  QMMM:     3        3      C       -0.2980    1.1310   -0.3640
  QMMM:     4        4      C        0.1430   -0.0500    0.2440
  QMMM:     5        5      C       -0.8030   -1.0080    0.6170
  QMMM:     6        6      C       -2.1690   -0.8070    0.3960
  QMMM:     7        7      H       -3.6410    0.5570   -0.3950
  QMMM:     8        8      H        0.4160    1.8920   -0.6660
  QMMM:     9        9      H       -0.4700   -1.9300    1.0900
  QMMM:    10       10      C        1.6030   -0.3190    0.5060
  QMMM:    11       11      O        1.9850   -1.3420    1.0400
  QMMM:    12       12      N        2.4750    0.6490    0.1370
  QMMM:    13       13      C        4.5300    1.8120    0.7270
  QMMM:    14       14      C        3.8980    0.6470    0.2940
  QMMM:    15       15      C        5.9160    1.8470    0.8690
  QMMM:    16       16      C        6.6780    0.7190    0.5710
  QMMM:    17       17      C        6.0530   -0.4450    0.1250
  QMMM:    18       18      C        4.6650   -0.4800   -0.0180
  QMMM:    19       19      H        3.9440    2.6980    0.9610
  QMMM:    20       20      H        6.4040    2.7560    1.2130
  QMMM:    21       21      H        7.7590    0.7540    0.6830
  QMMM:    22       22      H        4.1840   -1.3860   -0.3780
  QMMM:    23       23      H        2.0930    1.5060   -0.2300
  QMMM:    24       24      C       -2.0860    2.6420   -1.2510
  QMMM:    25       25      C       -3.1450   -1.8750    0.8190
  QMMM:    26       26      O       -2.7840   -2.9040    1.3560
  QMMM:    27       27      N       -4.4560   -1.6230    0.5940
  QMMM:    28       28      O       -1.3130    3.5110   -1.5970
  QMMM:    29       29      O       -3.3710    2.7830   -1.4350
  QMMM:    30       30      N        6.8000   -1.5480   -0.1760
  QMMM:    31       31      H        7.7720   -1.5700    0.1110
  QMMM:    32       32      H        6.3240   -2.4330   -0.3120
  QMMM:    33       33      C       -5.5740   -2.4540    0.9230
  QMMM:    34       34      H       -4.6990   -0.7200    0.2170
  QMMM:    35       35      C       -6.7160   -1.8660    1.4690
  QMMM:    36       36      C       -7.8300   -2.6470    1.7810
  QMMM:    37       37      C       -7.8060   -4.0200    1.5380
  QMMM:    38       38      C       -6.6720   -4.6090    0.9810
  QMMM:    39       39      C       -5.5610   -3.8290    0.6690
  QMMM:    40       40      H       -6.7350   -0.7950    1.6580
  QMMM:    41       41      H       -8.6690   -4.6360    1.7790
  QMMM:    42       42      H       -6.6560   -5.6780    0.7860
  QMMM:    43       43      H       -4.6870   -4.2990    0.2230
  QMMM:    44       44      N       -8.9430   -2.0680    2.3210
  QMMM:    45       45      H       -9.0150   -1.0570    2.3290
  QMMM:    46       46      H       -9.7970   -2.6110    2.3790
  QMMM:    47       47      H       -3.4900    3.6510   -1.8620

--------------------------------------------------------------------------------
  RESULTS
--------------------------------------------------------------------------------

      iter         sqm energy              rms gradient
      ----    -------------------    -----------------------
xmin    10      -71.2888 kcal/mol        3.6729 kcal/(mol*A)
xmin    20      -72.6428 kcal/mol        0.4419 kcal/(mol*A)
xmin    30      -70.2935 kcal/mol        4.4303 kcal/(mol*A)
xmin    40      -73.1118 kcal/mol        0.3154 kcal/(mol*A)
xmin    50      -73.2644 kcal/mol        0.1270 kcal/(mol*A)
xmin    60      -73.3283 kcal/mol        0.2516 kcal/(mol*A)
xmin    70      -73.3434 kcal/mol        0.0895 kcal/(mol*A)
xmin    80      -73.3633 kcal/mol        0.1291 kcal/(mol*A)
xmin    90      -73.3726 kcal/mol        0.0244 kcal/(mol*A)
xmin   100      -73.3735 kcal/mol        0.0177 kcal/(mol*A)
xmin   110      -73.3738 kcal/mol        0.0197 kcal/(mol*A)
xmin   120      -73.3754 kcal/mol        0.0149 kcal/(mol*A)
xmin   130      -73.3757 kcal/mol        0.0057 kcal/(mol*A)
xmin   140      -73.3764 kcal/mol        0.0072 kcal/(mol*A)
xmin   150      -73.3768 kcal/mol        0.0119 kcal/(mol*A)
xmin   160      -73.3779 kcal/mol        0.0127 kcal/(mol*A)
xmin   170      -73.3783 kcal/mol        0.0114 kcal/(mol*A)
xmin   180      -73.3787 kcal/mol        0.0053 kcal/(mol*A)
xmin   190      -73.3787 kcal/mol        0.0036 kcal/(mol*A)
xmin   200      -73.3787 kcal/mol        0.0090 kcal/(mol*A)
xmin   210      -73.3787 kcal/mol        0.0045 kcal/(mol*A)
xmin   220      -73.3788 kcal/mol        0.0018 kcal/(mol*A)
xmin   230      -73.3788 kcal/mol        0.0020 kcal/(mol*A)
xmin   240      -73.3788 kcal/mol        0.0010 kcal/(mol*A)
  ... geometry converged !
 
 Final MO eigenvalues (eV):
 -41.8648  -40.8807  -40.5618  -39.7921  -39.1037  -38.4062  -37.0004  -36.3103
 -36.2637  -34.7377  -34.5031  -33.1774  -33.0465  -30.6197  -30.2464  -29.1575
 -29.0559  -26.3433  -26.0260  -25.2043  -23.5740  -23.3653  -22.8894  -22.3325
 -21.5192  -20.8799  -19.6086  -19.2936  -18.7955  -18.4700  -18.0483  -17.8596
 -17.5582  -17.3194  -17.0628  -16.9638  -16.9058  -16.7985  -16.7488  -16.2854
 -16.1045  -15.8084  -15.5607  -15.3591  -15.1390  -14.9733  -14.5637  -14.4598
 -14.4027  -14.2970  -14.2799  -13.9759  -13.8115  -13.6368  -13.5026  -12.8744
 -12.8230  -12.7225  -12.4203  -12.4054  -12.2951  -12.1680  -12.0562  -11.2299
 -11.1050  -11.0761  -11.0307  -10.7637  -10.7448   -9.2261   -9.1125   -8.5633
  -8.5071   -1.1055   -0.9668    0.1570    0.3443    0.5241    0.5790    0.7631
   1.1996    1.3927    1.4116    1.5418    1.7183    2.0863    2.7236    2.8044
   2.8325    2.8849    2.9700    3.0690    3.1521    3.1985    3.3351    3.4882
   3.7309    3.7928    3.8848    3.9719    4.0397    4.1026    4.1933    4.1961
   4.2946    4.3367    4.3399    4.3747    4.4165    4.4663    4.5278    4.6166
   4.7386    4.7899    4.8370    4.9941    5.1145    5.1307    5.1881    5.1943
   5.3811    5.5777    5.6535    5.7548    5.8040    5.9808    6.0075    6.1282
   6.1924    6.2188    6.3018    6.3351    6.6483    6.6768

 Heat of formation   =        -73.37876740 kcal/mol  (       -3.18194213 eV)

 Total SCF energy    =    -116358.75232453 kcal/mol  (    -5045.69412968 eV)
 Electronic energy   =    -824956.83779863 kcal/mol  (   -35772.81287883 eV)
 Core-core repulsion =     708598.08547410 kcal/mol  (    30727.11874915 eV)
 
    Atomic Charges for Step       1 :
  Atom    Element       Mulliken Charge
     1      C                 -0.128
     2      C                 -0.030
     3      C                 -0.032
     4      C                 -0.147
     5      C                  0.003
     6      C                 -0.149
     7      H                  0.165
     8      H                  0.169
     9      H                  0.184
    10      C                  0.353
    11      O                 -0.334
    12      N                 -0.320
    13      C                 -0.224
    14      C                  0.108
    15      C                 -0.067
    16      C                 -0.216
    17      C                  0.087
    18      C                 -0.216
    19      H                  0.129
    20      H                  0.131
    21      H                  0.134
    22      H                  0.170
    23      H                  0.234
    24      C                  0.351
    25      C                  0.354
    26      O                 -0.329
    27      N                 -0.321
    28      O                 -0.354
    29      O                 -0.316
    30      N                 -0.332
    31      H                  0.188
    32      H                  0.193
    33      C                  0.109
    34      H                  0.231
    35      C                 -0.248
    36      C                  0.083
    37      C                 -0.212
    38      C                 -0.070
    39      C                 -0.193
    40      H                  0.128
    41      H                  0.134
    42      H                  0.135
    43      H                  0.173
    44      N                 -0.329
    45      H                  0.183
    46      H                  0.187
    47      H                  0.252
 Total Mulliken Charge =       0.000
 
                  X        Y        Z     TOTAL  
  QM DIPOLE    -3.087    2.830    2.247    4.752
 
 Final Structure

  QMMM: QM Region Cartesian Coordinates (*=link atom) 
  QMMM: QM_NO.   MM_NO.  ATOM         X         Y         Z
  QMMM:     1        1      C       -1.6936    1.3558   -1.1534
  QMMM:     2        2      C       -2.6332    0.3683   -0.8351
  QMMM:     3        3      C       -0.3251    1.1259   -0.9557
  QMMM:     4        4      C        0.1001   -0.0998   -0.4404
  QMMM:     5        5      C       -0.8328   -1.0994   -0.1391
  QMMM:     6        6      C       -2.1990   -0.8548   -0.3195
  QMMM:     7        7      H       -3.7033    0.5667   -1.0172
  QMMM:     8        8      H        0.3928    1.9176   -1.2332
  QMMM:     9        9      H       -0.4891   -2.0865    0.2211
  QMMM:    10       10      C        1.5505   -0.4120   -0.2362
  QMMM:    11       11      O        1.9961   -1.5412   -0.5082
  QMMM:    12       12      N        2.3230    0.6164    0.2792
  QMMM:    13       13      C        4.2342    1.6206    1.3735
  QMMM:    14       14      C        3.6983    0.5787    0.5773
  QMMM:    15       15      C        5.5888    1.6264    1.6784
  QMMM:    16       16      C        6.4387    0.6275    1.2210
  QMMM:    17       17      C        5.9272   -0.4149    0.4155
  QMMM:    18       18      C        4.5480   -0.4338    0.1035
  QMMM:    19       19      H        3.5912    2.4269    1.7543
  QMMM:    20       20      H        5.9968    2.4397    2.2991
  QMMM:    21       21      H        7.5068    0.6594    1.4791
  QMMM:    22       22      H        4.1458   -1.2494   -0.5202
  QMMM:    23       23      H        1.8529    1.4549    0.5412
  QMMM:    24       24      C       -2.1124    2.6514   -1.7017
  QMMM:    25       25      C       -3.1586   -1.9565    0.0108
  QMMM:    26       26      O       -2.8939   -3.1339   -0.2881
  QMMM:    27       27      N       -4.3147   -1.5665    0.6692
  QMMM:    28       28      O       -1.4057    3.6175   -2.0085
  QMMM:    29       29      O       -3.4576    2.7983   -1.8833
  QMMM:    30       30      N        6.7819   -1.3746   -0.1325
  QMMM:    31       31      H        7.6210   -1.5247    0.3807
  QMMM:    32       32      H        6.3342   -2.2145   -0.4244
  QMMM:    33       33      C       -5.3714   -2.3870    1.1043
  QMMM:    34       34      H       -4.4014   -0.6004    0.8980
  QMMM:    35       35      C       -6.4510   -1.7637    1.7715
  QMMM:    36       36      C       -7.5409   -2.5229    2.2417
  QMMM:    37       37      C       -7.5500   -3.9202    2.0188
  QMMM:    38       38      C       -6.4864   -4.5189    1.3603
  QMMM:    39       39      C       -5.3999   -3.7801    0.8992
  QMMM:    40       40      H       -6.4410   -0.6757    1.9405
  QMMM:    41       41      H       -8.3903   -4.5336    2.3742
  QMMM:    42       42      H       -6.4974   -5.6080    1.1943
  QMMM:    43       43      H       -4.5771   -4.2967    0.3806
  QMMM:    44       44      N       -8.5598   -1.9144    2.9836
  QMMM:    45       45      H       -8.6751   -0.9414    2.8075
  QMMM:    46       46      H       -9.4186   -2.4182    2.9893
  QMMM:    47       47      H       -3.6348    3.6778   -2.2580

           --------- Calculation Completed ----------

