            --------------------------------------------------------
                             AMBER SQM VERSION 19
 
                                     By
              Ross C. Walker, Michael F. Crowley, Scott Brozell,
                         Tim Giese, Andreas W. Goetz,
                        Tai-Sung Lee and David A. Case
 
            --------------------------------------------------------
 

--------------------------------------------------------------------------------
  QM CALCULATION INFO
--------------------------------------------------------------------------------

| QMMM: Citation for AMBER QMMM Run:
| QMMM: R.C. Walker, M.F. Crowley and D.A. Case, J. COMP. CHEM. 29:1019, 2008

QMMM: SINGLET STATE CALCULATION
QMMM: RHF CALCULATION, NO. OF DOUBLY OCCUPIED LEVELS = 32

| QMMM: *** Selected Hamiltonian *** 
| QMMM: AM1         

| QMMM: *** Parameter sets in use ***
| QMMM: C : M.J.S.DEWAR et al. JACS, 107, 3902, (1985)
| QMMM: H : M.J.S.DEWAR et al. JACS, 107, 3902, (1985)
| QMMM: O : M.J.S.DEWAR et al. JACS, 107, 3902, (1985)

| QMMM: *** SCF convergence criteria ***
| QMMM: Energy change                :  0.1D-09 kcal/mol
| QMMM: Error matrix |FP-PF|         :  0.1D+00 au
| QMMM: Density matrix change        :  0.5D-06
| QMMM: Maximum number of SCF cycles :     1000

| QMMM: *** Diagonalization Routine Information ***
| QMMM: Pseudo diagonalizations are allowed.
| QMMM: Auto diagonalization routine selection is in use.
| QMMM:
| QMMM: Timing diagonalization routines:
| QMMM:                              norbs =       56
| QMMM:    diag iterations used for timing =       15
| QMMM:
| QMMM:              Internal diag routine = 0.005053 seconds
| QMMM:                 Dspev diag routine = 0.004812 seconds
| QMMM:                Dspevd diag routine = 0.002867 seconds
| QMMM:                Dspevx diag routine = 0.022907 seconds
| QMMM:                 Dsyev diag routine = 0.005017 seconds
| QMMM:                Dsyevd diag routine = 0.003223 seconds
| QMMM:                Dsyevr diag routine = 0.004573 seconds
| QMMM:
| QMMM:                Pseudo diag routine = 0.001582 seconds
| QMMM:
| QMMM: Using dspevd routine (diag_routine=3).

  QMMM: QM Region Cartesian Coordinates (*=link atom) 
  QMMM: QM_NO.   MM_NO.  ATOM         X         Y         Z
  QMMM:     1        1      C       -8.6950    2.5270   -0.0490
  QMMM:     2        2      C       -7.4430    3.1540   -0.0060
  QMMM:     3        3      C       -6.2910    2.3610    0.0210
  QMMM:     4        4      C       -8.7940    1.1360   -0.0650
  QMMM:     5        5      C       -7.6350    0.3580   -0.0370
  QMMM:     6        6      C       -6.3820    0.9700    0.0060
  QMMM:     7        7      H       -9.6070    3.1190   -0.0710
  QMMM:     8        8      H       -5.3100    2.8300    0.0540
  QMMM:     9        9      H       -7.7100   -0.7270   -0.0490
  QMMM:    10       10      C      -10.1430    0.5010   -0.1100
  QMMM:    11       11      C       -5.1310    0.1570    0.0360
  QMMM:    12       12      C       -7.3090    4.6520    0.0110
  QMMM:    13       13      O       -6.2440    5.2310    0.0480
  QMMM:    14       14      O      -10.3430   -0.6970   -0.1270
  QMMM:    15       15      O       -5.0960   -1.0570    0.0260
  QMMM:    16       16      O       -8.4300    5.3200   -0.0170
  QMMM:    17       17      H       -8.1840    6.2630   -0.0010

--------------------------------------------------------------------------------
  RESULTS
--------------------------------------------------------------------------------

      iter         sqm energy              rms gradient
      ----    -------------------    -----------------------
xmin    10      -17.4519 kcal/mol        6.2123 kcal/(mol*A)
xmin    20      -22.6463 kcal/mol        0.6317 kcal/(mol*A)
xmin    30      -22.7632 kcal/mol        0.5340 kcal/(mol*A)
xmin    40      -22.7789 kcal/mol        0.1570 kcal/(mol*A)
xmin    50      -22.7846 kcal/mol        0.2309 kcal/(mol*A)
xmin    60      -22.7879 kcal/mol        0.0388 kcal/(mol*A)
xmin    70      -22.7903 kcal/mol        0.1172 kcal/(mol*A)
xmin    80      -22.7915 kcal/mol        0.0702 kcal/(mol*A)
xmin    90      -22.7922 kcal/mol        0.0211 kcal/(mol*A)
xmin   100      -22.7926 kcal/mol        0.0239 kcal/(mol*A)
xmin   110      -22.7928 kcal/mol        0.0055 kcal/(mol*A)
xmin   120      -22.7928 kcal/mol        0.0037 kcal/(mol*A)
xmin   130      -22.7928 kcal/mol        0.0027 kcal/(mol*A)
xmin   140      -22.7928 kcal/mol        0.0022 kcal/(mol*A)
xmin   150      -22.7928 kcal/mol        0.0028 kcal/(mol*A)
xmin   160      -22.7928 kcal/mol        0.0013 kcal/(mol*A)
  ... geometry converged !
 
 Final MO eigenvalues (eV):
 -43.9019  -40.8190  -39.8536  -39.0949  -36.3048  -34.1241  -32.9351  -26.5343
 -26.1856  -25.1608  -21.8590  -20.7103  -19.1372  -19.0539  -18.7133  -18.3764
 -17.2989  -16.7427  -16.3036  -16.0922  -15.8566  -15.6597  -14.6104  -14.2878
 -13.6511  -13.0562  -12.6225  -12.2173  -11.3626  -10.7380  -10.1988   -6.5464
  -2.4215   -1.9277   -0.0461    0.2163    0.5441    0.9029    1.6562    2.4872
   2.6349    3.2358    3.3605    3.6125    3.9865    4.0438    4.2579    4.5504
   4.7448    4.8015    5.1292    5.4250    5.5239    5.7298    6.7853    6.8859


 Heat of formation   =        -22.79284276 kcal/mol  (       -0.98837183 eV)

 Total SCF energy    =     -57292.18020673 kcal/mol  (    -2484.37536129 eV)
 Electronic energy   =    -248454.57233242 kcal/mol  (   -10773.79872219 eV)
 Core-core repulsion =     191162.39212570 kcal/mol  (     8289.42336090 eV)
 
    Atomic Charges for Step       1 :
  Atom    Element       Mulliken Charge
     1      C                 -0.274
     2      C                 -0.034
     3      C                 -0.087
     4      C                 -0.069
     5      C                 -0.145
     6      C                 -0.140
     7      H                  0.152
     8      H                  0.155
     9      H                  0.132
    10      C                  0.448
    11      C                  0.145
    12      C                  0.352
    13      O                 -0.367
    14      O                 -0.028
    15      O                 -0.163
    16      O                 -0.318
    17      H                  0.242
 Total Mulliken Charge =       0.000
 
                  X        Y        Z     TOTAL  
  QM DIPOLE    -6.786   -2.693   -0.246    7.305
 
 Final Structure

  QMMM: QM Region Cartesian Coordinates (*=link atom) 
  QMMM: QM_NO.   MM_NO.  ATOM         X         Y         Z
  QMMM:     1        1      C       -8.7043    2.4763   -0.0963
  QMMM:     2        2      C       -7.4170    3.0546    0.0088
  QMMM:     3        3      C       -6.2834    2.2905    0.1111
  QMMM:     4        4      C       -8.7862    1.0708   -0.0328
  QMMM:     5        5      C       -7.6573    0.2471    0.1091
  QMMM:     6        6      C       -6.3550    0.8413    0.0515
  QMMM:     7        7      H       -9.5891    3.1087   -0.2130
  QMMM:     8        8      H       -5.2975    2.7602    0.2492
  QMMM:     9        9      H       -7.7520   -0.8339    0.2618
  QMMM:    10       10      C      -10.0257    0.4700   -0.1097
  QMMM:    11       11      C       -5.2718    0.1128   -0.2619
  QMMM:    12       12      C       -7.2867    4.5186    0.0435
  QMMM:    13       13      O       -6.2667    5.2010    0.1976
  QMMM:    14       14      O      -11.0668   -0.0494   -0.2182
  QMMM:    15       15      O       -4.2840   -0.5582   -0.2211
  QMMM:    16       16      O       -8.4500    5.2184   -0.1218
  QMMM:    17       17      H       -8.2536    6.1693   -0.0880

           --------- Calculation Completed ----------

