
################################################################################

 PACKMOL - Packing optimization for the automated generation of
 starting configurations for molecular dynamics simulations.
 
                                                              Version 20.2.2 

################################################################################

  Packmol must be run with: packmol < inputfile.inp 

  Userguide at: http://m3g.iqm.unicamp.br/packmol 

  Reading input file... (Control-C aborts)
  Seed for random number generator:        10000
  Output file: reservoirs.pdb
  Reading coordinate file: HOH.pdb
  Reading coordinate file: HOH.pdb
  Number of independent structures:            2
  The structures are: 
  Structure            1 :HOH.pdb(           3  atoms)
  Structure            2 :HOH.pdb(           3  atoms)
  Maximum number of GENCAN loops for all molecule packing:          200
  Maximum number of GENCAN loops-0 for all molecule packing:         1000
  Total number of restrictions:            2
  Distance tolerance:    3.0000000000000000     
  Warning: Type of residue numbering not set for structure            1
  Residue numbering set for structure            1 :           0
  Swap chains of molecules of structure            1 : F
  Warning: Type of residue numbering not set for structure            2
  Residue numbering set for structure            2 :           0
  Swap chains of molecules of structure            2 : F
  Number of molecules of type            1 :          500
  Number of molecules of type            2 :          500
  Total number of atoms:         3000
  Total number of molecules:         1000
  Number of fixed molecules:            0
  Number of free molecules:         1000
  Number of variables:         6000
  Total number of fixed atoms:            0
  Maximum internal distance of type            1 :    1.9059249722903573     
  Maximum internal distance of type            2 :    1.9059249722903573     
  All atoms must be within these coordinates: 
   x: [   -974.39999999999998      ,    1025.5999999999999       ] 
   y: [   -974.39999999999998      ,    1025.5999999999999       ] 
   z: [   -1000.8671330347245      ,    999.13286696527553       ] 
  If the system is larger than this, increase the sidemax parameter. 

################################################################################

  Building initial approximation ... 

################################################################################

  Adjusting initial point to fit the constraints 

--------------------------------------------------------------------------------

--------------------------------------------------------------------------------

  Molecules of type:            1

  Packing:|0                                                             100%|
          |*********************

  Restraint-only function value:    4.0364007321059964E-002
  Maximum violation of the restraints:    7.3792149113723225E-003

--------------------------------------------------------------------------------

  Molecules of type:            2

  Packing:|0                                                             100%|
          |****************************

  Restraint-only function value:    4.9490947902480834E-002
  Maximum violation of the restraints:    9.2349971650338234E-003

--------------------------------------------------------------------------------

  Rescaling maximum and minimum coordinates... 
  Computing size of patches... 
  Add fixed molecules to permanent arrays... 
  Reseting center of mass... 

--------------------------------------------------------------------------------

  Setting initial trial coordinates ... 

--------------------------------------------------------------------------------

--------------------------------------------------------------------------------

  Molecules of type:            1
  Adjusting random positions to fit the constraints. 
  Packing:|0                                                             100%|
          |
  Restraint-only function value:    4.5828109614109913E-003
  Maximum violation of the restraints:    2.7064646095892302E-003

--------------------------------------------------------------------------------

  Molecules of type:            2
  Adjusting random positions to fit the constraints. 
  Packing:|0                                                             100%|
          |
  Restraint-only function value:    8.7110520928123433E-003
  Maximum violation of the restraints:    8.4664604179172601E-003

################################################################################

  Objective function at initial point:    130253.54025537385     

################################################################################

  Packing molecules of type:            1

################################################################################


--------------------------------------------------------------------------------

  Starting GENCAN loop:            0
  Scaling radii by:    1.1000000000000001     

  Packing:|0                                                             100%|
          |******************************************************************|
          |******************************************************************|

  Function value from last GENCAN loop: f = .43765E+01
  Best function value before: f = .66434E+05
  Improvement from best function value:    99.99 %
  Improvement from last loop:    99.99 %
  Maximum violation of target distance:     0.000000
  Maximum violation of the constraints: .63073E+00
  All-type function value: .63824E+05

--------------------------------------------------------------------------------


--------------------------------------------------------------------------------

  Starting GENCAN loop:            1
  Scaling radii by:    1.1000000000000001     

  Packing:|0                                                             100%|
          |******************************************************************|
          |*********************

  Function value from last GENCAN loop: f = .21030E-01
  Best function value before: f = .43765E+01
  Improvement from best function value:    99.52 %
  Improvement from last loop:    99.52 %
  Maximum violation of target distance:     0.000000
  Maximum violation of the constraints: .69030E-02
  Current structure written to file: reservoirs.pdb
--------------------------------------------------------------------------------
  Packing solved for molecules of type           1
  Objective function value:    2.1029778292381483E-002
  Maximum violation of target distance:    0.0000000000000000     
  Max. constraint violation:    6.9030375998217052E-003
--------------------------------------------------------------------------------

################################################################################

  Packing molecules of type:            2

################################################################################


--------------------------------------------------------------------------------

  Starting GENCAN loop:            0
  Scaling radii by:    1.1000000000000001     

  Packing:|0                                                             100%|
          |******************************************************************|
          |******************************************************************|

  Function value from last GENCAN loop: f = .37814E+00
  Best function value before: f = .63820E+05
  Improvement from best function value:    99.99 %
  Improvement from last loop:    99.99 %
  Maximum violation of target distance:     0.000000
  Maximum violation of the constraints: .12842E+00
  All-type function value: .39917E+00

--------------------------------------------------------------------------------


--------------------------------------------------------------------------------

  Starting GENCAN loop:            1
  Scaling radii by:    1.1000000000000001     

  Packing:|0                                                             100%|
          |*************************************************

  Function value from last GENCAN loop: f = .22204E-01
  Best function value before: f = .37814E+00
  Improvement from best function value:    94.13 %
  Improvement from last loop:    94.13 %
  Maximum violation of target distance:     0.000000
  Maximum violation of the constraints: .96462E-02
  Current structure written to file: reservoirs.pdb
--------------------------------------------------------------------------------
  Packing solved for molecules of type           2
  Objective function value:    2.2204487941975368E-002
  Maximum violation of target distance:    0.0000000000000000     
  Max. constraint violation:    9.6461784356139738E-003
--------------------------------------------------------------------------------

################################################################################

  Packing all molecules together 

################################################################################


  Initial approximation is a solution. Nothing to do. 

  Solution written to file: reservoirs.pdb

################################################################################

                                 Success! 
              Final objective function value: .44973E+00
              Maximum violation of target distance:   0.000000
              Maximum violation of the constraints: .96462E-02

--------------------------------------------------------------------------------

              Please cite this work if Packmol was useful: 

           L. Martinez, R. Andrade, E. G. Birgin, J. M. Martinez, 
         PACKMOL: A package for building initial configurations for
                   molecular dynamics simulations. 
          Journal of Computational Chemistry, 30:2157-2164,2009.

################################################################################

   Running time:   0.687967062      seconds. 

--------------------------------------------------------------------------------


