            --------------------------------------------------------
                             AMBER SQM VERSION 19
 
                                     By
              Ross C. Walker, Michael F. Crowley, Scott Brozell,
                         Tim Giese, Andreas W. Goetz,
                        Tai-Sung Lee and David A. Case
 
            --------------------------------------------------------
 

--------------------------------------------------------------------------------
  QM CALCULATION INFO
--------------------------------------------------------------------------------

| QMMM: Citation for AMBER QMMM Run:
| QMMM: R.C. Walker, M.F. Crowley and D.A. Case, J. COMP. CHEM. 29:1019, 2008

QMMM: SINGLET STATE CALCULATION
QMMM: RHF CALCULATION, NO. OF DOUBLY OCCUPIED LEVELS = 56

| QMMM: *** Selected Hamiltonian *** 
| QMMM: AM1         

| QMMM: *** Parameter sets in use ***
| QMMM: C : M.J.S.DEWAR et al. JACS, 107, 3902, (1985)
| QMMM: H : M.J.S.DEWAR et al. JACS, 107, 3902, (1985)
| QMMM: O : M.J.S.DEWAR et al. JACS, 107, 3902, (1985)
| QMMM: N : M.J.S.DEWAR et al. JACS, 107, 3902, (1985)

| QMMM: *** SCF convergence criteria ***
| QMMM: Energy change                :  0.1D-09 kcal/mol
| QMMM: Error matrix |FP-PF|         :  0.1D+00 au
| QMMM: Density matrix change        :  0.5D-06
| QMMM: Maximum number of SCF cycles :     1000

| QMMM: *** Diagonalization Routine Information ***
| QMMM: Pseudo diagonalizations are allowed.
| QMMM: Auto diagonalization routine selection is in use.
| QMMM:
| QMMM: Timing diagonalization routines:
| QMMM:                              norbs =       98
| QMMM:    diag iterations used for timing =       15
| QMMM:
| QMMM:              Internal diag routine = 0.021256 seconds
| QMMM:                 Dspev diag routine = 0.021282 seconds
| QMMM:                Dspevd diag routine = 0.009649 seconds
| QMMM:                Dspevx diag routine = 0.070434 seconds
| QMMM:                 Dsyev diag routine = 0.022891 seconds
| QMMM:                Dsyevd diag routine = 0.014171 seconds
| QMMM:                Dsyevr diag routine = 0.019370 seconds
| QMMM:
| QMMM:                Pseudo diag routine = 0.009583 seconds
| QMMM:
| QMMM: Using dspevd routine (diag_routine=3).

  QMMM: QM Region Cartesian Coordinates (*=link atom) 
  QMMM: QM_NO.   MM_NO.  ATOM         X         Y         Z
  QMMM:     1        1      C       -1.2330    1.8750   -0.4820
  QMMM:     2        2      C       -2.2170    0.9460   -0.1270
  QMMM:     3        3      C        0.1130    1.5430   -0.3040
  QMMM:     4        4      C        0.4860    0.3000    0.2220
  QMMM:     5        5      C       -0.5150   -0.6120    0.5680
  QMMM:     6        6      C       -1.8670   -0.3030    0.3990
  QMMM:     7        7      H       -3.2660    1.1960   -0.2620
  QMMM:     8        8      H        0.8710    2.2690   -0.5830
  QMMM:     9        9      H       -0.2370   -1.5810    0.9770
  QMMM:    10       10      C        1.9290   -0.0840    0.4240
  QMMM:    11       11      O        2.2490   -1.1610    0.8880
  QMMM:    12       12      N        2.8580    0.8400    0.0860
  QMMM:    13       13      C        5.0060    1.8200    0.6820
  QMMM:    14       14      C        4.2800    0.7290    0.2020
  QMMM:    15       15      C        6.3930    1.7490    0.7860
  QMMM:    16       16      C        7.0650    0.5900    0.4020
  QMMM:    17       17      C        6.3470   -0.5000   -0.0910
  QMMM:    18       18      C        4.9580   -0.4290   -0.1950
  QMMM:    19       19      H        4.4910    2.7300    0.9820
  QMMM:    20       20      H        6.9540    2.5990    1.1660
  QMMM:    21       21      H        8.1480    0.5420    0.4850
  QMMM:    22       22      H        4.4040   -1.2760   -0.5920
  QMMM:    23       23      H        2.5310    1.7430   -0.2200
  QMMM:    24       24      C       -1.5850    3.2240   -1.0500
  QMMM:    25       25      C       -2.9070   -1.3200    0.7880
  QMMM:    26       26      O       -2.6360   -2.4110    1.2470
  QMMM:    27       27      O       -4.1490   -0.9550    0.6000
  QMMM:    28       28      O       -0.7540    4.0520   -1.3660
  QMMM:    29       29      O       -2.8640    3.4630   -1.1860
  QMMM:    30       30      N        7.0050   -1.6330   -0.4750
  QMMM:    31       31      H        7.9810   -1.7390   -0.2200
  QMMM:    32       32      H        6.4640   -2.4730   -0.6480

--------------------------------------------------------------------------------
  RESULTS
--------------------------------------------------------------------------------

      iter         sqm energy              rms gradient
      ----    -------------------    -----------------------
xmin    10     -157.7193 kcal/mol        0.8385 kcal/(mol*A)
xmin    20     -158.1758 kcal/mol        0.7688 kcal/(mol*A)
xmin    30     -158.3975 kcal/mol        0.2098 kcal/(mol*A)
xmin    40     -158.4238 kcal/mol        0.1348 kcal/(mol*A)
xmin    50     -158.3475 kcal/mol        0.3523 kcal/(mol*A)
xmin    60     -158.4492 kcal/mol        0.4190 kcal/(mol*A)
xmin    70     -158.4698 kcal/mol        0.0782 kcal/(mol*A)
xmin    80     -158.4754 kcal/mol        0.0828 kcal/(mol*A)
xmin    90     -158.4783 kcal/mol        0.0127 kcal/(mol*A)
xmin   100     -158.4788 kcal/mol        0.0201 kcal/(mol*A)
xmin   110     -158.4789 kcal/mol        0.0114 kcal/(mol*A)
xmin   120     -158.4790 kcal/mol        0.0071 kcal/(mol*A)
xmin   130     -158.4790 kcal/mol        0.0067 kcal/(mol*A)
xmin   140     -158.4792 kcal/mol        0.0024 kcal/(mol*A)
xmin   150     -158.4792 kcal/mol        0.0016 kcal/(mol*A)
xmin   160     -158.4792 kcal/mol        0.0010 kcal/(mol*A)
  ... geometry converged !
 
 Final MO eigenvalues (eV):
 -36.1630  -34.7001  -33.0262  -31.9945  -30.8429  -30.2727  -30.0228  -27.0541
 -26.8562  -26.6861  -25.5741  -24.9843  -24.6914  -20.3422  -19.0683  -18.2535
 -17.7431  -16.5192  -14.8398  -14.2922  -13.5652  -13.1388  -12.5231  -12.2393
 -11.9775  -10.9811  -10.9046  -10.5388  -10.4406  -10.0174   -9.9286   -9.4607
  -8.9474   -8.8804   -8.6287   -8.4487   -8.2233   -8.0535   -7.8584   -7.5405
  -7.3087   -7.0727   -6.4489   -6.3742   -6.2340   -5.6607   -5.2088   -4.5260
  -3.4933   -3.2651   -2.9601   -2.8648   -2.7177   -2.6757   -2.5806   -2.3559
   4.2746    4.3829    5.7185    6.3674    6.5674    6.6310    6.8149    7.1466
   7.5537    7.8455    8.0877    8.2588    8.3743    8.4845    8.8153    8.8269
   9.1245    9.2012    9.2948    9.3724    9.7482    9.8154   10.0067   10.1865
  10.3332   10.3821   10.5243   10.6768   10.7170   10.8088   10.8642   11.1937
  11.4151   11.5196   11.8516   11.9837   12.1317   12.3685   14.6267   14.7161
  15.4816   15.5742

 Heat of formation   =       -158.47918315 kcal/mol  (       -6.87217307 eV)

 Total SCF energy    =     -93970.07467137 kcal/mol  (    -4074.84821436 eV)
 Electronic energy   =    -555934.06721140 kcal/mol  (   -24107.11015183 eV)
 Core-core repulsion =     461963.99254002 kcal/mol  (    20032.26193747 eV)
 
    Atomic Charges for Step       1 :
  Atom    Element       Mulliken Charge
     1      C                 -0.142
     2      C                 -0.036
     3      C                 -0.099
     4      C                 -0.207
     5      C                 -0.059
     6      C                 -0.145
     7      H                  0.169
     8      H                  0.135
     9      H                  0.151
    10      C                  0.380
    11      O                 -0.384
    12      N                 -0.335
    13      C                 -0.237
    14      C                  0.153
    15      C                 -0.079
    16      C                 -0.245
    17      C                  0.054
    18      C                 -0.234
    19      H                  0.133
    20      H                  0.110
    21      H                  0.111
    22      H                  0.178
    23      H                  0.246
    24      C                  0.356
    25      C                  0.357
    26      O                 -0.596
    27      O                 -0.573
    28      O                 -0.605
    29      O                 -0.567
    30      N                 -0.317
    31      H                  0.155
    32      H                  0.171
 Total Mulliken Charge =      -2.000
 
                  X        Y        Z     TOTAL  
  QM DIPOLE    16.425   -7.791    1.379   18.231
 
 Final Structure

  QMMM: QM Region Cartesian Coordinates (*=link atom) 
  QMMM: QM_NO.   MM_NO.  ATOM         X         Y         Z
  QMMM:     1        1      C       -1.2483    1.8978   -0.4948
  QMMM:     2        2      C       -2.1958    0.9946    0.0052
  QMMM:     3        3      C        0.0894    1.5093   -0.5777
  QMMM:     4        4      C        0.4854    0.2330   -0.1541
  QMMM:     5        5      C       -0.4724   -0.6656    0.3355
  QMMM:     6        6      C       -1.8145   -0.2858    0.4236
  QMMM:     7        7      H       -3.2561    1.2951    0.0672
  QMMM:     8        8      H        0.8025    2.2350   -1.0011
  QMMM:     9        9      H       -0.1808   -1.6767    0.6636
  QMMM:    10       10      C        1.9017   -0.1932   -0.1915
  QMMM:    11       11      O        2.2753   -1.3549   -0.4438
  QMMM:    12       12      N        2.8407    0.8120    0.1185
  QMMM:    13       13      C        4.9619    1.8746    0.5778
  QMMM:    14       14      C        4.2234    0.7165    0.2015
  QMMM:    15       15      C        6.3398    1.8154    0.7033
  QMMM:    16       16      C        7.0428    0.6382    0.4687
  QMMM:    17       17      C        6.3387   -0.5194    0.0756
  QMMM:    18       18      C        4.9367   -0.4750   -0.0511
  QMMM:    19       19      H        4.4396    2.8232    0.7714
  QMMM:    20       20      H        6.8922    2.7207    0.9979
  QMMM:    21       21      H        8.1346    0.6200    0.5780
  QMMM:    22       22      H        4.3872   -1.3819   -0.3567
  QMMM:    23       23      H        2.4578    1.7174    0.3026
  QMMM:    24       24      C       -1.6220    3.3004   -0.9356
  QMMM:    25       25      C       -2.8228   -1.2705    0.9862
  QMMM:    26       26      O       -2.3893   -2.3515    1.4896
  QMMM:    27       27      O       -4.0540   -0.9849    0.9404
  QMMM:    28       28      O       -0.6806    4.1040   -1.2219
  QMMM:    29       29      O       -2.8409    3.6279   -1.0002
  QMMM:    30       30      N        7.0423   -1.6986   -0.2488
  QMMM:    31       31      H        7.8366   -1.8398    0.3385
  QMMM:    32       32      H        6.4517   -2.5043   -0.2648

           --------- Calculation Completed ----------

