            --------------------------------------------------------
                             AMBER SQM VERSION 19
 
                                     By
              Ross C. Walker, Michael F. Crowley, Scott Brozell,
                         Tim Giese, Andreas W. Goetz,
                        Tai-Sung Lee and David A. Case
 
            --------------------------------------------------------
 

--------------------------------------------------------------------------------
  QM CALCULATION INFO
--------------------------------------------------------------------------------

| QMMM: Citation for AMBER QMMM Run:
| QMMM: R.C. Walker, M.F. Crowley and D.A. Case, J. COMP. CHEM. 29:1019, 2008

QMMM: SINGLET STATE CALCULATION
QMMM: RHF CALCULATION, NO. OF DOUBLY OCCUPIED LEVELS = 30

| QMMM: *** Selected Hamiltonian *** 
| QMMM: AM1         

| QMMM: *** Parameter sets in use ***
| QMMM: C : M.J.S.DEWAR et al. JACS, 107, 3902, (1985)
| QMMM: H : M.J.S.DEWAR et al. JACS, 107, 3902, (1985)
| QMMM: O : M.J.S.DEWAR et al. JACS, 107, 3902, (1985)

| QMMM: *** SCF convergence criteria ***
| QMMM: Energy change                :  0.1D-09 kcal/mol
| QMMM: Error matrix |FP-PF|         :  0.1D+00 au
| QMMM: Density matrix change        :  0.5D-06
| QMMM: Maximum number of SCF cycles :     1000

| QMMM: *** Diagonalization Routine Information ***
| QMMM: Pseudo diagonalizations are allowed.
| QMMM: Auto diagonalization routine selection is in use.
| QMMM:
| QMMM: Timing diagonalization routines:
| QMMM:                              norbs =       51
| QMMM:    diag iterations used for timing =       15
| QMMM:
| QMMM:              Internal diag routine = 0.004108 seconds
| QMMM:                 Dspev diag routine = 0.003936 seconds
| QMMM:                Dspevd diag routine = 0.002397 seconds
| QMMM:                Dspevx diag routine = 0.019204 seconds
| QMMM:                 Dsyev diag routine = 0.005537 seconds
| QMMM:                Dsyevd diag routine = 0.002857 seconds
| QMMM:                Dsyevr diag routine = 0.004061 seconds
| QMMM:
| QMMM:                Pseudo diag routine = 0.001270 seconds
| QMMM:
| QMMM: Using dspevd routine (diag_routine=3).

  QMMM: QM Region Cartesian Coordinates (*=link atom) 
  QMMM: QM_NO.   MM_NO.  ATOM         X         Y         Z
  QMMM:     1        1      C       -7.0530    2.9790   -0.0000
  QMMM:     2        2      C       -5.8270    3.6430   -0.0000
  QMMM:     3        3      C       -4.6410    2.9070   -0.0000
  QMMM:     4        4      C       -7.0990    1.5850   -0.0000
  QMMM:     5        5      C       -5.9100    0.8530   -0.0000
  QMMM:     6        6      C       -4.6790    1.5130   -0.0000
  QMMM:     7        7      H       -7.9790    3.5500   -0.0000
  QMMM:     8        8      H       -3.6810    3.4190    0.0000
  QMMM:     9        9      H       -5.9420   -0.2350   -0.0000
  QMMM:    10       10      C       -8.4240    0.8970   -0.0000
  QMMM:    11       11      C       -3.3970    0.7470   -0.0000
  QMMM:    12       12      C       -5.8030    5.1350   -0.0000
  QMMM:    13       13      O       -4.7910    5.8070    0.0000
  QMMM:    14       14      O       -8.5770   -0.3080   -0.0000
  QMMM:    15       15      O       -3.3170   -0.4640   -0.0000

--------------------------------------------------------------------------------
  RESULTS
--------------------------------------------------------------------------------

      iter         sqm energy              rms gradient
      ----    -------------------    -----------------------
xmin    10      178.0115 kcal/mol        0.0586 kcal/(mol*A)
xmin    20      177.9953 kcal/mol        0.3279 kcal/(mol*A)
xmin    30      177.8544 kcal/mol        0.4230 kcal/(mol*A)
xmin    40      176.9286 kcal/mol        1.2605 kcal/(mol*A)
xmin    50      173.3073 kcal/mol        3.8282 kcal/(mol*A)
xmin    60      170.3234 kcal/mol        4.0239 kcal/(mol*A)
xmin    70      168.1326 kcal/mol        0.6070 kcal/(mol*A)
xmin    80      167.9957 kcal/mol        0.1254 kcal/(mol*A)
xmin    90      167.9733 kcal/mol        0.1670 kcal/(mol*A)
xmin   100      167.9715 kcal/mol        0.0458 kcal/(mol*A)
xmin   110      167.9714 kcal/mol        0.0035 kcal/(mol*A)
xmin   120      167.9714 kcal/mol        0.0029 kcal/(mol*A)
  ... geometry converged !
 
 Final MO eigenvalues (eV):
 -27.2635  -25.3459  -25.3457  -24.5874  -19.6061  -19.6034  -12.5739  -12.5661
 -10.8800   -7.4302   -7.4291   -5.2317   -4.1752   -3.8529   -2.8918   -2.8379
  -2.3999   -1.6992   -1.6784   -1.5612   -1.5498   -1.0243   -0.7636   -0.4104
   0.1396    2.1199    2.3429    4.1601    4.3705    4.4802   12.6013   12.6041
  13.7709   13.7711   13.9845   14.8656   15.7662   15.9961   15.9976   16.4528
  16.7797   16.7855   17.3624   17.3643   17.7016   17.7018   17.8928   18.2983
  19.2994   19.3055   19.3167

 Heat of formation   =        167.97135597 kcal/mol  (        7.28378457 eV)

 Total SCF energy    =     -49437.37097423 kcal/mol  (    -2143.76527359 eV)
 Electronic energy   =    -203414.48601977 kcal/mol  (    -8820.71402020 eV)
 Core-core repulsion =     153977.11504553 kcal/mol  (     6676.94874661 eV)
 
    Atomic Charges for Step       1 :
  Atom    Element       Mulliken Charge
     1      C                 -0.262
     2      C                 -0.073
     3      C                 -0.262
     4      C                 -0.073
     5      C                 -0.262
     6      C                 -0.073
     7      H                  0.063
     8      H                  0.063
     9      H                  0.063
    10      C                 -0.174
    11      C                 -0.174
    12      C                 -0.174
    13      O                 -0.553
    14      O                 -0.553
    15      O                 -0.553
 Total Mulliken Charge =      -3.000
 
                  X        Y        Z     TOTAL  
  QM DIPOLE    83.686  -30.770   -0.035   89.164
 
 Final Structure

  QMMM: QM Region Cartesian Coordinates (*=link atom) 
  QMMM: QM_NO.   MM_NO.  ATOM         X         Y         Z
  QMMM:     1        1      C       -6.9630    2.9122   -0.0372
  QMMM:     2        2      C       -5.7134    3.5501    0.0490
  QMMM:     3        3      C       -4.5635    2.7444    0.1111
  QMMM:     4        4      C       -7.0836    1.5120   -0.0605
  QMMM:     5        5      C       -5.9072    0.7463    0.0118
  QMMM:     6        6      C       -4.6365    1.3408    0.0989
  QMMM:     7        7      H       -7.8716    3.5258   -0.0894
  QMMM:     8        8      H       -3.5788    3.2258    0.1720
  QMMM:     9        9      H       -5.9829   -0.3487   -0.0018
  QMMM:    10       10      C       -8.3797    0.8721   -0.4205
  QMMM:    11       11      C       -3.4401    0.5179    0.4302
  QMMM:    12       12      C       -5.6302    5.0106    0.3286
  QMMM:    13       13      O       -5.4963    5.8548   -0.5865
  QMMM:    14       14      O       -9.1965    0.4935    0.4500
  QMMM:    15       15      O       -2.6767    0.0702   -0.4557

           --------- Calculation Completed ----------

